[2024-09-05 18:01:28,030 I 17204 7980] (gcs_server.exe) io_service_pool.cc:35: IOServicePool is running with 1 io_service.
[2024-09-05 18:01:28,034 I 17204 7980] (gcs_server.exe) event.cc:234: Set ray event level to warning
[2024-09-05 18:01:28,034 I 17204 7980] (gcs_server.exe) event.cc:342: Ray Event initialized for GCS
[2024-09-05 18:01:28,034 I 17204 7980] (gcs_server.exe) gcs_server.cc:74: GCS storage type is StorageType::IN_MEMORY
[2024-09-05 18:01:28,035 I 17204 7980] (gcs_server.exe) gcs_init_data.cc:42: Loading job table data.
[2024-09-05 18:01:28,035 I 17204 7980] (gcs_server.exe) gcs_init_data.cc:54: Loading node table data.
[2024-09-05 18:01:28,035 I 17204 7980] (gcs_server.exe) gcs_init_data.cc:80: Loading actor table data.
[2024-09-05 18:01:28,035 I 17204 7980] (gcs_server.exe) gcs_init_data.cc:93: Loading actor task spec table data.
[2024-09-05 18:01:28,035 I 17204 7980] (gcs_server.exe) gcs_init_data.cc:66: Loading placement group table data.
[2024-09-05 18:01:28,035 I 17204 7980] (gcs_server.exe) gcs_init_data.cc:46: Finished loading job table data, size = 0
[2024-09-05 18:01:28,035 I 17204 7980] (gcs_server.exe) gcs_init_data.cc:58: Finished loading node table data, size = 0
[2024-09-05 18:01:28,035 I 17204 7980] (gcs_server.exe) gcs_init_data.cc:84: Finished loading actor table data, size = 0
[2024-09-05 18:01:28,035 I 17204 7980] (gcs_server.exe) gcs_init_data.cc:97: Finished loading actor task spec table data, size = 0
[2024-09-05 18:01:28,035 I 17204 7980] (gcs_server.exe) gcs_init_data.cc:71: Finished loading placement group table data, size = 0
[2024-09-05 18:01:28,035 I 17204 7980] (gcs_server.exe) gcs_server.cc:162: No existing server cluster ID found. Generating new ID: 958a1df55591907df538c9636644550a30707e956e7b1394da880a95
[2024-09-05 18:01:28,035 I 17204 7980] (gcs_server.exe) gcs_server.cc:648: Autoscaler V2 enabled: 0
[2024-09-05 18:01:28,036 I 17204 7980] (gcs_server.exe) grpc_server.cc:129: GcsServer server started, listening on port 58238.
[2024-09-05 18:01:28,073 I 17204 7980] (gcs_server.exe) gcs_server.cc:250: GcsNodeManager: 
- RegisterNode request count: 0
- DrainNode request count: 0
- GetAllNodeInfo request count: 0
- GetInternalConfig request count: 0

GcsActorManager: 
- RegisterActor request count: 0
- CreateActor request count: 0
- GetActorInfo request count: 0
- GetNamedActorInfo request count: 0
- GetAllActorInfo request count: 0
- KillActor request count: 0
- ListNamedActors request count: 0
- Registered actors count: 0
- Destroyed actors count: 0
- Named actors count: 0
- Unresolved actors count: 0
- Pending actors count: 0
- Created actors count: 0
- owners_: 0
- actor_to_register_callbacks_: 0
- actor_to_create_callbacks_: 0
- sorted_destroyed_actor_list_: 0

GcsResourceManager: 
- GetAllAvailableResources request count0
- GetAllResourceUsage request count: 0

GcsPlacementGroupManager: 
- CreatePlacementGroup request count: 0
- RemovePlacementGroup request count: 0
- GetPlacementGroup request count: 0
- GetAllPlacementGroup request count: 0
- WaitPlacementGroupUntilReady request count: 0
- GetNamedPlacementGroup request count: 0
- Scheduling pending placement group count: 0
- Registered placement groups count: 0
- Named placement group count: 0
- Pending placement groups count: 0
- Infeasible placement groups count: 0

GcsPublisher {}

[runtime env manager] ID to URIs table:
[runtime env manager] URIs reference table:

GcsTaskManager: 
-Total num task events reported: 0
-Total num status task events dropped: 0
-Total num profile events dropped: 0
-Current num of task events stored: 0
-Total num of actor creation tasks: 0
-Total num of actor tasks: 0
-Total num of normal tasks: 0
-Total num of driver tasks: 0


[2024-09-05 18:01:28,073 I 17204 7980] (gcs_server.exe) gcs_server.cc:844: Event stats:


Global stats: 30 total (16 active)
Queueing time: mean = 3.788 ms, max = 37.759 ms, min = 2.000 us, total = 113.638 ms
Execution time:  mean = 1.264 ms, total = 37.913 ms
Event stats:
	InternalKVGcsService.grpc_client.InternalKVPut - 6 total (6 active), Execution time: mean = 0.000 s, total = 0.000 s, Queueing time: mean = 0.000 s, max = -0.000 s, min = 9223372036.855 s, total = 0.000 s
	GcsInMemoryStore.Put - 6 total (3 active), Execution time: mean = 6.304 ms, total = 37.825 ms, Queueing time: mean = 6.247 ms, max = 37.474 ms, min = 2.200 us, total = 37.481 ms
	GcsInMemoryStore.GetAll - 5 total (0 active), Execution time: mean = 8.480 us, total = 42.400 us, Queueing time: mean = 79.060 us, max = 149.000 us, min = 31.900 us, total = 395.300 us
	PeriodicalRunner.RunFnPeriodically - 4 total (2 active, 1 running), Execution time: mean = 1.475 us, total = 5.900 us, Queueing time: mean = 18.868 ms, max = 37.759 ms, min = 37.714 ms, total = 75.473 ms
	InternalKVGcsService.grpc_server.InternalKVPut - 3 total (3 active), Execution time: mean = 0.000 s, total = 0.000 s, Queueing time: mean = 0.000 s, max = -0.000 s, min = 9223372036.855 s, total = 0.000 s
	InternalKVGcsService.grpc_server.InternalKVPut.HandleRequestImpl - 3 total (0 active), Execution time: mean = 6.900 us, total = 20.700 us, Queueing time: mean = 95.467 us, max = 95.800 us, min = 94.800 us, total = 286.400 us
	ClusterResourceManager.ResetRemoteNodeView - 1 total (1 active), Execution time: mean = 0.000 s, total = 0.000 s, Queueing time: mean = 0.000 s, max = -0.000 s, min = 9223372036.855 s, total = 0.000 s
	GcsInMemoryStore.Get - 1 total (0 active), Execution time: mean = 19.600 us, total = 19.600 us, Queueing time: mean = 2.000 us, max = 2.000 us, min = 2.000 us, total = 2.000 us
	RayletLoadPulled - 1 total (1 active), Execution time: mean = 0.000 s, total = 0.000 s, Queueing time: mean = 0.000 s, max = -0.000 s, min = 9223372036.855 s, total = 0.000 s


[2024-09-05 18:01:28,073 I 17204 7980] (gcs_server.exe) gcs_server.cc:845: GcsTaskManager Event stats:


Global stats: 2 total (1 active)
Queueing time: mean = 1.900 us, max = 3.800 us, min = 3.800 us, total = 3.800 us
Execution time:  mean = 2.400 us, total = 4.800 us
Event stats:
	PeriodicalRunner.RunFnPeriodically - 1 total (0 active), Execution time: mean = 4.800 us, total = 4.800 us, Queueing time: mean = 3.800 us, max = 3.800 us, min = 3.800 us, total = 3.800 us
	GcsTaskManager.GcJobSummary - 1 total (1 active), Execution time: mean = 0.000 s, total = 0.000 s, Queueing time: mean = 0.000 s, max = -0.000 s, min = 9223372036.855 s, total = 0.000 s


[2024-09-05 18:01:29,232 I 17204 7980] (gcs_server.exe) gcs_node_manager.cc:55: Registering node info, node id = 6d88af7bf0953c3f8113d9ed4e7b2afb0467f08231f08200c6a1d4b5, address = 127.0.0.1, node name = 127.0.0.1
[2024-09-05 18:01:29,232 I 17204 7980] (gcs_server.exe) gcs_node_manager.cc:61: Finished registering node info, node id = 6d88af7bf0953c3f8113d9ed4e7b2afb0467f08231f08200c6a1d4b5, address = 127.0.0.1, node name = 127.0.0.1
[2024-09-05 18:01:29,232 I 17204 7980] (gcs_server.exe) gcs_placement_group_manager.cc:797: A new node: 6d88af7bf0953c3f8113d9ed4e7b2afb0467f08231f08200c6a1d4b5 registered, will try to reschedule all the infeasible placement groups.
[2024-09-05 18:01:30,401 I 17204 7980] (gcs_server.exe) gcs_job_manager.cc:42: Adding job, job id = 01000000, driver pid = 18540
[2024-09-05 18:01:30,401 I 17204 7980] (gcs_server.exe) gcs_job_manager.cc:57: Finished adding job, job id = 01000000, driver pid = 18540
[2024-09-05 18:01:30,516 I 17204 7980] (gcs_server.exe) gcs_placement_group_manager.cc:432: Registering placement group, placement group id = bbb21e00cb3e828bdfb2cb8515ce01000000, name = , strategy = 0
[2024-09-05 18:01:30,516 I 17204 7980] (gcs_server.exe) gcs_placement_group_manager.cc:436: Finished registering placement group, placement group id = bbb21e00cb3e828bdfb2cb8515ce01000000, name = , strategy = 0
[2024-09-05 18:01:30,518 I 17204 7980] (gcs_server.exe) gcs_placement_group_scheduler.cc:185: Preparing resource from node 6d88af7bf0953c3f8113d9ed4e7b2afb0467f08231f08200c6a1d4b5 for bundles: {placement group id={bbb21e00cb3e828bdfb2cb8515ce01000000}, bundle index={0}},{placement group id={bbb21e00cb3e828bdfb2cb8515ce01000000}, bundle index={1}},{placement group id={bbb21e00cb3e828bdfb2cb8515ce01000000}, bundle index={2}},
[2024-09-05 18:01:30,519 I 17204 7980] (gcs_server.exe) gcs_placement_group_scheduler.cc:195: Finished leasing resource from 6d88af7bf0953c3f8113d9ed4e7b2afb0467f08231f08200c6a1d4b5 for bundles: {placement group id={bbb21e00cb3e828bdfb2cb8515ce01000000}, bundle index={0}},{placement group id={bbb21e00cb3e828bdfb2cb8515ce01000000}, bundle index={1}},{placement group id={bbb21e00cb3e828bdfb2cb8515ce01000000}, bundle index={2}},
[2024-09-05 18:01:30,520 I 17204 7980] (gcs_server.exe) gcs_placement_group_scheduler.cc:213: Committing resource to a node 6d88af7bf0953c3f8113d9ed4e7b2afb0467f08231f08200c6a1d4b5 for bundles: {placement group id={bbb21e00cb3e828bdfb2cb8515ce01000000}, bundle index={0}},{placement group id={bbb21e00cb3e828bdfb2cb8515ce01000000}, bundle index={1}},{placement group id={bbb21e00cb3e828bdfb2cb8515ce01000000}, bundle index={2}},
[2024-09-05 18:01:30,521 I 17204 7980] (gcs_server.exe) gcs_placement_group_scheduler.cc:220: Finished committing resource to 6d88af7bf0953c3f8113d9ed4e7b2afb0467f08231f08200c6a1d4b5 for bundles: {placement group id={bbb21e00cb3e828bdfb2cb8515ce01000000}, bundle index={0}},{placement group id={bbb21e00cb3e828bdfb2cb8515ce01000000}, bundle index={1}},{placement group id={bbb21e00cb3e828bdfb2cb8515ce01000000}, bundle index={2}},
[2024-09-05 18:01:30,521 I 17204 7980] (gcs_server.exe) gcs_placement_group_manager.cc:321: Successfully created placement group , id: bbb21e00cb3e828bdfb2cb8515ce01000000
[2024-09-05 18:01:30,566 I 17204 7980] (gcs_server.exe) gcs_actor_manager.cc:262: Registering actor, job id = 01000000, actor id = 4b27a52afa088d1fb890f1ab01000000
[2024-09-05 18:01:30,568 I 17204 7980] (gcs_server.exe) gcs_actor_manager.cc:268: Registered actor, job id = 01000000, actor id = 4b27a52afa088d1fb890f1ab01000000
[2024-09-05 18:01:30,568 I 17204 7980] (gcs_server.exe) gcs_actor_manager.cc:287: Creating actor, job id = 01000000, actor id = 4b27a52afa088d1fb890f1ab01000000
[2024-09-05 18:01:30,569 I 17204 7980] (gcs_server.exe) gcs_actor_scheduler.cc:312: Start leasing worker from node 6d88af7bf0953c3f8113d9ed4e7b2afb0467f08231f08200c6a1d4b5 for actor 4b27a52afa088d1fb890f1ab01000000, job id = 01000000
[2024-09-05 18:01:31,398 I 17204 7980] (gcs_server.exe) gcs_actor_scheduler.cc:633: Finished leasing worker from 6d88af7bf0953c3f8113d9ed4e7b2afb0467f08231f08200c6a1d4b5 for actor 4b27a52afa088d1fb890f1ab01000000, job id = 01000000
[2024-09-05 18:01:31,398 I 17204 7980] (gcs_server.exe) gcs_actor_scheduler.cc:447: Start creating actor 4b27a52afa088d1fb890f1ab01000000 on worker 5ae96217f7b33148658cbdc66f0f97bd95a370fef592ea2d9f0d394a at node 6d88af7bf0953c3f8113d9ed4e7b2afb0467f08231f08200c6a1d4b5, job id = 01000000
[2024-09-05 18:01:37,312 I 17204 7980] (gcs_server.exe) gcs_actor_manager.cc:262: Registering actor, job id = 01000000, actor id = 9128e4ed76519d53b6831e3001000000
[2024-09-05 18:01:37,312 I 17204 7980] (gcs_server.exe) gcs_actor_manager.cc:268: Registered actor, job id = 01000000, actor id = 9128e4ed76519d53b6831e3001000000
[2024-09-05 18:01:37,313 I 17204 7980] (gcs_server.exe) gcs_actor_manager.cc:287: Creating actor, job id = 01000000, actor id = 9128e4ed76519d53b6831e3001000000
[2024-09-05 18:01:37,313 I 17204 7980] (gcs_server.exe) gcs_actor_scheduler.cc:312: Start leasing worker from node 6d88af7bf0953c3f8113d9ed4e7b2afb0467f08231f08200c6a1d4b5 for actor 9128e4ed76519d53b6831e3001000000, job id = 01000000
[2024-09-05 18:01:37,314 I 17204 7980] (gcs_server.exe) gcs_actor_manager.cc:262: Registering actor, job id = 01000000, actor id = 4f4bce7ce40004c3d964b3a201000000
[2024-09-05 18:01:37,314 I 17204 7980] (gcs_server.exe) gcs_actor_manager.cc:268: Registered actor, job id = 01000000, actor id = 4f4bce7ce40004c3d964b3a201000000
[2024-09-05 18:01:37,315 I 17204 7980] (gcs_server.exe) gcs_actor_manager.cc:287: Creating actor, job id = 01000000, actor id = 4f4bce7ce40004c3d964b3a201000000
[2024-09-05 18:01:37,315 I 17204 7980] (gcs_server.exe) gcs_actor_scheduler.cc:312: Start leasing worker from node 6d88af7bf0953c3f8113d9ed4e7b2afb0467f08231f08200c6a1d4b5 for actor 4f4bce7ce40004c3d964b3a201000000, job id = 01000000
[2024-09-05 18:01:38,131 I 17204 7980] (gcs_server.exe) gcs_actor_scheduler.cc:633: Finished leasing worker from 6d88af7bf0953c3f8113d9ed4e7b2afb0467f08231f08200c6a1d4b5 for actor 4f4bce7ce40004c3d964b3a201000000, job id = 01000000
[2024-09-05 18:01:38,131 I 17204 7980] (gcs_server.exe) gcs_actor_scheduler.cc:447: Start creating actor 4f4bce7ce40004c3d964b3a201000000 on worker 68463139f1c58f9a256ec4d85a96e23c23706fedc6b65c768a0cc538 at node 6d88af7bf0953c3f8113d9ed4e7b2afb0467f08231f08200c6a1d4b5, job id = 01000000
[2024-09-05 18:01:38,187 I 17204 7980] (gcs_server.exe) gcs_actor_scheduler.cc:633: Finished leasing worker from 6d88af7bf0953c3f8113d9ed4e7b2afb0467f08231f08200c6a1d4b5 for actor 9128e4ed76519d53b6831e3001000000, job id = 01000000
[2024-09-05 18:01:38,187 I 17204 7980] (gcs_server.exe) gcs_actor_scheduler.cc:447: Start creating actor 9128e4ed76519d53b6831e3001000000 on worker 46a6be9ec990e5a2a6d27b8cfa65b21aa6aa7bf35adc3fdc2377dc72 at node 6d88af7bf0953c3f8113d9ed4e7b2afb0467f08231f08200c6a1d4b5, job id = 01000000
[2024-09-05 18:01:40,154 W 17204 17120] (gcs_server.exe) metric_exporter.cc:105: [1] Export metrics to agent failed: GrpcUnavailable: RPC Error message: failed to connect to all addresses; last error: UNAVAILABLE: ipv4:127.0.0.1:61957: Connection refused; RPC Error details: . This won't affect Ray, but you can lose metrics from the cluster.
[2024-09-05 18:01:45,386 I 17204 7980] (gcs_server.exe) gcs_actor_scheduler.cc:484: Finished actor creation task for actor 4f4bce7ce40004c3d964b3a201000000 on worker 68463139f1c58f9a256ec4d85a96e23c23706fedc6b65c768a0cc538 at node 6d88af7bf0953c3f8113d9ed4e7b2afb0467f08231f08200c6a1d4b5, job id = 01000000
[2024-09-05 18:01:45,386 I 17204 7980] (gcs_server.exe) gcs_actor_manager.cc:1289: Actor created successfully, actor id = 4f4bce7ce40004c3d964b3a201000000, job id = 01000000
[2024-09-05 18:01:45,386 I 17204 7980] (gcs_server.exe) gcs_actor_manager.cc:303: Finished creating actor, job id = 01000000, actor id = 4f4bce7ce40004c3d964b3a201000000, status = OK
[2024-09-05 18:01:45,389 I 17204 7980] (gcs_server.exe) gcs_actor_scheduler.cc:484: Finished actor creation task for actor 9128e4ed76519d53b6831e3001000000 on worker 46a6be9ec990e5a2a6d27b8cfa65b21aa6aa7bf35adc3fdc2377dc72 at node 6d88af7bf0953c3f8113d9ed4e7b2afb0467f08231f08200c6a1d4b5, job id = 01000000
[2024-09-05 18:01:45,389 I 17204 7980] (gcs_server.exe) gcs_actor_manager.cc:1289: Actor created successfully, actor id = 9128e4ed76519d53b6831e3001000000, job id = 01000000
[2024-09-05 18:01:45,389 I 17204 7980] (gcs_server.exe) gcs_actor_manager.cc:303: Finished creating actor, job id = 01000000, actor id = 9128e4ed76519d53b6831e3001000000, status = OK
[2024-09-05 18:01:45,712 I 17204 7980] (gcs_server.exe) gcs_actor_scheduler.cc:484: Finished actor creation task for actor 4b27a52afa088d1fb890f1ab01000000 on worker 5ae96217f7b33148658cbdc66f0f97bd95a370fef592ea2d9f0d394a at node 6d88af7bf0953c3f8113d9ed4e7b2afb0467f08231f08200c6a1d4b5, job id = 01000000
[2024-09-05 18:01:45,712 I 17204 7980] (gcs_server.exe) gcs_actor_manager.cc:1289: Actor created successfully, actor id = 4b27a52afa088d1fb890f1ab01000000, job id = 01000000
[2024-09-05 18:01:45,712 I 17204 7980] (gcs_server.exe) gcs_actor_manager.cc:303: Finished creating actor, job id = 01000000, actor id = 4b27a52afa088d1fb890f1ab01000000, status = OK
[2024-09-05 18:01:45,727 I 17204 7980] (gcs_server.exe) gcs_actor_manager.cc:262: Registering actor, job id = 01000000, actor id = 877b269fdd42319d174ea74001000000
[2024-09-05 18:01:45,727 I 17204 7980] (gcs_server.exe) gcs_actor_manager.cc:268: Registered actor, job id = 01000000, actor id = 877b269fdd42319d174ea74001000000
[2024-09-05 18:01:45,727 I 17204 7980] (gcs_server.exe) gcs_actor_manager.cc:287: Creating actor, job id = 01000000, actor id = 877b269fdd42319d174ea74001000000
[2024-09-05 18:01:45,727 I 17204 7980] (gcs_server.exe) gcs_actor_scheduler.cc:312: Start leasing worker from node 6d88af7bf0953c3f8113d9ed4e7b2afb0467f08231f08200c6a1d4b5 for actor 877b269fdd42319d174ea74001000000, job id = 01000000
[2024-09-05 18:01:45,736 I 17204 7980] (gcs_server.exe) gcs_actor_manager.cc:262: Registering actor, job id = 01000000, actor id = d96e0f6aae26bc2f8a5817d701000000
[2024-09-05 18:01:45,736 I 17204 7980] (gcs_server.exe) gcs_actor_manager.cc:268: Registered actor, job id = 01000000, actor id = d96e0f6aae26bc2f8a5817d701000000
[2024-09-05 18:01:45,737 I 17204 7980] (gcs_server.exe) gcs_actor_manager.cc:287: Creating actor, job id = 01000000, actor id = d96e0f6aae26bc2f8a5817d701000000
[2024-09-05 18:01:45,737 I 17204 7980] (gcs_server.exe) gcs_actor_scheduler.cc:312: Start leasing worker from node 6d88af7bf0953c3f8113d9ed4e7b2afb0467f08231f08200c6a1d4b5 for actor d96e0f6aae26bc2f8a5817d701000000, job id = 01000000
[2024-09-05 18:01:46,156 I 17204 7980] (gcs_server.exe) gcs_actor_scheduler.cc:633: Finished leasing worker from 6d88af7bf0953c3f8113d9ed4e7b2afb0467f08231f08200c6a1d4b5 for actor 877b269fdd42319d174ea74001000000, job id = 01000000
[2024-09-05 18:01:46,156 I 17204 7980] (gcs_server.exe) gcs_actor_scheduler.cc:447: Start creating actor 877b269fdd42319d174ea74001000000 on worker f97153a1143d3c17075a29236658eee871400fd889522c5633b763d8 at node 6d88af7bf0953c3f8113d9ed4e7b2afb0467f08231f08200c6a1d4b5, job id = 01000000
[2024-09-05 18:01:46,162 I 17204 7980] (gcs_server.exe) gcs_actor_scheduler.cc:484: Finished actor creation task for actor 877b269fdd42319d174ea74001000000 on worker f97153a1143d3c17075a29236658eee871400fd889522c5633b763d8 at node 6d88af7bf0953c3f8113d9ed4e7b2afb0467f08231f08200c6a1d4b5, job id = 01000000
[2024-09-05 18:01:46,162 I 17204 7980] (gcs_server.exe) gcs_actor_manager.cc:1289: Actor created successfully, actor id = 877b269fdd42319d174ea74001000000, job id = 01000000
[2024-09-05 18:01:46,162 I 17204 7980] (gcs_server.exe) gcs_actor_manager.cc:303: Finished creating actor, job id = 01000000, actor id = 877b269fdd42319d174ea74001000000, status = OK
[2024-09-05 18:01:46,209 I 17204 7980] (gcs_server.exe) gcs_actor_scheduler.cc:633: Finished leasing worker from 6d88af7bf0953c3f8113d9ed4e7b2afb0467f08231f08200c6a1d4b5 for actor d96e0f6aae26bc2f8a5817d701000000, job id = 01000000
[2024-09-05 18:01:46,210 I 17204 7980] (gcs_server.exe) gcs_actor_scheduler.cc:447: Start creating actor d96e0f6aae26bc2f8a5817d701000000 on worker cbef800d5e2f89a4ec1f6ffe43b314a8f31f660eac22e585c9ae2c9f at node 6d88af7bf0953c3f8113d9ed4e7b2afb0467f08231f08200c6a1d4b5, job id = 01000000
[2024-09-05 18:01:46,558 I 17204 7980] (gcs_server.exe) gcs_actor_manager.cc:816: Destroying actor, actor id = 9128e4ed76519d53b6831e3001000000, job id = 01000000
[2024-09-05 18:01:46,559 I 17204 7980] (gcs_server.exe) gcs_actor_manager.cc:816: Destroying actor, actor id = 4f4bce7ce40004c3d964b3a201000000, job id = 01000000
[2024-09-05 18:01:46,560 I 17204 7980] (gcs_server.exe) gcs_actor_manager.cc:798: Actor 9128e4ed76519d53b6831e3001000000 is out of scope, destroying actor, job id = 01000000
[2024-09-05 18:01:46,560 I 17204 7980] (gcs_server.exe) gcs_actor_manager.cc:798: Actor 4f4bce7ce40004c3d964b3a201000000 is out of scope, destroying actor, job id = 01000000
[2024-09-05 18:01:46,560 I 17204 7980] (gcs_server.exe) gcs_placement_group_scheduler.cc:607: Cancelling all committed bundles of a placement group, id is bbb21e00cb3e828bdfb2cb8515ce01000000
[2024-09-05 18:01:46,560 I 17204 7980] (gcs_server.exe) gcs_placement_group_manager.cc:458: Placement group of an id, bbb21e00cb3e828bdfb2cb8515ce01000000 is removed successfully.
[2024-09-05 18:01:46,561 I 17204 7980] (gcs_server.exe) gcs_actor_manager.cc:1167: Actor 4b27a52afa088d1fb890f1ab01000000 is failed on worker 5ae96217f7b33148658cbdc66f0f97bd95a370fef592ea2d9f0d394a at node 6d88af7bf0953c3f8113d9ed4e7b2afb0467f08231f08200c6a1d4b5, need_reschedule = 1, death context type = ActorDiedErrorContext, remaining_restarts = 0, job id = 01000000
[2024-09-05 18:01:46,561 I 17204 7980] (gcs_server.exe) gcs_placement_group_scheduler.cc:261: Finished cancelling the resource reserved for bundle: placement group id={bbb21e00cb3e828bdfb2cb8515ce01000000}, bundle index={0} at node 6d88af7bf0953c3f8113d9ed4e7b2afb0467f08231f08200c6a1d4b5
[2024-09-05 18:01:46,561 I 17204 7980] (gcs_server.exe) gcs_placement_group_scheduler.cc:261: Finished cancelling the resource reserved for bundle: placement group id={bbb21e00cb3e828bdfb2cb8515ce01000000}, bundle index={1} at node 6d88af7bf0953c3f8113d9ed4e7b2afb0467f08231f08200c6a1d4b5
[2024-09-05 18:01:46,561 I 17204 7980] (gcs_server.exe) gcs_placement_group_scheduler.cc:261: Finished cancelling the resource reserved for bundle: placement group id={bbb21e00cb3e828bdfb2cb8515ce01000000}, bundle index={2} at node 6d88af7bf0953c3f8113d9ed4e7b2afb0467f08231f08200c6a1d4b5
[2024-09-05 18:01:51,888 I 17204 7980] (gcs_server.exe) gcs_actor_scheduler.cc:484: Finished actor creation task for actor d96e0f6aae26bc2f8a5817d701000000 on worker cbef800d5e2f89a4ec1f6ffe43b314a8f31f660eac22e585c9ae2c9f at node 6d88af7bf0953c3f8113d9ed4e7b2afb0467f08231f08200c6a1d4b5, job id = 01000000
[2024-09-05 18:01:51,888 I 17204 7980] (gcs_server.exe) gcs_actor_manager.cc:1289: Actor created successfully, actor id = d96e0f6aae26bc2f8a5817d701000000, job id = 01000000
[2024-09-05 18:01:51,888 I 17204 7980] (gcs_server.exe) gcs_actor_manager.cc:303: Finished creating actor, job id = 01000000, actor id = d96e0f6aae26bc2f8a5817d701000000, status = OK
[2024-09-05 18:02:28,076 I 17204 7980] (gcs_server.exe) gcs_server.cc:250: GcsNodeManager: 
- RegisterNode request count: 1
- DrainNode request count: 0
- GetAllNodeInfo request count: 31
- GetInternalConfig request count: 1

GcsActorManager: 
- RegisterActor request count: 5
- CreateActor request count: 5
- GetActorInfo request count: 5
- GetNamedActorInfo request count: 0
- GetAllActorInfo request count: 0
- KillActor request count: 2
- ListNamedActors request count: 0
- Registered actors count: 3
- Destroyed actors count: 2
- Named actors count: 0
- Unresolved actors count: 0
- Pending actors count: 0
- Created actors count: 1
- owners_: 1
- actor_to_register_callbacks_: 0
- actor_to_create_callbacks_: 0
- sorted_destroyed_actor_list_: 2

GcsResourceManager: 
- GetAllAvailableResources request count0
- GetAllResourceUsage request count: 12

GcsPlacementGroupManager: 
- CreatePlacementGroup request count: 1
- RemovePlacementGroup request count: 1
- GetPlacementGroup request count: 3
- GetAllPlacementGroup request count: 0
- WaitPlacementGroupUntilReady request count: 0
- GetNamedPlacementGroup request count: 0
- Scheduling pending placement group count: 1
- Registered placement groups count: 0
- Named placement group count: 0
- Pending placement groups count: 0
- Infeasible placement groups count: 0

GcsPublisher {}

[runtime env manager] ID to URIs table:
[runtime env manager] URIs reference table:

GcsTaskManager: 
-Total num task events reported: 58
-Total num status task events dropped: 0
-Total num profile events dropped: 0
-Current num of task events stored: 20
-Total num of actor creation tasks: 5
-Total num of actor tasks: 13
-Total num of normal tasks: 1
-Total num of driver tasks: 1


[2024-09-05 18:02:28,076 I 17204 7980] (gcs_server.exe) gcs_server.cc:844: Event stats:


Global stats: 1551 total (7 active)
Queueing time: mean = 595.245 us, max = 37.759 ms, min = 353.000 ns, total = 923.225 ms
Execution time:  mean = 61.025 ms, total = 94.650 s
Event stats:
	GcsInMemoryStore.Put - 232 total (0 active), Execution time: mean = 197.224 us, total = 45.756 ms, Queueing time: mean = 192.354 us, max = 37.474 ms, min = 1.281 us, total = 44.626 ms
	InternalKVGcsService.grpc_server.InternalKVPut - 172 total (0 active), Execution time: mean = 192.604 us, total = 33.128 ms, Queueing time: mean = 0.000 s, max = -0.000 s, min = 9223372036.855 s, total = 0.000 s
	InternalKVGcsService.grpc_server.InternalKVPut.HandleRequestImpl - 172 total (0 active), Execution time: mean = 10.116 us, total = 1.740 ms, Queueing time: mean = 55.657 us, max = 985.300 us, min = 3.364 us, total = 9.573 ms
	GcsInMemoryStore.Get - 99 total (0 active), Execution time: mean = 21.378 us, total = 2.116 ms, Queueing time: mean = 9.477 us, max = 451.632 us, min = 1.472 us, total = 938.189 us
	InternalKVGcsService.grpc_server.InternalKVGet.HandleRequestImpl - 91 total (0 active), Execution time: mean = 17.597 us, total = 1.601 ms, Queueing time: mean = 103.913 us, max = 3.166 ms, min = 3.357 us, total = 9.456 ms
	InternalKVGcsService.grpc_server.InternalKVGet - 91 total (0 active), Execution time: mean = 225.036 us, total = 20.478 ms, Queueing time: mean = 0.000 s, max = -0.000 s, min = 9223372036.855 s, total = 0.000 s
	InternalKVGcsService.grpc_client.InternalKVPut.OnReplyReceived - 72 total (0 active), Execution time: mean = 6.244 us, total = 449.559 us, Queueing time: mean = 41.415 us, max = 86.699 us, min = 4.488 us, total = 2.982 ms
	InternalKVGcsService.grpc_client.InternalKVPut - 72 total (0 active), Execution time: mean = 501.451 us, total = 36.105 ms, Queueing time: mean = 0.000 s, max = -0.000 s, min = 9223372036.855 s, total = 0.000 s
	RayletLoadPulled - 60 total (1 active), Execution time: mean = 118.486 us, total = 7.109 ms, Queueing time: mean = 9.076 ms, max = 15.398 ms, min = 190.312 us, total = 544.551 ms
	NodeManagerService.grpc_client.GetResourceLoad - 58 total (0 active), Execution time: mean = 481.005 us, total = 27.898 ms, Queueing time: mean = 0.000 s, max = -0.000 s, min = 9223372036.855 s, total = 0.000 s
	NodeManagerService.grpc_client.GetResourceLoad.OnReplyReceived - 58 total (0 active), Execution time: mean = 29.576 us, total = 1.715 ms, Queueing time: mean = 24.096 us, max = 61.873 us, min = 4.256 us, total = 1.398 ms
	NodeInfoGcsService.grpc_server.GetAllNodeInfo.HandleRequestImpl - 31 total (0 active), Execution time: mean = 14.253 us, total = 441.839 us, Queueing time: mean = 242.639 us, max = 2.821 ms, min = 3.624 us, total = 7.522 ms
	NodeInfoGcsService.grpc_server.GetAllNodeInfo - 31 total (0 active), Execution time: mean = 331.532 us, total = 10.277 ms, Queueing time: mean = 0.000 s, max = -0.000 s, min = 9223372036.855 s, total = 0.000 s
	NodeInfoGcsService.grpc_server.CheckAlive.HandleRequestImpl - 24 total (0 active), Execution time: mean = 9.763 us, total = 234.322 us, Queueing time: mean = 26.020 us, max = 59.774 us, min = 3.314 us, total = 624.477 us
	NodeInfoGcsService.grpc_server.CheckAlive - 24 total (0 active), Execution time: mean = 137.437 us, total = 3.298 ms, Queueing time: mean = 0.000 s, max = -0.000 s, min = 9223372036.855 s, total = 0.000 s
	WorkerInfoGcsService.grpc_server.AddWorkerInfo.HandleRequestImpl - 22 total (0 active), Execution time: mean = 25.520 us, total = 561.444 us, Queueing time: mean = 343.634 us, max = 3.006 ms, min = 5.221 us, total = 7.560 ms
	WorkerInfoGcsService.grpc_server.AddWorkerInfo - 22 total (0 active), Execution time: mean = 463.769 us, total = 10.203 ms, Queueing time: mean = 0.000 s, max = -0.000 s, min = 9223372036.855 s, total = 0.000 s
	ClusterResourceManager.ResetRemoteNodeView - 20 total (1 active), Execution time: mean = 7.125 us, total = 142.504 us, Queueing time: mean = 8.887 ms, max = 14.932 ms, min = 1.326 ms, total = 177.737 ms
	HealthCheck - 18 total (0 active), Execution time: mean = 2.366 us, total = 42.588 us, Queueing time: mean = 34.827 us, max = 89.178 us, min = 4.051 us, total = 626.882 us
	NodeResourceInfoGcsService.grpc_server.GetAllResourceUsage - 12 total (0 active), Execution time: mean = 159.924 us, total = 1.919 ms, Queueing time: mean = 0.000 s, max = -0.000 s, min = 9223372036.855 s, total = 0.000 s
	NodeResourceInfoGcsService.grpc_server.GetAllResourceUsage.HandleRequestImpl - 12 total (0 active), Execution time: mean = 25.065 us, total = 300.783 us, Queueing time: mean = 21.352 us, max = 52.545 us, min = 4.718 us, total = 256.227 us
	NodeInfoGcsService.grpc_server.GetClusterId.HandleRequestImpl - 8 total (0 active), Execution time: mean = 5.936 us, total = 47.489 us, Queueing time: mean = 42.708 us, max = 228.213 us, min = 4.597 us, total = 341.660 us
	NodeInfoGcsService.grpc_server.GetClusterId - 8 total (0 active), Execution time: mean = 139.828 us, total = 1.119 ms, Queueing time: mean = 0.000 s, max = -0.000 s, min = 9223372036.855 s, total = 0.000 s
	GcsInMemoryStore.GetAll - 7 total (0 active), Execution time: mean = 9.427 us, total = 65.988 us, Queueing time: mean = 60.748 us, max = 149.000 us, min = 3.424 us, total = 425.238 us
	WorkerInfoGcsService.grpc_server.ReportWorkerFailure - 6 total (0 active), Execution time: mean = 478.458 us, total = 2.871 ms, Queueing time: mean = 0.000 s, max = -0.000 s, min = 9223372036.855 s, total = 0.000 s
	WorkerInfoGcsService.grpc_server.ReportWorkerFailure.HandleRequestImpl - 6 total (0 active), Execution time: mean = 26.088 us, total = 156.529 us, Queueing time: mean = 25.635 us, max = 122.799 us, min = 4.528 us, total = 153.811 us
	GcsResourceManager::Update - 6 total (0 active), Execution time: mean = 44.673 us, total = 268.040 us, Queueing time: mean = 10.369 us, max = 37.089 us, min = 4.276 us, total = 62.215 us
	GCSServer.deadline_timer.debug_state_dump - 6 total (1 active), Execution time: mean = 847.529 us, total = 5.085 ms, Queueing time: mean = 4.616 ms, max = 11.440 ms, min = 1.021 ms, total = 27.696 ms
	ActorInfoGcsService.grpc_server.CreateActor - 5 total (0 active), Execution time: mean = 7.576 s, total = 37.878 s, Queueing time: mean = 0.000 s, max = -0.000 s, min = 9223372036.855 s, total = 0.000 s
	ActorInfoGcsService.grpc_server.GetActorInfo - 5 total (0 active), Execution time: mean = 356.284 us, total = 1.781 ms, Queueing time: mean = 0.000 s, max = -0.000 s, min = 9223372036.855 s, total = 0.000 s
	CoreWorkerService.grpc_client.PushTask - 5 total (0 active), Execution time: mean = 6.891 s, total = 34.454 s, Queueing time: mean = 0.000 s, max = -0.000 s, min = 9223372036.855 s, total = 0.000 s
	ActorInfoGcsService.grpc_server.RegisterActor - 5 total (0 active), Execution time: mean = 637.574 us, total = 3.188 ms, Queueing time: mean = 0.000 s, max = -0.000 s, min = 9223372036.855 s, total = 0.000 s
	NodeManagerService.grpc_client.RequestWorkerLease.OnReplyReceived - 5 total (0 active), Execution time: mean = 153.338 us, total = 766.690 us, Queueing time: mean = 4.312 us, max = 4.879 us, min = 3.763 us, total = 21.560 us
	CoreWorkerService.grpc_client.PushTask.OnReplyReceived - 5 total (0 active), Execution time: mean = 164.742 us, total = 823.712 us, Queueing time: mean = 30.340 us, max = 60.574 us, min = 5.061 us, total = 151.699 us
	ActorInfoGcsService.grpc_server.RegisterActor.HandleRequestImpl - 5 total (0 active), Execution time: mean = 444.407 us, total = 2.222 ms, Queueing time: mean = 16.946 us, max = 38.477 us, min = 4.417 us, total = 84.728 us
	NodeManagerService.grpc_client.RequestWorkerLease - 5 total (0 active), Execution time: mean = 684.039 ms, total = 3.420 s, Queueing time: mean = 0.000 s, max = -0.000 s, min = 9223372036.855 s, total = 0.000 s
	CoreWorkerService.grpc_client.WaitForActorOutOfScope - 5 total (3 active), Execution time: mean = 3.698 s, total = 18.490 s, Queueing time: mean = 0.000 s, max = -0.000 s, min = 9223372036.855 s, total = 0.000 s
	ActorInfoGcsService.grpc_server.GetActorInfo.HandleRequestImpl - 5 total (0 active), Execution time: mean = 7.943 us, total = 39.717 us, Queueing time: mean = 266.582 us, max = 980.770 us, min = 6.536 us, total = 1.333 ms
	ActorInfoGcsService.grpc_server.CreateActor.HandleRequestImpl - 5 total (0 active), Execution time: mean = 274.095 us, total = 1.370 ms, Queueing time: mean = 27.232 us, max = 60.576 us, min = 3.741 us, total = 136.159 us
	PeriodicalRunner.RunFnPeriodically - 4 total (0 active), Execution time: mean = 143.200 us, total = 572.800 us, Queueing time: mean = 18.953 ms, max = 37.759 ms, min = 42.100 us, total = 75.812 ms
	NodeManagerService.grpc_client.CancelResourceReserve.OnReplyReceived - 3 total (0 active), Execution time: mean = 53.032 us, total = 159.097 us, Queueing time: mean = 42.328 us, max = 74.977 us, min = 5.256 us, total = 126.983 us
	PlacementGroupInfoGcsService.grpc_server.GetPlacementGroup.HandleRequestImpl - 3 total (0 active), Execution time: mean = 13.599 us, total = 40.798 us, Queueing time: mean = 859.798 us, max = 2.447 ms, min = 34.344 us, total = 2.579 ms
	NodeManagerService.grpc_client.CancelResourceReserve - 3 total (0 active), Execution time: mean = 1.032 ms, total = 3.097 ms, Queueing time: mean = 0.000 s, max = -0.000 s, min = 9223372036.855 s, total = 0.000 s
	GcsInMemoryStore.BatchDelete - 3 total (0 active), Execution time: mean = 3.007 us, total = 9.021 us, Queueing time: mean = 66.910 us, max = 117.359 us, min = 32.906 us, total = 200.729 us
	PlacementGroupInfoGcsService.grpc_server.GetPlacementGroup - 3 total (0 active), Execution time: mean = 976.783 us, total = 2.930 ms, Queueing time: mean = 0.000 s, max = -0.000 s, min = 9223372036.855 s, total = 0.000 s
	CoreWorkerService.grpc_client.KillActor.OnReplyReceived - 2 total (0 active), Execution time: mean = 75.741 us, total = 151.482 us, Queueing time: mean = 6.687 us, max = 7.499 us, min = 5.875 us, total = 13.374 us
	CoreWorkerService.grpc_client.WaitForActorOutOfScope.OnReplyReceived - 2 total (0 active), Execution time: mean = 127.112 us, total = 254.224 us, Queueing time: mean = 1.819 ms, max = 1.827 ms, min = 1.812 ms, total = 3.638 ms
	ActorInfoGcsService.grpc_server.KillActorViaGcs - 2 total (0 active), Execution time: mean = 1.732 ms, total = 3.464 ms, Queueing time: mean = 0.000 s, max = -0.000 s, min = 9223372036.855 s, total = 0.000 s
	ActorInfoGcsService.grpc_server.KillActorViaGcs.HandleRequestImpl - 2 total (0 active), Execution time: mean = 987.135 us, total = 1.974 ms, Queueing time: mean = 671.038 us, max = 1.335 ms, min = 7.415 us, total = 1.342 ms
	CoreWorkerService.grpc_client.KillActor - 2 total (0 active), Execution time: mean = 81.666 ms, total = 163.331 ms, Queueing time: mean = 0.000 s, max = -0.000 s, min = 9223372036.855 s, total = 0.000 s
	NodeManagerService.grpc_client.PrepareBundleResources.OnReplyReceived - 1 total (0 active), Execution time: mean = 460.364 us, total = 460.364 us, Queueing time: mean = 6.832 us, max = 6.832 us, min = 6.832 us, total = 6.832 us
	GCSServer.deadline_timer.debug_state_event_stats_print - 1 total (1 active, 1 running), Execution time: mean = 0.000 s, total = 0.000 s, Queueing time: mean = 0.000 s, max = -0.000 s, min = 9223372036.855 s, total = 0.000 s
	NodeManagerService.grpc_client.CommitBundleResources - 1 total (0 active), Execution time: mean = 707.602 us, total = 707.602 us, Queueing time: mean = 0.000 s, max = -0.000 s, min = 9223372036.855 s, total = 0.000 s
	JobInfoGcsService.grpc_server.GetNextJobID - 1 total (0 active), Execution time: mean = 66.581 us, total = 66.581 us, Queueing time: mean = 0.000 s, max = -0.000 s, min = 9223372036.855 s, total = 0.000 s
	PlacementGroupInfoGcsService.grpc_server.RemovePlacementGroup - 1 total (0 active), Execution time: mean = 1.476 ms, total = 1.476 ms, Queueing time: mean = 0.000 s, max = -0.000 s, min = 9223372036.855 s, total = 0.000 s
	NodeManagerService.grpc_client.CommitBundleResources.OnReplyReceived - 1 total (0 active), Execution time: mean = 82.429 us, total = 82.429 us, Queueing time: mean = 3.797 us, max = 3.797 us, min = 3.797 us, total = 3.797 us
	PlacementGroupInfoGcsService.grpc_server.CreatePlacementGroup - 1 total (0 active), Execution time: mean = 972.659 us, total = 972.659 us, Queueing time: mean = 0.000 s, max = -0.000 s, min = 9223372036.855 s, total = 0.000 s
	GcsPlacementGroupManager.SchedulePendingPlacementGroups - 1 total (0 active), Execution time: mean = 142.000 ns, total = 142.000 ns, Queueing time: mean = 90.552 us, max = 90.552 us, min = 90.552 us, total = 90.552 us
	JobInfoGcsService.grpc_server.GetNextJobID.HandleRequestImpl - 1 total (0 active), Execution time: mean = 4.922 us, total = 4.922 us, Queueing time: mean = 4.952 us, max = 4.952 us, min = 4.952 us, total = 4.952 us
	InternalKVGcsService.grpc_server.InternalKVDel.HandleRequestImpl - 1 total (0 active), Execution time: mean = 12.055 us, total = 12.055 us, Queueing time: mean = 3.976 us, max = 3.976 us, min = 3.976 us, total = 3.976 us
	NodeInfoGcsService.grpc_server.GetInternalConfig - 1 total (0 active), Execution time: mean = 119.424 us, total = 119.424 us, Queueing time: mean = 0.000 s, max = -0.000 s, min = 9223372036.855 s, total = 0.000 s
	InternalKVGcsService.grpc_server.InternalKVExists - 1 total (0 active), Execution time: mean = 124.886 us, total = 124.886 us, Queueing time: mean = 0.000 s, max = -0.000 s, min = 9223372036.855 s, total = 0.000 s
	NodeInfoGcsService.grpc_server.GetInternalConfig.HandleRequestImpl - 1 total (0 active), Execution time: mean = 10.185 us, total = 10.185 us, Queueing time: mean = 6.003 us, max = 6.003 us, min = 6.003 us, total = 6.003 us
	JobInfoGcsService.grpc_server.GetAllJobInfo.HandleRequestImpl - 1 total (0 active), Execution time: mean = 12.459 us, total = 12.459 us, Queueing time: mean = 7.738 us, max = 7.738 us, min = 7.738 us, total = 7.738 us
	JobInfoGcsService.grpc_server.AddJob - 1 total (0 active), Execution time: mean = 144.666 us, total = 144.666 us, Queueing time: mean = 0.000 s, max = -0.000 s, min = 9223372036.855 s, total = 0.000 s
	NodeManagerService.grpc_client.PrepareBundleResources - 1 total (0 active), Execution time: mean = 945.321 us, total = 945.321 us, Queueing time: mean = 0.000 s, max = -0.000 s, min = 9223372036.855 s, total = 0.000 s
	NodeInfoGcsService.grpc_server.RegisterNode.HandleRequestImpl - 1 total (0 active), Execution time: mean = 69.967 us, total = 69.967 us, Queueing time: mean = 6.081 us, max = 6.081 us, min = 6.081 us, total = 6.081 us
	GcsInMemoryStore.Exists - 1 total (0 active), Execution time: mean = 5.693 us, total = 5.693 us, Queueing time: mean = 2.024 us, max = 2.024 us, min = 2.024 us, total = 2.024 us
	NodeInfoGcsService.grpc_server.RegisterNode - 1 total (0 active), Execution time: mean = 298.999 us, total = 298.999 us, Queueing time: mean = 0.000 s, max = -0.000 s, min = 9223372036.855 s, total = 0.000 s
	JobInfoGcsService.grpc_server.GetAllJobInfo - 1 total (0 active), Execution time: mean = 113.086 us, total = 113.086 us, Queueing time: mean = 0.000 s, max = -0.000 s, min = 9223372036.855 s, total = 0.000 s
	GcsInMemoryStore.Delete - 1 total (0 active), Execution time: mean = 5.145 us, total = 5.145 us, Queueing time: mean = 2.333 us, max = 2.333 us, min = 2.333 us, total = 2.333 us
	PlacementGroupInfoGcsService.grpc_server.CreatePlacementGroup.HandleRequestImpl - 1 total (0 active), Execution time: mean = 862.282 us, total = 862.282 us, Queueing time: mean = 7.247 us, max = 7.247 us, min = 7.247 us, total = 7.247 us
	InternalKVGcsService.grpc_server.InternalKVDel - 1 total (0 active), Execution time: mean = 68.296 us, total = 68.296 us, Queueing time: mean = 0.000 s, max = -0.000 s, min = 9223372036.855 s, total = 0.000 s
	InternalKVGcsService.grpc_server.InternalKVExists.HandleRequestImpl - 1 total (0 active), Execution time: mean = 28.775 us, total = 28.775 us, Queueing time: mean = 31.488 us, max = 31.488 us, min = 31.488 us, total = 31.488 us
	JobInfoGcsService.grpc_server.AddJob.HandleRequestImpl - 1 total (0 active), Execution time: mean = 53.776 us, total = 53.776 us, Queueing time: mean = 4.977 us, max = 4.977 us, min = 4.977 us, total = 4.977 us
	GcsHealthCheckManager::AddNode - 1 total (0 active), Execution time: mean = 8.089 us, total = 8.089 us, Queueing time: mean = 353.000 ns, max = 353.000 ns, min = 353.000 ns, total = 353.000 ns
	PlacementGroupInfoGcsService.grpc_server.RemovePlacementGroup.HandleRequestImpl - 1 total (0 active), Execution time: mean = 234.219 us, total = 234.219 us, Queueing time: mean = 1.077 ms, max = 1.077 ms, min = 1.077 ms, total = 1.077 ms


[2024-09-05 18:02:28,076 I 17204 7980] (gcs_server.exe) gcs_server.cc:845: GcsTaskManager Event stats:


Global stats: 1903 total (1 active)
Queueing time: mean = 58.951 us, max = 13.959 ms, min = 1.501 us, total = 112.184 ms
Execution time:  mean = 59.947 us, total = 114.079 ms
Event stats:
	TaskInfoGcsService.grpc_server.AddTaskEventData - 945 total (0 active), Execution time: mean = 114.425 us, total = 108.132 ms, Queueing time: mean = 0.000 s, max = -0.000 s, min = 9223372036.855 s, total = 0.000 s
	TaskInfoGcsService.grpc_server.AddTaskEventData.HandleRequestImpl - 945 total (0 active), Execution time: mean = 6.195 us, total = 5.855 ms, Queueing time: mean = 21.104 us, max = 208.454 us, min = 1.501 us, total = 19.943 ms
	GcsTaskManager.GcJobSummary - 12 total (1 active), Execution time: mean = 7.324 us, total = 87.887 us, Queueing time: mean = 7.686 ms, max = 13.959 ms, min = 512.895 us, total = 92.237 ms
	PeriodicalRunner.RunFnPeriodically - 1 total (0 active), Execution time: mean = 4.800 us, total = 4.800 us, Queueing time: mean = 3.800 us, max = 3.800 us, min = 3.800 us, total = 3.800 us


