2024-09-05 18:01:30,137	INFO log_monitor.py:155 -- Starting log monitor with [max open files=200], [is_autoscaler_v2=False]
2024-09-05 18:01:30,139	INFO log_monitor.py:273 -- Beginning to track file raylet.err
2024-09-05 18:01:30,139	INFO log_monitor.py:273 -- Beginning to track file monitor.log
2024-09-05 18:01:30,140	INFO log_monitor.py:273 -- Beginning to track file gcs_server.err
2024-09-05 18:01:30,260	INFO log_monitor.py:273 -- Beginning to track file worker-215f5dccae0124851fe5f9564a584b8bdc9956c2e24b89f0abb7d497-ffffffff-17164.err
2024-09-05 18:01:30,260	INFO log_monitor.py:273 -- Beginning to track file worker-215f5dccae0124851fe5f9564a584b8bdc9956c2e24b89f0abb7d497-ffffffff-17164.out
2024-09-05 18:01:30,260	INFO log_monitor.py:273 -- Beginning to track file worker-4af4e4c0283291402f12ade93670fde11ac7c4f3179b088d7bf06e5d-ffffffff-18044.err
2024-09-05 18:01:30,260	INFO log_monitor.py:273 -- Beginning to track file worker-4af4e4c0283291402f12ade93670fde11ac7c4f3179b088d7bf06e5d-ffffffff-18044.out
2024-09-05 18:01:30,260	INFO log_monitor.py:273 -- Beginning to track file worker-7f336d7369714281346668508072551cf7f1797de91ef857f2e1dd0f-ffffffff-16836.err
2024-09-05 18:01:30,261	INFO log_monitor.py:273 -- Beginning to track file worker-7f336d7369714281346668508072551cf7f1797de91ef857f2e1dd0f-ffffffff-16836.out
2024-09-05 18:01:30,261	INFO log_monitor.py:273 -- Beginning to track file worker-87f1dcbfa5be6702f43a9421d1b77753ec6a459b438a920b007dbedf-ffffffff-19292.err
2024-09-05 18:01:30,261	INFO log_monitor.py:273 -- Beginning to track file worker-87f1dcbfa5be6702f43a9421d1b77753ec6a459b438a920b007dbedf-ffffffff-19292.out
2024-09-05 18:01:30,261	INFO log_monitor.py:273 -- Beginning to track file worker-8e443808157724148c11fd3064f4b0189f25347eb46d25d1ada7e2b1-ffffffff-17796.err
2024-09-05 18:01:30,261	INFO log_monitor.py:273 -- Beginning to track file worker-8e443808157724148c11fd3064f4b0189f25347eb46d25d1ada7e2b1-ffffffff-17796.out
2024-09-05 18:01:30,261	INFO log_monitor.py:273 -- Beginning to track file worker-a1a9223f2cfd1abcf74ef1fd46b9ae2033e267cb4ab92938ddbeefde-ffffffff-8428.err
2024-09-05 18:01:30,261	INFO log_monitor.py:273 -- Beginning to track file worker-a1a9223f2cfd1abcf74ef1fd46b9ae2033e267cb4ab92938ddbeefde-ffffffff-8428.out
2024-09-05 18:01:30,262	INFO log_monitor.py:273 -- Beginning to track file worker-af70e22913d5bc0f5b7b8d5ec503750fd7aaf8a11d1f9d08f937bd90-ffffffff-19224.err
2024-09-05 18:01:30,262	INFO log_monitor.py:273 -- Beginning to track file worker-af70e22913d5bc0f5b7b8d5ec503750fd7aaf8a11d1f9d08f937bd90-ffffffff-19224.out
2024-09-05 18:01:30,262	INFO log_monitor.py:273 -- Beginning to track file worker-de9f38df09c0c7919d49d1890e2295872083fd1df07d62bf8f75f76b-ffffffff-8812.err
2024-09-05 18:01:30,262	INFO log_monitor.py:273 -- Beginning to track file worker-de9f38df09c0c7919d49d1890e2295872083fd1df07d62bf8f75f76b-ffffffff-8812.out
2024-09-05 18:01:30,262	INFO log_monitor.py:273 -- Beginning to track file worker-e164adf0315ffc0d9adf34888c95964e70a1b396eec0f471ed8d4188-ffffffff-16348.err
2024-09-05 18:01:30,262	INFO log_monitor.py:273 -- Beginning to track file worker-e164adf0315ffc0d9adf34888c95964e70a1b396eec0f471ed8d4188-ffffffff-16348.out
2024-09-05 18:01:30,366	INFO log_monitor.py:273 -- Beginning to track file worker-26040f2606cb4f220d502beab0310e7e371c07ba7aa1bd7314afad5a-ffffffff-16004.err
2024-09-05 18:01:30,366	INFO log_monitor.py:273 -- Beginning to track file worker-26040f2606cb4f220d502beab0310e7e371c07ba7aa1bd7314afad5a-ffffffff-16004.out
2024-09-05 18:01:30,366	INFO log_monitor.py:273 -- Beginning to track file worker-3d0569b187f0dc7a1079c09fb06b80e213629a7bae4fe6db67a3d191-ffffffff-13468.err
2024-09-05 18:01:30,366	INFO log_monitor.py:273 -- Beginning to track file worker-3d0569b187f0dc7a1079c09fb06b80e213629a7bae4fe6db67a3d191-ffffffff-13468.out
2024-09-05 18:01:30,366	INFO log_monitor.py:273 -- Beginning to track file worker-87bc5de48e54c585e526b98688922877b8e255a4e0be0f3a4e9c11b8-ffffffff-17656.err
2024-09-05 18:01:30,366	INFO log_monitor.py:273 -- Beginning to track file worker-87bc5de48e54c585e526b98688922877b8e255a4e0be0f3a4e9c11b8-ffffffff-17656.out
2024-09-05 18:01:30,367	INFO log_monitor.py:273 -- Beginning to track file worker-b32bdbe2e427c4bd0db661bf2d1425a0c760732f6eddb36f59883b3c-ffffffff-16436.err
2024-09-05 18:01:30,367	INFO log_monitor.py:273 -- Beginning to track file worker-b32bdbe2e427c4bd0db661bf2d1425a0c760732f6eddb36f59883b3c-ffffffff-16436.out
2024-09-05 18:01:30,367	INFO log_monitor.py:273 -- Beginning to track file worker-da6b21dab2cab3e30ea0ad66f526bd1edce5706bac8f378f195c2293-ffffffff-6908.err
2024-09-05 18:01:30,367	INFO log_monitor.py:273 -- Beginning to track file worker-da6b21dab2cab3e30ea0ad66f526bd1edce5706bac8f378f195c2293-ffffffff-6908.out
2024-09-05 18:01:30,367	INFO log_monitor.py:273 -- Beginning to track file worker-f8237805a55aaa7186be7377f4e8349eeb4b7e7e81f70bc49b5af14e-ffffffff-17992.err
2024-09-05 18:01:30,367	INFO log_monitor.py:273 -- Beginning to track file worker-f8237805a55aaa7186be7377f4e8349eeb4b7e7e81f70bc49b5af14e-ffffffff-17992.out
2024-09-05 18:01:30,475	INFO log_monitor.py:273 -- Beginning to track file worker-d122bb7e113404f3e8963ed5d009b344498cba92019867f8c05ae9d2-ffffffff-18760.err
2024-09-05 18:01:30,475	INFO log_monitor.py:273 -- Beginning to track file worker-d122bb7e113404f3e8963ed5d009b344498cba92019867f8c05ae9d2-ffffffff-18760.out
2024-09-05 18:01:31,458	INFO log_monitor.py:273 -- Beginning to track file worker-5ae96217f7b33148658cbdc66f0f97bd95a370fef592ea2d9f0d394a-01000000-20440.err
2024-09-05 18:01:31,459	INFO log_monitor.py:273 -- Beginning to track file worker-5ae96217f7b33148658cbdc66f0f97bd95a370fef592ea2d9f0d394a-01000000-20440.out
2024-09-05 18:01:38,139	INFO log_monitor.py:273 -- Beginning to track file worker-68463139f1c58f9a256ec4d85a96e23c23706fedc6b65c768a0cc538-01000000-6288.err
2024-09-05 18:01:38,139	INFO log_monitor.py:273 -- Beginning to track file worker-68463139f1c58f9a256ec4d85a96e23c23706fedc6b65c768a0cc538-01000000-6288.out
2024-09-05 18:01:38,247	INFO log_monitor.py:273 -- Beginning to track file worker-46a6be9ec990e5a2a6d27b8cfa65b21aa6aa7bf35adc3fdc2377dc72-01000000-6632.err
2024-09-05 18:01:38,247	INFO log_monitor.py:273 -- Beginning to track file worker-46a6be9ec990e5a2a6d27b8cfa65b21aa6aa7bf35adc3fdc2377dc72-01000000-6632.out
2024-09-05 18:01:46,221	INFO log_monitor.py:273 -- Beginning to track file worker-cbef800d5e2f89a4ec1f6ffe43b314a8f31f660eac22e585c9ae2c9f-01000000-21328.err
2024-09-05 18:01:46,222	INFO log_monitor.py:273 -- Beginning to track file worker-cbef800d5e2f89a4ec1f6ffe43b314a8f31f660eac22e585c9ae2c9f-01000000-21328.out
2024-09-05 18:01:46,222	INFO log_monitor.py:273 -- Beginning to track file worker-f97153a1143d3c17075a29236658eee871400fd889522c5633b763d8-01000000-3740.err
2024-09-05 18:01:46,222	INFO log_monitor.py:273 -- Beginning to track file worker-f97153a1143d3c17075a29236658eee871400fd889522c5633b763d8-01000000-3740.out
