2024-09-05 18:01:29,007	INFO monitor.py:688 -- Starting monitor using ray installation: D:\Programme\Anaconda3\envs\stablebaselines2023\lib\site-packages\ray\__init__.py
2024-09-05 18:01:29,007	INFO monitor.py:689 -- Ray version: 2.10.0
2024-09-05 18:01:29,007	INFO monitor.py:690 -- Ray commit: 09abba26b5bf2707639bb637c208d062a47b46f6
2024-09-05 18:01:29,007	INFO monitor.py:691 -- Monitor started with command: ['D:\\Programme\\Anaconda3\\envs\\stablebaselines2023\\lib\\site-packages\\ray\\autoscaler\\_private\\monitor.py', '--logs-dir=D:\\Programme\\Nextcloud\\00_Eigene_Dateien\\Programmieren\\dl_reference_models\\experiments\\results\\session_2024-09-05_18-01-28_000184_18540\\logs', '--logging-rotate-bytes=536870912', '--logging-rotate-backup-count=5', '--gcs-address=127.0.0.1:58238', '--monitor-ip=127.0.0.1']
2024-09-05 18:01:29,010	INFO monitor.py:159 -- session_name: session_2024-09-05_18-01-28_000184_18540
2024-09-05 18:01:29,010	WARNING monitor.py:212 -- `prometheus_client` not found, so metrics will not be exported.
2024-09-05 18:01:29,010	INFO monitor.py:216 -- Monitor: Started
2024-09-05 18:01:29,020	INFO autoscaler.py:280 -- disable_node_updaters:False
2024-09-05 18:01:29,020	INFO autoscaler.py:288 -- disable_launch_config_check:True
2024-09-05 18:01:29,020	INFO autoscaler.py:300 -- foreground_node_launch:False
2024-09-05 18:01:29,020	INFO autoscaler.py:310 -- worker_liveness_check:True
2024-09-05 18:01:29,020	INFO autoscaler.py:318 -- worker_rpc_drain:True
2024-09-05 18:01:29,021	INFO autoscaler.py:368 -- StandardAutoscaler: {'cluster_name': 'default', 'max_workers': 0, 'upscaling_speed': 1.0, 'docker': {}, 'idle_timeout_minutes': 0, 'provider': {'type': 'readonly', 'use_node_id_as_ip': True, 'disable_launch_config_check': True}, 'auth': {}, 'available_node_types': {'ray.head.default': {'resources': {}, 'node_config': {}, 'max_workers': 0}}, 'head_node_type': 'ray.head.default', 'file_mounts': {}, 'cluster_synced_files': [], 'file_mounts_sync_continuously': False, 'rsync_exclude': [], 'rsync_filter': [], 'initialization_commands': [], 'setup_commands': [], 'head_setup_commands': [], 'worker_setup_commands': [], 'head_start_ray_commands': [], 'worker_start_ray_commands': []}
2024-09-05 18:01:29,021	INFO monitor.py:383 -- Autoscaler has not yet received load metrics. Waiting.
2024-09-05 18:01:34,026	INFO autoscaler.py:147 -- The autoscaler took 0.0 seconds to fetch the list of non-terminated nodes.
2024-09-05 18:01:34,026	INFO autoscaler.py:427 -- 
======== Autoscaler status: 2024-09-05 18:01:34.026391 ========
Node status
---------------------------------------------------------------
Active:
 1 node_6d88af7bf0953c3f8113d9ed4e7b2afb0467f08231f08200c6a1d4b5
Pending:
 (no pending nodes)
Recent failures:
 (no failures)

Resources
---------------------------------------------------------------
Usage:
 1.0/16.0 CPU (1.0 used of 3.0 reserved in placement groups)
 0.0/1.0 GPU
 0B/4.41GiB memory
 0B/2.20GiB object_store_memory

Demands:
 (no resource demands)
2024-09-05 18:01:34,027	INFO autoscaler.py:470 -- The autoscaler took 0.001 seconds to complete the update iteration.
2024-09-05 18:01:39,030	INFO autoscaler.py:147 -- The autoscaler took 0.0 seconds to fetch the list of non-terminated nodes.
2024-09-05 18:01:39,030	INFO autoscaler.py:427 -- 
======== Autoscaler status: 2024-09-05 18:01:39.030763 ========
Node status
---------------------------------------------------------------
Active:
 1 node_6d88af7bf0953c3f8113d9ed4e7b2afb0467f08231f08200c6a1d4b5
Pending:
 (no pending nodes)
Recent failures:
 (no failures)

Resources
---------------------------------------------------------------
Usage:
 3.0/16.0 CPU (3.0 used of 3.0 reserved in placement groups)
 0.0/1.0 GPU
 0B/4.41GiB memory
 0B/2.20GiB object_store_memory

Demands:
 (no resource demands)
2024-09-05 18:01:39,030	INFO autoscaler.py:470 -- The autoscaler took 0.0 seconds to complete the update iteration.
2024-09-05 18:01:44,038	INFO autoscaler.py:147 -- The autoscaler took 0.0 seconds to fetch the list of non-terminated nodes.
2024-09-05 18:01:44,038	INFO autoscaler.py:427 -- 
======== Autoscaler status: 2024-09-05 18:01:44.038425 ========
Node status
---------------------------------------------------------------
Active:
 1 node_6d88af7bf0953c3f8113d9ed4e7b2afb0467f08231f08200c6a1d4b5
Pending:
 (no pending nodes)
Recent failures:
 (no failures)

Resources
---------------------------------------------------------------
Usage:
 3.0/16.0 CPU (3.0 used of 3.0 reserved in placement groups)
 0.0/1.0 GPU
 0B/4.41GiB memory
 0B/2.20GiB object_store_memory

Demands:
 (no resource demands)
2024-09-05 18:01:44,039	INFO autoscaler.py:470 -- The autoscaler took 0.001 seconds to complete the update iteration.
2024-09-05 18:01:49,054	INFO autoscaler.py:147 -- The autoscaler took 0.0 seconds to fetch the list of non-terminated nodes.
2024-09-05 18:01:49,055	INFO autoscaler.py:427 -- 
======== Autoscaler status: 2024-09-05 18:01:49.055618 ========
Node status
---------------------------------------------------------------
Active:
 1 node_6d88af7bf0953c3f8113d9ed4e7b2afb0467f08231f08200c6a1d4b5
Pending:
 (no pending nodes)
Recent failures:
 (no failures)

Resources
---------------------------------------------------------------
Usage:
 0.0/16.0 CPU
 0.0/1.0 GPU
 0B/4.41GiB memory
 0B/2.20GiB object_store_memory

Demands:
 (no resource demands)
2024-09-05 18:01:49,055	INFO autoscaler.py:470 -- The autoscaler took 0.001 seconds to complete the update iteration.
2024-09-05 18:01:54,058	INFO autoscaler.py:147 -- The autoscaler took 0.0 seconds to fetch the list of non-terminated nodes.
2024-09-05 18:01:54,058	INFO autoscaler.py:427 -- 
======== Autoscaler status: 2024-09-05 18:01:54.058018 ========
Node status
---------------------------------------------------------------
Active:
 1 node_6d88af7bf0953c3f8113d9ed4e7b2afb0467f08231f08200c6a1d4b5
Pending:
 (no pending nodes)
Recent failures:
 (no failures)

Resources
---------------------------------------------------------------
Usage:
 0.0/16.0 CPU
 0.0/1.0 GPU
 0B/4.41GiB memory
 0B/2.20GiB object_store_memory

Demands:
 (no resource demands)
2024-09-05 18:01:54,058	INFO autoscaler.py:470 -- The autoscaler took 0.001 seconds to complete the update iteration.
2024-09-05 18:01:59,060	INFO autoscaler.py:147 -- The autoscaler took 0.0 seconds to fetch the list of non-terminated nodes.
2024-09-05 18:01:59,060	INFO autoscaler.py:427 -- 
======== Autoscaler status: 2024-09-05 18:01:59.060971 ========
Node status
---------------------------------------------------------------
Active:
 1 node_6d88af7bf0953c3f8113d9ed4e7b2afb0467f08231f08200c6a1d4b5
Pending:
 (no pending nodes)
Recent failures:
 (no failures)

Resources
---------------------------------------------------------------
Usage:
 0.0/16.0 CPU
 0.0/1.0 GPU
 0B/4.41GiB memory
 0B/2.20GiB object_store_memory

Demands:
 (no resource demands)
2024-09-05 18:01:59,061	INFO autoscaler.py:470 -- The autoscaler took 0.001 seconds to complete the update iteration.
2024-09-05 18:02:04,077	INFO autoscaler.py:147 -- The autoscaler took 0.0 seconds to fetch the list of non-terminated nodes.
2024-09-05 18:02:04,077	INFO autoscaler.py:427 -- 
======== Autoscaler status: 2024-09-05 18:02:04.077890 ========
Node status
---------------------------------------------------------------
Active:
 1 node_6d88af7bf0953c3f8113d9ed4e7b2afb0467f08231f08200c6a1d4b5
Pending:
 (no pending nodes)
Recent failures:
 (no failures)

Resources
---------------------------------------------------------------
Usage:
 0.0/16.0 CPU
 0.0/1.0 GPU
 0B/4.41GiB memory
 0B/2.20GiB object_store_memory

Demands:
 (no resource demands)
2024-09-05 18:02:04,078	INFO autoscaler.py:470 -- The autoscaler took 0.001 seconds to complete the update iteration.
2024-09-05 18:02:09,080	INFO autoscaler.py:147 -- The autoscaler took 0.0 seconds to fetch the list of non-terminated nodes.
2024-09-05 18:02:09,080	INFO autoscaler.py:427 -- 
======== Autoscaler status: 2024-09-05 18:02:09.080341 ========
Node status
---------------------------------------------------------------
Active:
 1 node_6d88af7bf0953c3f8113d9ed4e7b2afb0467f08231f08200c6a1d4b5
Pending:
 (no pending nodes)
Recent failures:
 (no failures)

Resources
---------------------------------------------------------------
Usage:
 0.0/16.0 CPU
 0.0/1.0 GPU
 0B/4.41GiB memory
 0B/2.20GiB object_store_memory

Demands:
 (no resource demands)
2024-09-05 18:02:09,086	INFO autoscaler.py:470 -- The autoscaler took 0.006 seconds to complete the update iteration.
2024-09-05 18:02:14,090	INFO autoscaler.py:147 -- The autoscaler took 0.0 seconds to fetch the list of non-terminated nodes.
2024-09-05 18:02:14,090	INFO autoscaler.py:427 -- 
======== Autoscaler status: 2024-09-05 18:02:14.090096 ========
Node status
---------------------------------------------------------------
Active:
 1 node_6d88af7bf0953c3f8113d9ed4e7b2afb0467f08231f08200c6a1d4b5
Pending:
 (no pending nodes)
Recent failures:
 (no failures)

Resources
---------------------------------------------------------------
Usage:
 0.0/16.0 CPU
 0.0/1.0 GPU
 0B/4.41GiB memory
 0B/2.20GiB object_store_memory

Demands:
 (no resource demands)
2024-09-05 18:02:14,090	INFO autoscaler.py:470 -- The autoscaler took 0.001 seconds to complete the update iteration.
2024-09-05 18:02:19,095	INFO autoscaler.py:147 -- The autoscaler took 0.0 seconds to fetch the list of non-terminated nodes.
2024-09-05 18:02:19,095	INFO autoscaler.py:427 -- 
======== Autoscaler status: 2024-09-05 18:02:19.095617 ========
Node status
---------------------------------------------------------------
Active:
 1 node_6d88af7bf0953c3f8113d9ed4e7b2afb0467f08231f08200c6a1d4b5
Pending:
 (no pending nodes)
Recent failures:
 (no failures)

Resources
---------------------------------------------------------------
Usage:
 0.0/16.0 CPU
 0.0/1.0 GPU
 0B/4.41GiB memory
 0B/2.20GiB object_store_memory

Demands:
 (no resource demands)
2024-09-05 18:02:19,095	INFO autoscaler.py:470 -- The autoscaler took 0.0 seconds to complete the update iteration.
2024-09-05 18:02:24,102	INFO autoscaler.py:147 -- The autoscaler took 0.0 seconds to fetch the list of non-terminated nodes.
2024-09-05 18:02:24,102	INFO autoscaler.py:427 -- 
======== Autoscaler status: 2024-09-05 18:02:24.102324 ========
Node status
---------------------------------------------------------------
Active:
 1 node_6d88af7bf0953c3f8113d9ed4e7b2afb0467f08231f08200c6a1d4b5
Pending:
 (no pending nodes)
Recent failures:
 (no failures)

Resources
---------------------------------------------------------------
Usage:
 0.0/16.0 CPU
 0.0/1.0 GPU
 0B/4.41GiB memory
 0B/2.20GiB object_store_memory

Demands:
 (no resource demands)
2024-09-05 18:02:24,102	INFO autoscaler.py:470 -- The autoscaler took 0.0 seconds to complete the update iteration.
2024-09-05 18:02:29,105	INFO autoscaler.py:147 -- The autoscaler took 0.0 seconds to fetch the list of non-terminated nodes.
2024-09-05 18:02:29,105	INFO autoscaler.py:427 -- 
======== Autoscaler status: 2024-09-05 18:02:29.105787 ========
Node status
---------------------------------------------------------------
Active:
 1 node_6d88af7bf0953c3f8113d9ed4e7b2afb0467f08231f08200c6a1d4b5
Pending:
 (no pending nodes)
Recent failures:
 (no failures)

Resources
---------------------------------------------------------------
Usage:
 0.0/16.0 CPU
 0.0/1.0 GPU
 0B/4.41GiB memory
 0B/2.20GiB object_store_memory

Demands:
 (no resource demands)
2024-09-05 18:02:29,105	INFO autoscaler.py:470 -- The autoscaler took 0.0 seconds to complete the update iteration.
2024-09-05 18:02:34,116	INFO autoscaler.py:147 -- The autoscaler took 0.0 seconds to fetch the list of non-terminated nodes.
2024-09-05 18:02:34,117	INFO autoscaler.py:427 -- 
======== Autoscaler status: 2024-09-05 18:02:34.117002 ========
Node status
---------------------------------------------------------------
Active:
 1 node_6d88af7bf0953c3f8113d9ed4e7b2afb0467f08231f08200c6a1d4b5
Pending:
 (no pending nodes)
Recent failures:
 (no failures)

Resources
---------------------------------------------------------------
Usage:
 0.0/16.0 CPU
 0.0/1.0 GPU
 0B/4.41GiB memory
 0B/2.20GiB object_store_memory

Demands:
 (no resource demands)
2024-09-05 18:02:34,117	INFO autoscaler.py:470 -- The autoscaler took 0.001 seconds to complete the update iteration.
