[2024-09-05 18:01:30,317 I 16004 12796] core_worker_process.cc:107: Constructing CoreWorkerProcess. pid: 16004
[2024-09-05 18:01:30,319 I 16004 12796] io_service_pool.cc:35: IOServicePool is running with 1 io_service.
[2024-09-05 18:01:30,321 I 16004 12796] grpc_server.cc:129: worker server started, listening on port 55644.
[2024-09-05 18:01:30,324 I 16004 12796] core_worker.cc:252: Initializing worker at address: 127.0.0.1:55644, worker ID 26040f2606cb4f220d502beab0310e7e371c07ba7aa1bd7314afad5a, raylet 6d88af7bf0953c3f8113d9ed4e7b2afb0467f08231f08200c6a1d4b5
[2024-09-05 18:01:30,325 I 16004 12796] task_event_buffer.cc:177: Reporting task events to GCS every 1000ms.
[2024-09-05 18:01:30,326 I 16004 20020] accessor.cc:627: Received notification for node id = 6d88af7bf0953c3f8113d9ed4e7b2afb0467f08231f08200c6a1d4b5, IsAlive = 1
[2024-09-05 18:01:30,326 I 16004 20020] core_worker.cc:4552: Number of alive nodes:1
[2024-09-05 18:01:30,326 I 16004 20020] core_worker.cc:614: Event stats:


Global stats: 12 total (4 active)
Queueing time: mean = 7.917 us, max = 75.800 us, min = 4.200 us, total = 95.000 us
Execution time:  mean = 75.875 us, total = 910.500 us
Event stats:
	PeriodicalRunner.RunFnPeriodically - 3 total (1 active, 1 running), Execution time: mean = 8.567 us, total = 25.700 us, Queueing time: mean = 26.667 us, max = 75.800 us, min = 4.200 us, total = 80.000 us
	CoreWorker.ExitIfParentRayletDies - 1 total (1 active), Execution time: mean = 0.000 s, total = 0.000 s, Queueing time: mean = 0.000 s, max = -0.000 s, min = 9223372036.855 s, total = 0.000 s
	WorkerInfoGcsService.grpc_client.AddWorkerInfo - 1 total (0 active), Execution time: mean = 330.500 us, total = 330.500 us, Queueing time: mean = 0.000 s, max = -0.000 s, min = 9223372036.855 s, total = 0.000 s
	InternalPubSubGcsService.grpc_client.GcsSubscriberCommandBatch.OnReplyReceived - 1 total (0 active), Execution time: mean = 78.600 us, total = 78.600 us, Queueing time: mean = 4.500 us, max = 4.500 us, min = 4.500 us, total = 4.500 us
	NodeInfoGcsService.grpc_client.GetAllNodeInfo.OnReplyReceived - 1 total (0 active), Execution time: mean = 59.400 us, total = 59.400 us, Queueing time: mean = 5.100 us, max = 5.100 us, min = 5.100 us, total = 5.100 us
	InternalPubSubGcsService.grpc_client.GcsSubscriberPoll - 1 total (1 active), Execution time: mean = 0.000 s, total = 0.000 s, Queueing time: mean = 0.000 s, max = -0.000 s, min = 9223372036.855 s, total = 0.000 s
	InternalPubSubGcsService.grpc_client.GcsSubscriberCommandBatch - 1 total (0 active), Execution time: mean = 201.400 us, total = 201.400 us, Queueing time: mean = 0.000 s, max = -0.000 s, min = 9223372036.855 s, total = 0.000 s
	NodeInfoGcsService.grpc_client.GetAllNodeInfo - 1 total (0 active), Execution time: mean = 191.600 us, total = 191.600 us, Queueing time: mean = 0.000 s, max = -0.000 s, min = 9223372036.855 s, total = 0.000 s
	WorkerInfoGcsService.grpc_client.AddWorkerInfo.OnReplyReceived - 1 total (0 active), Execution time: mean = 23.300 us, total = 23.300 us, Queueing time: mean = 5.400 us, max = 5.400 us, min = 5.400 us, total = 5.400 us
	Publisher.CheckDeadSubscribers - 1 total (1 active), Execution time: mean = 0.000 s, total = 0.000 s, Queueing time: mean = 0.000 s, max = -0.000 s, min = 9223372036.855 s, total = 0.000 s

-----------------
Task Event stats:

IO Service Stats:

Global stats: 4 total (1 active)
Queueing time: mean = 2.650 us, max = 6.400 us, min = 4.200 us, total = 10.600 us
Execution time:  mean = 81.775 us, total = 327.100 us
Event stats:
	TaskInfoGcsService.grpc_client.AddTaskEventData - 1 total (0 active), Execution time: mean = 209.400 us, total = 209.400 us, Queueing time: mean = 0.000 s, max = -0.000 s, min = 9223372036.855 s, total = 0.000 s
	CoreWorker.deadline_timer.flush_task_events - 1 total (1 active), Execution time: mean = 0.000 s, total = 0.000 s, Queueing time: mean = 0.000 s, max = -0.000 s, min = 9223372036.855 s, total = 0.000 s
	TaskInfoGcsService.grpc_client.AddTaskEventData.OnReplyReceived - 1 total (0 active), Execution time: mean = 18.200 us, total = 18.200 us, Queueing time: mean = 6.400 us, max = 6.400 us, min = 6.400 us, total = 6.400 us
	PeriodicalRunner.RunFnPeriodically - 1 total (0 active), Execution time: mean = 99.500 us, total = 99.500 us, Queueing time: mean = 4.200 us, max = 4.200 us, min = 4.200 us, total = 4.200 us
Other Stats:
	grpc_in_progress:0
	current number of task status events in buffer: 0
	current number of profile events in buffer: 0
	current number of dropped task attempts tracked: 0
	total task events sent: 0 MiB
	total number of task attempts sent: 0
	total number of task attempts dropped reported: 0
	total number of sent failure: 0
	num status task events dropped: 0
	num profile task events dropped: 0


[2024-09-05 18:01:30,327 I 16004 12796] event.cc:234: Set ray event level to warning
[2024-09-05 18:01:30,327 I 16004 12796] event.cc:342: Ray Event initialized for CORE_WORKER
[2024-09-05 18:01:42,415 W 16004 19996] metric_exporter.cc:105: [1] Export metrics to agent failed: GrpcUnavailable: RPC Error message: failed to connect to all addresses; last error: UNAVAILABLE: ipv4:127.0.0.1:61957: Connection refused; RPC Error details: . This won't affect Ray, but you can lose metrics from the cluster.
[2024-09-05 18:02:30,337 I 16004 20020] core_worker.cc:614: Event stats:


Global stats: 826 total (8 active)
Queueing time: mean = 7.330 ms, max = 15.499 ms, min = -0.000 s, total = 6.055 s
Execution time:  mean = 44.796 us, total = 37.001 ms
Event stats:
	CoreWorker.RecoverObjects - 552 total (1 active), Execution time: mean = 4.000 us, total = 2.208 ms, Queueing time: mean = 8.726 ms, max = 14.560 ms, min = 5.220 ms, total = 4.817 s
	NodeManagerService.grpc_client.ReportWorkerBacklog.OnReplyReceived - 60 total (0 active), Execution time: mean = 11.266 us, total = 675.934 us, Queueing time: mean = 23.296 us, max = 63.961 us, min = 3.109 us, total = 1.398 ms
	CoreWorker.InternalHeartbeat - 60 total (1 active), Execution time: mean = 107.371 us, total = 6.442 ms, Queueing time: mean = 9.044 ms, max = 15.499 ms, min = 246.876 us, total = 542.646 ms
	CoreWorker.ExitIfParentRayletDies - 60 total (1 active), Execution time: mean = 12.182 us, total = 730.892 us, Queueing time: mean = 9.003 ms, max = 15.399 ms, min = -0.000 s, total = 540.169 ms
	NodeManagerService.grpc_client.ReportWorkerBacklog - 60 total (0 active), Execution time: mean = 420.597 us, total = 25.236 ms, Queueing time: mean = 0.000 s, max = -0.000 s, min = 9223372036.855 s, total = 0.000 s
	CoreWorker.RecordMetrics - 12 total (1 active), Execution time: mean = 13.455 us, total = 161.459 us, Queueing time: mean = 8.815 ms, max = 14.262 ms, min = 795.613 us, total = 105.784 ms
	PeriodicalRunner.RunFnPeriodically - 7 total (0 active), Execution time: mean = 92.429 us, total = 647.000 us, Queueing time: mean = 128.343 us, max = 404.600 us, min = 4.200 us, total = 898.400 us
	CoreWorker.GCStreamingGeneratorMetadata - 6 total (1 active), Execution time: mean = 2.486 us, total = 14.914 us, Queueing time: mean = 7.864 ms, max = 12.267 ms, min = 7.530 ms, total = 47.182 ms
	Publisher.CheckDeadSubscribers - 1 total (1 active), Execution time: mean = 0.000 s, total = 0.000 s, Queueing time: mean = 0.000 s, max = -0.000 s, min = 9223372036.855 s, total = 0.000 s
	WorkerInfoGcsService.grpc_client.AddWorkerInfo - 1 total (0 active), Execution time: mean = 330.500 us, total = 330.500 us, Queueing time: mean = 0.000 s, max = -0.000 s, min = 9223372036.855 s, total = 0.000 s
	InternalPubSubGcsService.grpc_client.GcsSubscriberCommandBatch.OnReplyReceived - 1 total (0 active), Execution time: mean = 78.600 us, total = 78.600 us, Queueing time: mean = 4.500 us, max = 4.500 us, min = 4.500 us, total = 4.500 us
	CoreWorker.PrintEventStats - 1 total (1 active, 1 running), Execution time: mean = 0.000 s, total = 0.000 s, Queueing time: mean = 0.000 s, max = -0.000 s, min = 9223372036.855 s, total = 0.000 s
	NodeInfoGcsService.grpc_client.GetAllNodeInfo - 1 total (0 active), Execution time: mean = 191.600 us, total = 191.600 us, Queueing time: mean = 0.000 s, max = -0.000 s, min = 9223372036.855 s, total = 0.000 s
	NodeInfoGcsService.grpc_client.GetAllNodeInfo.OnReplyReceived - 1 total (0 active), Execution time: mean = 59.400 us, total = 59.400 us, Queueing time: mean = 5.100 us, max = 5.100 us, min = 5.100 us, total = 5.100 us
	InternalPubSubGcsService.grpc_client.GcsSubscriberPoll - 1 total (1 active), Execution time: mean = 0.000 s, total = 0.000 s, Queueing time: mean = 0.000 s, max = -0.000 s, min = 9223372036.855 s, total = 0.000 s
	InternalPubSubGcsService.grpc_client.GcsSubscriberCommandBatch - 1 total (0 active), Execution time: mean = 201.400 us, total = 201.400 us, Queueing time: mean = 0.000 s, max = -0.000 s, min = 9223372036.855 s, total = 0.000 s
	WorkerInfoGcsService.grpc_client.AddWorkerInfo.OnReplyReceived - 1 total (0 active), Execution time: mean = 23.300 us, total = 23.300 us, Queueing time: mean = 5.400 us, max = 5.400 us, min = 5.400 us, total = 5.400 us

-----------------
Task Event stats:

IO Service Stats:

Global stats: 181 total (1 active)
Queueing time: mean = 3.015 ms, max = 15.493 ms, min = 3.607 us, total = 545.698 ms
Execution time:  mean = 179.959 us, total = 32.573 ms
Event stats:
	TaskInfoGcsService.grpc_client.AddTaskEventData - 60 total (0 active), Execution time: mean = 406.609 us, total = 24.397 ms, Queueing time: mean = 0.000 s, max = -0.000 s, min = 9223372036.855 s, total = 0.000 s
	CoreWorker.deadline_timer.flush_task_events - 60 total (1 active), Execution time: mean = 120.187 us, total = 7.211 ms, Queueing time: mean = 9.070 ms, max = 15.493 ms, min = 215.367 us, total = 544.180 ms
	TaskInfoGcsService.grpc_client.AddTaskEventData.OnReplyReceived - 60 total (0 active), Execution time: mean = 14.423 us, total = 865.402 us, Queueing time: mean = 25.229 us, max = 67.263 us, min = 3.607 us, total = 1.514 ms
	PeriodicalRunner.RunFnPeriodically - 1 total (0 active), Execution time: mean = 99.500 us, total = 99.500 us, Queueing time: mean = 4.200 us, max = 4.200 us, min = 4.200 us, total = 4.200 us
Other Stats:
	grpc_in_progress:0
	current number of task status events in buffer: 0
	current number of profile events in buffer: 0
	current number of dropped task attempts tracked: 0
	total task events sent: 0 MiB
	total number of task attempts sent: 0
	total number of task attempts dropped reported: 0
	total number of sent failure: 0
	num status task events dropped: 0
	num profile task events dropped: 0


