[2024-09-05 18:01:30,274 I 16436 18620] core_worker_process.cc:107: Constructing CoreWorkerProcess. pid: 16436
[2024-09-05 18:01:30,277 I 16436 18620] io_service_pool.cc:35: IOServicePool is running with 1 io_service.
[2024-09-05 18:01:30,278 I 16436 18620] grpc_server.cc:129: worker server started, listening on port 55638.
[2024-09-05 18:01:30,282 I 16436 18620] core_worker.cc:252: Initializing worker at address: 127.0.0.1:55638, worker ID b32bdbe2e427c4bd0db661bf2d1425a0c760732f6eddb36f59883b3c, raylet 6d88af7bf0953c3f8113d9ed4e7b2afb0467f08231f08200c6a1d4b5
[2024-09-05 18:01:30,282 I 16436 18620] task_event_buffer.cc:177: Reporting task events to GCS every 1000ms.
[2024-09-05 18:01:30,283 I 16436 19840] accessor.cc:627: Received notification for node id = 6d88af7bf0953c3f8113d9ed4e7b2afb0467f08231f08200c6a1d4b5, IsAlive = 1
[2024-09-05 18:01:30,283 I 16436 19840] core_worker.cc:4552: Number of alive nodes:1
[2024-09-05 18:01:30,283 I 16436 19840] core_worker.cc:614: Event stats:


Global stats: 12 total (4 active)
Queueing time: mean = 7.892 us, max = 75.200 us, min = 3.800 us, total = 94.700 us
Execution time:  mean = 70.308 us, total = 843.700 us
Event stats:
	PeriodicalRunner.RunFnPeriodically - 3 total (1 active, 1 running), Execution time: mean = 6.633 us, total = 19.900 us, Queueing time: mean = 26.400 us, max = 75.200 us, min = 4.000 us, total = 79.200 us
	CoreWorker.ExitIfParentRayletDies - 1 total (1 active), Execution time: mean = 0.000 s, total = 0.000 s, Queueing time: mean = 0.000 s, max = -0.000 s, min = 9223372036.855 s, total = 0.000 s
	WorkerInfoGcsService.grpc_client.AddWorkerInfo.OnReplyReceived - 1 total (0 active), Execution time: mean = 23.100 us, total = 23.100 us, Queueing time: mean = 7.800 us, max = 7.800 us, min = 7.800 us, total = 7.800 us
	Publisher.CheckDeadSubscribers - 1 total (1 active), Execution time: mean = 0.000 s, total = 0.000 s, Queueing time: mean = 0.000 s, max = -0.000 s, min = 9223372036.855 s, total = 0.000 s
	NodeInfoGcsService.grpc_client.GetAllNodeInfo.OnReplyReceived - 1 total (0 active), Execution time: mean = 61.400 us, total = 61.400 us, Queueing time: mean = 3.900 us, max = 3.900 us, min = 3.900 us, total = 3.900 us
	InternalPubSubGcsService.grpc_client.GcsSubscriberCommandBatch - 1 total (0 active), Execution time: mean = 174.600 us, total = 174.600 us, Queueing time: mean = 0.000 s, max = -0.000 s, min = 9223372036.855 s, total = 0.000 s
	InternalPubSubGcsService.grpc_client.GcsSubscriberPoll - 1 total (1 active), Execution time: mean = 0.000 s, total = 0.000 s, Queueing time: mean = 0.000 s, max = -0.000 s, min = 9223372036.855 s, total = 0.000 s
	NodeInfoGcsService.grpc_client.GetAllNodeInfo - 1 total (0 active), Execution time: mean = 185.300 us, total = 185.300 us, Queueing time: mean = 0.000 s, max = -0.000 s, min = 9223372036.855 s, total = 0.000 s
	WorkerInfoGcsService.grpc_client.AddWorkerInfo - 1 total (0 active), Execution time: mean = 299.900 us, total = 299.900 us, Queueing time: mean = 0.000 s, max = -0.000 s, min = 9223372036.855 s, total = 0.000 s
	InternalPubSubGcsService.grpc_client.GcsSubscriberCommandBatch.OnReplyReceived - 1 total (0 active), Execution time: mean = 79.500 us, total = 79.500 us, Queueing time: mean = 3.800 us, max = 3.800 us, min = 3.800 us, total = 3.800 us

-----------------
Task Event stats:

IO Service Stats:

Global stats: 4 total (1 active)
Queueing time: mean = 2.350 us, max = 5.400 us, min = 4.000 us, total = 9.400 us
Execution time:  mean = 75.375 us, total = 301.500 us
Event stats:
	PeriodicalRunner.RunFnPeriodically - 1 total (0 active), Execution time: mean = 96.700 us, total = 96.700 us, Queueing time: mean = 4.000 us, max = 4.000 us, min = 4.000 us, total = 4.000 us
	TaskInfoGcsService.grpc_client.AddTaskEventData.OnReplyReceived - 1 total (0 active), Execution time: mean = 16.100 us, total = 16.100 us, Queueing time: mean = 5.400 us, max = 5.400 us, min = 5.400 us, total = 5.400 us
	CoreWorker.deadline_timer.flush_task_events - 1 total (1 active), Execution time: mean = 0.000 s, total = 0.000 s, Queueing time: mean = 0.000 s, max = -0.000 s, min = 9223372036.855 s, total = 0.000 s
	TaskInfoGcsService.grpc_client.AddTaskEventData - 1 total (0 active), Execution time: mean = 188.700 us, total = 188.700 us, Queueing time: mean = 0.000 s, max = -0.000 s, min = 9223372036.855 s, total = 0.000 s
Other Stats:
	grpc_in_progress:0
	current number of task status events in buffer: 0
	current number of profile events in buffer: 0
	current number of dropped task attempts tracked: 0
	total task events sent: 0 MiB
	total number of task attempts sent: 0
	total number of task attempts dropped reported: 0
	total number of sent failure: 0
	num status task events dropped: 0
	num profile task events dropped: 0


[2024-09-05 18:01:30,285 I 16436 18620] event.cc:234: Set ray event level to warning
[2024-09-05 18:01:30,285 I 16436 18620] event.cc:342: Ray Event initialized for CORE_WORKER
[2024-09-05 18:01:42,370 W 16436 19816] metric_exporter.cc:105: [1] Export metrics to agent failed: GrpcUnavailable: RPC Error message: failed to connect to all addresses; last error: UNAVAILABLE: ipv4:127.0.0.1:61957: Connection refused; RPC Error details: . This won't affect Ray, but you can lose metrics from the cluster.
[2024-09-05 18:02:30,291 I 16436 19840] core_worker.cc:614: Event stats:


Global stats: 826 total (8 active)
Queueing time: mean = 7.239 ms, max = 15.586 ms, min = -0.000 s, total = 5.979 s
Execution time:  mean = 38.870 us, total = 32.107 ms
Event stats:
	CoreWorker.RecoverObjects - 552 total (1 active), Execution time: mean = 4.276 us, total = 2.360 ms, Queueing time: mean = 8.720 ms, max = 12.354 ms, min = 4.738 ms, total = 4.813 s
	CoreWorker.ExitIfParentRayletDies - 60 total (1 active), Execution time: mean = 11.961 us, total = 717.671 us, Queueing time: mean = 8.713 ms, max = 15.586 ms, min = 7.233 us, total = 522.782 ms
	CoreWorker.InternalHeartbeat - 60 total (1 active), Execution time: mean = 78.400 us, total = 4.704 ms, Queueing time: mean = 8.520 ms, max = 15.494 ms, min = -0.000 s, total = 511.191 ms
	NodeManagerService.grpc_client.ReportWorkerBacklog - 60 total (0 active), Execution time: mean = 369.567 us, total = 22.174 ms, Queueing time: mean = 0.000 s, max = -0.000 s, min = 9223372036.855 s, total = 0.000 s
	NodeManagerService.grpc_client.ReportWorkerBacklog.OnReplyReceived - 60 total (0 active), Execution time: mean = 8.619 us, total = 517.168 us, Queueing time: mean = 11.418 us, max = 57.924 us, min = 2.945 us, total = 685.055 us
	CoreWorker.RecordMetrics - 12 total (1 active), Execution time: mean = 13.022 us, total = 156.265 us, Queueing time: mean = 7.271 ms, max = 13.308 ms, min = 17.843 us, total = 87.256 ms
	PeriodicalRunner.RunFnPeriodically - 7 total (0 active), Execution time: mean = 90.943 us, total = 636.600 us, Queueing time: mean = 123.529 us, max = 393.500 us, min = 4.000 us, total = 864.700 us
	CoreWorker.GCStreamingGeneratorMetadata - 6 total (1 active), Execution time: mean = 2.812 us, total = 16.870 us, Queueing time: mean = 7.176 ms, max = 13.105 ms, min = 5.200 ms, total = 43.055 ms
	InternalPubSubGcsService.grpc_client.GcsSubscriberCommandBatch - 1 total (0 active), Execution time: mean = 174.600 us, total = 174.600 us, Queueing time: mean = 0.000 s, max = -0.000 s, min = 9223372036.855 s, total = 0.000 s
	CoreWorker.PrintEventStats - 1 total (1 active, 1 running), Execution time: mean = 0.000 s, total = 0.000 s, Queueing time: mean = 0.000 s, max = -0.000 s, min = 9223372036.855 s, total = 0.000 s
	WorkerInfoGcsService.grpc_client.AddWorkerInfo - 1 total (0 active), Execution time: mean = 299.900 us, total = 299.900 us, Queueing time: mean = 0.000 s, max = -0.000 s, min = 9223372036.855 s, total = 0.000 s
	InternalPubSubGcsService.grpc_client.GcsSubscriberCommandBatch.OnReplyReceived - 1 total (0 active), Execution time: mean = 79.500 us, total = 79.500 us, Queueing time: mean = 3.800 us, max = 3.800 us, min = 3.800 us, total = 3.800 us
	NodeInfoGcsService.grpc_client.GetAllNodeInfo.OnReplyReceived - 1 total (0 active), Execution time: mean = 61.400 us, total = 61.400 us, Queueing time: mean = 3.900 us, max = 3.900 us, min = 3.900 us, total = 3.900 us
	NodeInfoGcsService.grpc_client.GetAllNodeInfo - 1 total (0 active), Execution time: mean = 185.300 us, total = 185.300 us, Queueing time: mean = 0.000 s, max = -0.000 s, min = 9223372036.855 s, total = 0.000 s
	InternalPubSubGcsService.grpc_client.GcsSubscriberPoll - 1 total (1 active), Execution time: mean = 0.000 s, total = 0.000 s, Queueing time: mean = 0.000 s, max = -0.000 s, min = 9223372036.855 s, total = 0.000 s
	WorkerInfoGcsService.grpc_client.AddWorkerInfo.OnReplyReceived - 1 total (0 active), Execution time: mean = 23.100 us, total = 23.100 us, Queueing time: mean = 7.800 us, max = 7.800 us, min = 7.800 us, total = 7.800 us
	Publisher.CheckDeadSubscribers - 1 total (1 active), Execution time: mean = 0.000 s, total = 0.000 s, Queueing time: mean = 0.000 s, max = -0.000 s, min = 9223372036.855 s, total = 0.000 s

-----------------
Task Event stats:

IO Service Stats:

Global stats: 181 total (1 active)
Queueing time: mean = 2.827 ms, max = 15.517 ms, min = -0.000 s, total = 511.761 ms
Execution time:  mean = 162.770 us, total = 29.461 ms
Event stats:
	TaskInfoGcsService.grpc_client.AddTaskEventData.OnReplyReceived - 60 total (0 active), Execution time: mean = 13.531 us, total = 811.861 us, Queueing time: mean = 9.866 us, max = 65.595 us, min = 3.468 us, total = 591.966 us
	CoreWorker.deadline_timer.flush_task_events - 60 total (1 active), Execution time: mean = 114.740 us, total = 6.884 ms, Queueing time: mean = 8.519 ms, max = 15.517 ms, min = -0.000 s, total = 511.165 ms
	TaskInfoGcsService.grpc_client.AddTaskEventData - 60 total (0 active), Execution time: mean = 361.141 us, total = 21.668 ms, Queueing time: mean = 0.000 s, max = -0.000 s, min = 9223372036.855 s, total = 0.000 s
	PeriodicalRunner.RunFnPeriodically - 1 total (0 active), Execution time: mean = 96.700 us, total = 96.700 us, Queueing time: mean = 4.000 us, max = 4.000 us, min = 4.000 us, total = 4.000 us
Other Stats:
	grpc_in_progress:0
	current number of task status events in buffer: 0
	current number of profile events in buffer: 0
	current number of dropped task attempts tracked: 0
	total task events sent: 0 MiB
	total number of task attempts sent: 0
	total number of task attempts dropped reported: 0
	total number of sent failure: 0
	num status task events dropped: 0
	num profile task events dropped: 0


