[2024-09-05 18:01:30,191 I 16348 3908] core_worker_process.cc:107: Constructing CoreWorkerProcess. pid: 16348
[2024-09-05 18:01:30,195 I 16348 3908] io_service_pool.cc:35: IOServicePool is running with 1 io_service.
[2024-09-05 18:01:30,201 I 16348 3908] grpc_server.cc:129: worker server started, listening on port 55578.
[2024-09-05 18:01:30,207 I 16348 3908] core_worker.cc:252: Initializing worker at address: 127.0.0.1:55578, worker ID e164adf0315ffc0d9adf34888c95964e70a1b396eec0f471ed8d4188, raylet 6d88af7bf0953c3f8113d9ed4e7b2afb0467f08231f08200c6a1d4b5
[2024-09-05 18:01:30,209 I 16348 3908] task_event_buffer.cc:177: Reporting task events to GCS every 1000ms.
[2024-09-05 18:01:30,210 I 16348 6364] core_worker.cc:614: Event stats:


Global stats: 11 total (5 active)
Queueing time: mean = 423.764 us, max = 4.518 ms, min = 28.600 us, total = 4.661 ms
Execution time:  mean = 272.518 us, total = 2.998 ms
Event stats:
	PeriodicalRunner.RunFnPeriodically - 3 total (1 active, 1 running), Execution time: mean = 14.000 us, total = 42.000 us, Queueing time: mean = 1.516 ms, max = 4.518 ms, min = 28.600 us, total = 4.547 ms
	CoreWorker.ExitIfParentRayletDies - 1 total (1 active), Execution time: mean = 0.000 s, total = 0.000 s, Queueing time: mean = 0.000 s, max = -0.000 s, min = 9223372036.855 s, total = 0.000 s
	Publisher.CheckDeadSubscribers - 1 total (1 active), Execution time: mean = 0.000 s, total = 0.000 s, Queueing time: mean = 0.000 s, max = -0.000 s, min = 9223372036.855 s, total = 0.000 s
	WorkerInfoGcsService.grpc_client.AddWorkerInfo.OnReplyReceived - 1 total (0 active), Execution time: mean = 31.500 us, total = 31.500 us, Queueing time: mean = 62.000 us, max = 62.000 us, min = 62.000 us, total = 62.000 us
	InternalPubSubGcsService.grpc_client.GcsSubscriberCommandBatch - 1 total (0 active), Execution time: mean = 642.900 us, total = 642.900 us, Queueing time: mean = 0.000 s, max = -0.000 s, min = 9223372036.855 s, total = 0.000 s
	InternalPubSubGcsService.grpc_client.GcsSubscriberPoll - 1 total (1 active), Execution time: mean = 0.000 s, total = 0.000 s, Queueing time: mean = 0.000 s, max = -0.000 s, min = 9223372036.855 s, total = 0.000 s
	NodeInfoGcsService.grpc_client.GetAllNodeInfo - 1 total (1 active), Execution time: mean = 0.000 s, total = 0.000 s, Queueing time: mean = 0.000 s, max = -0.000 s, min = 9223372036.855 s, total = 0.000 s
	WorkerInfoGcsService.grpc_client.AddWorkerInfo - 1 total (0 active), Execution time: mean = 2.106 ms, total = 2.106 ms, Queueing time: mean = 0.000 s, max = -0.000 s, min = 9223372036.855 s, total = 0.000 s
	InternalPubSubGcsService.grpc_client.GcsSubscriberCommandBatch.OnReplyReceived - 1 total (0 active), Execution time: mean = 175.700 us, total = 175.700 us, Queueing time: mean = 52.500 us, max = 52.500 us, min = 52.500 us, total = 52.500 us

-----------------
Task Event stats:

IO Service Stats:

Global stats: 4 total (1 active)
Queueing time: mean = 8.250 us, max = 25.500 us, min = 7.500 us, total = 33.000 us
Execution time:  mean = 217.075 us, total = 868.300 us
Event stats:
	PeriodicalRunner.RunFnPeriodically - 1 total (0 active), Execution time: mean = 196.100 us, total = 196.100 us, Queueing time: mean = 25.500 us, max = 25.500 us, min = 25.500 us, total = 25.500 us
	TaskInfoGcsService.grpc_client.AddTaskEventData.OnReplyReceived - 1 total (0 active), Execution time: mean = 22.300 us, total = 22.300 us, Queueing time: mean = 7.500 us, max = 7.500 us, min = 7.500 us, total = 7.500 us
	CoreWorker.deadline_timer.flush_task_events - 1 total (1 active), Execution time: mean = 0.000 s, total = 0.000 s, Queueing time: mean = 0.000 s, max = -0.000 s, min = 9223372036.855 s, total = 0.000 s
	TaskInfoGcsService.grpc_client.AddTaskEventData - 1 total (0 active), Execution time: mean = 649.900 us, total = 649.900 us, Queueing time: mean = 0.000 s, max = -0.000 s, min = 9223372036.855 s, total = 0.000 s
Other Stats:
	grpc_in_progress:0
	current number of task status events in buffer: 0
	current number of profile events in buffer: 0
	current number of dropped task attempts tracked: 0
	total task events sent: 0 MiB
	total number of task attempts sent: 0
	total number of task attempts dropped reported: 0
	total number of sent failure: 0
	num status task events dropped: 0
	num profile task events dropped: 0


[2024-09-05 18:01:30,212 I 16348 6364] accessor.cc:627: Received notification for node id = 6d88af7bf0953c3f8113d9ed4e7b2afb0467f08231f08200c6a1d4b5, IsAlive = 1
[2024-09-05 18:01:30,212 I 16348 6364] core_worker.cc:4552: Number of alive nodes:1
[2024-09-05 18:01:30,213 I 16348 3908] event.cc:234: Set ray event level to warning
[2024-09-05 18:01:30,213 I 16348 3908] event.cc:342: Ray Event initialized for CORE_WORKER
[2024-09-05 18:01:31,724 I 16348 6364] core_worker.cc:835: Exit signal received, this process will exit after all outstanding tasks have finished, exit_type=INTENDED_SYSTEM_EXIT, detail=Worker exits because it was idle (it doesn't have objects it owns while no task or actor has been scheduled) for a long time.
[2024-09-05 18:01:31,725 I 16348 3908] core_worker.cc:772: Disconnecting to the raylet.
[2024-09-05 18:01:31,725 I 16348 3908] raylet_client.cc:163: RayletClient::Disconnect, exit_type=INTENDED_SYSTEM_EXIT, exit_detail=Worker exits because it was idle (it doesn't have objects it owns while no task or actor has been scheduled) for a long time., has creation_task_exception_pb_bytes=0
[2024-09-05 18:01:31,725 I 16348 3908] core_worker.cc:694: Shutting down a core worker.
[2024-09-05 18:01:31,725 I 16348 3908] task_event_buffer.cc:188: Shutting down TaskEventBuffer.
[2024-09-05 18:01:31,725 I 16348 9104] task_event_buffer.cc:170: Task event buffer io service stopped.
[2024-09-05 18:01:31,725 I 16348 3908] core_worker.cc:720: Disconnecting a GCS client.
[2024-09-05 18:01:31,725 I 16348 3908] core_worker.cc:724: Waiting for joining a core worker io thread. If it hangs here, there might be deadlock or a high load in the core worker io service.
[2024-09-05 18:01:31,725 I 16348 6364] core_worker.cc:943: Core worker main io service stopped.
[2024-09-05 18:01:31,727 I 16348 3908] core_worker.cc:737: Core worker ready to be deallocated.
[2024-09-05 18:01:31,727 I 16348 3908] core_worker_process.cc:243: Task execution loop terminated. Removing the global worker.
[2024-09-05 18:01:31,727 I 16348 3908] core_worker.cc:685: Core worker is destructed
[2024-09-05 18:01:31,727 I 16348 3908] task_event_buffer.cc:188: Shutting down TaskEventBuffer.
[2024-09-05 18:01:31,728 I 16348 3908] core_worker_process.cc:148: Destructing CoreWorkerProcessImpl. pid: 16348
[2024-09-05 18:01:31,728 I 16348 3908] io_service_pool.cc:47: IOServicePool is stopped.
[2024-09-05 18:01:32,006 I 16348 3908] stats.h:120: Stats module has shutdown.
