[2024-09-05 18:01:30,229 I 8812 7152] core_worker_process.cc:107: Constructing CoreWorkerProcess. pid: 8812
[2024-09-05 18:01:30,232 I 8812 7152] io_service_pool.cc:35: IOServicePool is running with 1 io_service.
[2024-09-05 18:01:30,234 I 8812 7152] grpc_server.cc:129: worker server started, listening on port 55604.
[2024-09-05 18:01:30,240 I 8812 7152] core_worker.cc:252: Initializing worker at address: 127.0.0.1:55604, worker ID de9f38df09c0c7919d49d1890e2295872083fd1df07d62bf8f75f76b, raylet 6d88af7bf0953c3f8113d9ed4e7b2afb0467f08231f08200c6a1d4b5
[2024-09-05 18:01:30,241 I 8812 7152] task_event_buffer.cc:177: Reporting task events to GCS every 1000ms.
[2024-09-05 18:01:30,242 I 8812 11936] accessor.cc:627: Received notification for node id = 6d88af7bf0953c3f8113d9ed4e7b2afb0467f08231f08200c6a1d4b5, IsAlive = 1
[2024-09-05 18:01:30,242 I 8812 11936] core_worker.cc:4552: Number of alive nodes:1
[2024-09-05 18:01:30,243 I 8812 11936] core_worker.cc:614: Event stats:


Global stats: 12 total (4 active)
Queueing time: mean = 10.150 us, max = 90.100 us, min = 5.200 us, total = 121.800 us
Execution time:  mean = 103.458 us, total = 1.242 ms
Event stats:
	PeriodicalRunner.RunFnPeriodically - 3 total (1 active, 1 running), Execution time: mean = 9.733 us, total = 29.200 us, Queueing time: mean = 33.633 us, max = 90.100 us, min = 10.800 us, total = 100.900 us
	InternalPubSubGcsService.grpc_client.GcsSubscriberPoll - 1 total (1 active), Execution time: mean = 0.000 s, total = 0.000 s, Queueing time: mean = 0.000 s, max = -0.000 s, min = 9223372036.855 s, total = 0.000 s
	InternalPubSubGcsService.grpc_client.GcsSubscriberCommandBatch - 1 total (0 active), Execution time: mean = 279.000 us, total = 279.000 us, Queueing time: mean = 0.000 s, max = -0.000 s, min = 9223372036.855 s, total = 0.000 s
	NodeInfoGcsService.grpc_client.GetAllNodeInfo - 1 total (0 active), Execution time: mean = 257.200 us, total = 257.200 us, Queueing time: mean = 0.000 s, max = -0.000 s, min = 9223372036.855 s, total = 0.000 s
	NodeInfoGcsService.grpc_client.GetAllNodeInfo.OnReplyReceived - 1 total (0 active), Execution time: mean = 97.700 us, total = 97.700 us, Queueing time: mean = 8.800 us, max = 8.800 us, min = 8.800 us, total = 8.800 us
	CoreWorker.ExitIfParentRayletDies - 1 total (1 active), Execution time: mean = 0.000 s, total = 0.000 s, Queueing time: mean = 0.000 s, max = -0.000 s, min = 9223372036.855 s, total = 0.000 s
	WorkerInfoGcsService.grpc_client.AddWorkerInfo.OnReplyReceived - 1 total (0 active), Execution time: mean = 38.000 us, total = 38.000 us, Queueing time: mean = 6.900 us, max = 6.900 us, min = 6.900 us, total = 6.900 us
	Publisher.CheckDeadSubscribers - 1 total (1 active), Execution time: mean = 0.000 s, total = 0.000 s, Queueing time: mean = 0.000 s, max = -0.000 s, min = 9223372036.855 s, total = 0.000 s
	InternalPubSubGcsService.grpc_client.GcsSubscriberCommandBatch.OnReplyReceived - 1 total (0 active), Execution time: mean = 117.600 us, total = 117.600 us, Queueing time: mean = 5.200 us, max = 5.200 us, min = 5.200 us, total = 5.200 us
	WorkerInfoGcsService.grpc_client.AddWorkerInfo - 1 total (0 active), Execution time: mean = 422.800 us, total = 422.800 us, Queueing time: mean = 0.000 s, max = -0.000 s, min = 9223372036.855 s, total = 0.000 s

-----------------
Task Event stats:

IO Service Stats:

Global stats: 4 total (1 active)
Queueing time: mean = 3.125 us, max = 7.800 us, min = 4.700 us, total = 12.500 us
Execution time:  mean = 120.450 us, total = 481.800 us
Event stats:
	PeriodicalRunner.RunFnPeriodically - 1 total (0 active), Execution time: mean = 131.400 us, total = 131.400 us, Queueing time: mean = 4.700 us, max = 4.700 us, min = 4.700 us, total = 4.700 us
	TaskInfoGcsService.grpc_client.AddTaskEventData.OnReplyReceived - 1 total (0 active), Execution time: mean = 21.500 us, total = 21.500 us, Queueing time: mean = 7.800 us, max = 7.800 us, min = 7.800 us, total = 7.800 us
	CoreWorker.deadline_timer.flush_task_events - 1 total (1 active), Execution time: mean = 0.000 s, total = 0.000 s, Queueing time: mean = 0.000 s, max = -0.000 s, min = 9223372036.855 s, total = 0.000 s
	TaskInfoGcsService.grpc_client.AddTaskEventData - 1 total (0 active), Execution time: mean = 328.900 us, total = 328.900 us, Queueing time: mean = 0.000 s, max = -0.000 s, min = 9223372036.855 s, total = 0.000 s
Other Stats:
	grpc_in_progress:0
	current number of task status events in buffer: 0
	current number of profile events in buffer: 0
	current number of dropped task attempts tracked: 0
	total task events sent: 0 MiB
	total number of task attempts sent: 0
	total number of task attempts dropped reported: 0
	total number of sent failure: 0
	num status task events dropped: 0
	num profile task events dropped: 0


[2024-09-05 18:01:30,245 I 8812 7152] event.cc:234: Set ray event level to warning
[2024-09-05 18:01:30,245 I 8812 7152] event.cc:342: Ray Event initialized for CORE_WORKER
[2024-09-05 18:01:42,327 W 8812 17488] metric_exporter.cc:105: [1] Export metrics to agent failed: GrpcUnavailable: RPC Error message: failed to connect to all addresses; last error: UNAVAILABLE: ipv4:127.0.0.1:61957: Connection refused; RPC Error details: . This won't affect Ray, but you can lose metrics from the cluster.
[2024-09-05 18:02:30,245 I 8812 11936] core_worker.cc:614: Event stats:


Global stats: 826 total (8 active)
Queueing time: mean = 7.284 ms, max = 15.598 ms, min = -0.000 s, total = 6.016 s
Execution time:  mean = 95.125 us, total = 78.573 ms
Event stats:
	CoreWorker.RecoverObjects - 552 total (1 active), Execution time: mean = 3.795 us, total = 2.095 ms, Queueing time: mean = 8.710 ms, max = 11.960 ms, min = 5.339 ms, total = 4.808 s
	CoreWorker.ExitIfParentRayletDies - 60 total (1 active), Execution time: mean = 11.394 us, total = 683.624 us, Queueing time: mean = 8.935 ms, max = 15.598 ms, min = 77.712 us, total = 536.089 ms
	CoreWorker.InternalHeartbeat - 60 total (1 active), Execution time: mean = 82.911 us, total = 4.975 ms, Queueing time: mean = 9.183 ms, max = 15.551 ms, min = -0.000 s, total = 550.952 ms
	NodeManagerService.grpc_client.ReportWorkerBacklog - 60 total (0 active), Execution time: mean = 1.127 ms, total = 67.594 ms, Queueing time: mean = 0.000 s, max = -0.000 s, min = 9223372036.855 s, total = 0.000 s
	NodeManagerService.grpc_client.ReportWorkerBacklog.OnReplyReceived - 60 total (0 active), Execution time: mean = 10.759 us, total = 645.539 us, Queueing time: mean = 9.298 us, max = 76.121 us, min = 3.216 us, total = 557.891 us
	CoreWorker.RecordMetrics - 12 total (1 active), Execution time: mean = 13.302 us, total = 159.622 us, Queueing time: mean = 5.597 ms, max = 12.566 ms, min = 102.830 us, total = 67.164 ms
	PeriodicalRunner.RunFnPeriodically - 7 total (0 active), Execution time: mean = 170.214 us, total = 1.192 ms, Queueing time: mean = 210.057 us, max = 682.200 us, min = 6.600 us, total = 1.470 ms
	CoreWorker.GCStreamingGeneratorMetadata - 6 total (1 active), Execution time: mean = 2.811 us, total = 16.868 us, Queueing time: mean = 8.713 ms, max = 14.328 ms, min = 5.890 ms, total = 52.278 ms
	CoreWorker.PrintEventStats - 1 total (1 active, 1 running), Execution time: mean = 0.000 s, total = 0.000 s, Queueing time: mean = 0.000 s, max = -0.000 s, min = 9223372036.855 s, total = 0.000 s
	InternalPubSubGcsService.grpc_client.GcsSubscriberCommandBatch.OnReplyReceived - 1 total (0 active), Execution time: mean = 117.600 us, total = 117.600 us, Queueing time: mean = 5.200 us, max = 5.200 us, min = 5.200 us, total = 5.200 us
	WorkerInfoGcsService.grpc_client.AddWorkerInfo - 1 total (0 active), Execution time: mean = 422.800 us, total = 422.800 us, Queueing time: mean = 0.000 s, max = -0.000 s, min = 9223372036.855 s, total = 0.000 s
	NodeInfoGcsService.grpc_client.GetAllNodeInfo.OnReplyReceived - 1 total (0 active), Execution time: mean = 97.700 us, total = 97.700 us, Queueing time: mean = 8.800 us, max = 8.800 us, min = 8.800 us, total = 8.800 us
	NodeInfoGcsService.grpc_client.GetAllNodeInfo - 1 total (0 active), Execution time: mean = 257.200 us, total = 257.200 us, Queueing time: mean = 0.000 s, max = -0.000 s, min = 9223372036.855 s, total = 0.000 s
	InternalPubSubGcsService.grpc_client.GcsSubscriberPoll - 1 total (1 active), Execution time: mean = 0.000 s, total = 0.000 s, Queueing time: mean = 0.000 s, max = -0.000 s, min = 9223372036.855 s, total = 0.000 s
	WorkerInfoGcsService.grpc_client.AddWorkerInfo.OnReplyReceived - 1 total (0 active), Execution time: mean = 38.000 us, total = 38.000 us, Queueing time: mean = 6.900 us, max = 6.900 us, min = 6.900 us, total = 6.900 us
	Publisher.CheckDeadSubscribers - 1 total (1 active), Execution time: mean = 0.000 s, total = 0.000 s, Queueing time: mean = 0.000 s, max = -0.000 s, min = 9223372036.855 s, total = 0.000 s
	InternalPubSubGcsService.grpc_client.GcsSubscriberCommandBatch - 1 total (0 active), Execution time: mean = 279.000 us, total = 279.000 us, Queueing time: mean = 0.000 s, max = -0.000 s, min = 9223372036.855 s, total = 0.000 s

-----------------
Task Event stats:

IO Service Stats:

Global stats: 181 total (1 active)
Queueing time: mean = 2.888 ms, max = 15.531 ms, min = -0.000 s, total = 522.640 ms
Execution time:  mean = 176.935 us, total = 32.025 ms
Event stats:
	TaskInfoGcsService.grpc_client.AddTaskEventData.OnReplyReceived - 60 total (0 active), Execution time: mean = 14.464 us, total = 867.861 us, Queueing time: mean = 13.375 us, max = 67.409 us, min = 3.228 us, total = 802.504 us
	CoreWorker.deadline_timer.flush_task_events - 60 total (1 active), Execution time: mean = 109.807 us, total = 6.588 ms, Queueing time: mean = 8.697 ms, max = 15.531 ms, min = -0.000 s, total = 521.833 ms
	TaskInfoGcsService.grpc_client.AddTaskEventData - 60 total (0 active), Execution time: mean = 407.292 us, total = 24.438 ms, Queueing time: mean = 0.000 s, max = -0.000 s, min = 9223372036.855 s, total = 0.000 s
	PeriodicalRunner.RunFnPeriodically - 1 total (0 active), Execution time: mean = 131.400 us, total = 131.400 us, Queueing time: mean = 4.700 us, max = 4.700 us, min = 4.700 us, total = 4.700 us
Other Stats:
	grpc_in_progress:0
	current number of task status events in buffer: 0
	current number of profile events in buffer: 0
	current number of dropped task attempts tracked: 0
	total task events sent: 0 MiB
	total number of task attempts sent: 0
	total number of task attempts dropped reported: 0
	total number of sent failure: 0
	num status task events dropped: 0
	num profile task events dropped: 0


