[2024-09-05 18:01:30,250 I 13468 16832] core_worker_process.cc:107: Constructing CoreWorkerProcess. pid: 13468
[2024-09-05 18:01:30,252 I 13468 16832] io_service_pool.cc:35: IOServicePool is running with 1 io_service.
[2024-09-05 18:01:30,254 I 13468 16832] grpc_server.cc:129: worker server started, listening on port 55620.
[2024-09-05 18:01:30,259 I 13468 16832] core_worker.cc:252: Initializing worker at address: 127.0.0.1:55620, worker ID 3d0569b187f0dc7a1079c09fb06b80e213629a7bae4fe6db67a3d191, raylet 6d88af7bf0953c3f8113d9ed4e7b2afb0467f08231f08200c6a1d4b5
[2024-09-05 18:01:30,260 I 13468 16832] task_event_buffer.cc:177: Reporting task events to GCS every 1000ms.
[2024-09-05 18:01:30,261 I 13468 13296] accessor.cc:627: Received notification for node id = 6d88af7bf0953c3f8113d9ed4e7b2afb0467f08231f08200c6a1d4b5, IsAlive = 1
[2024-09-05 18:01:30,261 I 13468 13296] core_worker.cc:4552: Number of alive nodes:1
[2024-09-05 18:01:30,261 I 13468 13296] core_worker.cc:614: Event stats:


Global stats: 12 total (4 active)
Queueing time: mean = 9.933 us, max = 96.600 us, min = 4.900 us, total = 119.200 us
Execution time:  mean = 97.633 us, total = 1.172 ms
Event stats:
	PeriodicalRunner.RunFnPeriodically - 3 total (1 active, 1 running), Execution time: mean = 9.100 us, total = 27.300 us, Queueing time: mean = 34.267 us, max = 96.600 us, min = 6.200 us, total = 102.800 us
	Publisher.CheckDeadSubscribers - 1 total (1 active), Execution time: mean = 0.000 s, total = 0.000 s, Queueing time: mean = 0.000 s, max = -0.000 s, min = 9223372036.855 s, total = 0.000 s
	WorkerInfoGcsService.grpc_client.AddWorkerInfo - 1 total (0 active), Execution time: mean = 443.100 us, total = 443.100 us, Queueing time: mean = 0.000 s, max = -0.000 s, min = 9223372036.855 s, total = 0.000 s
	InternalPubSubGcsService.grpc_client.GcsSubscriberCommandBatch.OnReplyReceived - 1 total (0 active), Execution time: mean = 106.800 us, total = 106.800 us, Queueing time: mean = 4.900 us, max = 4.900 us, min = 4.900 us, total = 4.900 us
	NodeInfoGcsService.grpc_client.GetAllNodeInfo.OnReplyReceived - 1 total (0 active), Execution time: mean = 102.900 us, total = 102.900 us, Queueing time: mean = 5.700 us, max = 5.700 us, min = 5.700 us, total = 5.700 us
	InternalPubSubGcsService.grpc_client.GcsSubscriberPoll - 1 total (1 active), Execution time: mean = 0.000 s, total = 0.000 s, Queueing time: mean = 0.000 s, max = -0.000 s, min = 9223372036.855 s, total = 0.000 s
	InternalPubSubGcsService.grpc_client.GcsSubscriberCommandBatch - 1 total (0 active), Execution time: mean = 239.900 us, total = 239.900 us, Queueing time: mean = 0.000 s, max = -0.000 s, min = 9223372036.855 s, total = 0.000 s
	NodeInfoGcsService.grpc_client.GetAllNodeInfo - 1 total (0 active), Execution time: mean = 221.900 us, total = 221.900 us, Queueing time: mean = 0.000 s, max = -0.000 s, min = 9223372036.855 s, total = 0.000 s
	CoreWorker.ExitIfParentRayletDies - 1 total (1 active), Execution time: mean = 0.000 s, total = 0.000 s, Queueing time: mean = 0.000 s, max = -0.000 s, min = 9223372036.855 s, total = 0.000 s
	WorkerInfoGcsService.grpc_client.AddWorkerInfo.OnReplyReceived - 1 total (0 active), Execution time: mean = 29.700 us, total = 29.700 us, Queueing time: mean = 5.800 us, max = 5.800 us, min = 5.800 us, total = 5.800 us

-----------------
Task Event stats:

IO Service Stats:

Global stats: 4 total (1 active)
Queueing time: mean = 2.575 us, max = 5.400 us, min = 4.900 us, total = 10.300 us
Execution time:  mean = 101.475 us, total = 405.900 us
Event stats:
	TaskInfoGcsService.grpc_client.AddTaskEventData - 1 total (0 active), Execution time: mean = 259.900 us, total = 259.900 us, Queueing time: mean = 0.000 s, max = -0.000 s, min = 9223372036.855 s, total = 0.000 s
	CoreWorker.deadline_timer.flush_task_events - 1 total (1 active), Execution time: mean = 0.000 s, total = 0.000 s, Queueing time: mean = 0.000 s, max = -0.000 s, min = 9223372036.855 s, total = 0.000 s
	TaskInfoGcsService.grpc_client.AddTaskEventData.OnReplyReceived - 1 total (0 active), Execution time: mean = 18.000 us, total = 18.000 us, Queueing time: mean = 4.900 us, max = 4.900 us, min = 4.900 us, total = 4.900 us
	PeriodicalRunner.RunFnPeriodically - 1 total (0 active), Execution time: mean = 128.000 us, total = 128.000 us, Queueing time: mean = 5.400 us, max = 5.400 us, min = 5.400 us, total = 5.400 us
Other Stats:
	grpc_in_progress:0
	current number of task status events in buffer: 0
	current number of profile events in buffer: 0
	current number of dropped task attempts tracked: 0
	total task events sent: 0 MiB
	total number of task attempts sent: 0
	total number of task attempts dropped reported: 0
	total number of sent failure: 0
	num status task events dropped: 0
	num profile task events dropped: 0


[2024-09-05 18:01:30,263 I 13468 16832] event.cc:234: Set ray event level to warning
[2024-09-05 18:01:30,263 I 13468 16832] event.cc:342: Ray Event initialized for CORE_WORKER
[2024-09-05 18:01:42,354 W 13468 10888] metric_exporter.cc:105: [1] Export metrics to agent failed: GrpcUnavailable: RPC Error message: failed to connect to all addresses; last error: UNAVAILABLE: ipv4:127.0.0.1:61957: Connection refused; RPC Error details: . This won't affect Ray, but you can lose metrics from the cluster.
[2024-09-05 18:02:30,276 I 13468 13296] core_worker.cc:614: Event stats:


Global stats: 826 total (8 active)
Queueing time: mean = 7.300 ms, max = 15.666 ms, min = -0.000 s, total = 6.030 s
Execution time:  mean = 39.310 us, total = 32.470 ms
Event stats:
	CoreWorker.RecoverObjects - 552 total (1 active), Execution time: mean = 4.226 us, total = 2.333 ms, Queueing time: mean = 8.704 ms, max = 11.932 ms, min = 2.118 ms, total = 4.805 s
	CoreWorker.ExitIfParentRayletDies - 60 total (1 active), Execution time: mean = 10.576 us, total = 634.590 us, Queueing time: mean = 9.122 ms, max = 15.666 ms, min = -0.000 s, total = 547.293 ms
	CoreWorker.InternalHeartbeat - 60 total (1 active), Execution time: mean = 77.366 us, total = 4.642 ms, Queueing time: mean = 8.883 ms, max = 15.527 ms, min = -0.000 s, total = 533.009 ms
	NodeManagerService.grpc_client.ReportWorkerBacklog - 60 total (0 active), Execution time: mean = 369.291 us, total = 22.157 ms, Queueing time: mean = 0.000 s, max = -0.000 s, min = 9223372036.855 s, total = 0.000 s
	NodeManagerService.grpc_client.ReportWorkerBacklog.OnReplyReceived - 60 total (0 active), Execution time: mean = 10.346 us, total = 620.786 us, Queueing time: mean = 13.091 us, max = 67.362 us, min = 3.300 us, total = 785.456 us
	CoreWorker.RecordMetrics - 12 total (1 active), Execution time: mean = 14.860 us, total = 178.315 us, Queueing time: mean = 7.832 ms, max = 14.629 ms, min = 574.527 us, total = 93.986 ms
	PeriodicalRunner.RunFnPeriodically - 7 total (0 active), Execution time: mean = 106.229 us, total = 743.600 us, Queueing time: mean = 146.986 us, max = 464.400 us, min = 4.900 us, total = 1.029 ms
	CoreWorker.GCStreamingGeneratorMetadata - 6 total (1 active), Execution time: mean = 2.813 us, total = 16.881 us, Queueing time: mean = 8.150 ms, max = 14.206 ms, min = 6.606 ms, total = 48.899 ms
	CoreWorker.PrintEventStats - 1 total (1 active, 1 running), Execution time: mean = 0.000 s, total = 0.000 s, Queueing time: mean = 0.000 s, max = -0.000 s, min = 9223372036.855 s, total = 0.000 s
	InternalPubSubGcsService.grpc_client.GcsSubscriberCommandBatch.OnReplyReceived - 1 total (0 active), Execution time: mean = 106.800 us, total = 106.800 us, Queueing time: mean = 4.900 us, max = 4.900 us, min = 4.900 us, total = 4.900 us
	WorkerInfoGcsService.grpc_client.AddWorkerInfo - 1 total (0 active), Execution time: mean = 443.100 us, total = 443.100 us, Queueing time: mean = 0.000 s, max = -0.000 s, min = 9223372036.855 s, total = 0.000 s
	NodeInfoGcsService.grpc_client.GetAllNodeInfo.OnReplyReceived - 1 total (0 active), Execution time: mean = 102.900 us, total = 102.900 us, Queueing time: mean = 5.700 us, max = 5.700 us, min = 5.700 us, total = 5.700 us
	NodeInfoGcsService.grpc_client.GetAllNodeInfo - 1 total (0 active), Execution time: mean = 221.900 us, total = 221.900 us, Queueing time: mean = 0.000 s, max = -0.000 s, min = 9223372036.855 s, total = 0.000 s
	InternalPubSubGcsService.grpc_client.GcsSubscriberPoll - 1 total (1 active), Execution time: mean = 0.000 s, total = 0.000 s, Queueing time: mean = 0.000 s, max = -0.000 s, min = 9223372036.855 s, total = 0.000 s
	Publisher.CheckDeadSubscribers - 1 total (1 active), Execution time: mean = 0.000 s, total = 0.000 s, Queueing time: mean = 0.000 s, max = -0.000 s, min = 9223372036.855 s, total = 0.000 s
	InternalPubSubGcsService.grpc_client.GcsSubscriberCommandBatch - 1 total (0 active), Execution time: mean = 239.900 us, total = 239.900 us, Queueing time: mean = 0.000 s, max = -0.000 s, min = 9223372036.855 s, total = 0.000 s
	WorkerInfoGcsService.grpc_client.AddWorkerInfo.OnReplyReceived - 1 total (0 active), Execution time: mean = 29.700 us, total = 29.700 us, Queueing time: mean = 5.800 us, max = 5.800 us, min = 5.800 us, total = 5.800 us

-----------------
Task Event stats:

IO Service Stats:

Global stats: 181 total (1 active)
Queueing time: mean = 2.948 ms, max = 15.515 ms, min = -0.000 s, total = 533.669 ms
Execution time:  mean = 167.040 us, total = 30.234 ms
Event stats:
	TaskInfoGcsService.grpc_client.AddTaskEventData - 60 total (0 active), Execution time: mean = 371.542 us, total = 22.293 ms, Queueing time: mean = 0.000 s, max = -0.000 s, min = 9223372036.855 s, total = 0.000 s
	CoreWorker.deadline_timer.flush_task_events - 60 total (1 active), Execution time: mean = 117.096 us, total = 7.026 ms, Queueing time: mean = 8.885 ms, max = 15.515 ms, min = -0.000 s, total = 533.097 ms
	TaskInfoGcsService.grpc_client.AddTaskEventData.OnReplyReceived - 60 total (0 active), Execution time: mean = 13.134 us, total = 788.042 us, Queueing time: mean = 9.453 us, max = 47.591 us, min = 2.599 us, total = 567.159 us
	PeriodicalRunner.RunFnPeriodically - 1 total (0 active), Execution time: mean = 128.000 us, total = 128.000 us, Queueing time: mean = 5.400 us, max = 5.400 us, min = 5.400 us, total = 5.400 us
Other Stats:
	grpc_in_progress:0
	current number of task status events in buffer: 0
	current number of profile events in buffer: 0
	current number of dropped task attempts tracked: 0
	total task events sent: 0 MiB
	total number of task attempts sent: 0
	total number of task attempts dropped reported: 0
	total number of sent failure: 0
	num status task events dropped: 0
	num profile task events dropped: 0


