[2024-09-05 18:01:29,305 I 18540 2572] core_worker_process.cc:107: Constructing CoreWorkerProcess. pid: 18540
[2024-09-05 18:01:29,309 I 18540 2572] io_service_pool.cc:35: IOServicePool is running with 1 io_service.
[2024-09-05 18:01:30,402 I 18540 2572] grpc_server.cc:129: driver server started, listening on port 55659.
[2024-09-05 18:01:30,405 I 18540 2572] core_worker.cc:252: Initializing worker at address: 127.0.0.1:55659, worker ID 01000000ffffffffffffffffffffffffffffffffffffffffffffffff, raylet 6d88af7bf0953c3f8113d9ed4e7b2afb0467f08231f08200c6a1d4b5
[2024-09-05 18:01:30,407 I 18540 2572] task_event_buffer.cc:177: Reporting task events to GCS every 1000ms.
[2024-09-05 18:01:30,407 I 18540 10552] accessor.cc:627: Received notification for node id = 6d88af7bf0953c3f8113d9ed4e7b2afb0467f08231f08200c6a1d4b5, IsAlive = 1
[2024-09-05 18:01:30,407 I 18540 10552] core_worker.cc:4552: Number of alive nodes:1
[2024-09-05 18:01:30,408 I 18540 10552] core_worker.cc:614: Event stats:


Global stats: 10 total (3 active)
Queueing time: mean = 1.868 us, max = 4.868 us, min = 4.507 us, total = 18.682 us
Execution time:  mean = 82.707 us, total = 827.071 us
Event stats:
	PeriodicalRunner.RunFnPeriodically - 2 total (1 active, 1 running), Execution time: mean = 4.484 us, total = 8.967 us, Queueing time: mean = 2.253 us, max = 4.507 us, min = 4.507 us, total = 4.507 us
	WorkerInfoGcsService.grpc_client.AddWorkerInfo - 1 total (0 active), Execution time: mean = 296.118 us, total = 296.118 us, Queueing time: mean = 0.000 s, max = -0.000 s, min = 9223372036.855 s, total = 0.000 s
	NodeInfoGcsService.grpc_client.GetAllNodeInfo.OnReplyReceived - 1 total (0 active), Execution time: mean = 57.813 us, total = 57.813 us, Queueing time: mean = 4.515 us, max = 4.515 us, min = 4.515 us, total = 4.515 us
	WorkerInfoGcsService.grpc_client.AddWorkerInfo.OnReplyReceived - 1 total (0 active), Execution time: mean = 21.613 us, total = 21.613 us, Queueing time: mean = 4.868 us, max = 4.868 us, min = 4.868 us, total = 4.868 us
	Publisher.CheckDeadSubscribers - 1 total (1 active), Execution time: mean = 0.000 s, total = 0.000 s, Queueing time: mean = 0.000 s, max = -0.000 s, min = 9223372036.855 s, total = 0.000 s
	InternalPubSubGcsService.grpc_client.GcsSubscriberCommandBatch - 1 total (0 active), Execution time: mean = 193.610 us, total = 193.610 us, Queueing time: mean = 0.000 s, max = -0.000 s, min = 9223372036.855 s, total = 0.000 s
	NodeInfoGcsService.grpc_client.GetAllNodeInfo - 1 total (0 active), Execution time: mean = 174.460 us, total = 174.460 us, Queueing time: mean = 0.000 s, max = -0.000 s, min = 9223372036.855 s, total = 0.000 s
	InternalPubSubGcsService.grpc_client.GcsSubscriberPoll - 1 total (1 active), Execution time: mean = 0.000 s, total = 0.000 s, Queueing time: mean = 0.000 s, max = -0.000 s, min = 9223372036.855 s, total = 0.000 s
	InternalPubSubGcsService.grpc_client.GcsSubscriberCommandBatch.OnReplyReceived - 1 total (0 active), Execution time: mean = 74.490 us, total = 74.490 us, Queueing time: mean = 4.792 us, max = 4.792 us, min = 4.792 us, total = 4.792 us

-----------------
Task Event stats:

IO Service Stats:

Global stats: 4 total (1 active)
Queueing time: mean = 6.870 us, max = 23.396 us, min = 4.085 us, total = 27.481 us
Execution time:  mean = 67.700 us, total = 270.799 us
Event stats:
	TaskInfoGcsService.grpc_client.AddTaskEventData - 1 total (0 active), Execution time: mean = 194.830 us, total = 194.830 us, Queueing time: mean = 0.000 s, max = -0.000 s, min = 9223372036.855 s, total = 0.000 s
	TaskInfoGcsService.grpc_client.AddTaskEventData.OnReplyReceived - 1 total (0 active), Execution time: mean = 13.913 us, total = 13.913 us, Queueing time: mean = 4.085 us, max = 4.085 us, min = 4.085 us, total = 4.085 us
	PeriodicalRunner.RunFnPeriodically - 1 total (0 active), Execution time: mean = 62.056 us, total = 62.056 us, Queueing time: mean = 23.396 us, max = 23.396 us, min = 23.396 us, total = 23.396 us
	CoreWorker.deadline_timer.flush_task_events - 1 total (1 active), Execution time: mean = 0.000 s, total = 0.000 s, Queueing time: mean = 0.000 s, max = -0.000 s, min = 9223372036.855 s, total = 0.000 s
Other Stats:
	grpc_in_progress:0
	current number of task status events in buffer: 1
	current number of profile events in buffer: 0
	current number of dropped task attempts tracked: 0
	total task events sent: 0 MiB
	total number of task attempts sent: 0
	total number of task attempts dropped reported: 0
	total number of sent failure: 0
	num status task events dropped: 0
	num profile task events dropped: 0


[2024-09-05 18:01:30,409 I 18540 2572] event.cc:234: Set ray event level to warning
[2024-09-05 18:01:30,409 I 18540 2572] event.cc:342: Ray Event initialized for CORE_WORKER
[2024-09-05 18:01:30,514 I 18540 2572] core_worker.cc:2294: Submitting Placement Group creation to GCS: bbb21e00cb3e828bdfb2cb8515ce01000000
[2024-09-05 18:01:30,565 I 18540 2572] direct_actor_task_submitter.cc:36: Set max pending calls to -1 for actor 4b27a52afa088d1fb890f1ab01000000
[2024-09-05 18:01:30,568 I 18540 10552] actor_manager.cc:214: received notification on actor, state: DEPENDENCIES_UNREADY, actor_id: 4b27a52afa088d1fb890f1ab01000000, ip address: , port: 0, worker_id: NIL_ID, raylet_id: NIL_ID, num_restarts: 0, death context type=CONTEXT_NOT_SET
[2024-09-05 18:01:30,568 I 18540 10552] actor_manager.cc:214: received notification on actor, state: DEPENDENCIES_UNREADY, actor_id: 4b27a52afa088d1fb890f1ab01000000, ip address: , port: 0, worker_id: NIL_ID, raylet_id: NIL_ID, num_restarts: 0, death context type=CONTEXT_NOT_SET
[2024-09-05 18:01:30,569 I 18540 10552] actor_manager.cc:214: received notification on actor, state: PENDING_CREATION, actor_id: 4b27a52afa088d1fb890f1ab01000000, ip address: , port: 0, worker_id: NIL_ID, raylet_id: NIL_ID, num_restarts: 0, death context type=CONTEXT_NOT_SET
[2024-09-05 18:01:41,413 W 18540 15032] metric_exporter.cc:105: [1] Export metrics to agent failed: GrpcUnavailable: RPC Error message: failed to connect to all addresses; last error: UNAVAILABLE: ipv4:127.0.0.1:61957: Connection refused; RPC Error details: . This won't affect Ray, but you can lose metrics from the cluster.
[2024-09-05 18:01:45,713 I 18540 10552] actor_manager.cc:214: received notification on actor, state: ALIVE, actor_id: 4b27a52afa088d1fb890f1ab01000000, ip address: 127.0.0.1, port: 55670, worker_id: 5ae96217f7b33148658cbdc66f0f97bd95a370fef592ea2d9f0d394a, raylet_id: 6d88af7bf0953c3f8113d9ed4e7b2afb0467f08231f08200c6a1d4b5, num_restarts: 0, death context type=CONTEXT_NOT_SET
[2024-09-05 18:01:45,713 I 18540 10552] direct_actor_task_submitter.cc:237: Connecting to actor 4b27a52afa088d1fb890f1ab01000000 at worker 5ae96217f7b33148658cbdc66f0f97bd95a370fef592ea2d9f0d394a
[2024-09-05 18:01:45,726 I 18540 2572] direct_actor_task_submitter.cc:36: Set max pending calls to -1 for actor 877b269fdd42319d174ea74001000000
[2024-09-05 18:01:45,736 I 18540 2572] direct_actor_task_submitter.cc:36: Set max pending calls to -1 for actor d96e0f6aae26bc2f8a5817d701000000
[2024-09-05 18:01:45,736 I 18540 10552] actor_manager.cc:214: received notification on actor, state: DEPENDENCIES_UNREADY, actor_id: d96e0f6aae26bc2f8a5817d701000000, ip address: , port: 0, worker_id: NIL_ID, raylet_id: NIL_ID, num_restarts: 0, death context type=CONTEXT_NOT_SET
[2024-09-05 18:01:45,737 I 18540 10552] actor_manager.cc:214: received notification on actor, state: DEPENDENCIES_UNREADY, actor_id: d96e0f6aae26bc2f8a5817d701000000, ip address: , port: 0, worker_id: NIL_ID, raylet_id: NIL_ID, num_restarts: 0, death context type=CONTEXT_NOT_SET
[2024-09-05 18:01:45,737 I 18540 10552] actor_manager.cc:214: received notification on actor, state: PENDING_CREATION, actor_id: d96e0f6aae26bc2f8a5817d701000000, ip address: , port: 0, worker_id: NIL_ID, raylet_id: NIL_ID, num_restarts: 0, death context type=CONTEXT_NOT_SET
[2024-09-05 18:01:46,561 I 18540 10552] actor_manager.cc:214: received notification on actor, state: DEAD, actor_id: 4b27a52afa088d1fb890f1ab01000000, ip address: 127.0.0.1, port: 55670, worker_id: 5ae96217f7b33148658cbdc66f0f97bd95a370fef592ea2d9f0d394a, raylet_id: 6d88af7bf0953c3f8113d9ed4e7b2afb0467f08231f08200c6a1d4b5, num_restarts: 0, death context type=ActorDiedErrorContext
[2024-09-05 18:01:46,562 I 18540 10552] direct_actor_task_submitter.cc:287: Failing pending tasks for actor 4b27a52afa088d1fb890f1ab01000000 because the actor is already dead.
[2024-09-05 18:01:51,889 I 18540 10552] actor_manager.cc:214: received notification on actor, state: ALIVE, actor_id: d96e0f6aae26bc2f8a5817d701000000, ip address: 127.0.0.1, port: 55771, worker_id: cbef800d5e2f89a4ec1f6ffe43b314a8f31f660eac22e585c9ae2c9f, raylet_id: 6d88af7bf0953c3f8113d9ed4e7b2afb0467f08231f08200c6a1d4b5, num_restarts: 0, death context type=CONTEXT_NOT_SET
[2024-09-05 18:01:51,889 I 18540 10552] direct_actor_task_submitter.cc:237: Connecting to actor d96e0f6aae26bc2f8a5817d701000000 at worker cbef800d5e2f89a4ec1f6ffe43b314a8f31f660eac22e585c9ae2c9f
[2024-09-05 18:02:30,414 I 18540 10552] core_worker.cc:614: Event stats:


Global stats: 840 total (12 active)
Queueing time: mean = 6.495 ms, max = 15.492 ms, min = 3.617 us, total = 5.455 s
Execution time:  mean = 52.509 ms, total = 44.107 s
Event stats:
	CoreWorker.RecoverObjects - 552 total (1 active), Execution time: mean = 5.236 us, total = 2.890 ms, Queueing time: mean = 8.716 ms, max = 12.224 ms, min = 5.302 ms, total = 4.811 s
	NodeManagerService.grpc_client.ReportWorkerBacklog.OnReplyReceived - 60 total (0 active), Execution time: mean = 10.971 us, total = 658.260 us, Queueing time: mean = 16.930 us, max = 53.197 us, min = 4.121 us, total = 1.016 ms
	NodeManagerService.grpc_client.ReportWorkerBacklog - 60 total (0 active), Execution time: mean = 890.037 us, total = 53.402 ms, Queueing time: mean = 0.000 s, max = -0.000 s, min = 9223372036.855 s, total = 0.000 s
	CoreWorker.InternalHeartbeat - 60 total (1 active), Execution time: mean = 94.101 us, total = 5.646 ms, Queueing time: mean = 8.195 ms, max = 15.270 ms, min = 237.584 us, total = 491.708 ms
	CoreWorker.RecordMetrics - 12 total (1 active), Execution time: mean = 32.922 us, total = 395.058 us, Queueing time: mean = 8.608 ms, max = 15.492 ms, min = 1.261 ms, total = 103.297 ms
	InternalPubSubGcsService.grpc_client.GcsSubscriberPoll - 8 total (1 active), Execution time: mean = 2.685 s, total = 21.480 s, Queueing time: mean = 0.000 s, max = -0.000 s, min = 9223372036.855 s, total = 0.000 s
	InternalPubSubGcsService.grpc_client.GcsSubscriberPoll.OnReplyReceived - 7 total (0 active), Execution time: mean = 100.492 us, total = 703.441 us, Queueing time: mean = 54.472 us, max = 278.200 us, min = 3.961 us, total = 381.305 us
	Subscriber.HandlePublishedMessage_GCS_ACTOR_CHANNEL - 7 total (0 active), Execution time: mean = 158.453 us, total = 1.109 ms, Queueing time: mean = 204.514 us, max = 589.126 us, min = 52.730 us, total = 1.432 ms
	CoreWorker.GCStreamingGeneratorMetadata - 6 total (1 active), Execution time: mean = 3.054 us, total = 18.322 us, Queueing time: mean = 7.377 ms, max = 14.472 ms, min = 3.826 ms, total = 44.259 ms
	PeriodicalRunner.RunFnPeriodically - 6 total (0 active), Execution time: mean = 96.195 us, total = 577.170 us, Queueing time: mean = 125.480 us, max = 371.999 us, min = 3.967 us, total = 752.880 us
	CoreWorkerService.grpc_client.PushTask - 5 total (1 active), Execution time: mean = 163.156 ms, total = 815.779 ms, Queueing time: mean = 0.000 s, max = -0.000 s, min = 9223372036.855 s, total = 0.000 s
	CoreWorkerDirectActorTaskSubmitter::SubmitTask - 4 total (0 active), Execution time: mean = 45.977 us, total = 183.909 us, Queueing time: mean = 4.808 us, max = 6.862 us, min = 3.617 us, total = 19.230 us
	CoreWorkerService.grpc_client.PushTask.OnReplyReceived - 4 total (0 active), Execution time: mean = 60.721 us, total = 242.883 us, Queueing time: mean = 6.587 us, max = 9.510 us, min = 4.410 us, total = 26.348 us
	CoreWorkerService.grpc_server.WaitForActorOutOfScope.HandleRequestImpl - 3 total (0 active), Execution time: mean = 7.843 us, total = 23.530 us, Queueing time: mean = 128.440 us, max = 375.064 us, min = 4.891 us, total = 385.319 us
	CoreWorkerService.grpc_server.WaitForActorOutOfScope - 3 total (3 active), Execution time: mean = 0.000 s, total = 0.000 s, Queueing time: mean = 0.000 s, max = -0.000 s, min = 9223372036.855 s, total = 0.000 s
	ActorInfoGcsService.grpc_client.RegisterActor.OnReplyReceived - 3 total (0 active), Execution time: mean = 159.412 us, total = 478.237 us, Queueing time: mean = 168.005 us, max = 429.363 us, min = 4.444 us, total = 504.014 us
	ActorInfoGcsService.grpc_client.RegisterActor - 3 total (0 active), Execution time: mean = 971.689 us, total = 2.915 ms, Queueing time: mean = 0.000 s, max = -0.000 s, min = 9223372036.855 s, total = 0.000 s
	ActorInfoGcsService.grpc_client.CreateActor - 3 total (0 active), Execution time: mean = 7.243 s, total = 21.730 s, Queueing time: mean = 0.000 s, max = -0.000 s, min = 9223372036.855 s, total = 0.000 s
	ActorInfoGcsService.grpc_client.CreateActor.OnReplyReceived - 3 total (0 active), Execution time: mean = 193.681 us, total = 581.043 us, Queueing time: mean = 66.739 us, max = 97.677 us, min = 5.021 us, total = 200.216 us
	InternalPubSubGcsService.grpc_client.GcsSubscriberCommandBatch - 3 total (0 active), Execution time: mean = 218.844 us, total = 656.531 us, Queueing time: mean = 0.000 s, max = -0.000 s, min = 9223372036.855 s, total = 0.000 s
	InternalPubSubGcsService.grpc_client.GcsSubscriberCommandBatch.OnReplyReceived - 3 total (0 active), Execution time: mean = 70.549 us, total = 211.647 us, Queueing time: mean = 4.838 us, max = 6.048 us, min = 3.673 us, total = 14.513 us
	ActorCreator.AsyncRegisterActor - 3 total (0 active), Execution time: mean = 148.635 us, total = 445.906 us, Queueing time: mean = 14.885 us, max = 32.390 us, min = 6.005 us, total = 44.656 us
	ActorInfoGcsService.grpc_client.GetActorInfo.OnReplyReceived - 2 total (0 active), Execution time: mean = 233.252 us, total = 466.504 us, Queueing time: mean = 4.643 us, max = 4.667 us, min = 4.619 us, total = 9.286 us
	ActorInfoGcsService.grpc_client.GetActorInfo - 2 total (0 active), Execution time: mean = 704.368 us, total = 1.409 ms, Queueing time: mean = 0.000 s, max = -0.000 s, min = 9223372036.855 s, total = 0.000 s
	NodeManagerService.grpc_client.RequestWorkerLease.OnReplyReceived - 1 total (0 active), Execution time: mean = 1.659 ms, total = 1.659 ms, Queueing time: mean = 4.158 us, max = 4.158 us, min = 4.158 us, total = 4.158 us
	PlacementGroupInfoGcsService.grpc_client.CreatePlacementGroup.OnReplyReceived - 1 total (0 active), Execution time: mean = 30.930 us, total = 30.930 us, Queueing time: mean = 6.189 us, max = 6.189 us, min = 6.189 us, total = 6.189 us
	CoreWorkerService.grpc_client.PubsubLongPolling - 1 total (1 active), Execution time: mean = 0.000 s, total = 0.000 s, Queueing time: mean = 0.000 s, max = -0.000 s, min = 9223372036.855 s, total = 0.000 s
	PlacementGroupInfoGcsService.grpc_client.CreatePlacementGroup - 1 total (0 active), Execution time: mean = 1.553 ms, total = 1.553 ms, Queueing time: mean = 0.000 s, max = -0.000 s, min = 9223372036.855 s, total = 0.000 s
	PlacementGroupInfoGcsService.grpc_client.RemovePlacementGroup - 1 total (0 active), Execution time: mean = 1.786 ms, total = 1.786 ms, Queueing time: mean = 0.000 s, max = -0.000 s, min = 9223372036.855 s, total = 0.000 s
	NodeInfoGcsService.grpc_client.GetAllNodeInfo.OnReplyReceived - 1 total (0 active), Execution time: mean = 57.813 us, total = 57.813 us, Queueing time: mean = 4.515 us, max = 4.515 us, min = 4.515 us, total = 4.515 us
	CoreWorker.SubmitTask - 1 total (0 active), Execution time: mean = 374.040 us, total = 374.040 us, Queueing time: mean = 5.787 us, max = 5.787 us, min = 5.787 us, total = 5.787 us
	NodeManagerService.grpc_client.RequestWorkerLease - 1 total (0 active), Execution time: mean = 737.941 us, total = 737.941 us, Queueing time: mean = 0.000 s, max = -0.000 s, min = 9223372036.855 s, total = 0.000 s
	PlacementGroupInfoGcsService.grpc_client.RemovePlacementGroup.OnReplyReceived - 1 total (0 active), Execution time: mean = 26.980 us, total = 26.980 us, Queueing time: mean = 117.012 us, max = 117.012 us, min = 117.012 us, total = 117.012 us
	WorkerInfoGcsService.grpc_client.AddWorkerInfo.OnReplyReceived - 1 total (0 active), Execution time: mean = 21.613 us, total = 21.613 us, Queueing time: mean = 4.868 us, max = 4.868 us, min = 4.868 us, total = 4.868 us
	Publisher.CheckDeadSubscribers - 1 total (1 active), Execution time: mean = 0.000 s, total = 0.000 s, Queueing time: mean = 0.000 s, max = -0.000 s, min = 9223372036.855 s, total = 0.000 s
	CoreWorkerService.grpc_client.PubsubCommandBatch - 1 total (0 active), Execution time: mean = 757.040 us, total = 757.040 us, Queueing time: mean = 0.000 s, max = -0.000 s, min = 9223372036.855 s, total = 0.000 s
	CoreWorkerService.grpc_client.PubsubCommandBatch.OnReplyReceived - 1 total (0 active), Execution time: mean = 8.029 us, total = 8.029 us, Queueing time: mean = 46.960 us, max = 46.960 us, min = 46.960 us, total = 46.960 us
	NodeManagerService.grpc_client.ReturnWorker - 1 total (0 active), Execution time: mean = 253.544 us, total = 253.544 us, Queueing time: mean = 0.000 s, max = -0.000 s, min = 9223372036.855 s, total = 0.000 s
	NodeManagerService.grpc_client.ReturnWorker.OnReplyReceived - 1 total (0 active), Execution time: mean = 9.168 us, total = 9.168 us, Queueing time: mean = 4.958 us, max = 4.958 us, min = 4.958 us, total = 4.958 us
	CoreWorker.PrintEventStats - 1 total (1 active, 1 running), Execution time: mean = 0.000 s, total = 0.000 s, Queueing time: mean = 0.000 s, max = -0.000 s, min = 9223372036.855 s, total = 0.000 s
	WorkerInfoGcsService.grpc_client.AddWorkerInfo - 1 total (0 active), Execution time: mean = 296.118 us, total = 296.118 us, Queueing time: mean = 0.000 s, max = -0.000 s, min = 9223372036.855 s, total = 0.000 s
	NodeInfoGcsService.grpc_client.GetAllNodeInfo - 1 total (0 active), Execution time: mean = 174.460 us, total = 174.460 us, Queueing time: mean = 0.000 s, max = -0.000 s, min = 9223372036.855 s, total = 0.000 s

-----------------
Task Event stats:

IO Service Stats:

Global stats: 181 total (1 active)
Queueing time: mean = 2.729 ms, max = 15.267 ms, min = 3.447 us, total = 493.892 ms
Execution time:  mean = 329.132 us, total = 59.573 ms
Event stats:
	TaskInfoGcsService.grpc_client.AddTaskEventData - 60 total (0 active), Execution time: mean = 864.449 us, total = 51.867 ms, Queueing time: mean = 0.000 s, max = -0.000 s, min = 9223372036.855 s, total = 0.000 s
	TaskInfoGcsService.grpc_client.AddTaskEventData.OnReplyReceived - 60 total (0 active), Execution time: mean = 14.843 us, total = 890.564 us, Queueing time: mean = 18.044 us, max = 67.080 us, min = 3.447 us, total = 1.083 ms
	CoreWorker.deadline_timer.flush_task_events - 60 total (1 active), Execution time: mean = 112.555 us, total = 6.753 ms, Queueing time: mean = 8.213 ms, max = 15.267 ms, min = 251.582 us, total = 492.786 ms
	PeriodicalRunner.RunFnPeriodically - 1 total (0 active), Execution time: mean = 62.056 us, total = 62.056 us, Queueing time: mean = 23.396 us, max = 23.396 us, min = 23.396 us, total = 23.396 us
Other Stats:
	grpc_in_progress:0
	current number of task status events in buffer: 0
	current number of profile events in buffer: 0
	current number of dropped task attempts tracked: 0
	total task events sent: 0.00292873 MiB
	total number of task attempts sent: 14
	total number of task attempts dropped reported: 0
	total number of sent failure: 0
	num status task events dropped: 0
	num profile task events dropped: 0


