[2024-09-05 18:01:30,267 I 6908 2940] core_worker_process.cc:107: Constructing CoreWorkerProcess. pid: 6908
[2024-09-05 18:01:30,269 I 6908 2940] io_service_pool.cc:35: IOServicePool is running with 1 io_service.
[2024-09-05 18:01:30,270 I 6908 2940] grpc_server.cc:129: worker server started, listening on port 55630.
[2024-09-05 18:01:30,274 I 6908 2940] core_worker.cc:252: Initializing worker at address: 127.0.0.1:55630, worker ID da6b21dab2cab3e30ea0ad66f526bd1edce5706bac8f378f195c2293, raylet 6d88af7bf0953c3f8113d9ed4e7b2afb0467f08231f08200c6a1d4b5
[2024-09-05 18:01:30,275 I 6908 2940] task_event_buffer.cc:177: Reporting task events to GCS every 1000ms.
[2024-09-05 18:01:30,276 I 6908 19724] accessor.cc:627: Received notification for node id = 6d88af7bf0953c3f8113d9ed4e7b2afb0467f08231f08200c6a1d4b5, IsAlive = 1
[2024-09-05 18:01:30,276 I 6908 19724] core_worker.cc:4552: Number of alive nodes:1
[2024-09-05 18:01:30,276 I 6908 19724] core_worker.cc:614: Event stats:


Global stats: 12 total (4 active)
Queueing time: mean = 7.575 us, max = 72.000 us, min = 3.900 us, total = 90.900 us
Execution time:  mean = 91.500 us, total = 1.098 ms
Event stats:
	PeriodicalRunner.RunFnPeriodically - 3 total (1 active, 1 running), Execution time: mean = 7.133 us, total = 21.400 us, Queueing time: mean = 25.300 us, max = 72.000 us, min = 3.900 us, total = 75.900 us
	InternalPubSubGcsService.grpc_client.GcsSubscriberCommandBatch - 1 total (0 active), Execution time: mean = 289.300 us, total = 289.300 us, Queueing time: mean = 0.000 s, max = -0.000 s, min = 9223372036.855 s, total = 0.000 s
	Publisher.CheckDeadSubscribers - 1 total (1 active), Execution time: mean = 0.000 s, total = 0.000 s, Queueing time: mean = 0.000 s, max = -0.000 s, min = 9223372036.855 s, total = 0.000 s
	CoreWorker.ExitIfParentRayletDies - 1 total (1 active), Execution time: mean = 0.000 s, total = 0.000 s, Queueing time: mean = 0.000 s, max = -0.000 s, min = 9223372036.855 s, total = 0.000 s
	WorkerInfoGcsService.grpc_client.AddWorkerInfo.OnReplyReceived - 1 total (0 active), Execution time: mean = 22.200 us, total = 22.200 us, Queueing time: mean = 5.500 us, max = 5.500 us, min = 5.500 us, total = 5.500 us
	NodeInfoGcsService.grpc_client.GetAllNodeInfo - 1 total (0 active), Execution time: mean = 194.300 us, total = 194.300 us, Queueing time: mean = 0.000 s, max = -0.000 s, min = 9223372036.855 s, total = 0.000 s
	WorkerInfoGcsService.grpc_client.AddWorkerInfo - 1 total (0 active), Execution time: mean = 403.600 us, total = 403.600 us, Queueing time: mean = 0.000 s, max = -0.000 s, min = 9223372036.855 s, total = 0.000 s
	InternalPubSubGcsService.grpc_client.GcsSubscriberCommandBatch.OnReplyReceived - 1 total (0 active), Execution time: mean = 81.000 us, total = 81.000 us, Queueing time: mean = 4.700 us, max = 4.700 us, min = 4.700 us, total = 4.700 us
	NodeInfoGcsService.grpc_client.GetAllNodeInfo.OnReplyReceived - 1 total (0 active), Execution time: mean = 86.200 us, total = 86.200 us, Queueing time: mean = 4.800 us, max = 4.800 us, min = 4.800 us, total = 4.800 us
	InternalPubSubGcsService.grpc_client.GcsSubscriberPoll - 1 total (1 active), Execution time: mean = 0.000 s, total = 0.000 s, Queueing time: mean = 0.000 s, max = -0.000 s, min = 9223372036.855 s, total = 0.000 s

-----------------
Task Event stats:

IO Service Stats:

Global stats: 4 total (1 active)
Queueing time: mean = 2.125 us, max = 4.300 us, min = 4.200 us, total = 8.500 us
Execution time:  mean = 87.050 us, total = 348.200 us
Event stats:
	CoreWorker.deadline_timer.flush_task_events - 1 total (1 active), Execution time: mean = 0.000 s, total = 0.000 s, Queueing time: mean = 0.000 s, max = -0.000 s, min = 9223372036.855 s, total = 0.000 s
	TaskInfoGcsService.grpc_client.AddTaskEventData - 1 total (0 active), Execution time: mean = 230.300 us, total = 230.300 us, Queueing time: mean = 0.000 s, max = -0.000 s, min = 9223372036.855 s, total = 0.000 s
	PeriodicalRunner.RunFnPeriodically - 1 total (0 active), Execution time: mean = 104.200 us, total = 104.200 us, Queueing time: mean = 4.300 us, max = 4.300 us, min = 4.300 us, total = 4.300 us
	TaskInfoGcsService.grpc_client.AddTaskEventData.OnReplyReceived - 1 total (0 active), Execution time: mean = 13.700 us, total = 13.700 us, Queueing time: mean = 4.200 us, max = 4.200 us, min = 4.200 us, total = 4.200 us
Other Stats:
	grpc_in_progress:0
	current number of task status events in buffer: 0
	current number of profile events in buffer: 0
	current number of dropped task attempts tracked: 0
	total task events sent: 0 MiB
	total number of task attempts sent: 0
	total number of task attempts dropped reported: 0
	total number of sent failure: 0
	num status task events dropped: 0
	num profile task events dropped: 0


[2024-09-05 18:01:30,277 I 6908 2940] event.cc:234: Set ray event level to warning
[2024-09-05 18:01:30,277 I 6908 2940] event.cc:342: Ray Event initialized for CORE_WORKER
[2024-09-05 18:01:42,370 W 6908 19700] metric_exporter.cc:105: [1] Export metrics to agent failed: GrpcUnavailable: RPC Error message: failed to connect to all addresses; last error: UNAVAILABLE: ipv4:127.0.0.1:61957: Connection refused; RPC Error details: . This won't affect Ray, but you can lose metrics from the cluster.
[2024-09-05 18:02:30,276 I 6908 19724] core_worker.cc:614: Event stats:


Global stats: 826 total (8 active)
Queueing time: mean = 7.247 ms, max = 15.584 ms, min = -0.000 s, total = 5.986 s
Execution time:  mean = 39.255 us, total = 32.425 ms
Event stats:
	CoreWorker.RecoverObjects - 552 total (1 active), Execution time: mean = 4.216 us, total = 2.327 ms, Queueing time: mean = 8.705 ms, max = 11.885 ms, min = 3.005 ms, total = 4.805 s
	CoreWorker.InternalHeartbeat - 60 total (1 active), Execution time: mean = 75.484 us, total = 4.529 ms, Queueing time: mean = 8.643 ms, max = 15.527 ms, min = -0.000 s, total = 518.604 ms
	CoreWorker.ExitIfParentRayletDies - 60 total (1 active), Execution time: mean = 12.162 us, total = 729.748 us, Queueing time: mean = 8.841 ms, max = 15.584 ms, min = 10.072 us, total = 530.438 ms
	NodeManagerService.grpc_client.ReportWorkerBacklog.OnReplyReceived - 60 total (0 active), Execution time: mean = 9.705 us, total = 582.290 us, Queueing time: mean = 12.362 us, max = 58.565 us, min = 2.963 us, total = 741.718 us
	NodeManagerService.grpc_client.ReportWorkerBacklog - 60 total (0 active), Execution time: mean = 371.436 us, total = 22.286 ms, Queueing time: mean = 0.000 s, max = -0.000 s, min = 9223372036.855 s, total = 0.000 s
	CoreWorker.RecordMetrics - 12 total (1 active), Execution time: mean = 12.663 us, total = 151.955 us, Queueing time: mean = 6.625 ms, max = 13.300 ms, min = 111.893 us, total = 79.496 ms
	PeriodicalRunner.RunFnPeriodically - 7 total (0 active), Execution time: mean = 103.200 us, total = 722.400 us, Queueing time: mean = 121.100 us, max = 388.100 us, min = 3.900 us, total = 847.700 us
	CoreWorker.GCStreamingGeneratorMetadata - 6 total (1 active), Execution time: mean = 3.207 us, total = 19.241 us, Queueing time: mean = 8.388 ms, max = 13.222 ms, min = 6.484 ms, total = 50.328 ms
	NodeInfoGcsService.grpc_client.GetAllNodeInfo - 1 total (0 active), Execution time: mean = 194.300 us, total = 194.300 us, Queueing time: mean = 0.000 s, max = -0.000 s, min = 9223372036.855 s, total = 0.000 s
	InternalPubSubGcsService.grpc_client.GcsSubscriberPoll - 1 total (1 active), Execution time: mean = 0.000 s, total = 0.000 s, Queueing time: mean = 0.000 s, max = -0.000 s, min = 9223372036.855 s, total = 0.000 s
	NodeInfoGcsService.grpc_client.GetAllNodeInfo.OnReplyReceived - 1 total (0 active), Execution time: mean = 86.200 us, total = 86.200 us, Queueing time: mean = 4.800 us, max = 4.800 us, min = 4.800 us, total = 4.800 us
	InternalPubSubGcsService.grpc_client.GcsSubscriberCommandBatch.OnReplyReceived - 1 total (0 active), Execution time: mean = 81.000 us, total = 81.000 us, Queueing time: mean = 4.700 us, max = 4.700 us, min = 4.700 us, total = 4.700 us
	WorkerInfoGcsService.grpc_client.AddWorkerInfo - 1 total (0 active), Execution time: mean = 403.600 us, total = 403.600 us, Queueing time: mean = 0.000 s, max = -0.000 s, min = 9223372036.855 s, total = 0.000 s
	CoreWorker.PrintEventStats - 1 total (1 active, 1 running), Execution time: mean = 0.000 s, total = 0.000 s, Queueing time: mean = 0.000 s, max = -0.000 s, min = 9223372036.855 s, total = 0.000 s
	InternalPubSubGcsService.grpc_client.GcsSubscriberCommandBatch - 1 total (0 active), Execution time: mean = 289.300 us, total = 289.300 us, Queueing time: mean = 0.000 s, max = -0.000 s, min = 9223372036.855 s, total = 0.000 s
	Publisher.CheckDeadSubscribers - 1 total (1 active), Execution time: mean = 0.000 s, total = 0.000 s, Queueing time: mean = 0.000 s, max = -0.000 s, min = 9223372036.855 s, total = 0.000 s
	WorkerInfoGcsService.grpc_client.AddWorkerInfo.OnReplyReceived - 1 total (0 active), Execution time: mean = 22.200 us, total = 22.200 us, Queueing time: mean = 5.500 us, max = 5.500 us, min = 5.500 us, total = 5.500 us

-----------------
Task Event stats:

IO Service Stats:

Global stats: 181 total (1 active)
Queueing time: mean = 2.871 ms, max = 15.542 ms, min = -0.000 s, total = 519.635 ms
Execution time:  mean = 163.843 us, total = 29.656 ms
Event stats:
	CoreWorker.deadline_timer.flush_task_events - 60 total (1 active), Execution time: mean = 107.371 us, total = 6.442 ms, Queueing time: mean = 8.651 ms, max = 15.542 ms, min = -0.000 s, total = 519.050 ms
	TaskInfoGcsService.grpc_client.AddTaskEventData - 60 total (0 active), Execution time: mean = 372.181 us, total = 22.331 ms, Queueing time: mean = 0.000 s, max = -0.000 s, min = 9223372036.855 s, total = 0.000 s
	TaskInfoGcsService.grpc_client.AddTaskEventData.OnReplyReceived - 60 total (0 active), Execution time: mean = 12.970 us, total = 778.227 us, Queueing time: mean = 9.678 us, max = 61.417 us, min = 3.342 us, total = 580.676 us
	PeriodicalRunner.RunFnPeriodically - 1 total (0 active), Execution time: mean = 104.200 us, total = 104.200 us, Queueing time: mean = 4.300 us, max = 4.300 us, min = 4.300 us, total = 4.300 us
Other Stats:
	grpc_in_progress:0
	current number of task status events in buffer: 0
	current number of profile events in buffer: 0
	current number of dropped task attempts tracked: 0
	total task events sent: 0 MiB
	total number of task attempts sent: 0
	total number of task attempts dropped reported: 0
	total number of sent failure: 0
	num status task events dropped: 0
	num profile task events dropped: 0


