[2024-09-05 18:01:30,183 I 19292 17232] core_worker_process.cc:107: Constructing CoreWorkerProcess. pid: 19292
[2024-09-05 18:01:30,191 I 19292 17232] io_service_pool.cc:35: IOServicePool is running with 1 io_service.
[2024-09-05 18:01:30,194 I 19292 17232] grpc_server.cc:129: worker server started, listening on port 55571.
[2024-09-05 18:01:30,200 I 19292 17232] core_worker.cc:252: Initializing worker at address: 127.0.0.1:55571, worker ID 87f1dcbfa5be6702f43a9421d1b77753ec6a459b438a920b007dbedf, raylet 6d88af7bf0953c3f8113d9ed4e7b2afb0467f08231f08200c6a1d4b5
[2024-09-05 18:01:30,205 I 19292 17232] task_event_buffer.cc:177: Reporting task events to GCS every 1000ms.
[2024-09-05 18:01:30,206 I 19292 5448] core_worker.cc:614: Event stats:


Global stats: 11 total (5 active)
Queueing time: mean = 246.627 us, max = 2.687 ms, min = 5.400 us, total = 2.713 ms
Execution time:  mean = 108.300 us, total = 1.191 ms
Event stats:
	PeriodicalRunner.RunFnPeriodically - 3 total (1 active, 1 running), Execution time: mean = 12.000 us, total = 36.000 us, Queueing time: mean = 900.367 us, max = 2.687 ms, min = 14.400 us, total = 2.701 ms
	InternalPubSubGcsService.grpc_client.GcsSubscriberCommandBatch.OnReplyReceived - 1 total (0 active), Execution time: mean = 174.500 us, total = 174.500 us, Queueing time: mean = 5.400 us, max = 5.400 us, min = 5.400 us, total = 5.400 us
	CoreWorker.ExitIfParentRayletDies - 1 total (1 active), Execution time: mean = 0.000 s, total = 0.000 s, Queueing time: mean = 0.000 s, max = -0.000 s, min = 9223372036.855 s, total = 0.000 s
	WorkerInfoGcsService.grpc_client.AddWorkerInfo.OnReplyReceived - 1 total (0 active), Execution time: mean = 33.300 us, total = 33.300 us, Queueing time: mean = 6.400 us, max = 6.400 us, min = 6.400 us, total = 6.400 us
	InternalPubSubGcsService.grpc_client.GcsSubscriberCommandBatch - 1 total (0 active), Execution time: mean = 368.600 us, total = 368.600 us, Queueing time: mean = 0.000 s, max = -0.000 s, min = 9223372036.855 s, total = 0.000 s
	Publisher.CheckDeadSubscribers - 1 total (1 active), Execution time: mean = 0.000 s, total = 0.000 s, Queueing time: mean = 0.000 s, max = -0.000 s, min = 9223372036.855 s, total = 0.000 s
	NodeInfoGcsService.grpc_client.GetAllNodeInfo - 1 total (1 active), Execution time: mean = 0.000 s, total = 0.000 s, Queueing time: mean = 0.000 s, max = -0.000 s, min = 9223372036.855 s, total = 0.000 s
	InternalPubSubGcsService.grpc_client.GcsSubscriberPoll - 1 total (1 active), Execution time: mean = 0.000 s, total = 0.000 s, Queueing time: mean = 0.000 s, max = -0.000 s, min = 9223372036.855 s, total = 0.000 s
	WorkerInfoGcsService.grpc_client.AddWorkerInfo - 1 total (0 active), Execution time: mean = 578.900 us, total = 578.900 us, Queueing time: mean = 0.000 s, max = -0.000 s, min = 9223372036.855 s, total = 0.000 s

-----------------
Task Event stats:

IO Service Stats:

Global stats: 4 total (1 active)
Queueing time: mean = 126.500 us, max = 273.200 us, min = 232.800 us, total = 506.000 us
Execution time:  mean = 200.275 us, total = 801.100 us
Event stats:
	PeriodicalRunner.RunFnPeriodically - 1 total (0 active), Execution time: mean = 318.600 us, total = 318.600 us, Queueing time: mean = 273.200 us, max = 273.200 us, min = 273.200 us, total = 273.200 us
	TaskInfoGcsService.grpc_client.AddTaskEventData - 1 total (0 active), Execution time: mean = 461.100 us, total = 461.100 us, Queueing time: mean = 0.000 s, max = -0.000 s, min = 9223372036.855 s, total = 0.000 s
	TaskInfoGcsService.grpc_client.AddTaskEventData.OnReplyReceived - 1 total (0 active), Execution time: mean = 21.400 us, total = 21.400 us, Queueing time: mean = 232.800 us, max = 232.800 us, min = 232.800 us, total = 232.800 us
	CoreWorker.deadline_timer.flush_task_events - 1 total (1 active), Execution time: mean = 0.000 s, total = 0.000 s, Queueing time: mean = 0.000 s, max = -0.000 s, min = 9223372036.855 s, total = 0.000 s
Other Stats:
	grpc_in_progress:0
	current number of task status events in buffer: 0
	current number of profile events in buffer: 0
	current number of dropped task attempts tracked: 0
	total task events sent: 0 MiB
	total number of task attempts sent: 0
	total number of task attempts dropped reported: 0
	total number of sent failure: 0
	num status task events dropped: 0
	num profile task events dropped: 0


[2024-09-05 18:01:30,207 I 19292 5448] accessor.cc:627: Received notification for node id = 6d88af7bf0953c3f8113d9ed4e7b2afb0467f08231f08200c6a1d4b5, IsAlive = 1
[2024-09-05 18:01:30,207 I 19292 5448] core_worker.cc:4552: Number of alive nodes:1
[2024-09-05 18:01:30,208 I 19292 17232] event.cc:234: Set ray event level to warning
[2024-09-05 18:01:30,208 I 19292 17232] event.cc:342: Ray Event initialized for CORE_WORKER
[2024-09-05 18:01:31,521 I 19292 5448] core_worker.cc:835: Exit signal received, this process will exit after all outstanding tasks have finished, exit_type=INTENDED_SYSTEM_EXIT, detail=Worker exits because it was idle (it doesn't have objects it owns while no task or actor has been scheduled) for a long time.
[2024-09-05 18:01:31,522 I 19292 17232] core_worker.cc:772: Disconnecting to the raylet.
[2024-09-05 18:01:31,522 I 19292 17232] raylet_client.cc:163: RayletClient::Disconnect, exit_type=INTENDED_SYSTEM_EXIT, exit_detail=Worker exits because it was idle (it doesn't have objects it owns while no task or actor has been scheduled) for a long time., has creation_task_exception_pb_bytes=0
[2024-09-05 18:01:31,522 I 19292 17232] core_worker.cc:694: Shutting down a core worker.
[2024-09-05 18:01:31,522 I 19292 17232] task_event_buffer.cc:188: Shutting down TaskEventBuffer.
[2024-09-05 18:01:31,522 I 19292 16028] task_event_buffer.cc:170: Task event buffer io service stopped.
[2024-09-05 18:01:31,522 I 19292 17232] core_worker.cc:720: Disconnecting a GCS client.
[2024-09-05 18:01:31,522 I 19292 17232] core_worker.cc:724: Waiting for joining a core worker io thread. If it hangs here, there might be deadlock or a high load in the core worker io service.
[2024-09-05 18:01:31,522 I 19292 5448] core_worker.cc:943: Core worker main io service stopped.
[2024-09-05 18:01:31,524 I 19292 17232] core_worker.cc:737: Core worker ready to be deallocated.
[2024-09-05 18:01:31,524 I 19292 17232] core_worker_process.cc:243: Task execution loop terminated. Removing the global worker.
[2024-09-05 18:01:31,524 I 19292 17232] core_worker.cc:685: Core worker is destructed
[2024-09-05 18:01:31,524 I 19292 17232] task_event_buffer.cc:188: Shutting down TaskEventBuffer.
[2024-09-05 18:01:31,525 I 19292 17232] core_worker_process.cc:148: Destructing CoreWorkerProcessImpl. pid: 19292
[2024-09-05 18:01:31,525 I 19292 17232] io_service_pool.cc:47: IOServicePool is stopped.
[2024-09-05 18:01:31,753 I 19292 17232] stats.h:120: Stats module has shutdown.
