[2024-09-05 18:01:30,189 I 17164 17952] core_worker_process.cc:107: Constructing CoreWorkerProcess. pid: 17164
[2024-09-05 18:01:30,195 I 17164 17952] io_service_pool.cc:35: IOServicePool is running with 1 io_service.
[2024-09-05 18:01:30,203 I 17164 17952] grpc_server.cc:129: worker server started, listening on port 55580.
[2024-09-05 18:01:30,210 I 17164 17952] core_worker.cc:252: Initializing worker at address: 127.0.0.1:55580, worker ID 215f5dccae0124851fe5f9564a584b8bdc9956c2e24b89f0abb7d497, raylet 6d88af7bf0953c3f8113d9ed4e7b2afb0467f08231f08200c6a1d4b5
[2024-09-05 18:01:30,211 I 17164 17952] task_event_buffer.cc:177: Reporting task events to GCS every 1000ms.
[2024-09-05 18:01:30,213 I 17164 5904] core_worker.cc:614: Event stats:


Global stats: 11 total (5 active)
Queueing time: mean = 237.355 us, max = 1.657 ms, min = 73.200 us, total = 2.611 ms
Execution time:  mean = 211.691 us, total = 2.329 ms
Event stats:
	PeriodicalRunner.RunFnPeriodically - 3 total (1 active, 1 running), Execution time: mean = 10.833 us, total = 32.500 us, Queueing time: mean = 724.200 us, max = 1.657 ms, min = 515.600 us, total = 2.173 ms
	CoreWorker.ExitIfParentRayletDies - 1 total (1 active), Execution time: mean = 0.000 s, total = 0.000 s, Queueing time: mean = 0.000 s, max = -0.000 s, min = 9223372036.855 s, total = 0.000 s
	WorkerInfoGcsService.grpc_client.AddWorkerInfo.OnReplyReceived - 1 total (0 active), Execution time: mean = 45.900 us, total = 45.900 us, Queueing time: mean = 365.100 us, max = 365.100 us, min = 365.100 us, total = 365.100 us
	WorkerInfoGcsService.grpc_client.AddWorkerInfo - 1 total (0 active), Execution time: mean = 1.157 ms, total = 1.157 ms, Queueing time: mean = 0.000 s, max = -0.000 s, min = 9223372036.855 s, total = 0.000 s
	InternalPubSubGcsService.grpc_client.GcsSubscriberCommandBatch.OnReplyReceived - 1 total (0 active), Execution time: mean = 149.200 us, total = 149.200 us, Queueing time: mean = 73.200 us, max = 73.200 us, min = 73.200 us, total = 73.200 us
	InternalPubSubGcsService.grpc_client.GcsSubscriberPoll - 1 total (1 active), Execution time: mean = 0.000 s, total = 0.000 s, Queueing time: mean = 0.000 s, max = -0.000 s, min = 9223372036.855 s, total = 0.000 s
	InternalPubSubGcsService.grpc_client.GcsSubscriberCommandBatch - 1 total (0 active), Execution time: mean = 943.600 us, total = 943.600 us, Queueing time: mean = 0.000 s, max = -0.000 s, min = 9223372036.855 s, total = 0.000 s
	NodeInfoGcsService.grpc_client.GetAllNodeInfo - 1 total (1 active), Execution time: mean = 0.000 s, total = 0.000 s, Queueing time: mean = 0.000 s, max = -0.000 s, min = 9223372036.855 s, total = 0.000 s
	Publisher.CheckDeadSubscribers - 1 total (1 active), Execution time: mean = 0.000 s, total = 0.000 s, Queueing time: mean = 0.000 s, max = -0.000 s, min = 9223372036.855 s, total = 0.000 s

-----------------
Task Event stats:

IO Service Stats:

Global stats: 1 total (1 active)
Queueing time: mean = 0.000 s, max = -0.000 s, min = 9223372036.855 s, total = 0.000 s
Execution time:  mean = 0.000 s, total = 0.000 s
Event stats:
	PeriodicalRunner.RunFnPeriodically - 1 total (1 active), Execution time: mean = 0.000 s, total = 0.000 s, Queueing time: mean = 0.000 s, max = -0.000 s, min = 9223372036.855 s, total = 0.000 s
Other Stats:
	grpc_in_progress:0
	current number of task status events in buffer: 0
	current number of profile events in buffer: 0
	current number of dropped task attempts tracked: 0
	total task events sent: 0 MiB
	total number of task attempts sent: 0
	total number of task attempts dropped reported: 0
	total number of sent failure: 0
	num status task events dropped: 0
	num profile task events dropped: 0


[2024-09-05 18:01:30,214 I 17164 5904] accessor.cc:627: Received notification for node id = 6d88af7bf0953c3f8113d9ed4e7b2afb0467f08231f08200c6a1d4b5, IsAlive = 1
[2024-09-05 18:01:30,214 I 17164 5904] core_worker.cc:4552: Number of alive nodes:1
[2024-09-05 18:01:30,215 I 17164 17952] event.cc:234: Set ray event level to warning
[2024-09-05 18:01:30,215 I 17164 17952] event.cc:342: Ray Event initialized for CORE_WORKER
[2024-09-05 18:01:42,291 W 17164 11260] metric_exporter.cc:105: [1] Export metrics to agent failed: GrpcUnavailable: RPC Error message: failed to connect to all addresses; last error: UNAVAILABLE: ipv4:127.0.0.1:61957: Connection refused; RPC Error details: . This won't affect Ray, but you can lose metrics from the cluster.
[2024-09-05 18:02:30,214 I 17164 5904] core_worker.cc:614: Event stats:


Global stats: 826 total (8 active)
Queueing time: mean = 7.353 ms, max = 15.514 ms, min = -0.000 s, total = 6.074 s
Execution time:  mean = 45.996 us, total = 37.993 ms
Event stats:
	CoreWorker.RecoverObjects - 552 total (1 active), Execution time: mean = 4.733 us, total = 2.612 ms, Queueing time: mean = 8.705 ms, max = 12.114 ms, min = 3.699 ms, total = 4.805 s
	CoreWorker.ExitIfParentRayletDies - 60 total (1 active), Execution time: mean = 10.232 us, total = 613.912 us, Queueing time: mean = 9.433 ms, max = 15.324 ms, min = 417.424 us, total = 565.951 ms
	CoreWorker.InternalHeartbeat - 60 total (1 active), Execution time: mean = 90.027 us, total = 5.402 ms, Queueing time: mean = 9.134 ms, max = 15.514 ms, min = -0.000 s, total = 548.024 ms
	NodeManagerService.grpc_client.ReportWorkerBacklog - 60 total (0 active), Execution time: mean = 395.504 us, total = 23.730 ms, Queueing time: mean = 0.000 s, max = -0.000 s, min = 9223372036.855 s, total = 0.000 s
	NodeManagerService.grpc_client.ReportWorkerBacklog.OnReplyReceived - 60 total (0 active), Execution time: mean = 9.933 us, total = 595.975 us, Queueing time: mean = 12.489 us, max = 80.051 us, min = 2.821 us, total = 749.341 us
	CoreWorker.RecordMetrics - 12 total (1 active), Execution time: mean = 15.080 us, total = 180.965 us, Queueing time: mean = 7.965 ms, max = 15.028 ms, min = 553.389 us, total = 95.584 ms
	PeriodicalRunner.RunFnPeriodically - 7 total (0 active), Execution time: mean = 143.329 us, total = 1.003 ms, Queueing time: mean = 917.343 us, max = 1.657 ms, min = 176.400 us, total = 6.421 ms
	CoreWorker.GCStreamingGeneratorMetadata - 6 total (1 active), Execution time: mean = 3.597 us, total = 21.582 us, Queueing time: mean = 8.452 ms, max = 13.214 ms, min = 7.146 ms, total = 50.714 ms
	CoreWorker.PrintEventStats - 1 total (1 active, 1 running), Execution time: mean = 0.000 s, total = 0.000 s, Queueing time: mean = 0.000 s, max = -0.000 s, min = 9223372036.855 s, total = 0.000 s
	InternalPubSubGcsService.grpc_client.GcsSubscriberCommandBatch.OnReplyReceived - 1 total (0 active), Execution time: mean = 149.200 us, total = 149.200 us, Queueing time: mean = 73.200 us, max = 73.200 us, min = 73.200 us, total = 73.200 us
	WorkerInfoGcsService.grpc_client.AddWorkerInfo - 1 total (0 active), Execution time: mean = 1.157 ms, total = 1.157 ms, Queueing time: mean = 0.000 s, max = -0.000 s, min = 9223372036.855 s, total = 0.000 s
	NodeInfoGcsService.grpc_client.GetAllNodeInfo.OnReplyReceived - 1 total (0 active), Execution time: mean = 289.900 us, total = 289.900 us, Queueing time: mean = 242.200 us, max = 242.200 us, min = 242.200 us, total = 242.200 us
	NodeInfoGcsService.grpc_client.GetAllNodeInfo - 1 total (0 active), Execution time: mean = 1.247 ms, total = 1.247 ms, Queueing time: mean = 0.000 s, max = -0.000 s, min = 9223372036.855 s, total = 0.000 s
	InternalPubSubGcsService.grpc_client.GcsSubscriberPoll - 1 total (1 active), Execution time: mean = 0.000 s, total = 0.000 s, Queueing time: mean = 0.000 s, max = -0.000 s, min = 9223372036.855 s, total = 0.000 s
	WorkerInfoGcsService.grpc_client.AddWorkerInfo.OnReplyReceived - 1 total (0 active), Execution time: mean = 45.900 us, total = 45.900 us, Queueing time: mean = 365.100 us, max = 365.100 us, min = 365.100 us, total = 365.100 us
	InternalPubSubGcsService.grpc_client.GcsSubscriberCommandBatch - 1 total (0 active), Execution time: mean = 943.600 us, total = 943.600 us, Queueing time: mean = 0.000 s, max = -0.000 s, min = 9223372036.855 s, total = 0.000 s
	Publisher.CheckDeadSubscribers - 1 total (1 active), Execution time: mean = 0.000 s, total = 0.000 s, Queueing time: mean = 0.000 s, max = -0.000 s, min = 9223372036.855 s, total = 0.000 s

-----------------
Task Event stats:

IO Service Stats:

Global stats: 181 total (1 active)
Queueing time: mean = 3.065 ms, max = 15.503 ms, min = -0.000 s, total = 554.712 ms
Execution time:  mean = 166.406 us, total = 30.120 ms
Event stats:
	CoreWorker.deadline_timer.flush_task_events - 60 total (1 active), Execution time: mean = 90.979 us, total = 5.459 ms, Queueing time: mean = 9.171 ms, max = 15.503 ms, min = -0.000 s, total = 550.288 ms
	TaskInfoGcsService.grpc_client.AddTaskEventData.OnReplyReceived - 60 total (0 active), Execution time: mean = 16.159 us, total = 969.559 us, Queueing time: mean = 27.570 us, max = 886.400 us, min = 2.468 us, total = 1.654 ms
	TaskInfoGcsService.grpc_client.AddTaskEventData - 60 total (0 active), Execution time: mean = 391.751 us, total = 23.505 ms, Queueing time: mean = 0.000 s, max = -0.000 s, min = 9223372036.855 s, total = 0.000 s
	PeriodicalRunner.RunFnPeriodically - 1 total (0 active), Execution time: mean = 186.200 us, total = 186.200 us, Queueing time: mean = 2.771 ms, max = 2.771 ms, min = 2.771 ms, total = 2.771 ms
Other Stats:
	grpc_in_progress:0
	current number of task status events in buffer: 0
	current number of profile events in buffer: 0
	current number of dropped task attempts tracked: 0
	total task events sent: 0 MiB
	total number of task attempts sent: 0
	total number of task attempts dropped reported: 0
	total number of sent failure: 0
	num status task events dropped: 0
	num profile task events dropped: 0


