[2024-09-05 18:01:30,198 I 17796 19164] core_worker_process.cc:107: Constructing CoreWorkerProcess. pid: 17796
[2024-09-05 18:01:30,204 I 17796 19164] io_service_pool.cc:35: IOServicePool is running with 1 io_service.
[2024-09-05 18:01:30,211 I 17796 19164] grpc_server.cc:129: worker server started, listening on port 55588.
[2024-09-05 18:01:30,217 I 17796 19164] core_worker.cc:252: Initializing worker at address: 127.0.0.1:55588, worker ID 8e443808157724148c11fd3064f4b0189f25347eb46d25d1ada7e2b1, raylet 6d88af7bf0953c3f8113d9ed4e7b2afb0467f08231f08200c6a1d4b5
[2024-09-05 18:01:30,218 I 17796 19164] task_event_buffer.cc:177: Reporting task events to GCS every 1000ms.
[2024-09-05 18:01:30,220 I 17796 17832] core_worker.cc:614: Event stats:


Global stats: 11 total (6 active)
Queueing time: mean = 134.427 us, max = 572.100 us, min = 451.900 us, total = 1.479 ms
Execution time:  mean = 256.436 us, total = 2.821 ms
Event stats:
	PeriodicalRunner.RunFnPeriodically - 3 total (1 active, 1 running), Execution time: mean = 12.033 us, total = 36.100 us, Queueing time: mean = 302.200 us, max = 454.700 us, min = 451.900 us, total = 906.600 us
	InternalPubSubGcsService.grpc_client.GcsSubscriberCommandBatch - 1 total (0 active), Execution time: mean = 789.800 us, total = 789.800 us, Queueing time: mean = 0.000 s, max = -0.000 s, min = 9223372036.855 s, total = 0.000 s
	NodeInfoGcsService.grpc_client.GetAllNodeInfo - 1 total (1 active), Execution time: mean = 0.000 s, total = 0.000 s, Queueing time: mean = 0.000 s, max = -0.000 s, min = 9223372036.855 s, total = 0.000 s
	CoreWorker.ExitIfParentRayletDies - 1 total (1 active), Execution time: mean = 0.000 s, total = 0.000 s, Queueing time: mean = 0.000 s, max = -0.000 s, min = 9223372036.855 s, total = 0.000 s
	Publisher.CheckDeadSubscribers - 1 total (1 active), Execution time: mean = 0.000 s, total = 0.000 s, Queueing time: mean = 0.000 s, max = -0.000 s, min = 9223372036.855 s, total = 0.000 s
	WorkerInfoGcsService.grpc_client.AddWorkerInfo.OnReplyReceived - 1 total (1 active), Execution time: mean = 0.000 s, total = 0.000 s, Queueing time: mean = 0.000 s, max = -0.000 s, min = 9223372036.855 s, total = 0.000 s
	InternalPubSubGcsService.grpc_client.GcsSubscriberCommandBatch.OnReplyReceived - 1 total (0 active), Execution time: mean = 164.100 us, total = 164.100 us, Queueing time: mean = 572.100 us, max = 572.100 us, min = 572.100 us, total = 572.100 us
	WorkerInfoGcsService.grpc_client.AddWorkerInfo - 1 total (0 active), Execution time: mean = 1.831 ms, total = 1.831 ms, Queueing time: mean = 0.000 s, max = -0.000 s, min = 9223372036.855 s, total = 0.000 s
	InternalPubSubGcsService.grpc_client.GcsSubscriberPoll - 1 total (1 active), Execution time: mean = 0.000 s, total = 0.000 s, Queueing time: mean = 0.000 s, max = -0.000 s, min = 9223372036.855 s, total = 0.000 s

-----------------
Task Event stats:

IO Service Stats:

Global stats: 3 total (2 active)
Queueing time: mean = 559.800 us, max = 1.679 ms, min = 1.679 ms, total = 1.679 ms
Execution time:  mean = 38.100 us, total = 114.300 us
Event stats:
	PeriodicalRunner.RunFnPeriodically - 1 total (0 active), Execution time: mean = 114.300 us, total = 114.300 us, Queueing time: mean = 1.679 ms, max = 1.679 ms, min = 1.679 ms, total = 1.679 ms
	TaskInfoGcsService.grpc_client.AddTaskEventData - 1 total (1 active), Execution time: mean = 0.000 s, total = 0.000 s, Queueing time: mean = 0.000 s, max = -0.000 s, min = 9223372036.855 s, total = 0.000 s
	CoreWorker.deadline_timer.flush_task_events - 1 total (1 active), Execution time: mean = 0.000 s, total = 0.000 s, Queueing time: mean = 0.000 s, max = -0.000 s, min = 9223372036.855 s, total = 0.000 s
Other Stats:
	grpc_in_progress:1
	current number of task status events in buffer: 0
	current number of profile events in buffer: 0
	current number of dropped task attempts tracked: 0
	total task events sent: 0 MiB
	total number of task attempts sent: 0
	total number of task attempts dropped reported: 0
	total number of sent failure: 0
	num status task events dropped: 0
	num profile task events dropped: 0


[2024-09-05 18:01:30,220 I 17796 17832] accessor.cc:627: Received notification for node id = 6d88af7bf0953c3f8113d9ed4e7b2afb0467f08231f08200c6a1d4b5, IsAlive = 1
[2024-09-05 18:01:30,220 I 17796 17832] core_worker.cc:4552: Number of alive nodes:1
[2024-09-05 18:01:30,221 I 17796 19164] event.cc:234: Set ray event level to warning
[2024-09-05 18:01:30,221 I 17796 19164] event.cc:342: Ray Event initialized for CORE_WORKER
[2024-09-05 18:01:42,306 W 17796 16600] metric_exporter.cc:105: [1] Export metrics to agent failed: GrpcUnavailable: RPC Error message: failed to connect to all addresses; last error: UNAVAILABLE: ipv4:127.0.0.1:61957: Connection refused; RPC Error details: . This won't affect Ray, but you can lose metrics from the cluster.
[2024-09-05 18:02:30,230 I 17796 17832] core_worker.cc:614: Event stats:


Global stats: 826 total (8 active)
Queueing time: mean = 7.337 ms, max = 15.595 ms, min = -0.000 s, total = 6.060 s
Execution time:  mean = 45.202 us, total = 37.337 ms
Event stats:
	CoreWorker.RecoverObjects - 552 total (1 active), Execution time: mean = 4.538 us, total = 2.505 ms, Queueing time: mean = 8.725 ms, max = 13.412 ms, min = 5.238 ms, total = 4.816 s
	NodeManagerService.grpc_client.ReportWorkerBacklog - 60 total (0 active), Execution time: mean = 389.488 us, total = 23.369 ms, Queueing time: mean = 0.000 s, max = -0.000 s, min = 9223372036.855 s, total = 0.000 s
	NodeManagerService.grpc_client.ReportWorkerBacklog.OnReplyReceived - 60 total (0 active), Execution time: mean = 9.932 us, total = 595.930 us, Queueing time: mean = 10.162 us, max = 78.255 us, min = 3.218 us, total = 609.746 us
	CoreWorker.ExitIfParentRayletDies - 60 total (1 active), Execution time: mean = 12.000 us, total = 720.019 us, Queueing time: mean = 9.327 ms, max = 15.325 ms, min = 416.945 us, total = 559.612 ms
	CoreWorker.InternalHeartbeat - 60 total (1 active), Execution time: mean = 88.466 us, total = 5.308 ms, Queueing time: mean = 9.047 ms, max = 15.595 ms, min = -0.000 s, total = 542.815 ms
	CoreWorker.RecordMetrics - 12 total (1 active), Execution time: mean = 13.929 us, total = 167.149 us, Queueing time: mean = 7.524 ms, max = 15.033 ms, min = 525.215 us, total = 90.291 ms
	PeriodicalRunner.RunFnPeriodically - 7 total (0 active), Execution time: mean = 148.657 us, total = 1.041 ms, Queueing time: mean = 451.043 us, max = 730.800 us, min = 62.900 us, total = 3.157 ms
	CoreWorker.GCStreamingGeneratorMetadata - 6 total (1 active), Execution time: mean = 2.615 us, total = 15.693 us, Queueing time: mean = 7.570 ms, max = 13.169 ms, min = 6.496 ms, total = 45.422 ms
	InternalPubSubGcsService.grpc_client.GcsSubscriberPoll - 1 total (1 active), Execution time: mean = 0.000 s, total = 0.000 s, Queueing time: mean = 0.000 s, max = -0.000 s, min = 9223372036.855 s, total = 0.000 s
	Publisher.CheckDeadSubscribers - 1 total (1 active), Execution time: mean = 0.000 s, total = 0.000 s, Queueing time: mean = 0.000 s, max = -0.000 s, min = 9223372036.855 s, total = 0.000 s
	WorkerInfoGcsService.grpc_client.AddWorkerInfo.OnReplyReceived - 1 total (0 active), Execution time: mean = 31.200 us, total = 31.200 us, Queueing time: mean = 931.000 us, max = 931.000 us, min = 931.000 us, total = 931.000 us
	InternalPubSubGcsService.grpc_client.GcsSubscriberCommandBatch - 1 total (0 active), Execution time: mean = 789.800 us, total = 789.800 us, Queueing time: mean = 0.000 s, max = -0.000 s, min = 9223372036.855 s, total = 0.000 s
	CoreWorker.PrintEventStats - 1 total (1 active, 1 running), Execution time: mean = 0.000 s, total = 0.000 s, Queueing time: mean = 0.000 s, max = -0.000 s, min = 9223372036.855 s, total = 0.000 s
	WorkerInfoGcsService.grpc_client.AddWorkerInfo - 1 total (0 active), Execution time: mean = 1.831 ms, total = 1.831 ms, Queueing time: mean = 0.000 s, max = -0.000 s, min = 9223372036.855 s, total = 0.000 s
	InternalPubSubGcsService.grpc_client.GcsSubscriberCommandBatch.OnReplyReceived - 1 total (0 active), Execution time: mean = 164.100 us, total = 164.100 us, Queueing time: mean = 572.100 us, max = 572.100 us, min = 572.100 us, total = 572.100 us
	NodeInfoGcsService.grpc_client.GetAllNodeInfo.OnReplyReceived - 1 total (0 active), Execution time: mean = 103.600 us, total = 103.600 us, Queueing time: mean = 146.400 us, max = 146.400 us, min = 146.400 us, total = 146.400 us
	NodeInfoGcsService.grpc_client.GetAllNodeInfo - 1 total (0 active), Execution time: mean = 695.900 us, total = 695.900 us, Queueing time: mean = 0.000 s, max = -0.000 s, min = 9223372036.855 s, total = 0.000 s

-----------------
Task Event stats:

IO Service Stats:

Global stats: 181 total (1 active)
Queueing time: mean = 3.019 ms, max = 15.524 ms, min = -0.000 s, total = 546.420 ms
Execution time:  mean = 162.224 us, total = 29.362 ms
Event stats:
	TaskInfoGcsService.grpc_client.AddTaskEventData - 60 total (0 active), Execution time: mean = 373.435 us, total = 22.406 ms, Queueing time: mean = 0.000 s, max = -0.000 s, min = 9223372036.855 s, total = 0.000 s
	CoreWorker.deadline_timer.flush_task_events - 60 total (1 active), Execution time: mean = 100.428 us, total = 6.026 ms, Queueing time: mean = 9.067 ms, max = 15.524 ms, min = -0.000 s, total = 544.023 ms
	TaskInfoGcsService.grpc_client.AddTaskEventData.OnReplyReceived - 60 total (0 active), Execution time: mean = 13.608 us, total = 816.451 us, Queueing time: mean = 11.965 us, max = 76.773 us, min = 3.178 us, total = 717.917 us
	PeriodicalRunner.RunFnPeriodically - 1 total (0 active), Execution time: mean = 114.300 us, total = 114.300 us, Queueing time: mean = 1.679 ms, max = 1.679 ms, min = 1.679 ms, total = 1.679 ms
Other Stats:
	grpc_in_progress:0
	current number of task status events in buffer: 0
	current number of profile events in buffer: 0
	current number of dropped task attempts tracked: 0
	total task events sent: 0 MiB
	total number of task attempts sent: 0
	total number of task attempts dropped reported: 0
	total number of sent failure: 0
	num status task events dropped: 0
	num profile task events dropped: 0


