[2024-09-05 18:01:46,146 I 3740 16808] core_worker_process.cc:107: Constructing CoreWorkerProcess. pid: 3740
[2024-09-05 18:01:46,148 I 3740 16808] io_service_pool.cc:35: IOServicePool is running with 1 io_service.
[2024-09-05 18:01:46,149 I 3740 16808] grpc_server.cc:129: worker server started, listening on port 55762.
[2024-09-05 18:01:46,153 I 3740 16808] core_worker.cc:252: Initializing worker at address: 127.0.0.1:55762, worker ID f97153a1143d3c17075a29236658eee871400fd889522c5633b763d8, raylet 6d88af7bf0953c3f8113d9ed4e7b2afb0467f08231f08200c6a1d4b5
[2024-09-05 18:01:46,153 I 3740 16808] task_event_buffer.cc:177: Reporting task events to GCS every 1000ms.
[2024-09-05 18:01:46,154 I 3740 20820] accessor.cc:627: Received notification for node id = 6d88af7bf0953c3f8113d9ed4e7b2afb0467f08231f08200c6a1d4b5, IsAlive = 1
[2024-09-05 18:01:46,154 I 3740 20820] core_worker.cc:4552: Number of alive nodes:1
[2024-09-05 18:01:46,154 I 3740 20820] core_worker.cc:614: Event stats:


Global stats: 12 total (4 active)
Queueing time: mean = 6.842 us, max = 64.100 us, min = 3.400 us, total = 82.100 us
Execution time:  mean = 71.833 us, total = 862.000 us
Event stats:
	PeriodicalRunner.RunFnPeriodically - 3 total (1 active, 1 running), Execution time: mean = 7.367 us, total = 22.100 us, Queueing time: mean = 22.500 us, max = 64.100 us, min = 3.400 us, total = 67.500 us
	InternalPubSubGcsService.grpc_client.GcsSubscriberPoll - 1 total (1 active), Execution time: mean = 0.000 s, total = 0.000 s, Queueing time: mean = 0.000 s, max = -0.000 s, min = 9223372036.855 s, total = 0.000 s
	NodeInfoGcsService.grpc_client.GetAllNodeInfo - 1 total (0 active), Execution time: mean = 210.700 us, total = 210.700 us, Queueing time: mean = 0.000 s, max = -0.000 s, min = 9223372036.855 s, total = 0.000 s
	InternalPubSubGcsService.grpc_client.GcsSubscriberCommandBatch.OnReplyReceived - 1 total (0 active), Execution time: mean = 90.900 us, total = 90.900 us, Queueing time: mean = 5.000 us, max = 5.000 us, min = 5.000 us, total = 5.000 us
	WorkerInfoGcsService.grpc_client.AddWorkerInfo - 1 total (0 active), Execution time: mean = 262.400 us, total = 262.400 us, Queueing time: mean = 0.000 s, max = -0.000 s, min = 9223372036.855 s, total = 0.000 s
	CoreWorker.ExitIfParentRayletDies - 1 total (1 active), Execution time: mean = 0.000 s, total = 0.000 s, Queueing time: mean = 0.000 s, max = -0.000 s, min = 9223372036.855 s, total = 0.000 s
	WorkerInfoGcsService.grpc_client.AddWorkerInfo.OnReplyReceived - 1 total (0 active), Execution time: mean = 21.000 us, total = 21.000 us, Queueing time: mean = 4.700 us, max = 4.700 us, min = 4.700 us, total = 4.700 us
	Publisher.CheckDeadSubscribers - 1 total (1 active), Execution time: mean = 0.000 s, total = 0.000 s, Queueing time: mean = 0.000 s, max = -0.000 s, min = 9223372036.855 s, total = 0.000 s
	NodeInfoGcsService.grpc_client.GetAllNodeInfo.OnReplyReceived - 1 total (0 active), Execution time: mean = 65.200 us, total = 65.200 us, Queueing time: mean = 4.900 us, max = 4.900 us, min = 4.900 us, total = 4.900 us
	InternalPubSubGcsService.grpc_client.GcsSubscriberCommandBatch - 1 total (0 active), Execution time: mean = 189.700 us, total = 189.700 us, Queueing time: mean = 0.000 s, max = -0.000 s, min = 9223372036.855 s, total = 0.000 s

-----------------
Task Event stats:

IO Service Stats:

Global stats: 4 total (1 active)
Queueing time: mean = 2.075 us, max = 4.300 us, min = 4.000 us, total = 8.300 us
Execution time:  mean = 79.575 us, total = 318.300 us
Event stats:
	TaskInfoGcsService.grpc_client.AddTaskEventData - 1 total (0 active), Execution time: mean = 207.000 us, total = 207.000 us, Queueing time: mean = 0.000 s, max = -0.000 s, min = 9223372036.855 s, total = 0.000 s
	CoreWorker.deadline_timer.flush_task_events - 1 total (1 active), Execution time: mean = 0.000 s, total = 0.000 s, Queueing time: mean = 0.000 s, max = -0.000 s, min = 9223372036.855 s, total = 0.000 s
	TaskInfoGcsService.grpc_client.AddTaskEventData.OnReplyReceived - 1 total (0 active), Execution time: mean = 15.900 us, total = 15.900 us, Queueing time: mean = 4.000 us, max = 4.000 us, min = 4.000 us, total = 4.000 us
	PeriodicalRunner.RunFnPeriodically - 1 total (0 active), Execution time: mean = 95.400 us, total = 95.400 us, Queueing time: mean = 4.300 us, max = 4.300 us, min = 4.300 us, total = 4.300 us
Other Stats:
	grpc_in_progress:0
	current number of task status events in buffer: 0
	current number of profile events in buffer: 0
	current number of dropped task attempts tracked: 0
	total task events sent: 0 MiB
	total number of task attempts sent: 0
	total number of task attempts dropped reported: 0
	total number of sent failure: 0
	num status task events dropped: 0
	num profile task events dropped: 0


[2024-09-05 18:01:46,156 I 3740 16808] event.cc:234: Set ray event level to warning
[2024-09-05 18:01:46,156 I 3740 16808] event.cc:342: Ray Event initialized for CORE_WORKER
[2024-09-05 18:01:46,157 I 3740 16808] direct_actor_task_submitter.cc:36: Set max pending calls to -1 for actor 877b269fdd42319d174ea74001000000
[2024-09-05 18:01:46,157 I 3740 16808] direct_actor_task_submitter.cc:237: Connecting to actor 877b269fdd42319d174ea74001000000 at worker f97153a1143d3c17075a29236658eee871400fd889522c5633b763d8
[2024-09-05 18:01:46,157 I 3740 16808] core_worker.cc:2861: Creating actor: 877b269fdd42319d174ea74001000000
[2024-09-05 18:01:46,161 I 3740 16808] direct_actor_transport.cc:188: Actor creation task finished, task_id: ffffffffffffffff877b269fdd42319d174ea74001000000, actor_id: 877b269fdd42319d174ea74001000000, actor_repr_name: 
[2024-09-05 18:01:55,618 I 3740 16808] out_of_order_actor_scheduling_queue.cc:40: Setting actor as asyncio with max_concurrency=1000, and defined concurrency groups are:

[2024-09-05 18:01:58,192 W 3740 20792] metric_exporter.cc:105: [1] Export metrics to agent failed: GrpcUnavailable: RPC Error message: failed to connect to all addresses; last error: UNAVAILABLE: ipv4:127.0.0.1:61957: Connection refused; RPC Error details: . This won't affect Ray, but you can lose metrics from the cluster.
