[2024-09-05 18:01:46,198 I 21328 18268] core_worker_process.cc:107: Constructing CoreWorkerProcess. pid: 21328
[2024-09-05 18:01:46,201 I 21328 18268] io_service_pool.cc:35: IOServicePool is running with 1 io_service.
[2024-09-05 18:01:46,202 I 21328 18268] grpc_server.cc:129: worker server started, listening on port 55771.
[2024-09-05 18:01:46,206 I 21328 18268] core_worker.cc:252: Initializing worker at address: 127.0.0.1:55771, worker ID cbef800d5e2f89a4ec1f6ffe43b314a8f31f660eac22e585c9ae2c9f, raylet 6d88af7bf0953c3f8113d9ed4e7b2afb0467f08231f08200c6a1d4b5
[2024-09-05 18:01:46,207 I 21328 18268] task_event_buffer.cc:177: Reporting task events to GCS every 1000ms.
[2024-09-05 18:01:46,207 I 21328 21088] accessor.cc:627: Received notification for node id = 6d88af7bf0953c3f8113d9ed4e7b2afb0467f08231f08200c6a1d4b5, IsAlive = 1
[2024-09-05 18:01:46,207 I 21328 21088] core_worker.cc:4552: Number of alive nodes:1
[2024-09-05 18:01:46,208 I 21328 21088] core_worker.cc:614: Event stats:


Global stats: 12 total (4 active)
Queueing time: mean = 10.208 us, max = 106.300 us, min = 3.500 us, total = 122.500 us
Execution time:  mean = 80.358 us, total = 964.300 us
Event stats:
	PeriodicalRunner.RunFnPeriodically - 3 total (1 active, 1 running), Execution time: mean = 6.833 us, total = 20.500 us, Queueing time: mean = 36.600 us, max = 106.300 us, min = 3.500 us, total = 109.800 us
	WorkerInfoGcsService.grpc_client.AddWorkerInfo.OnReplyReceived - 1 total (0 active), Execution time: mean = 23.600 us, total = 23.600 us, Queueing time: mean = 4.700 us, max = 4.700 us, min = 4.700 us, total = 4.700 us
	Publisher.CheckDeadSubscribers - 1 total (1 active), Execution time: mean = 0.000 s, total = 0.000 s, Queueing time: mean = 0.000 s, max = -0.000 s, min = 9223372036.855 s, total = 0.000 s
	CoreWorker.ExitIfParentRayletDies - 1 total (1 active), Execution time: mean = 0.000 s, total = 0.000 s, Queueing time: mean = 0.000 s, max = -0.000 s, min = 9223372036.855 s, total = 0.000 s
	NodeInfoGcsService.grpc_client.GetAllNodeInfo.OnReplyReceived - 1 total (0 active), Execution time: mean = 75.200 us, total = 75.200 us, Queueing time: mean = 4.300 us, max = 4.300 us, min = 4.300 us, total = 4.300 us
	InternalPubSubGcsService.grpc_client.GcsSubscriberCommandBatch - 1 total (0 active), Execution time: mean = 194.400 us, total = 194.400 us, Queueing time: mean = 0.000 s, max = -0.000 s, min = 9223372036.855 s, total = 0.000 s
	NodeInfoGcsService.grpc_client.GetAllNodeInfo - 1 total (0 active), Execution time: mean = 215.100 us, total = 215.100 us, Queueing time: mean = 0.000 s, max = -0.000 s, min = 9223372036.855 s, total = 0.000 s
	InternalPubSubGcsService.grpc_client.GcsSubscriberPoll - 1 total (1 active), Execution time: mean = 0.000 s, total = 0.000 s, Queueing time: mean = 0.000 s, max = -0.000 s, min = 9223372036.855 s, total = 0.000 s
	InternalPubSubGcsService.grpc_client.GcsSubscriberCommandBatch.OnReplyReceived - 1 total (0 active), Execution time: mean = 76.700 us, total = 76.700 us, Queueing time: mean = 3.700 us, max = 3.700 us, min = 3.700 us, total = 3.700 us
	WorkerInfoGcsService.grpc_client.AddWorkerInfo - 1 total (0 active), Execution time: mean = 358.800 us, total = 358.800 us, Queueing time: mean = 0.000 s, max = -0.000 s, min = 9223372036.855 s, total = 0.000 s

-----------------
Task Event stats:

IO Service Stats:

Global stats: 4 total (1 active)
Queueing time: mean = 2.300 us, max = 4.700 us, min = 4.500 us, total = 9.200 us
Execution time:  mean = 80.325 us, total = 321.300 us
Event stats:
	PeriodicalRunner.RunFnPeriodically - 1 total (0 active), Execution time: mean = 94.800 us, total = 94.800 us, Queueing time: mean = 4.700 us, max = 4.700 us, min = 4.700 us, total = 4.700 us
	TaskInfoGcsService.grpc_client.AddTaskEventData - 1 total (0 active), Execution time: mean = 208.600 us, total = 208.600 us, Queueing time: mean = 0.000 s, max = -0.000 s, min = 9223372036.855 s, total = 0.000 s
	CoreWorker.deadline_timer.flush_task_events - 1 total (1 active), Execution time: mean = 0.000 s, total = 0.000 s, Queueing time: mean = 0.000 s, max = -0.000 s, min = 9223372036.855 s, total = 0.000 s
	TaskInfoGcsService.grpc_client.AddTaskEventData.OnReplyReceived - 1 total (0 active), Execution time: mean = 17.900 us, total = 17.900 us, Queueing time: mean = 4.500 us, max = 4.500 us, min = 4.500 us, total = 4.500 us
Other Stats:
	grpc_in_progress:0
	current number of task status events in buffer: 0
	current number of profile events in buffer: 0
	current number of dropped task attempts tracked: 0
	total task events sent: 0 MiB
	total number of task attempts sent: 0
	total number of task attempts dropped reported: 0
	total number of sent failure: 0
	num status task events dropped: 0
	num profile task events dropped: 0


[2024-09-05 18:01:46,209 I 21328 18268] event.cc:234: Set ray event level to warning
[2024-09-05 18:01:46,209 I 21328 18268] event.cc:342: Ray Event initialized for CORE_WORKER
[2024-09-05 18:01:46,210 I 21328 18268] direct_actor_task_submitter.cc:36: Set max pending calls to -1 for actor d96e0f6aae26bc2f8a5817d701000000
[2024-09-05 18:01:46,210 I 21328 18268] direct_actor_task_submitter.cc:237: Connecting to actor d96e0f6aae26bc2f8a5817d701000000 at worker cbef800d5e2f89a4ec1f6ffe43b314a8f31f660eac22e585c9ae2c9f
[2024-09-05 18:01:46,210 I 21328 18268] core_worker.cc:2861: Creating actor: d96e0f6aae26bc2f8a5817d701000000
[2024-09-05 18:01:47,223 I 21328 18268] direct_actor_task_submitter.cc:36: Set max pending calls to -1 for actor 877b269fdd42319d174ea74001000000
[2024-09-05 18:01:51,886 I 21328 18268] direct_actor_transport.cc:188: Actor creation task finished, task_id: ffffffffffffffffd96e0f6aae26bc2f8a5817d701000000, actor_id: d96e0f6aae26bc2f8a5817d701000000, actor_repr_name: 
[2024-09-05 18:01:55,617 I 21328 21088] actor_manager.cc:214: received notification on actor, state: ALIVE, actor_id: 877b269fdd42319d174ea74001000000, ip address: 127.0.0.1, port: 55762, worker_id: f97153a1143d3c17075a29236658eee871400fd889522c5633b763d8, raylet_id: 6d88af7bf0953c3f8113d9ed4e7b2afb0467f08231f08200c6a1d4b5, num_restarts: 0, death context type=CONTEXT_NOT_SET
[2024-09-05 18:01:55,618 I 21328 21088] direct_actor_task_submitter.cc:237: Connecting to actor 877b269fdd42319d174ea74001000000 at worker f97153a1143d3c17075a29236658eee871400fd889522c5633b763d8
[2024-09-05 18:01:58,270 W 21328 20936] metric_exporter.cc:105: [1] Export metrics to agent failed: GrpcUnavailable: RPC Error message: failed to connect to all addresses; last error: UNAVAILABLE: ipv4:127.0.0.1:61957: Connection refused; RPC Error details: . This won't affect Ray, but you can lose metrics from the cluster.
