[2024-09-05 18:01:30,221 I 8428 16752] core_worker_process.cc:107: Constructing CoreWorkerProcess. pid: 8428
[2024-09-05 18:01:30,224 I 8428 16752] io_service_pool.cc:35: IOServicePool is running with 1 io_service.
[2024-09-05 18:01:30,226 I 8428 16752] grpc_server.cc:129: worker server started, listening on port 55599.
[2024-09-05 18:01:30,232 I 8428 16752] core_worker.cc:252: Initializing worker at address: 127.0.0.1:55599, worker ID a1a9223f2cfd1abcf74ef1fd46b9ae2033e267cb4ab92938ddbeefde, raylet 6d88af7bf0953c3f8113d9ed4e7b2afb0467f08231f08200c6a1d4b5
[2024-09-05 18:01:30,233 I 8428 16752] task_event_buffer.cc:177: Reporting task events to GCS every 1000ms.
[2024-09-05 18:01:30,234 I 8428 6656] accessor.cc:627: Received notification for node id = 6d88af7bf0953c3f8113d9ed4e7b2afb0467f08231f08200c6a1d4b5, IsAlive = 1
[2024-09-05 18:01:30,234 I 8428 6656] core_worker.cc:4552: Number of alive nodes:1
[2024-09-05 18:01:30,235 I 8428 6656] core_worker.cc:614: Event stats:


Global stats: 12 total (4 active)
Queueing time: mean = 11.325 us, max = 94.300 us, min = 5.300 us, total = 135.900 us
Execution time:  mean = 114.017 us, total = 1.368 ms
Event stats:
	PeriodicalRunner.RunFnPeriodically - 3 total (1 active, 1 running), Execution time: mean = 11.800 us, total = 35.400 us, Queueing time: mean = 36.800 us, max = 94.300 us, min = 16.100 us, total = 110.400 us
	InternalPubSubGcsService.grpc_client.GcsSubscriberCommandBatch - 1 total (0 active), Execution time: mean = 348.300 us, total = 348.300 us, Queueing time: mean = 0.000 s, max = -0.000 s, min = 9223372036.855 s, total = 0.000 s
	InternalPubSubGcsService.grpc_client.GcsSubscriberPoll - 1 total (1 active), Execution time: mean = 0.000 s, total = 0.000 s, Queueing time: mean = 0.000 s, max = -0.000 s, min = 9223372036.855 s, total = 0.000 s
	NodeInfoGcsService.grpc_client.GetAllNodeInfo - 1 total (0 active), Execution time: mean = 253.100 us, total = 253.100 us, Queueing time: mean = 0.000 s, max = -0.000 s, min = 9223372036.855 s, total = 0.000 s
	NodeInfoGcsService.grpc_client.GetAllNodeInfo.OnReplyReceived - 1 total (0 active), Execution time: mean = 96.500 us, total = 96.500 us, Queueing time: mean = 5.300 us, max = 5.300 us, min = 5.300 us, total = 5.300 us
	CoreWorker.ExitIfParentRayletDies - 1 total (1 active), Execution time: mean = 0.000 s, total = 0.000 s, Queueing time: mean = 0.000 s, max = -0.000 s, min = 9223372036.855 s, total = 0.000 s
	WorkerInfoGcsService.grpc_client.AddWorkerInfo.OnReplyReceived - 1 total (0 active), Execution time: mean = 32.300 us, total = 32.300 us, Queueing time: mean = 7.200 us, max = 7.200 us, min = 7.200 us, total = 7.200 us
	Publisher.CheckDeadSubscribers - 1 total (1 active), Execution time: mean = 0.000 s, total = 0.000 s, Queueing time: mean = 0.000 s, max = -0.000 s, min = 9223372036.855 s, total = 0.000 s
	InternalPubSubGcsService.grpc_client.GcsSubscriberCommandBatch.OnReplyReceived - 1 total (0 active), Execution time: mean = 125.700 us, total = 125.700 us, Queueing time: mean = 13.000 us, max = 13.000 us, min = 13.000 us, total = 13.000 us
	WorkerInfoGcsService.grpc_client.AddWorkerInfo - 1 total (0 active), Execution time: mean = 476.900 us, total = 476.900 us, Queueing time: mean = 0.000 s, max = -0.000 s, min = 9223372036.855 s, total = 0.000 s

-----------------
Task Event stats:

IO Service Stats:

Global stats: 4 total (1 active)
Queueing time: mean = 10.925 us, max = 24.900 us, min = 18.800 us, total = 43.700 us
Execution time:  mean = 126.475 us, total = 505.900 us
Event stats:
	CoreWorker.deadline_timer.flush_task_events - 1 total (1 active), Execution time: mean = 0.000 s, total = 0.000 s, Queueing time: mean = 0.000 s, max = -0.000 s, min = 9223372036.855 s, total = 0.000 s
	TaskInfoGcsService.grpc_client.AddTaskEventData - 1 total (0 active), Execution time: mean = 348.300 us, total = 348.300 us, Queueing time: mean = 0.000 s, max = -0.000 s, min = 9223372036.855 s, total = 0.000 s
	PeriodicalRunner.RunFnPeriodically - 1 total (0 active), Execution time: mean = 136.200 us, total = 136.200 us, Queueing time: mean = 18.800 us, max = 18.800 us, min = 18.800 us, total = 18.800 us
	TaskInfoGcsService.grpc_client.AddTaskEventData.OnReplyReceived - 1 total (0 active), Execution time: mean = 21.400 us, total = 21.400 us, Queueing time: mean = 24.900 us, max = 24.900 us, min = 24.900 us, total = 24.900 us
Other Stats:
	grpc_in_progress:0
	current number of task status events in buffer: 0
	current number of profile events in buffer: 0
	current number of dropped task attempts tracked: 0
	total task events sent: 0 MiB
	total number of task attempts sent: 0
	total number of task attempts dropped reported: 0
	total number of sent failure: 0
	num status task events dropped: 0
	num profile task events dropped: 0


[2024-09-05 18:01:30,236 I 8428 16752] event.cc:234: Set ray event level to warning
[2024-09-05 18:01:30,236 I 8428 16752] event.cc:342: Ray Event initialized for CORE_WORKER
[2024-09-05 18:01:42,338 W 8428 10156] metric_exporter.cc:105: [1] Export metrics to agent failed: GrpcUnavailable: RPC Error message: failed to connect to all addresses; last error: UNAVAILABLE: ipv4:127.0.0.1:61957: Connection refused; RPC Error details: . This won't affect Ray, but you can lose metrics from the cluster.
[2024-09-05 18:02:30,245 I 8428 6656] core_worker.cc:614: Event stats:


Global stats: 826 total (8 active)
Queueing time: mean = 7.278 ms, max = 15.692 ms, min = -0.000 s, total = 6.011 s
Execution time:  mean = 41.428 us, total = 34.220 ms
Event stats:
	CoreWorker.RecoverObjects - 552 total (1 active), Execution time: mean = 4.023 us, total = 2.221 ms, Queueing time: mean = 8.724 ms, max = 13.421 ms, min = 5.334 ms, total = 4.816 s
	CoreWorker.InternalHeartbeat - 60 total (1 active), Execution time: mean = 80.691 us, total = 4.841 ms, Queueing time: mean = 8.803 ms, max = 15.620 ms, min = -0.000 s, total = 528.207 ms
	CoreWorker.ExitIfParentRayletDies - 60 total (1 active), Execution time: mean = 9.677 us, total = 580.612 us, Queueing time: mean = 9.074 ms, max = 15.692 ms, min = -0.000 s, total = 544.433 ms
	NodeManagerService.grpc_client.ReportWorkerBacklog - 60 total (0 active), Execution time: mean = 388.168 us, total = 23.290 ms, Queueing time: mean = 0.000 s, max = -0.000 s, min = 9223372036.855 s, total = 0.000 s
	NodeManagerService.grpc_client.ReportWorkerBacklog.OnReplyReceived - 60 total (0 active), Execution time: mean = 10.331 us, total = 619.865 us, Queueing time: mean = 11.655 us, max = 71.215 us, min = 3.402 us, total = 699.293 us
	CoreWorker.RecordMetrics - 12 total (1 active), Execution time: mean = 12.686 us, total = 152.229 us, Queueing time: mean = 6.271 ms, max = 12.589 ms, min = 115.478 us, total = 75.251 ms
	PeriodicalRunner.RunFnPeriodically - 7 total (0 active), Execution time: mean = 166.229 us, total = 1.164 ms, Queueing time: mean = 219.029 us, max = 702.900 us, min = 4.600 us, total = 1.533 ms
	CoreWorker.GCStreamingGeneratorMetadata - 6 total (1 active), Execution time: mean = 3.071 us, total = 18.425 us, Queueing time: mean = 7.555 ms, max = 14.169 ms, min = 6.391 ms, total = 45.331 ms
	InternalPubSubGcsService.grpc_client.GcsSubscriberCommandBatch.OnReplyReceived - 1 total (0 active), Execution time: mean = 125.700 us, total = 125.700 us, Queueing time: mean = 13.000 us, max = 13.000 us, min = 13.000 us, total = 13.000 us
	WorkerInfoGcsService.grpc_client.AddWorkerInfo - 1 total (0 active), Execution time: mean = 476.900 us, total = 476.900 us, Queueing time: mean = 0.000 s, max = -0.000 s, min = 9223372036.855 s, total = 0.000 s
	CoreWorker.PrintEventStats - 1 total (1 active, 1 running), Execution time: mean = 0.000 s, total = 0.000 s, Queueing time: mean = 0.000 s, max = -0.000 s, min = 9223372036.855 s, total = 0.000 s
	NodeInfoGcsService.grpc_client.GetAllNodeInfo - 1 total (0 active), Execution time: mean = 253.100 us, total = 253.100 us, Queueing time: mean = 0.000 s, max = -0.000 s, min = 9223372036.855 s, total = 0.000 s
	NodeInfoGcsService.grpc_client.GetAllNodeInfo.OnReplyReceived - 1 total (0 active), Execution time: mean = 96.500 us, total = 96.500 us, Queueing time: mean = 5.300 us, max = 5.300 us, min = 5.300 us, total = 5.300 us
	InternalPubSubGcsService.grpc_client.GcsSubscriberPoll - 1 total (1 active), Execution time: mean = 0.000 s, total = 0.000 s, Queueing time: mean = 0.000 s, max = -0.000 s, min = 9223372036.855 s, total = 0.000 s
	InternalPubSubGcsService.grpc_client.GcsSubscriberCommandBatch - 1 total (0 active), Execution time: mean = 348.300 us, total = 348.300 us, Queueing time: mean = 0.000 s, max = -0.000 s, min = 9223372036.855 s, total = 0.000 s
	WorkerInfoGcsService.grpc_client.AddWorkerInfo.OnReplyReceived - 1 total (0 active), Execution time: mean = 32.300 us, total = 32.300 us, Queueing time: mean = 7.200 us, max = 7.200 us, min = 7.200 us, total = 7.200 us
	Publisher.CheckDeadSubscribers - 1 total (1 active), Execution time: mean = 0.000 s, total = 0.000 s, Queueing time: mean = 0.000 s, max = -0.000 s, min = 9223372036.855 s, total = 0.000 s

-----------------
Task Event stats:

IO Service Stats:

Global stats: 181 total (1 active)
Queueing time: mean = 2.931 ms, max = 15.590 ms, min = -0.000 s, total = 530.430 ms
Execution time:  mean = 168.965 us, total = 30.583 ms
Event stats:
	CoreWorker.deadline_timer.flush_task_events - 60 total (1 active), Execution time: mean = 108.565 us, total = 6.514 ms, Queueing time: mean = 8.830 ms, max = 15.590 ms, min = -0.000 s, total = 529.811 ms
	TaskInfoGcsService.grpc_client.AddTaskEventData - 60 total (0 active), Execution time: mean = 386.503 us, total = 23.190 ms, Queueing time: mean = 0.000 s, max = -0.000 s, min = 9223372036.855 s, total = 0.000 s
	TaskInfoGcsService.grpc_client.AddTaskEventData.OnReplyReceived - 60 total (0 active), Execution time: mean = 12.373 us, total = 742.357 us, Queueing time: mean = 10.006 us, max = 63.860 us, min = 3.231 us, total = 600.341 us
	PeriodicalRunner.RunFnPeriodically - 1 total (0 active), Execution time: mean = 136.200 us, total = 136.200 us, Queueing time: mean = 18.800 us, max = 18.800 us, min = 18.800 us, total = 18.800 us
Other Stats:
	grpc_in_progress:0
	current number of task status events in buffer: 0
	current number of profile events in buffer: 0
	current number of dropped task attempts tracked: 0
	total task events sent: 0 MiB
	total number of task attempts sent: 0
	total number of task attempts dropped reported: 0
	total number of sent failure: 0
	num status task events dropped: 0
	num profile task events dropped: 0


