[2024-09-05 18:01:38,176 I 6632 18564] core_worker_process.cc:107: Constructing CoreWorkerProcess. pid: 6632
[2024-09-05 18:01:38,178 I 6632 18564] io_service_pool.cc:35: IOServicePool is running with 1 io_service.
[2024-09-05 18:01:38,180 I 6632 18564] grpc_server.cc:129: worker server started, listening on port 55697.
[2024-09-05 18:01:38,184 I 6632 18564] core_worker.cc:252: Initializing worker at address: 127.0.0.1:55697, worker ID 46a6be9ec990e5a2a6d27b8cfa65b21aa6aa7bf35adc3fdc2377dc72, raylet 6d88af7bf0953c3f8113d9ed4e7b2afb0467f08231f08200c6a1d4b5
[2024-09-05 18:01:38,184 I 6632 18564] task_event_buffer.cc:177: Reporting task events to GCS every 1000ms.
[2024-09-05 18:01:38,185 I 6632 11216] accessor.cc:627: Received notification for node id = 6d88af7bf0953c3f8113d9ed4e7b2afb0467f08231f08200c6a1d4b5, IsAlive = 1
[2024-09-05 18:01:38,185 I 6632 11216] core_worker.cc:4552: Number of alive nodes:1
[2024-09-05 18:01:38,185 I 6632 11216] core_worker.cc:614: Event stats:


Global stats: 12 total (4 active)
Queueing time: mean = 7.833 us, max = 75.300 us, min = 4.000 us, total = 94.000 us
Execution time:  mean = 80.617 us, total = 967.400 us
Event stats:
	PeriodicalRunner.RunFnPeriodically - 3 total (1 active, 1 running), Execution time: mean = 7.200 us, total = 21.600 us, Queueing time: mean = 26.433 us, max = 75.300 us, min = 4.000 us, total = 79.300 us
	CoreWorker.ExitIfParentRayletDies - 1 total (1 active), Execution time: mean = 0.000 s, total = 0.000 s, Queueing time: mean = 0.000 s, max = -0.000 s, min = 9223372036.855 s, total = 0.000 s
	WorkerInfoGcsService.grpc_client.AddWorkerInfo.OnReplyReceived - 1 total (0 active), Execution time: mean = 25.900 us, total = 25.900 us, Queueing time: mean = 5.700 us, max = 5.700 us, min = 5.700 us, total = 5.700 us
	WorkerInfoGcsService.grpc_client.AddWorkerInfo - 1 total (0 active), Execution time: mean = 356.100 us, total = 356.100 us, Queueing time: mean = 0.000 s, max = -0.000 s, min = 9223372036.855 s, total = 0.000 s
	InternalPubSubGcsService.grpc_client.GcsSubscriberCommandBatch.OnReplyReceived - 1 total (0 active), Execution time: mean = 92.800 us, total = 92.800 us, Queueing time: mean = 4.700 us, max = 4.700 us, min = 4.700 us, total = 4.700 us
	InternalPubSubGcsService.grpc_client.GcsSubscriberPoll - 1 total (1 active), Execution time: mean = 0.000 s, total = 0.000 s, Queueing time: mean = 0.000 s, max = -0.000 s, min = 9223372036.855 s, total = 0.000 s
	InternalPubSubGcsService.grpc_client.GcsSubscriberCommandBatch - 1 total (0 active), Execution time: mean = 220.100 us, total = 220.100 us, Queueing time: mean = 0.000 s, max = -0.000 s, min = 9223372036.855 s, total = 0.000 s
	NodeInfoGcsService.grpc_client.GetAllNodeInfo - 1 total (0 active), Execution time: mean = 186.600 us, total = 186.600 us, Queueing time: mean = 0.000 s, max = -0.000 s, min = 9223372036.855 s, total = 0.000 s
	NodeInfoGcsService.grpc_client.GetAllNodeInfo.OnReplyReceived - 1 total (0 active), Execution time: mean = 64.300 us, total = 64.300 us, Queueing time: mean = 4.300 us, max = 4.300 us, min = 4.300 us, total = 4.300 us
	Publisher.CheckDeadSubscribers - 1 total (1 active), Execution time: mean = 0.000 s, total = 0.000 s, Queueing time: mean = 0.000 s, max = -0.000 s, min = 9223372036.855 s, total = 0.000 s

-----------------
Task Event stats:

IO Service Stats:

Global stats: 4 total (1 active)
Queueing time: mean = 9.350 us, max = 32.900 us, min = 4.500 us, total = 37.400 us
Execution time:  mean = 77.300 us, total = 309.200 us
Event stats:
	CoreWorker.deadline_timer.flush_task_events - 1 total (1 active), Execution time: mean = 0.000 s, total = 0.000 s, Queueing time: mean = 0.000 s, max = -0.000 s, min = 9223372036.855 s, total = 0.000 s
	TaskInfoGcsService.grpc_client.AddTaskEventData - 1 total (0 active), Execution time: mean = 215.700 us, total = 215.700 us, Queueing time: mean = 0.000 s, max = -0.000 s, min = 9223372036.855 s, total = 0.000 s
	PeriodicalRunner.RunFnPeriodically - 1 total (0 active), Execution time: mean = 75.600 us, total = 75.600 us, Queueing time: mean = 32.900 us, max = 32.900 us, min = 32.900 us, total = 32.900 us
	TaskInfoGcsService.grpc_client.AddTaskEventData.OnReplyReceived - 1 total (0 active), Execution time: mean = 17.900 us, total = 17.900 us, Queueing time: mean = 4.500 us, max = 4.500 us, min = 4.500 us, total = 4.500 us
Other Stats:
	grpc_in_progress:0
	current number of task status events in buffer: 0
	current number of profile events in buffer: 0
	current number of dropped task attempts tracked: 0
	total task events sent: 0 MiB
	total number of task attempts sent: 0
	total number of task attempts dropped reported: 0
	total number of sent failure: 0
	num status task events dropped: 0
	num profile task events dropped: 0


[2024-09-05 18:01:38,187 I 6632 18564] event.cc:234: Set ray event level to warning
[2024-09-05 18:01:38,187 I 6632 18564] event.cc:342: Ray Event initialized for CORE_WORKER
[2024-09-05 18:01:38,188 I 6632 18564] direct_actor_task_submitter.cc:36: Set max pending calls to -1 for actor 9128e4ed76519d53b6831e3001000000
[2024-09-05 18:01:38,188 I 6632 18564] direct_actor_task_submitter.cc:237: Connecting to actor 9128e4ed76519d53b6831e3001000000 at worker 46a6be9ec990e5a2a6d27b8cfa65b21aa6aa7bf35adc3fdc2377dc72
[2024-09-05 18:01:38,188 I 6632 18564] core_worker.cc:2861: Creating actor: 9128e4ed76519d53b6831e3001000000
[2024-09-05 18:01:45,388 I 6632 18564] direct_actor_transport.cc:188: Actor creation task finished, task_id: ffffffffffffffff9128e4ed76519d53b6831e3001000000, actor_id: 9128e4ed76519d53b6831e3001000000, actor_repr_name: 
[2024-09-05 18:01:46,559 I 6632 11216] core_worker.cc:4001: Force kill actor request has received. exiting immediately... The actor is dead because it was killed by `ray.kill`.
[2024-09-05 18:01:46,559 W 6632 11216] core_worker.cc:916: Force exit the process.  Details: Worker exits because the actor is killed. The actor is dead because it was killed by `ray.kill`.
[2024-09-05 18:01:46,560 I 6632 11216] core_worker.cc:772: Disconnecting to the raylet.
[2024-09-05 18:01:46,560 I 6632 11216] raylet_client.cc:163: RayletClient::Disconnect, exit_type=INTENDED_SYSTEM_EXIT, exit_detail=Worker exits because the actor is killed. The actor is dead because it was killed by `ray.kill`., has creation_task_exception_pb_bytes=0
