2024-09-05 18:16:27,698	INFO log_monitor.py:155 -- Starting log monitor with [max open files=200], [is_autoscaler_v2=False]
2024-09-05 18:16:27,700	INFO log_monitor.py:273 -- Beginning to track file raylet.err
2024-09-05 18:16:27,700	INFO log_monitor.py:273 -- Beginning to track file monitor.log
2024-09-05 18:16:27,700	INFO log_monitor.py:273 -- Beginning to track file gcs_server.err
2024-09-05 18:16:27,818	INFO log_monitor.py:273 -- Beginning to track file worker-107b746898f43154bf4325169979f76c924fac2fd069170d165889af-ffffffff-1792.err
2024-09-05 18:16:27,818	INFO log_monitor.py:273 -- Beginning to track file worker-107b746898f43154bf4325169979f76c924fac2fd069170d165889af-ffffffff-1792.out
2024-09-05 18:16:27,818	INFO log_monitor.py:273 -- Beginning to track file worker-143bec6f3ffd29f237d8ab86930befea2fb7fd426efa3155364e0a04-ffffffff-18676.err
2024-09-05 18:16:27,818	INFO log_monitor.py:273 -- Beginning to track file worker-143bec6f3ffd29f237d8ab86930befea2fb7fd426efa3155364e0a04-ffffffff-18676.out
2024-09-05 18:16:27,818	INFO log_monitor.py:273 -- Beginning to track file worker-184d95c2aedcc84e5bdf208bcf9ecdae07ca539f1076ca3fb5310c58-ffffffff-20660.err
2024-09-05 18:16:27,819	INFO log_monitor.py:273 -- Beginning to track file worker-184d95c2aedcc84e5bdf208bcf9ecdae07ca539f1076ca3fb5310c58-ffffffff-20660.out
2024-09-05 18:16:27,819	INFO log_monitor.py:273 -- Beginning to track file worker-28f4b3ded252e527c3e8cdfa5d821b743ea3abcfea18dec528ab901b-ffffffff-15140.err
2024-09-05 18:16:27,819	INFO log_monitor.py:273 -- Beginning to track file worker-28f4b3ded252e527c3e8cdfa5d821b743ea3abcfea18dec528ab901b-ffffffff-15140.out
2024-09-05 18:16:27,819	INFO log_monitor.py:273 -- Beginning to track file worker-3dd5bbf9694129cd0c3a91f2419d14583b4d1ac01cd1190b152df333-ffffffff-19264.err
2024-09-05 18:16:27,819	INFO log_monitor.py:273 -- Beginning to track file worker-3dd5bbf9694129cd0c3a91f2419d14583b4d1ac01cd1190b152df333-ffffffff-19264.out
2024-09-05 18:16:27,819	INFO log_monitor.py:273 -- Beginning to track file worker-683d5d564dc201f63feb8d20b64403ecc49177780f76adab8187438e-ffffffff-7000.err
2024-09-05 18:16:27,819	INFO log_monitor.py:273 -- Beginning to track file worker-683d5d564dc201f63feb8d20b64403ecc49177780f76adab8187438e-ffffffff-7000.out
2024-09-05 18:16:27,819	INFO log_monitor.py:273 -- Beginning to track file worker-6e6a6c68ac0f81b68e863067c36a2c6db037e10a961901d41baa8748-ffffffff-13676.err
2024-09-05 18:16:27,819	INFO log_monitor.py:273 -- Beginning to track file worker-6e6a6c68ac0f81b68e863067c36a2c6db037e10a961901d41baa8748-ffffffff-13676.out
2024-09-05 18:16:27,819	INFO log_monitor.py:273 -- Beginning to track file worker-7a74fc802c4d79900daff7d7f7bd166c8fb71c92d6be0e6a5006c3e4-ffffffff-12076.err
2024-09-05 18:16:27,820	INFO log_monitor.py:273 -- Beginning to track file worker-7a74fc802c4d79900daff7d7f7bd166c8fb71c92d6be0e6a5006c3e4-ffffffff-12076.out
2024-09-05 18:16:27,820	INFO log_monitor.py:273 -- Beginning to track file worker-88acaf0184316c5b2fd6625552b894fb8b2748e9474b59377ad376d6-ffffffff-12644.err
2024-09-05 18:16:27,820	INFO log_monitor.py:273 -- Beginning to track file worker-88acaf0184316c5b2fd6625552b894fb8b2748e9474b59377ad376d6-ffffffff-12644.out
2024-09-05 18:16:27,820	INFO log_monitor.py:273 -- Beginning to track file worker-b5f5750e7c42ceae11f567f17fd86e10546967e6bb1b297ad003b3ae-ffffffff-20724.err
2024-09-05 18:16:27,820	INFO log_monitor.py:273 -- Beginning to track file worker-b5f5750e7c42ceae11f567f17fd86e10546967e6bb1b297ad003b3ae-ffffffff-20724.out
2024-09-05 18:16:27,820	INFO log_monitor.py:273 -- Beginning to track file worker-ce6785021fc9bfb2de886379588317817b2d397637f87cab3259afdb-ffffffff-20624.err
2024-09-05 18:16:27,820	INFO log_monitor.py:273 -- Beginning to track file worker-ce6785021fc9bfb2de886379588317817b2d397637f87cab3259afdb-ffffffff-20624.out
2024-09-05 18:16:27,820	INFO log_monitor.py:273 -- Beginning to track file worker-f41f61c127167289677fc84cf603f14099cc1646c8154b3068b122f3-ffffffff-14440.err
2024-09-05 18:16:27,820	INFO log_monitor.py:273 -- Beginning to track file worker-f41f61c127167289677fc84cf603f14099cc1646c8154b3068b122f3-ffffffff-14440.out
2024-09-05 18:16:27,923	INFO log_monitor.py:273 -- Beginning to track file worker-50b954acc62d8277585972cdc1b4cb4a2edac2693232928f36265a99-ffffffff-9820.err
2024-09-05 18:16:27,923	INFO log_monitor.py:273 -- Beginning to track file worker-50b954acc62d8277585972cdc1b4cb4a2edac2693232928f36265a99-ffffffff-9820.out
2024-09-05 18:16:27,923	INFO log_monitor.py:273 -- Beginning to track file worker-abe90ad0443f2f850583d33ca4f51425b538a0606ff0c12199003585-ffffffff-20432.err
2024-09-05 18:16:27,923	INFO log_monitor.py:273 -- Beginning to track file worker-abe90ad0443f2f850583d33ca4f51425b538a0606ff0c12199003585-ffffffff-20432.out
2024-09-05 18:16:27,924	INFO log_monitor.py:273 -- Beginning to track file worker-df8220f631a13ded9b85b94e6020d81df955265e6ddaa2db27a3f57a-ffffffff-10560.err
2024-09-05 18:16:27,924	INFO log_monitor.py:273 -- Beginning to track file worker-df8220f631a13ded9b85b94e6020d81df955265e6ddaa2db27a3f57a-ffffffff-10560.out
2024-09-05 18:16:27,924	INFO log_monitor.py:273 -- Beginning to track file worker-f045dff44ca686613283414c399102fb7dbd8c113eb06f896ee57085-ffffffff-18220.err
2024-09-05 18:16:27,924	INFO log_monitor.py:273 -- Beginning to track file worker-f045dff44ca686613283414c399102fb7dbd8c113eb06f896ee57085-ffffffff-18220.out
2024-09-05 18:16:28,908	INFO log_monitor.py:273 -- Beginning to track file worker-104b5ccca0f469ecbd7cfbc1b4c608af5e518ebb98cfb73ee3ab2997-01000000-19244.err
2024-09-05 18:16:28,908	INFO log_monitor.py:273 -- Beginning to track file worker-104b5ccca0f469ecbd7cfbc1b4c608af5e518ebb98cfb73ee3ab2997-01000000-19244.out
2024-09-05 18:16:35,715	INFO log_monitor.py:273 -- Beginning to track file worker-c0a6dd2d3590b4a16752aaea12e6a42de0383220bd0015f3262cb5b6-01000000-17240.err
2024-09-05 18:16:35,715	INFO log_monitor.py:273 -- Beginning to track file worker-c0a6dd2d3590b4a16752aaea12e6a42de0383220bd0015f3262cb5b6-01000000-17240.out
2024-09-05 18:16:35,716	INFO log_monitor.py:273 -- Beginning to track file worker-de332cc9fb8942de6628e50bbcc2875e73c7da5afcc384637c6ed090-01000000-19256.err
2024-09-05 18:16:35,716	INFO log_monitor.py:273 -- Beginning to track file worker-de332cc9fb8942de6628e50bbcc2875e73c7da5afcc384637c6ed090-01000000-19256.out
2024-09-05 18:16:43,284	INFO log_monitor.py:273 -- Beginning to track file worker-665b99973628d5390e30d589c7c23e582150e6f502fee8d9db07414c-01000000-22112.err
2024-09-05 18:16:43,284	INFO log_monitor.py:273 -- Beginning to track file worker-665b99973628d5390e30d589c7c23e582150e6f502fee8d9db07414c-01000000-22112.out
2024-09-05 18:16:43,285	INFO log_monitor.py:273 -- Beginning to track file worker-b1181e4bae875ffcf03d9328b0ee95b49933c9abbf1760b92af3d4a8-01000000-22140.err
2024-09-05 18:16:43,285	INFO log_monitor.py:273 -- Beginning to track file worker-b1181e4bae875ffcf03d9328b0ee95b49933c9abbf1760b92af3d4a8-01000000-22140.out
