[2024-09-05 18:16:27,760 I 20624 18492] core_worker_process.cc:107: Constructing CoreWorkerProcess. pid: 20624
[2024-09-05 18:16:27,765 I 20624 18492] io_service_pool.cc:35: IOServicePool is running with 1 io_service.
[2024-09-05 18:16:27,769 I 20624 18492] grpc_server.cc:129: worker server started, listening on port 57419.
[2024-09-05 18:16:27,775 I 20624 18492] core_worker.cc:252: Initializing worker at address: 127.0.0.1:57419, worker ID ce6785021fc9bfb2de886379588317817b2d397637f87cab3259afdb, raylet 9d3476886d10e9af010ab5b58cef92de84e168d96fce97943cf85339
[2024-09-05 18:16:27,777 I 20624 18492] task_event_buffer.cc:177: Reporting task events to GCS every 1000ms.
[2024-09-05 18:16:27,778 I 20624 18820] accessor.cc:627: Received notification for node id = 9d3476886d10e9af010ab5b58cef92de84e168d96fce97943cf85339, IsAlive = 1
[2024-09-05 18:16:27,778 I 20624 18820] core_worker.cc:4552: Number of alive nodes:1
[2024-09-05 18:16:27,778 I 20624 18820] core_worker.cc:614: Event stats:


Global stats: 12 total (4 active)
Queueing time: mean = 149.608 us, max = 1.768 ms, min = 4.200 us, total = 1.795 ms
Execution time:  mean = 124.425 us, total = 1.493 ms
Event stats:
	PeriodicalRunner.RunFnPeriodically - 3 total (1 active, 1 running), Execution time: mean = 9.567 us, total = 28.700 us, Queueing time: mean = 590.800 us, max = 1.768 ms, min = 4.200 us, total = 1.772 ms
	NodeInfoGcsService.grpc_client.GetAllNodeInfo.OnReplyReceived - 1 total (0 active), Execution time: mean = 158.900 us, total = 158.900 us, Queueing time: mean = 7.200 us, max = 7.200 us, min = 7.200 us, total = 7.200 us
	InternalPubSubGcsService.grpc_client.GcsSubscriberPoll - 1 total (1 active), Execution time: mean = 0.000 s, total = 0.000 s, Queueing time: mean = 0.000 s, max = -0.000 s, min = 9223372036.855 s, total = 0.000 s
	CoreWorker.ExitIfParentRayletDies - 1 total (1 active), Execution time: mean = 0.000 s, total = 0.000 s, Queueing time: mean = 0.000 s, max = -0.000 s, min = 9223372036.855 s, total = 0.000 s
	WorkerInfoGcsService.grpc_client.AddWorkerInfo - 1 total (0 active), Execution time: mean = 506.300 us, total = 506.300 us, Queueing time: mean = 0.000 s, max = -0.000 s, min = 9223372036.855 s, total = 0.000 s
	InternalPubSubGcsService.grpc_client.GcsSubscriberCommandBatch.OnReplyReceived - 1 total (0 active), Execution time: mean = 150.600 us, total = 150.600 us, Queueing time: mean = 8.100 us, max = 8.100 us, min = 8.100 us, total = 8.100 us
	Publisher.CheckDeadSubscribers - 1 total (1 active), Execution time: mean = 0.000 s, total = 0.000 s, Queueing time: mean = 0.000 s, max = -0.000 s, min = 9223372036.855 s, total = 0.000 s
	InternalPubSubGcsService.grpc_client.GcsSubscriberCommandBatch - 1 total (0 active), Execution time: mean = 309.300 us, total = 309.300 us, Queueing time: mean = 0.000 s, max = -0.000 s, min = 9223372036.855 s, total = 0.000 s
	NodeInfoGcsService.grpc_client.GetAllNodeInfo - 1 total (0 active), Execution time: mean = 276.400 us, total = 276.400 us, Queueing time: mean = 0.000 s, max = -0.000 s, min = 9223372036.855 s, total = 0.000 s
	WorkerInfoGcsService.grpc_client.AddWorkerInfo.OnReplyReceived - 1 total (0 active), Execution time: mean = 62.900 us, total = 62.900 us, Queueing time: mean = 7.600 us, max = 7.600 us, min = 7.600 us, total = 7.600 us

-----------------
Task Event stats:

IO Service Stats:

Global stats: 4 total (1 active)
Queueing time: mean = 6.050 us, max = 18.300 us, min = 5.900 us, total = 24.200 us
Execution time:  mean = 114.025 us, total = 456.100 us
Event stats:
	TaskInfoGcsService.grpc_client.AddTaskEventData - 1 total (0 active), Execution time: mean = 270.000 us, total = 270.000 us, Queueing time: mean = 0.000 s, max = -0.000 s, min = 9223372036.855 s, total = 0.000 s
	TaskInfoGcsService.grpc_client.AddTaskEventData.OnReplyReceived - 1 total (0 active), Execution time: mean = 44.400 us, total = 44.400 us, Queueing time: mean = 18.300 us, max = 18.300 us, min = 18.300 us, total = 18.300 us
	CoreWorker.deadline_timer.flush_task_events - 1 total (1 active), Execution time: mean = 0.000 s, total = 0.000 s, Queueing time: mean = 0.000 s, max = -0.000 s, min = 9223372036.855 s, total = 0.000 s
	PeriodicalRunner.RunFnPeriodically - 1 total (0 active), Execution time: mean = 141.700 us, total = 141.700 us, Queueing time: mean = 5.900 us, max = 5.900 us, min = 5.900 us, total = 5.900 us
Other Stats:
	grpc_in_progress:0
	current number of task status events in buffer: 0
	current number of profile events in buffer: 0
	current number of dropped task attempts tracked: 0
	total task events sent: 0 MiB
	total number of task attempts sent: 0
	total number of task attempts dropped reported: 0
	total number of sent failure: 0
	num status task events dropped: 0
	num profile task events dropped: 0


[2024-09-05 18:16:27,781 I 20624 18492] event.cc:234: Set ray event level to warning
[2024-09-05 18:16:27,781 I 20624 18492] event.cc:342: Ray Event initialized for CORE_WORKER
[2024-09-05 18:16:39,913 W 20624 20820] metric_exporter.cc:105: [1] Export metrics to agent failed: GrpcUnavailable: RPC Error message: failed to connect to all addresses; last error: UNAVAILABLE: ipv4:127.0.0.1:57507: Connection refused; RPC Error details: . This won't affect Ray, but you can lose metrics from the cluster.
