[2024-09-05 18:16:43,182 I 22112 22108] core_worker_process.cc:107: Constructing CoreWorkerProcess. pid: 22112
[2024-09-05 18:16:43,184 I 22112 22108] io_service_pool.cc:35: IOServicePool is running with 1 io_service.
[2024-09-05 18:16:43,185 I 22112 22108] grpc_server.cc:129: worker server started, listening on port 57593.
[2024-09-05 18:16:43,188 I 22112 22108] core_worker.cc:252: Initializing worker at address: 127.0.0.1:57593, worker ID 665b99973628d5390e30d589c7c23e582150e6f502fee8d9db07414c, raylet 9d3476886d10e9af010ab5b58cef92de84e168d96fce97943cf85339
[2024-09-05 18:16:43,189 I 22112 22108] task_event_buffer.cc:177: Reporting task events to GCS every 1000ms.
[2024-09-05 18:16:43,190 I 22112 17816] accessor.cc:627: Received notification for node id = 9d3476886d10e9af010ab5b58cef92de84e168d96fce97943cf85339, IsAlive = 1
[2024-09-05 18:16:43,190 I 22112 17816] core_worker.cc:4552: Number of alive nodes:1
[2024-09-05 18:16:43,190 I 22112 17816] core_worker.cc:614: Event stats:


Global stats: 12 total (4 active)
Queueing time: mean = 7.258 us, max = 68.400 us, min = 4.300 us, total = 87.100 us
Execution time:  mean = 67.233 us, total = 806.800 us
Event stats:
	PeriodicalRunner.RunFnPeriodically - 3 total (1 active, 1 running), Execution time: mean = 8.067 us, total = 24.200 us, Queueing time: mean = 24.233 us, max = 68.400 us, min = 4.300 us, total = 72.700 us
	InternalPubSubGcsService.grpc_client.GcsSubscriberCommandBatch - 1 total (0 active), Execution time: mean = 180.700 us, total = 180.700 us, Queueing time: mean = 0.000 s, max = -0.000 s, min = 9223372036.855 s, total = 0.000 s
	Publisher.CheckDeadSubscribers - 1 total (1 active), Execution time: mean = 0.000 s, total = 0.000 s, Queueing time: mean = 0.000 s, max = -0.000 s, min = 9223372036.855 s, total = 0.000 s
	InternalPubSubGcsService.grpc_client.GcsSubscriberPoll - 1 total (1 active), Execution time: mean = 0.000 s, total = 0.000 s, Queueing time: mean = 0.000 s, max = -0.000 s, min = 9223372036.855 s, total = 0.000 s
	WorkerInfoGcsService.grpc_client.AddWorkerInfo.OnReplyReceived - 1 total (0 active), Execution time: mean = 25.500 us, total = 25.500 us, Queueing time: mean = 5.100 us, max = 5.100 us, min = 5.100 us, total = 5.100 us
	NodeInfoGcsService.grpc_client.GetAllNodeInfo - 1 total (0 active), Execution time: mean = 187.400 us, total = 187.400 us, Queueing time: mean = 0.000 s, max = -0.000 s, min = 9223372036.855 s, total = 0.000 s
	NodeInfoGcsService.grpc_client.GetAllNodeInfo.OnReplyReceived - 1 total (0 active), Execution time: mean = 70.800 us, total = 70.800 us, Queueing time: mean = 4.900 us, max = 4.900 us, min = 4.900 us, total = 4.900 us
	WorkerInfoGcsService.grpc_client.AddWorkerInfo - 1 total (0 active), Execution time: mean = 234.400 us, total = 234.400 us, Queueing time: mean = 0.000 s, max = -0.000 s, min = 9223372036.855 s, total = 0.000 s
	CoreWorker.ExitIfParentRayletDies - 1 total (1 active), Execution time: mean = 0.000 s, total = 0.000 s, Queueing time: mean = 0.000 s, max = -0.000 s, min = 9223372036.855 s, total = 0.000 s
	InternalPubSubGcsService.grpc_client.GcsSubscriberCommandBatch.OnReplyReceived - 1 total (0 active), Execution time: mean = 83.800 us, total = 83.800 us, Queueing time: mean = 4.400 us, max = 4.400 us, min = 4.400 us, total = 4.400 us

-----------------
Task Event stats:

IO Service Stats:

Global stats: 4 total (1 active)
Queueing time: mean = 2.725 us, max = 6.700 us, min = 4.200 us, total = 10.900 us
Execution time:  mean = 76.875 us, total = 307.500 us
Event stats:
	CoreWorker.deadline_timer.flush_task_events - 1 total (1 active), Execution time: mean = 0.000 s, total = 0.000 s, Queueing time: mean = 0.000 s, max = -0.000 s, min = 9223372036.855 s, total = 0.000 s
	TaskInfoGcsService.grpc_client.AddTaskEventData.OnReplyReceived - 1 total (0 active), Execution time: mean = 20.200 us, total = 20.200 us, Queueing time: mean = 6.700 us, max = 6.700 us, min = 6.700 us, total = 6.700 us
	TaskInfoGcsService.grpc_client.AddTaskEventData - 1 total (0 active), Execution time: mean = 192.900 us, total = 192.900 us, Queueing time: mean = 0.000 s, max = -0.000 s, min = 9223372036.855 s, total = 0.000 s
	PeriodicalRunner.RunFnPeriodically - 1 total (0 active), Execution time: mean = 94.400 us, total = 94.400 us, Queueing time: mean = 4.200 us, max = 4.200 us, min = 4.200 us, total = 4.200 us
Other Stats:
	grpc_in_progress:0
	current number of task status events in buffer: 0
	current number of profile events in buffer: 0
	current number of dropped task attempts tracked: 0
	total task events sent: 0 MiB
	total number of task attempts sent: 0
	total number of task attempts dropped reported: 0
	total number of sent failure: 0
	num status task events dropped: 0
	num profile task events dropped: 0


[2024-09-05 18:16:43,191 I 22112 22108] event.cc:234: Set ray event level to warning
[2024-09-05 18:16:43,192 I 22112 22108] event.cc:342: Ray Event initialized for CORE_WORKER
[2024-09-05 18:16:43,193 I 22112 22108] direct_actor_task_submitter.cc:36: Set max pending calls to -1 for actor 6ae1cd38d3b6dd792f8681d101000000
[2024-09-05 18:16:43,193 I 22112 22108] direct_actor_task_submitter.cc:237: Connecting to actor 6ae1cd38d3b6dd792f8681d101000000 at worker 665b99973628d5390e30d589c7c23e582150e6f502fee8d9db07414c
[2024-09-05 18:16:43,193 I 22112 22108] core_worker.cc:2861: Creating actor: 6ae1cd38d3b6dd792f8681d101000000
[2024-09-05 18:16:43,197 I 22112 22108] direct_actor_transport.cc:188: Actor creation task finished, task_id: ffffffffffffffff6ae1cd38d3b6dd792f8681d101000000, actor_id: 6ae1cd38d3b6dd792f8681d101000000, actor_repr_name: 
