[2024-09-05 18:16:27,743 I 20660 17648] core_worker_process.cc:107: Constructing CoreWorkerProcess. pid: 20660
[2024-09-05 18:16:27,753 I 20660 17648] io_service_pool.cc:35: IOServicePool is running with 1 io_service.
[2024-09-05 18:16:27,756 I 20660 17648] grpc_server.cc:129: worker server started, listening on port 57404.
[2024-09-05 18:16:27,761 I 20660 17648] core_worker.cc:252: Initializing worker at address: 127.0.0.1:57404, worker ID 184d95c2aedcc84e5bdf208bcf9ecdae07ca539f1076ca3fb5310c58, raylet 9d3476886d10e9af010ab5b58cef92de84e168d96fce97943cf85339
[2024-09-05 18:16:27,763 I 20660 17648] task_event_buffer.cc:177: Reporting task events to GCS every 1000ms.
[2024-09-05 18:16:27,766 I 20660 9436] core_worker.cc:614: Event stats:


Global stats: 11 total (5 active)
Queueing time: mean = 307.400 us, max = 1.758 ms, min = 194.400 us, total = 3.381 ms
Execution time:  mean = 143.982 us, total = 1.584 ms
Event stats:
	PeriodicalRunner.RunFnPeriodically - 3 total (1 active, 1 running), Execution time: mean = 8.733 us, total = 26.200 us, Queueing time: mean = 392.167 us, max = 982.100 us, min = 194.400 us, total = 1.177 ms
	WorkerInfoGcsService.grpc_client.AddWorkerInfo.OnReplyReceived - 1 total (0 active), Execution time: mean = 258.000 us, total = 258.000 us, Queueing time: mean = 446.500 us, max = 446.500 us, min = 446.500 us, total = 446.500 us
	InternalPubSubGcsService.grpc_client.GcsSubscriberPoll - 1 total (1 active), Execution time: mean = 0.000 s, total = 0.000 s, Queueing time: mean = 0.000 s, max = -0.000 s, min = 9223372036.855 s, total = 0.000 s
	WorkerInfoGcsService.grpc_client.AddWorkerInfo - 1 total (0 active), Execution time: mean = 507.600 us, total = 507.600 us, Queueing time: mean = 0.000 s, max = -0.000 s, min = 9223372036.855 s, total = 0.000 s
	CoreWorker.ExitIfParentRayletDies - 1 total (1 active), Execution time: mean = 0.000 s, total = 0.000 s, Queueing time: mean = 0.000 s, max = -0.000 s, min = 9223372036.855 s, total = 0.000 s
	InternalPubSubGcsService.grpc_client.GcsSubscriberCommandBatch.OnReplyReceived - 1 total (0 active), Execution time: mean = 186.800 us, total = 186.800 us, Queueing time: mean = 1.758 ms, max = 1.758 ms, min = 1.758 ms, total = 1.758 ms
	InternalPubSubGcsService.grpc_client.GcsSubscriberCommandBatch - 1 total (0 active), Execution time: mean = 605.200 us, total = 605.200 us, Queueing time: mean = 0.000 s, max = -0.000 s, min = 9223372036.855 s, total = 0.000 s
	Publisher.CheckDeadSubscribers - 1 total (1 active), Execution time: mean = 0.000 s, total = 0.000 s, Queueing time: mean = 0.000 s, max = -0.000 s, min = 9223372036.855 s, total = 0.000 s
	NodeInfoGcsService.grpc_client.GetAllNodeInfo - 1 total (1 active), Execution time: mean = 0.000 s, total = 0.000 s, Queueing time: mean = 0.000 s, max = -0.000 s, min = 9223372036.855 s, total = 0.000 s

-----------------
Task Event stats:

IO Service Stats:

Global stats: 4 total (1 active)
Queueing time: mean = 57.300 us, max = 149.900 us, min = 79.300 us, total = 229.200 us
Execution time:  mean = 183.075 us, total = 732.300 us
Event stats:
	TaskInfoGcsService.grpc_client.AddTaskEventData - 1 total (0 active), Execution time: mean = 451.600 us, total = 451.600 us, Queueing time: mean = 0.000 s, max = -0.000 s, min = 9223372036.855 s, total = 0.000 s
	TaskInfoGcsService.grpc_client.AddTaskEventData.OnReplyReceived - 1 total (0 active), Execution time: mean = 33.100 us, total = 33.100 us, Queueing time: mean = 149.900 us, max = 149.900 us, min = 149.900 us, total = 149.900 us
	CoreWorker.deadline_timer.flush_task_events - 1 total (1 active), Execution time: mean = 0.000 s, total = 0.000 s, Queueing time: mean = 0.000 s, max = -0.000 s, min = 9223372036.855 s, total = 0.000 s
	PeriodicalRunner.RunFnPeriodically - 1 total (0 active), Execution time: mean = 247.600 us, total = 247.600 us, Queueing time: mean = 79.300 us, max = 79.300 us, min = 79.300 us, total = 79.300 us
Other Stats:
	grpc_in_progress:0
	current number of task status events in buffer: 0
	current number of profile events in buffer: 0
	current number of dropped task attempts tracked: 0
	total task events sent: 0 MiB
	total number of task attempts sent: 0
	total number of task attempts dropped reported: 0
	total number of sent failure: 0
	num status task events dropped: 0
	num profile task events dropped: 0


[2024-09-05 18:16:27,766 I 20660 17648] event.cc:234: Set ray event level to warning
[2024-09-05 18:16:27,767 I 20660 17648] event.cc:342: Ray Event initialized for CORE_WORKER
[2024-09-05 18:16:27,768 I 20660 9436] accessor.cc:627: Received notification for node id = 9d3476886d10e9af010ab5b58cef92de84e168d96fce97943cf85339, IsAlive = 1
[2024-09-05 18:16:27,768 I 20660 9436] core_worker.cc:4552: Number of alive nodes:1
[2024-09-05 18:16:29,047 I 20660 9436] core_worker.cc:835: Exit signal received, this process will exit after all outstanding tasks have finished, exit_type=INTENDED_SYSTEM_EXIT, detail=Worker exits because it was idle (it doesn't have objects it owns while no task or actor has been scheduled) for a long time.
[2024-09-05 18:16:29,048 I 20660 17648] core_worker.cc:772: Disconnecting to the raylet.
[2024-09-05 18:16:29,048 I 20660 17648] raylet_client.cc:163: RayletClient::Disconnect, exit_type=INTENDED_SYSTEM_EXIT, exit_detail=Worker exits because it was idle (it doesn't have objects it owns while no task or actor has been scheduled) for a long time., has creation_task_exception_pb_bytes=0
[2024-09-05 18:16:29,048 I 20660 17648] core_worker.cc:694: Shutting down a core worker.
[2024-09-05 18:16:29,048 I 20660 17648] task_event_buffer.cc:188: Shutting down TaskEventBuffer.
[2024-09-05 18:16:29,048 I 20660 17204] task_event_buffer.cc:170: Task event buffer io service stopped.
[2024-09-05 18:16:29,048 I 20660 17648] core_worker.cc:720: Disconnecting a GCS client.
[2024-09-05 18:16:29,048 I 20660 17648] core_worker.cc:724: Waiting for joining a core worker io thread. If it hangs here, there might be deadlock or a high load in the core worker io service.
[2024-09-05 18:16:29,048 I 20660 9436] core_worker.cc:943: Core worker main io service stopped.
[2024-09-05 18:16:29,051 I 20660 17648] core_worker.cc:737: Core worker ready to be deallocated.
[2024-09-05 18:16:29,051 I 20660 17648] core_worker_process.cc:243: Task execution loop terminated. Removing the global worker.
[2024-09-05 18:16:29,051 I 20660 17648] core_worker.cc:685: Core worker is destructed
[2024-09-05 18:16:29,051 I 20660 17648] task_event_buffer.cc:188: Shutting down TaskEventBuffer.
[2024-09-05 18:16:29,051 I 20660 17648] core_worker_process.cc:148: Destructing CoreWorkerProcessImpl. pid: 20660
[2024-09-05 18:16:29,051 I 20660 17648] io_service_pool.cc:47: IOServicePool is stopped.
[2024-09-05 18:16:29,294 I 20660 17648] stats.h:120: Stats module has shutdown.
