[2024-09-05 18:16:35,633 I 19256 13276] core_worker_process.cc:107: Constructing CoreWorkerProcess. pid: 19256
[2024-09-05 18:16:35,635 I 19256 13276] io_service_pool.cc:35: IOServicePool is running with 1 io_service.
[2024-09-05 18:16:35,637 I 19256 13276] grpc_server.cc:129: worker server started, listening on port 57520.
[2024-09-05 18:16:35,640 I 19256 13276] core_worker.cc:252: Initializing worker at address: 127.0.0.1:57520, worker ID de332cc9fb8942de6628e50bbcc2875e73c7da5afcc384637c6ed090, raylet 9d3476886d10e9af010ab5b58cef92de84e168d96fce97943cf85339
[2024-09-05 18:16:35,641 I 19256 13276] task_event_buffer.cc:177: Reporting task events to GCS every 1000ms.
[2024-09-05 18:16:35,641 I 19256 8164] accessor.cc:627: Received notification for node id = 9d3476886d10e9af010ab5b58cef92de84e168d96fce97943cf85339, IsAlive = 1
[2024-09-05 18:16:35,641 I 19256 8164] core_worker.cc:4552: Number of alive nodes:1
[2024-09-05 18:16:35,642 I 19256 8164] core_worker.cc:614: Event stats:


Global stats: 12 total (4 active)
Queueing time: mean = 7.633 us, max = 73.000 us, min = 4.400 us, total = 91.600 us
Execution time:  mean = 70.483 us, total = 845.800 us
Event stats:
	PeriodicalRunner.RunFnPeriodically - 3 total (1 active, 1 running), Execution time: mean = 6.767 us, total = 20.300 us, Queueing time: mean = 25.900 us, max = 73.000 us, min = 4.700 us, total = 77.700 us
	NodeInfoGcsService.grpc_client.GetAllNodeInfo.OnReplyReceived - 1 total (0 active), Execution time: mean = 63.300 us, total = 63.300 us, Queueing time: mean = 4.800 us, max = 4.800 us, min = 4.800 us, total = 4.800 us
	InternalPubSubGcsService.grpc_client.GcsSubscriberPoll - 1 total (1 active), Execution time: mean = 0.000 s, total = 0.000 s, Queueing time: mean = 0.000 s, max = -0.000 s, min = 9223372036.855 s, total = 0.000 s
	CoreWorker.ExitIfParentRayletDies - 1 total (1 active), Execution time: mean = 0.000 s, total = 0.000 s, Queueing time: mean = 0.000 s, max = -0.000 s, min = 9223372036.855 s, total = 0.000 s
	WorkerInfoGcsService.grpc_client.AddWorkerInfo - 1 total (0 active), Execution time: mean = 287.300 us, total = 287.300 us, Queueing time: mean = 0.000 s, max = -0.000 s, min = 9223372036.855 s, total = 0.000 s
	InternalPubSubGcsService.grpc_client.GcsSubscriberCommandBatch.OnReplyReceived - 1 total (0 active), Execution time: mean = 87.300 us, total = 87.300 us, Queueing time: mean = 4.400 us, max = 4.400 us, min = 4.400 us, total = 4.400 us
	Publisher.CheckDeadSubscribers - 1 total (1 active), Execution time: mean = 0.000 s, total = 0.000 s, Queueing time: mean = 0.000 s, max = -0.000 s, min = 9223372036.855 s, total = 0.000 s
	InternalPubSubGcsService.grpc_client.GcsSubscriberCommandBatch - 1 total (0 active), Execution time: mean = 181.600 us, total = 181.600 us, Queueing time: mean = 0.000 s, max = -0.000 s, min = 9223372036.855 s, total = 0.000 s
	NodeInfoGcsService.grpc_client.GetAllNodeInfo - 1 total (0 active), Execution time: mean = 181.800 us, total = 181.800 us, Queueing time: mean = 0.000 s, max = -0.000 s, min = 9223372036.855 s, total = 0.000 s
	WorkerInfoGcsService.grpc_client.AddWorkerInfo.OnReplyReceived - 1 total (0 active), Execution time: mean = 24.200 us, total = 24.200 us, Queueing time: mean = 4.700 us, max = 4.700 us, min = 4.700 us, total = 4.700 us

-----------------
Task Event stats:

IO Service Stats:

Global stats: 4 total (1 active)
Queueing time: mean = 2.350 us, max = 4.800 us, min = 4.600 us, total = 9.400 us
Execution time:  mean = 72.925 us, total = 291.700 us
Event stats:
	TaskInfoGcsService.grpc_client.AddTaskEventData - 1 total (0 active), Execution time: mean = 180.600 us, total = 180.600 us, Queueing time: mean = 0.000 s, max = -0.000 s, min = 9223372036.855 s, total = 0.000 s
	PeriodicalRunner.RunFnPeriodically - 1 total (0 active), Execution time: mean = 93.800 us, total = 93.800 us, Queueing time: mean = 4.800 us, max = 4.800 us, min = 4.800 us, total = 4.800 us
	CoreWorker.deadline_timer.flush_task_events - 1 total (1 active), Execution time: mean = 0.000 s, total = 0.000 s, Queueing time: mean = 0.000 s, max = -0.000 s, min = 9223372036.855 s, total = 0.000 s
	TaskInfoGcsService.grpc_client.AddTaskEventData.OnReplyReceived - 1 total (0 active), Execution time: mean = 17.300 us, total = 17.300 us, Queueing time: mean = 4.600 us, max = 4.600 us, min = 4.600 us, total = 4.600 us
Other Stats:
	grpc_in_progress:0
	current number of task status events in buffer: 0
	current number of profile events in buffer: 0
	current number of dropped task attempts tracked: 0
	total task events sent: 0 MiB
	total number of task attempts sent: 0
	total number of task attempts dropped reported: 0
	total number of sent failure: 0
	num status task events dropped: 0
	num profile task events dropped: 0


[2024-09-05 18:16:35,643 I 19256 13276] event.cc:234: Set ray event level to warning
[2024-09-05 18:16:35,643 I 19256 13276] event.cc:342: Ray Event initialized for CORE_WORKER
[2024-09-05 18:16:35,644 I 19256 13276] direct_actor_task_submitter.cc:36: Set max pending calls to -1 for actor d08a8d69cb2dadd859c25ff601000000
[2024-09-05 18:16:35,645 I 19256 13276] direct_actor_task_submitter.cc:237: Connecting to actor d08a8d69cb2dadd859c25ff601000000 at worker de332cc9fb8942de6628e50bbcc2875e73c7da5afcc384637c6ed090
[2024-09-05 18:16:35,645 I 19256 13276] core_worker.cc:2861: Creating actor: d08a8d69cb2dadd859c25ff601000000
[2024-09-05 18:16:42,380 I 19256 13276] direct_actor_transport.cc:188: Actor creation task finished, task_id: ffffffffffffffffd08a8d69cb2dadd859c25ff601000000, actor_id: d08a8d69cb2dadd859c25ff601000000, actor_repr_name: 
[2024-09-05 18:16:43,500 I 19256 8164] core_worker.cc:4001: Force kill actor request has received. exiting immediately... The actor is dead because it was killed by `ray.kill`.
[2024-09-05 18:16:43,500 W 19256 8164] core_worker.cc:916: Force exit the process.  Details: Worker exits because the actor is killed. The actor is dead because it was killed by `ray.kill`.
[2024-09-05 18:16:43,501 I 19256 8164] core_worker.cc:772: Disconnecting to the raylet.
[2024-09-05 18:16:43,501 I 19256 8164] raylet_client.cc:163: RayletClient::Disconnect, exit_type=INTENDED_SYSTEM_EXIT, exit_detail=Worker exits because the actor is killed. The actor is dead because it was killed by `ray.kill`., has creation_task_exception_pb_bytes=0
[2024-09-05 18:16:43,501 W 19256 8164] raylet_client.cc:188: IOError: Unknown error [RayletClient] Failed to disconnect from raylet. This means the raylet the worker is connected is probably already dead.
