[2024-09-05 18:16:35,692 I 17240 20024] core_worker_process.cc:107: Constructing CoreWorkerProcess. pid: 17240
[2024-09-05 18:16:35,694 I 17240 20024] io_service_pool.cc:35: IOServicePool is running with 1 io_service.
[2024-09-05 18:16:35,701 I 17240 20024] grpc_server.cc:129: worker server started, listening on port 57527.
[2024-09-05 18:16:35,705 I 17240 20024] core_worker.cc:252: Initializing worker at address: 127.0.0.1:57527, worker ID c0a6dd2d3590b4a16752aaea12e6a42de0383220bd0015f3262cb5b6, raylet 9d3476886d10e9af010ab5b58cef92de84e168d96fce97943cf85339
[2024-09-05 18:16:35,705 I 17240 20024] task_event_buffer.cc:177: Reporting task events to GCS every 1000ms.
[2024-09-05 18:16:35,706 I 17240 21788] accessor.cc:627: Received notification for node id = 9d3476886d10e9af010ab5b58cef92de84e168d96fce97943cf85339, IsAlive = 1
[2024-09-05 18:16:35,706 I 17240 21788] core_worker.cc:4552: Number of alive nodes:1
[2024-09-05 18:16:35,706 I 17240 21788] core_worker.cc:614: Event stats:


Global stats: 12 total (4 active)
Queueing time: mean = 8.000 us, max = 75.200 us, min = 4.100 us, total = 96.000 us
Execution time:  mean = 80.367 us, total = 964.400 us
Event stats:
	PeriodicalRunner.RunFnPeriodically - 3 total (1 active, 1 running), Execution time: mean = 7.000 us, total = 21.000 us, Queueing time: mean = 26.433 us, max = 75.200 us, min = 4.100 us, total = 79.300 us
	CoreWorker.ExitIfParentRayletDies - 1 total (1 active), Execution time: mean = 0.000 s, total = 0.000 s, Queueing time: mean = 0.000 s, max = -0.000 s, min = 9223372036.855 s, total = 0.000 s
	WorkerInfoGcsService.grpc_client.AddWorkerInfo - 1 total (0 active), Execution time: mean = 332.000 us, total = 332.000 us, Queueing time: mean = 0.000 s, max = -0.000 s, min = 9223372036.855 s, total = 0.000 s
	InternalPubSubGcsService.grpc_client.GcsSubscriberPoll - 1 total (1 active), Execution time: mean = 0.000 s, total = 0.000 s, Queueing time: mean = 0.000 s, max = -0.000 s, min = 9223372036.855 s, total = 0.000 s
	InternalPubSubGcsService.grpc_client.GcsSubscriberCommandBatch.OnReplyReceived - 1 total (0 active), Execution time: mean = 93.200 us, total = 93.200 us, Queueing time: mean = 6.400 us, max = 6.400 us, min = 6.400 us, total = 6.400 us
	NodeInfoGcsService.grpc_client.GetAllNodeInfo.OnReplyReceived - 1 total (0 active), Execution time: mean = 83.400 us, total = 83.400 us, Queueing time: mean = 4.800 us, max = 4.800 us, min = 4.800 us, total = 4.800 us
	WorkerInfoGcsService.grpc_client.AddWorkerInfo.OnReplyReceived - 1 total (0 active), Execution time: mean = 24.700 us, total = 24.700 us, Queueing time: mean = 5.500 us, max = 5.500 us, min = 5.500 us, total = 5.500 us
	NodeInfoGcsService.grpc_client.GetAllNodeInfo - 1 total (0 active), Execution time: mean = 230.700 us, total = 230.700 us, Queueing time: mean = 0.000 s, max = -0.000 s, min = 9223372036.855 s, total = 0.000 s
	Publisher.CheckDeadSubscribers - 1 total (1 active), Execution time: mean = 0.000 s, total = 0.000 s, Queueing time: mean = 0.000 s, max = -0.000 s, min = 9223372036.855 s, total = 0.000 s
	InternalPubSubGcsService.grpc_client.GcsSubscriberCommandBatch - 1 total (0 active), Execution time: mean = 179.400 us, total = 179.400 us, Queueing time: mean = 0.000 s, max = -0.000 s, min = 9223372036.855 s, total = 0.000 s

-----------------
Task Event stats:

IO Service Stats:

Global stats: 4 total (1 active)
Queueing time: mean = 2.100 us, max = 4.300 us, min = 4.100 us, total = 8.400 us
Execution time:  mean = 77.825 us, total = 311.300 us
Event stats:
	TaskInfoGcsService.grpc_client.AddTaskEventData - 1 total (0 active), Execution time: mean = 204.100 us, total = 204.100 us, Queueing time: mean = 0.000 s, max = -0.000 s, min = 9223372036.855 s, total = 0.000 s
	PeriodicalRunner.RunFnPeriodically - 1 total (0 active), Execution time: mean = 91.000 us, total = 91.000 us, Queueing time: mean = 4.100 us, max = 4.100 us, min = 4.100 us, total = 4.100 us
	CoreWorker.deadline_timer.flush_task_events - 1 total (1 active), Execution time: mean = 0.000 s, total = 0.000 s, Queueing time: mean = 0.000 s, max = -0.000 s, min = 9223372036.855 s, total = 0.000 s
	TaskInfoGcsService.grpc_client.AddTaskEventData.OnReplyReceived - 1 total (0 active), Execution time: mean = 16.200 us, total = 16.200 us, Queueing time: mean = 4.300 us, max = 4.300 us, min = 4.300 us, total = 4.300 us
Other Stats:
	grpc_in_progress:0
	current number of task status events in buffer: 0
	current number of profile events in buffer: 0
	current number of dropped task attempts tracked: 0
	total task events sent: 0 MiB
	total number of task attempts sent: 0
	total number of task attempts dropped reported: 0
	total number of sent failure: 0
	num status task events dropped: 0
	num profile task events dropped: 0


[2024-09-05 18:16:35,708 I 17240 20024] event.cc:234: Set ray event level to warning
[2024-09-05 18:16:35,708 I 17240 20024] event.cc:342: Ray Event initialized for CORE_WORKER
[2024-09-05 18:16:35,709 I 17240 20024] direct_actor_task_submitter.cc:36: Set max pending calls to -1 for actor 2a9d294295d756c7576babdd01000000
[2024-09-05 18:16:35,709 I 17240 20024] direct_actor_task_submitter.cc:237: Connecting to actor 2a9d294295d756c7576babdd01000000 at worker c0a6dd2d3590b4a16752aaea12e6a42de0383220bd0015f3262cb5b6
[2024-09-05 18:16:35,709 I 17240 20024] core_worker.cc:2861: Creating actor: 2a9d294295d756c7576babdd01000000
[2024-09-05 18:16:42,379 I 17240 20024] direct_actor_transport.cc:188: Actor creation task finished, task_id: ffffffffffffffff2a9d294295d756c7576babdd01000000, actor_id: 2a9d294295d756c7576babdd01000000, actor_repr_name: 
[2024-09-05 18:16:43,500 I 17240 21788] core_worker.cc:4001: Force kill actor request has received. exiting immediately... The actor is dead because it was killed by `ray.kill`.
[2024-09-05 18:16:43,500 W 17240 21788] core_worker.cc:916: Force exit the process.  Details: Worker exits because the actor is killed. The actor is dead because it was killed by `ray.kill`.
[2024-09-05 18:16:43,501 I 17240 21788] core_worker.cc:772: Disconnecting to the raylet.
[2024-09-05 18:16:43,501 I 17240 21788] raylet_client.cc:163: RayletClient::Disconnect, exit_type=INTENDED_SYSTEM_EXIT, exit_detail=Worker exits because the actor is killed. The actor is dead because it was killed by `ray.kill`., has creation_task_exception_pb_bytes=0
[2024-09-05 18:16:43,501 W 17240 21788] raylet_client.cc:188: IOError: Unknown error [RayletClient] Failed to disconnect from raylet. This means the raylet the worker is connected is probably already dead.
