[2024-09-05 18:16:27,776 I 1792 10716] core_worker_process.cc:107: Constructing CoreWorkerProcess. pid: 1792
[2024-09-05 18:16:27,779 I 1792 10716] io_service_pool.cc:35: IOServicePool is running with 1 io_service.
[2024-09-05 18:16:27,782 I 1792 10716] grpc_server.cc:129: worker server started, listening on port 57432.
[2024-09-05 18:16:27,787 I 1792 10716] core_worker.cc:252: Initializing worker at address: 127.0.0.1:57432, worker ID 107b746898f43154bf4325169979f76c924fac2fd069170d165889af, raylet 9d3476886d10e9af010ab5b58cef92de84e168d96fce97943cf85339
[2024-09-05 18:16:27,788 I 1792 10716] task_event_buffer.cc:177: Reporting task events to GCS every 1000ms.
[2024-09-05 18:16:27,789 I 1792 19620] accessor.cc:627: Received notification for node id = 9d3476886d10e9af010ab5b58cef92de84e168d96fce97943cf85339, IsAlive = 1
[2024-09-05 18:16:27,789 I 1792 19620] core_worker.cc:4552: Number of alive nodes:1
[2024-09-05 18:16:27,790 I 1792 19620] core_worker.cc:614: Event stats:


Global stats: 12 total (4 active)
Queueing time: mean = 11.808 us, max = 97.000 us, min = 4.300 us, total = 141.700 us
Execution time:  mean = 108.775 us, total = 1.305 ms
Event stats:
	PeriodicalRunner.RunFnPeriodically - 3 total (1 active, 1 running), Execution time: mean = 11.633 us, total = 34.900 us, Queueing time: mean = 34.233 us, max = 97.000 us, min = 5.700 us, total = 102.700 us
	WorkerInfoGcsService.grpc_client.AddWorkerInfo - 1 total (0 active), Execution time: mean = 448.300 us, total = 448.300 us, Queueing time: mean = 0.000 s, max = -0.000 s, min = 9223372036.855 s, total = 0.000 s
	InternalPubSubGcsService.grpc_client.GcsSubscriberCommandBatch.OnReplyReceived - 1 total (0 active), Execution time: mean = 123.800 us, total = 123.800 us, Queueing time: mean = 4.300 us, max = 4.300 us, min = 4.300 us, total = 4.300 us
	Publisher.CheckDeadSubscribers - 1 total (1 active), Execution time: mean = 0.000 s, total = 0.000 s, Queueing time: mean = 0.000 s, max = -0.000 s, min = 9223372036.855 s, total = 0.000 s
	InternalPubSubGcsService.grpc_client.GcsSubscriberCommandBatch - 1 total (0 active), Execution time: mean = 298.200 us, total = 298.200 us, Queueing time: mean = 0.000 s, max = -0.000 s, min = 9223372036.855 s, total = 0.000 s
	NodeInfoGcsService.grpc_client.GetAllNodeInfo - 1 total (0 active), Execution time: mean = 251.700 us, total = 251.700 us, Queueing time: mean = 0.000 s, max = -0.000 s, min = 9223372036.855 s, total = 0.000 s
	WorkerInfoGcsService.grpc_client.AddWorkerInfo.OnReplyReceived - 1 total (0 active), Execution time: mean = 38.400 us, total = 38.400 us, Queueing time: mean = 6.600 us, max = 6.600 us, min = 6.600 us, total = 6.600 us
	NodeInfoGcsService.grpc_client.GetAllNodeInfo.OnReplyReceived - 1 total (0 active), Execution time: mean = 110.000 us, total = 110.000 us, Queueing time: mean = 28.100 us, max = 28.100 us, min = 28.100 us, total = 28.100 us
	InternalPubSubGcsService.grpc_client.GcsSubscriberPoll - 1 total (1 active), Execution time: mean = 0.000 s, total = 0.000 s, Queueing time: mean = 0.000 s, max = -0.000 s, min = 9223372036.855 s, total = 0.000 s
	CoreWorker.ExitIfParentRayletDies - 1 total (1 active), Execution time: mean = 0.000 s, total = 0.000 s, Queueing time: mean = 0.000 s, max = -0.000 s, min = 9223372036.855 s, total = 0.000 s

-----------------
Task Event stats:

IO Service Stats:

Global stats: 4 total (1 active)
Queueing time: mean = 3.350 us, max = 8.300 us, min = 5.100 us, total = 13.400 us
Execution time:  mean = 126.350 us, total = 505.400 us
Event stats:
	TaskInfoGcsService.grpc_client.AddTaskEventData - 1 total (0 active), Execution time: mean = 308.200 us, total = 308.200 us, Queueing time: mean = 0.000 s, max = -0.000 s, min = 9223372036.855 s, total = 0.000 s
	TaskInfoGcsService.grpc_client.AddTaskEventData.OnReplyReceived - 1 total (0 active), Execution time: mean = 36.400 us, total = 36.400 us, Queueing time: mean = 8.300 us, max = 8.300 us, min = 8.300 us, total = 8.300 us
	PeriodicalRunner.RunFnPeriodically - 1 total (0 active), Execution time: mean = 160.800 us, total = 160.800 us, Queueing time: mean = 5.100 us, max = 5.100 us, min = 5.100 us, total = 5.100 us
	CoreWorker.deadline_timer.flush_task_events - 1 total (1 active), Execution time: mean = 0.000 s, total = 0.000 s, Queueing time: mean = 0.000 s, max = -0.000 s, min = 9223372036.855 s, total = 0.000 s
Other Stats:
	grpc_in_progress:0
	current number of task status events in buffer: 0
	current number of profile events in buffer: 0
	current number of dropped task attempts tracked: 0
	total task events sent: 0 MiB
	total number of task attempts sent: 0
	total number of task attempts dropped reported: 0
	total number of sent failure: 0
	num status task events dropped: 0
	num profile task events dropped: 0


[2024-09-05 18:16:27,792 I 1792 10716] event.cc:234: Set ray event level to warning
[2024-09-05 18:16:27,792 I 1792 10716] event.cc:342: Ray Event initialized for CORE_WORKER
[2024-09-05 18:16:39,929 W 1792 18984] metric_exporter.cc:105: [1] Export metrics to agent failed: GrpcUnavailable: RPC Error message: failed to connect to all addresses; last error: UNAVAILABLE: ipv4:127.0.0.1:57507: Connection refused; RPC Error details: . This won't affect Ray, but you can lose metrics from the cluster.
