[2024-09-05 18:16:27,764 I 15140 8392] core_worker_process.cc:107: Constructing CoreWorkerProcess. pid: 15140
[2024-09-05 18:16:27,767 I 15140 8392] io_service_pool.cc:35: IOServicePool is running with 1 io_service.
[2024-09-05 18:16:27,771 I 15140 8392] grpc_server.cc:129: worker server started, listening on port 57422.
[2024-09-05 18:16:27,777 I 15140 8392] core_worker.cc:252: Initializing worker at address: 127.0.0.1:57422, worker ID 28f4b3ded252e527c3e8cdfa5d821b743ea3abcfea18dec528ab901b, raylet 9d3476886d10e9af010ab5b58cef92de84e168d96fce97943cf85339
[2024-09-05 18:16:27,778 I 15140 8392] task_event_buffer.cc:177: Reporting task events to GCS every 1000ms.
[2024-09-05 18:16:27,779 I 15140 19860] accessor.cc:627: Received notification for node id = 9d3476886d10e9af010ab5b58cef92de84e168d96fce97943cf85339, IsAlive = 1
[2024-09-05 18:16:27,779 I 15140 19860] core_worker.cc:4552: Number of alive nodes:1
[2024-09-05 18:16:27,779 I 15140 19860] core_worker.cc:614: Event stats:


Global stats: 12 total (4 active)
Queueing time: mean = 17.958 us, max = 177.500 us, min = 7.000 us, total = 215.500 us
Execution time:  mean = 122.158 us, total = 1.466 ms
Event stats:
	PeriodicalRunner.RunFnPeriodically - 3 total (1 active, 1 running), Execution time: mean = 8.667 us, total = 26.000 us, Queueing time: mean = 62.900 us, max = 177.500 us, min = 11.200 us, total = 188.700 us
	NodeInfoGcsService.grpc_client.GetAllNodeInfo.OnReplyReceived - 1 total (0 active), Execution time: mean = 116.600 us, total = 116.600 us, Queueing time: mean = 8.200 us, max = 8.200 us, min = 8.200 us, total = 8.200 us
	InternalPubSubGcsService.grpc_client.GcsSubscriberPoll - 1 total (1 active), Execution time: mean = 0.000 s, total = 0.000 s, Queueing time: mean = 0.000 s, max = -0.000 s, min = 9223372036.855 s, total = 0.000 s
	CoreWorker.ExitIfParentRayletDies - 1 total (1 active), Execution time: mean = 0.000 s, total = 0.000 s, Queueing time: mean = 0.000 s, max = -0.000 s, min = 9223372036.855 s, total = 0.000 s
	WorkerInfoGcsService.grpc_client.AddWorkerInfo - 1 total (0 active), Execution time: mean = 394.300 us, total = 394.300 us, Queueing time: mean = 0.000 s, max = -0.000 s, min = 9223372036.855 s, total = 0.000 s
	InternalPubSubGcsService.grpc_client.GcsSubscriberCommandBatch.OnReplyReceived - 1 total (0 active), Execution time: mean = 136.500 us, total = 136.500 us, Queueing time: mean = 7.000 us, max = 7.000 us, min = 7.000 us, total = 7.000 us
	Publisher.CheckDeadSubscribers - 1 total (1 active), Execution time: mean = 0.000 s, total = 0.000 s, Queueing time: mean = 0.000 s, max = -0.000 s, min = 9223372036.855 s, total = 0.000 s
	InternalPubSubGcsService.grpc_client.GcsSubscriberCommandBatch - 1 total (0 active), Execution time: mean = 410.700 us, total = 410.700 us, Queueing time: mean = 0.000 s, max = -0.000 s, min = 9223372036.855 s, total = 0.000 s
	NodeInfoGcsService.grpc_client.GetAllNodeInfo - 1 total (0 active), Execution time: mean = 305.000 us, total = 305.000 us, Queueing time: mean = 0.000 s, max = -0.000 s, min = 9223372036.855 s, total = 0.000 s
	WorkerInfoGcsService.grpc_client.AddWorkerInfo.OnReplyReceived - 1 total (0 active), Execution time: mean = 76.800 us, total = 76.800 us, Queueing time: mean = 11.600 us, max = 11.600 us, min = 11.600 us, total = 11.600 us

-----------------
Task Event stats:

IO Service Stats:

Global stats: 4 total (1 active)
Queueing time: mean = 12.525 us, max = 35.000 us, min = 15.100 us, total = 50.100 us
Execution time:  mean = 246.050 us, total = 984.200 us
Event stats:
	CoreWorker.deadline_timer.flush_task_events - 1 total (1 active), Execution time: mean = 0.000 s, total = 0.000 s, Queueing time: mean = 0.000 s, max = -0.000 s, min = 9223372036.855 s, total = 0.000 s
	PeriodicalRunner.RunFnPeriodically - 1 total (0 active), Execution time: mean = 339.000 us, total = 339.000 us, Queueing time: mean = 35.000 us, max = 35.000 us, min = 35.000 us, total = 35.000 us
	TaskInfoGcsService.grpc_client.AddTaskEventData - 1 total (0 active), Execution time: mean = 610.100 us, total = 610.100 us, Queueing time: mean = 0.000 s, max = -0.000 s, min = 9223372036.855 s, total = 0.000 s
	TaskInfoGcsService.grpc_client.AddTaskEventData.OnReplyReceived - 1 total (0 active), Execution time: mean = 35.100 us, total = 35.100 us, Queueing time: mean = 15.100 us, max = 15.100 us, min = 15.100 us, total = 15.100 us
Other Stats:
	grpc_in_progress:0
	current number of task status events in buffer: 0
	current number of profile events in buffer: 0
	current number of dropped task attempts tracked: 0
	total task events sent: 0 MiB
	total number of task attempts sent: 0
	total number of task attempts dropped reported: 0
	total number of sent failure: 0
	num status task events dropped: 0
	num profile task events dropped: 0


[2024-09-05 18:16:27,781 I 15140 8392] event.cc:234: Set ray event level to warning
[2024-09-05 18:16:27,781 I 15140 8392] event.cc:342: Ray Event initialized for CORE_WORKER
[2024-09-05 18:16:39,913 W 15140 19756] metric_exporter.cc:105: [1] Export metrics to agent failed: GrpcUnavailable: RPC Error message: failed to connect to all addresses; last error: UNAVAILABLE: ipv4:127.0.0.1:57507: Connection refused; RPC Error details: . This won't affect Ray, but you can lose metrics from the cluster.
