[2024-09-05 18:16:27,739 I 14440 3668] core_worker_process.cc:107: Constructing CoreWorkerProcess. pid: 14440
[2024-09-05 18:16:27,745 I 14440 3668] io_service_pool.cc:35: IOServicePool is running with 1 io_service.
[2024-09-05 18:16:27,749 I 14440 3668] grpc_server.cc:129: worker server started, listening on port 57396.
[2024-09-05 18:16:27,754 I 14440 3668] core_worker.cc:252: Initializing worker at address: 127.0.0.1:57396, worker ID f41f61c127167289677fc84cf603f14099cc1646c8154b3068b122f3, raylet 9d3476886d10e9af010ab5b58cef92de84e168d96fce97943cf85339
[2024-09-05 18:16:27,756 I 14440 3668] task_event_buffer.cc:177: Reporting task events to GCS every 1000ms.
[2024-09-05 18:16:27,757 I 14440 19100] core_worker.cc:614: Event stats:


Global stats: 11 total (5 active)
Queueing time: mean = 445.936 us, max = 3.538 ms, min = 190.500 us, total = 4.905 ms
Execution time:  mean = 146.473 us, total = 1.611 ms
Event stats:
	PeriodicalRunner.RunFnPeriodically - 3 total (1 active, 1 running), Execution time: mean = 21.967 us, total = 65.900 us, Queueing time: mean = 1.506 ms, max = 3.538 ms, min = 981.600 us, total = 4.519 ms
	Publisher.CheckDeadSubscribers - 1 total (1 active), Execution time: mean = 0.000 s, total = 0.000 s, Queueing time: mean = 0.000 s, max = -0.000 s, min = 9223372036.855 s, total = 0.000 s
	InternalPubSubGcsService.grpc_client.GcsSubscriberPoll - 1 total (1 active), Execution time: mean = 0.000 s, total = 0.000 s, Queueing time: mean = 0.000 s, max = -0.000 s, min = 9223372036.855 s, total = 0.000 s
	InternalPubSubGcsService.grpc_client.GcsSubscriberCommandBatch.OnReplyReceived - 1 total (0 active), Execution time: mean = 113.100 us, total = 113.100 us, Queueing time: mean = 195.300 us, max = 195.300 us, min = 195.300 us, total = 195.300 us
	WorkerInfoGcsService.grpc_client.AddWorkerInfo - 1 total (0 active), Execution time: mean = 639.500 us, total = 639.500 us, Queueing time: mean = 0.000 s, max = -0.000 s, min = 9223372036.855 s, total = 0.000 s
	CoreWorker.ExitIfParentRayletDies - 1 total (1 active), Execution time: mean = 0.000 s, total = 0.000 s, Queueing time: mean = 0.000 s, max = -0.000 s, min = 9223372036.855 s, total = 0.000 s
	NodeInfoGcsService.grpc_client.GetAllNodeInfo - 1 total (1 active), Execution time: mean = 0.000 s, total = 0.000 s, Queueing time: mean = 0.000 s, max = -0.000 s, min = 9223372036.855 s, total = 0.000 s
	WorkerInfoGcsService.grpc_client.AddWorkerInfo.OnReplyReceived - 1 total (0 active), Execution time: mean = 51.600 us, total = 51.600 us, Queueing time: mean = 190.500 us, max = 190.500 us, min = 190.500 us, total = 190.500 us
	InternalPubSubGcsService.grpc_client.GcsSubscriberCommandBatch - 1 total (0 active), Execution time: mean = 741.100 us, total = 741.100 us, Queueing time: mean = 0.000 s, max = -0.000 s, min = 9223372036.855 s, total = 0.000 s

-----------------
Task Event stats:

IO Service Stats:

Global stats: 4 total (1 active)
Queueing time: mean = 142.125 us, max = 560.200 us, min = 8.300 us, total = 568.500 us
Execution time:  mean = 146.850 us, total = 587.400 us
Event stats:
	TaskInfoGcsService.grpc_client.AddTaskEventData.OnReplyReceived - 1 total (0 active), Execution time: mean = 23.400 us, total = 23.400 us, Queueing time: mean = 8.300 us, max = 8.300 us, min = 8.300 us, total = 8.300 us
	CoreWorker.deadline_timer.flush_task_events - 1 total (1 active), Execution time: mean = 0.000 s, total = 0.000 s, Queueing time: mean = 0.000 s, max = -0.000 s, min = 9223372036.855 s, total = 0.000 s
	PeriodicalRunner.RunFnPeriodically - 1 total (0 active), Execution time: mean = 111.300 us, total = 111.300 us, Queueing time: mean = 560.200 us, max = 560.200 us, min = 560.200 us, total = 560.200 us
	TaskInfoGcsService.grpc_client.AddTaskEventData - 1 total (0 active), Execution time: mean = 452.700 us, total = 452.700 us, Queueing time: mean = 0.000 s, max = -0.000 s, min = 9223372036.855 s, total = 0.000 s
Other Stats:
	grpc_in_progress:0
	current number of task status events in buffer: 0
	current number of profile events in buffer: 0
	current number of dropped task attempts tracked: 0
	total task events sent: 0 MiB
	total number of task attempts sent: 0
	total number of task attempts dropped reported: 0
	total number of sent failure: 0
	num status task events dropped: 0
	num profile task events dropped: 0


[2024-09-05 18:16:27,757 I 14440 19100] accessor.cc:627: Received notification for node id = 9d3476886d10e9af010ab5b58cef92de84e168d96fce97943cf85339, IsAlive = 1
[2024-09-05 18:16:27,757 I 14440 19100] core_worker.cc:4552: Number of alive nodes:1
[2024-09-05 18:16:27,761 I 14440 3668] event.cc:234: Set ray event level to warning
[2024-09-05 18:16:27,761 I 14440 3668] event.cc:342: Ray Event initialized for CORE_WORKER
[2024-09-05 18:16:28,847 I 14440 19100] core_worker.cc:835: Exit signal received, this process will exit after all outstanding tasks have finished, exit_type=INTENDED_SYSTEM_EXIT, detail=Worker exits because it was idle (it doesn't have objects it owns while no task or actor has been scheduled) for a long time.
[2024-09-05 18:16:28,848 I 14440 3668] core_worker.cc:772: Disconnecting to the raylet.
[2024-09-05 18:16:28,848 I 14440 3668] raylet_client.cc:163: RayletClient::Disconnect, exit_type=INTENDED_SYSTEM_EXIT, exit_detail=Worker exits because it was idle (it doesn't have objects it owns while no task or actor has been scheduled) for a long time., has creation_task_exception_pb_bytes=0
[2024-09-05 18:16:28,848 I 14440 3668] core_worker.cc:694: Shutting down a core worker.
[2024-09-05 18:16:28,848 I 14440 3668] task_event_buffer.cc:188: Shutting down TaskEventBuffer.
[2024-09-05 18:16:28,848 I 14440 13316] task_event_buffer.cc:170: Task event buffer io service stopped.
[2024-09-05 18:16:28,848 I 14440 3668] core_worker.cc:720: Disconnecting a GCS client.
[2024-09-05 18:16:28,848 I 14440 3668] core_worker.cc:724: Waiting for joining a core worker io thread. If it hangs here, there might be deadlock or a high load in the core worker io service.
[2024-09-05 18:16:28,848 I 14440 19100] core_worker.cc:943: Core worker main io service stopped.
[2024-09-05 18:16:28,860 I 14440 3668] core_worker.cc:737: Core worker ready to be deallocated.
[2024-09-05 18:16:28,860 I 14440 3668] core_worker_process.cc:243: Task execution loop terminated. Removing the global worker.
[2024-09-05 18:16:28,860 I 14440 3668] core_worker.cc:685: Core worker is destructed
[2024-09-05 18:16:28,860 I 14440 3668] task_event_buffer.cc:188: Shutting down TaskEventBuffer.
[2024-09-05 18:16:28,861 I 14440 3668] core_worker_process.cc:148: Destructing CoreWorkerProcessImpl. pid: 14440
[2024-09-05 18:16:28,861 I 14440 3668] io_service_pool.cc:47: IOServicePool is stopped.
[2024-09-05 18:16:29,278 I 14440 3668] stats.h:120: Stats module has shutdown.
