[2024-09-05 18:16:27,743 I 12076 18156] core_worker_process.cc:107: Constructing CoreWorkerProcess. pid: 12076
[2024-09-05 18:16:27,749 I 12076 18156] io_service_pool.cc:35: IOServicePool is running with 1 io_service.
[2024-09-05 18:16:27,753 I 12076 18156] grpc_server.cc:129: worker server started, listening on port 57401.
[2024-09-05 18:16:27,759 I 12076 18156] core_worker.cc:252: Initializing worker at address: 127.0.0.1:57401, worker ID 7a74fc802c4d79900daff7d7f7bd166c8fb71c92d6be0e6a5006c3e4, raylet 9d3476886d10e9af010ab5b58cef92de84e168d96fce97943cf85339
[2024-09-05 18:16:27,760 I 12076 18156] task_event_buffer.cc:177: Reporting task events to GCS every 1000ms.
[2024-09-05 18:16:27,762 I 12076 18936] core_worker.cc:614: Event stats:


Global stats: 10 total (5 active)
Queueing time: mean = 50.580 us, max = 280.700 us, min = 47.900 us, total = 505.800 us
Execution time:  mean = 181.200 us, total = 1.812 ms
Event stats:
	PeriodicalRunner.RunFnPeriodically - 3 total (1 active, 1 running), Execution time: mean = 11.267 us, total = 33.800 us, Queueing time: mean = 75.033 us, max = 177.200 us, min = 47.900 us, total = 225.100 us
	WorkerInfoGcsService.grpc_client.AddWorkerInfo.OnReplyReceived - 1 total (0 active), Execution time: mean = 36.300 us, total = 36.300 us, Queueing time: mean = 280.700 us, max = 280.700 us, min = 280.700 us, total = 280.700 us
	Publisher.CheckDeadSubscribers - 1 total (1 active), Execution time: mean = 0.000 s, total = 0.000 s, Queueing time: mean = 0.000 s, max = -0.000 s, min = 9223372036.855 s, total = 0.000 s
	InternalPubSubGcsService.grpc_client.GcsSubscriberCommandBatch - 1 total (0 active), Execution time: mean = 1.080 ms, total = 1.080 ms, Queueing time: mean = 0.000 s, max = -0.000 s, min = 9223372036.855 s, total = 0.000 s
	InternalPubSubGcsService.grpc_client.GcsSubscriberPoll - 1 total (1 active), Execution time: mean = 0.000 s, total = 0.000 s, Queueing time: mean = 0.000 s, max = -0.000 s, min = 9223372036.855 s, total = 0.000 s
	CoreWorker.ExitIfParentRayletDies - 1 total (1 active), Execution time: mean = 0.000 s, total = 0.000 s, Queueing time: mean = 0.000 s, max = -0.000 s, min = 9223372036.855 s, total = 0.000 s
	WorkerInfoGcsService.grpc_client.AddWorkerInfo - 1 total (0 active), Execution time: mean = 662.200 us, total = 662.200 us, Queueing time: mean = 0.000 s, max = -0.000 s, min = 9223372036.855 s, total = 0.000 s
	InternalPubSubGcsService.grpc_client.GcsSubscriberCommandBatch.OnReplyReceived - 1 total (1 active), Execution time: mean = 0.000 s, total = 0.000 s, Queueing time: mean = 0.000 s, max = -0.000 s, min = 9223372036.855 s, total = 0.000 s

-----------------
Task Event stats:

IO Service Stats:

Global stats: 1 total (1 active)
Queueing time: mean = 0.000 s, max = -0.000 s, min = 9223372036.855 s, total = 0.000 s
Execution time:  mean = 0.000 s, total = 0.000 s
Event stats:
	PeriodicalRunner.RunFnPeriodically - 1 total (1 active), Execution time: mean = 0.000 s, total = 0.000 s, Queueing time: mean = 0.000 s, max = -0.000 s, min = 9223372036.855 s, total = 0.000 s
Other Stats:
	grpc_in_progress:0
	current number of task status events in buffer: 0
	current number of profile events in buffer: 0
	current number of dropped task attempts tracked: 0
	total task events sent: 0 MiB
	total number of task attempts sent: 0
	total number of task attempts dropped reported: 0
	total number of sent failure: 0
	num status task events dropped: 0
	num profile task events dropped: 0


[2024-09-05 18:16:27,764 I 12076 18936] accessor.cc:627: Received notification for node id = 9d3476886d10e9af010ab5b58cef92de84e168d96fce97943cf85339, IsAlive = 1
[2024-09-05 18:16:27,764 I 12076 18936] core_worker.cc:4552: Number of alive nodes:1
[2024-09-05 18:16:27,765 I 12076 18156] event.cc:234: Set ray event level to warning
[2024-09-05 18:16:27,765 I 12076 18156] event.cc:342: Ray Event initialized for CORE_WORKER
[2024-09-05 18:16:29,047 I 12076 18936] core_worker.cc:835: Exit signal received, this process will exit after all outstanding tasks have finished, exit_type=INTENDED_SYSTEM_EXIT, detail=Worker exits because it was idle (it doesn't have objects it owns while no task or actor has been scheduled) for a long time.
[2024-09-05 18:16:29,048 I 12076 18156] core_worker.cc:772: Disconnecting to the raylet.
[2024-09-05 18:16:29,048 I 12076 18156] raylet_client.cc:163: RayletClient::Disconnect, exit_type=INTENDED_SYSTEM_EXIT, exit_detail=Worker exits because it was idle (it doesn't have objects it owns while no task or actor has been scheduled) for a long time., has creation_task_exception_pb_bytes=0
[2024-09-05 18:16:29,048 I 12076 18156] core_worker.cc:694: Shutting down a core worker.
[2024-09-05 18:16:29,048 I 12076 18156] task_event_buffer.cc:188: Shutting down TaskEventBuffer.
[2024-09-05 18:16:29,048 I 12076 17552] task_event_buffer.cc:170: Task event buffer io service stopped.
[2024-09-05 18:16:29,048 I 12076 18156] core_worker.cc:720: Disconnecting a GCS client.
[2024-09-05 18:16:29,048 I 12076 18156] core_worker.cc:724: Waiting for joining a core worker io thread. If it hangs here, there might be deadlock or a high load in the core worker io service.
[2024-09-05 18:16:29,048 I 12076 18936] core_worker.cc:943: Core worker main io service stopped.
[2024-09-05 18:16:29,048 W 12076 19584] metric_exporter.cc:105: [1] Export metrics to agent failed: GrpcUnavailable: RPC Error message: failed to connect to all addresses; last error: UNAVAILABLE: ipv4:127.0.0.1:57507: Failed parsing HTTP/2; RPC Error details: . This won't affect Ray, but you can lose metrics from the cluster.
[2024-09-05 18:16:29,051 I 12076 18156] core_worker.cc:737: Core worker ready to be deallocated.
[2024-09-05 18:16:29,051 I 12076 18156] core_worker_process.cc:243: Task execution loop terminated. Removing the global worker.
[2024-09-05 18:16:29,051 I 12076 18156] core_worker.cc:685: Core worker is destructed
[2024-09-05 18:16:29,051 I 12076 18156] task_event_buffer.cc:188: Shutting down TaskEventBuffer.
[2024-09-05 18:16:29,051 I 12076 18156] core_worker_process.cc:148: Destructing CoreWorkerProcessImpl. pid: 12076
[2024-09-05 18:16:29,051 I 12076 18156] io_service_pool.cc:47: IOServicePool is stopped.
[2024-09-05 18:16:29,170 I 12076 18156] stats.h:120: Stats module has shutdown.
