[2024-09-05 18:16:27,779 I 13676 9200] core_worker_process.cc:107: Constructing CoreWorkerProcess. pid: 13676
[2024-09-05 18:16:27,782 I 13676 9200] io_service_pool.cc:35: IOServicePool is running with 1 io_service.
[2024-09-05 18:16:27,784 I 13676 9200] grpc_server.cc:129: worker server started, listening on port 57437.
[2024-09-05 18:16:27,789 I 13676 9200] core_worker.cc:252: Initializing worker at address: 127.0.0.1:57437, worker ID 6e6a6c68ac0f81b68e863067c36a2c6db037e10a961901d41baa8748, raylet 9d3476886d10e9af010ab5b58cef92de84e168d96fce97943cf85339
[2024-09-05 18:16:27,790 I 13676 9200] task_event_buffer.cc:177: Reporting task events to GCS every 1000ms.
[2024-09-05 18:16:27,791 I 13676 7404] accessor.cc:627: Received notification for node id = 9d3476886d10e9af010ab5b58cef92de84e168d96fce97943cf85339, IsAlive = 1
[2024-09-05 18:16:27,791 I 13676 7404] core_worker.cc:4552: Number of alive nodes:1
[2024-09-05 18:16:27,792 I 13676 7404] core_worker.cc:614: Event stats:


Global stats: 12 total (4 active)
Queueing time: mean = 9.933 us, max = 96.300 us, min = 4.600 us, total = 119.200 us
Execution time:  mean = 104.158 us, total = 1.250 ms
Event stats:
	PeriodicalRunner.RunFnPeriodically - 3 total (1 active, 1 running), Execution time: mean = 11.767 us, total = 35.300 us, Queueing time: mean = 33.767 us, max = 96.300 us, min = 5.000 us, total = 101.300 us
	WorkerInfoGcsService.grpc_client.AddWorkerInfo - 1 total (0 active), Execution time: mean = 367.900 us, total = 367.900 us, Queueing time: mean = 0.000 s, max = -0.000 s, min = 9223372036.855 s, total = 0.000 s
	InternalPubSubGcsService.grpc_client.GcsSubscriberCommandBatch.OnReplyReceived - 1 total (0 active), Execution time: mean = 126.800 us, total = 126.800 us, Queueing time: mean = 4.600 us, max = 4.600 us, min = 4.600 us, total = 4.600 us
	Publisher.CheckDeadSubscribers - 1 total (1 active), Execution time: mean = 0.000 s, total = 0.000 s, Queueing time: mean = 0.000 s, max = -0.000 s, min = 9223372036.855 s, total = 0.000 s
	InternalPubSubGcsService.grpc_client.GcsSubscriberCommandBatch - 1 total (0 active), Execution time: mean = 337.200 us, total = 337.200 us, Queueing time: mean = 0.000 s, max = -0.000 s, min = 9223372036.855 s, total = 0.000 s
	NodeInfoGcsService.grpc_client.GetAllNodeInfo - 1 total (0 active), Execution time: mean = 246.700 us, total = 246.700 us, Queueing time: mean = 0.000 s, max = -0.000 s, min = 9223372036.855 s, total = 0.000 s
	WorkerInfoGcsService.grpc_client.AddWorkerInfo.OnReplyReceived - 1 total (0 active), Execution time: mean = 34.100 us, total = 34.100 us, Queueing time: mean = 7.400 us, max = 7.400 us, min = 7.400 us, total = 7.400 us
	NodeInfoGcsService.grpc_client.GetAllNodeInfo.OnReplyReceived - 1 total (0 active), Execution time: mean = 101.900 us, total = 101.900 us, Queueing time: mean = 5.900 us, max = 5.900 us, min = 5.900 us, total = 5.900 us
	InternalPubSubGcsService.grpc_client.GcsSubscriberPoll - 1 total (1 active), Execution time: mean = 0.000 s, total = 0.000 s, Queueing time: mean = 0.000 s, max = -0.000 s, min = 9223372036.855 s, total = 0.000 s
	CoreWorker.ExitIfParentRayletDies - 1 total (1 active), Execution time: mean = 0.000 s, total = 0.000 s, Queueing time: mean = 0.000 s, max = -0.000 s, min = 9223372036.855 s, total = 0.000 s

-----------------
Task Event stats:

IO Service Stats:

Global stats: 4 total (1 active)
Queueing time: mean = 3.875 us, max = 10.700 us, min = 4.800 us, total = 15.500 us
Execution time:  mean = 135.375 us, total = 541.500 us
Event stats:
	TaskInfoGcsService.grpc_client.AddTaskEventData.OnReplyReceived - 1 total (0 active), Execution time: mean = 24.100 us, total = 24.100 us, Queueing time: mean = 10.700 us, max = 10.700 us, min = 10.700 us, total = 10.700 us
	CoreWorker.deadline_timer.flush_task_events - 1 total (1 active), Execution time: mean = 0.000 s, total = 0.000 s, Queueing time: mean = 0.000 s, max = -0.000 s, min = 9223372036.855 s, total = 0.000 s
	PeriodicalRunner.RunFnPeriodically - 1 total (0 active), Execution time: mean = 182.600 us, total = 182.600 us, Queueing time: mean = 4.800 us, max = 4.800 us, min = 4.800 us, total = 4.800 us
	TaskInfoGcsService.grpc_client.AddTaskEventData - 1 total (0 active), Execution time: mean = 334.800 us, total = 334.800 us, Queueing time: mean = 0.000 s, max = -0.000 s, min = 9223372036.855 s, total = 0.000 s
Other Stats:
	grpc_in_progress:0
	current number of task status events in buffer: 0
	current number of profile events in buffer: 0
	current number of dropped task attempts tracked: 0
	total task events sent: 0 MiB
	total number of task attempts sent: 0
	total number of task attempts dropped reported: 0
	total number of sent failure: 0
	num status task events dropped: 0
	num profile task events dropped: 0


[2024-09-05 18:16:27,794 I 13676 9200] event.cc:234: Set ray event level to warning
[2024-09-05 18:16:27,794 I 13676 9200] event.cc:342: Ray Event initialized for CORE_WORKER
[2024-09-05 18:16:39,930 W 13676 19436] metric_exporter.cc:105: [1] Export metrics to agent failed: GrpcUnavailable: RPC Error message: failed to connect to all addresses; last error: UNAVAILABLE: ipv4:127.0.0.1:57507: Connection refused; RPC Error details: . This won't affect Ray, but you can lose metrics from the cluster.
