[2024-09-05 18:16:28,819 I 19244 11864] core_worker_process.cc:107: Constructing CoreWorkerProcess. pid: 19244
[2024-09-05 18:16:28,821 I 19244 11864] io_service_pool.cc:35: IOServicePool is running with 1 io_service.
[2024-09-05 18:16:28,822 I 19244 11864] grpc_server.cc:129: worker server started, listening on port 57499.
[2024-09-05 18:16:28,825 I 19244 11864] core_worker.cc:252: Initializing worker at address: 127.0.0.1:57499, worker ID 104b5ccca0f469ecbd7cfbc1b4c608af5e518ebb98cfb73ee3ab2997, raylet 9d3476886d10e9af010ab5b58cef92de84e168d96fce97943cf85339
[2024-09-05 18:16:28,826 I 19244 11864] task_event_buffer.cc:177: Reporting task events to GCS every 1000ms.
[2024-09-05 18:16:28,827 I 19244 18140] accessor.cc:627: Received notification for node id = 9d3476886d10e9af010ab5b58cef92de84e168d96fce97943cf85339, IsAlive = 1
[2024-09-05 18:16:28,827 I 19244 18140] core_worker.cc:4552: Number of alive nodes:1
[2024-09-05 18:16:28,827 I 19244 18140] core_worker.cc:614: Event stats:


Global stats: 12 total (4 active)
Queueing time: mean = 7.958 us, max = 78.600 us, min = 3.700 us, total = 95.500 us
Execution time:  mean = 73.975 us, total = 887.700 us
Event stats:
	PeriodicalRunner.RunFnPeriodically - 3 total (1 active, 1 running), Execution time: mean = 6.067 us, total = 18.200 us, Queueing time: mean = 27.467 us, max = 78.600 us, min = 3.800 us, total = 82.400 us
	WorkerInfoGcsService.grpc_client.AddWorkerInfo.OnReplyReceived - 1 total (0 active), Execution time: mean = 21.300 us, total = 21.300 us, Queueing time: mean = 4.200 us, max = 4.200 us, min = 4.200 us, total = 4.200 us
	NodeInfoGcsService.grpc_client.GetAllNodeInfo.OnReplyReceived - 1 total (0 active), Execution time: mean = 81.600 us, total = 81.600 us, Queueing time: mean = 5.200 us, max = 5.200 us, min = 5.200 us, total = 5.200 us
	InternalPubSubGcsService.grpc_client.GcsSubscriberPoll - 1 total (1 active), Execution time: mean = 0.000 s, total = 0.000 s, Queueing time: mean = 0.000 s, max = -0.000 s, min = 9223372036.855 s, total = 0.000 s
	WorkerInfoGcsService.grpc_client.AddWorkerInfo - 1 total (0 active), Execution time: mean = 262.200 us, total = 262.200 us, Queueing time: mean = 0.000 s, max = -0.000 s, min = 9223372036.855 s, total = 0.000 s
	CoreWorker.ExitIfParentRayletDies - 1 total (1 active), Execution time: mean = 0.000 s, total = 0.000 s, Queueing time: mean = 0.000 s, max = -0.000 s, min = 9223372036.855 s, total = 0.000 s
	InternalPubSubGcsService.grpc_client.GcsSubscriberCommandBatch.OnReplyReceived - 1 total (0 active), Execution time: mean = 83.800 us, total = 83.800 us, Queueing time: mean = 3.700 us, max = 3.700 us, min = 3.700 us, total = 3.700 us
	InternalPubSubGcsService.grpc_client.GcsSubscriberCommandBatch - 1 total (0 active), Execution time: mean = 214.100 us, total = 214.100 us, Queueing time: mean = 0.000 s, max = -0.000 s, min = 9223372036.855 s, total = 0.000 s
	Publisher.CheckDeadSubscribers - 1 total (1 active), Execution time: mean = 0.000 s, total = 0.000 s, Queueing time: mean = 0.000 s, max = -0.000 s, min = 9223372036.855 s, total = 0.000 s
	NodeInfoGcsService.grpc_client.GetAllNodeInfo - 1 total (0 active), Execution time: mean = 206.500 us, total = 206.500 us, Queueing time: mean = 0.000 s, max = -0.000 s, min = 9223372036.855 s, total = 0.000 s

-----------------
Task Event stats:

IO Service Stats:

Global stats: 4 total (1 active)
Queueing time: mean = 10.400 us, max = 36.600 us, min = 5.000 us, total = 41.600 us
Execution time:  mean = 78.600 us, total = 314.400 us
Event stats:
	TaskInfoGcsService.grpc_client.AddTaskEventData - 1 total (0 active), Execution time: mean = 234.700 us, total = 234.700 us, Queueing time: mean = 0.000 s, max = -0.000 s, min = 9223372036.855 s, total = 0.000 s
	TaskInfoGcsService.grpc_client.AddTaskEventData.OnReplyReceived - 1 total (0 active), Execution time: mean = 15.200 us, total = 15.200 us, Queueing time: mean = 5.000 us, max = 5.000 us, min = 5.000 us, total = 5.000 us
	CoreWorker.deadline_timer.flush_task_events - 1 total (1 active), Execution time: mean = 0.000 s, total = 0.000 s, Queueing time: mean = 0.000 s, max = -0.000 s, min = 9223372036.855 s, total = 0.000 s
	PeriodicalRunner.RunFnPeriodically - 1 total (0 active), Execution time: mean = 64.500 us, total = 64.500 us, Queueing time: mean = 36.600 us, max = 36.600 us, min = 36.600 us, total = 36.600 us
Other Stats:
	grpc_in_progress:0
	current number of task status events in buffer: 0
	current number of profile events in buffer: 0
	current number of dropped task attempts tracked: 0
	total task events sent: 0 MiB
	total number of task attempts sent: 0
	total number of task attempts dropped reported: 0
	total number of sent failure: 0
	num status task events dropped: 0
	num profile task events dropped: 0


[2024-09-05 18:16:28,829 I 19244 11864] event.cc:234: Set ray event level to warning
[2024-09-05 18:16:28,829 I 19244 11864] event.cc:342: Ray Event initialized for CORE_WORKER
[2024-09-05 18:16:28,830 I 19244 11864] direct_actor_task_submitter.cc:36: Set max pending calls to -1 for actor e6e7a793be870820ddcd77c401000000
[2024-09-05 18:16:28,830 I 19244 11864] direct_actor_task_submitter.cc:237: Connecting to actor e6e7a793be870820ddcd77c401000000 at worker 104b5ccca0f469ecbd7cfbc1b4c608af5e518ebb98cfb73ee3ab2997
[2024-09-05 18:16:28,830 I 19244 11864] core_worker.cc:2861: Creating actor: e6e7a793be870820ddcd77c401000000
[2024-09-05 18:16:34,802 I 19244 11864] direct_actor_task_submitter.cc:36: Set max pending calls to -1 for actor d08a8d69cb2dadd859c25ff601000000
[2024-09-05 18:16:34,804 I 19244 11864] direct_actor_task_submitter.cc:36: Set max pending calls to -1 for actor 2a9d294295d756c7576babdd01000000
[2024-09-05 18:16:34,806 I 19244 18140] actor_manager.cc:214: received notification on actor, state: PENDING_CREATION, actor_id: d08a8d69cb2dadd859c25ff601000000, ip address: , port: 0, worker_id: NIL_ID, raylet_id: 9d3476886d10e9af010ab5b58cef92de84e168d96fce97943cf85339, num_restarts: 0, death context type=CONTEXT_NOT_SET
[2024-09-05 18:16:34,806 I 19244 18140] actor_manager.cc:214: received notification on actor, state: PENDING_CREATION, actor_id: 2a9d294295d756c7576babdd01000000, ip address: , port: 0, worker_id: NIL_ID, raylet_id: 9d3476886d10e9af010ab5b58cef92de84e168d96fce97943cf85339, num_restarts: 0, death context type=CONTEXT_NOT_SET
[2024-09-05 18:16:40,945 W 19244 11036] metric_exporter.cc:105: [1] Export metrics to agent failed: GrpcUnavailable: RPC Error message: failed to connect to all addresses; last error: UNAVAILABLE: ipv4:127.0.0.1:57507: Connection refused; RPC Error details: . This won't affect Ray, but you can lose metrics from the cluster.
[2024-09-05 18:16:42,382 I 19244 18140] actor_manager.cc:214: received notification on actor, state: ALIVE, actor_id: 2a9d294295d756c7576babdd01000000, ip address: 127.0.0.1, port: 57527, worker_id: c0a6dd2d3590b4a16752aaea12e6a42de0383220bd0015f3262cb5b6, raylet_id: 9d3476886d10e9af010ab5b58cef92de84e168d96fce97943cf85339, num_restarts: 0, death context type=CONTEXT_NOT_SET
[2024-09-05 18:16:42,382 I 19244 18140] direct_actor_task_submitter.cc:237: Connecting to actor 2a9d294295d756c7576babdd01000000 at worker c0a6dd2d3590b4a16752aaea12e6a42de0383220bd0015f3262cb5b6
[2024-09-05 18:16:42,382 I 19244 18140] actor_manager.cc:214: received notification on actor, state: ALIVE, actor_id: d08a8d69cb2dadd859c25ff601000000, ip address: 127.0.0.1, port: 57520, worker_id: de332cc9fb8942de6628e50bbcc2875e73c7da5afcc384637c6ed090, raylet_id: 9d3476886d10e9af010ab5b58cef92de84e168d96fce97943cf85339, num_restarts: 0, death context type=CONTEXT_NOT_SET
[2024-09-05 18:16:42,382 I 19244 18140] direct_actor_task_submitter.cc:237: Connecting to actor d08a8d69cb2dadd859c25ff601000000 at worker de332cc9fb8942de6628e50bbcc2875e73c7da5afcc384637c6ed090
[2024-09-05 18:16:42,712 I 19244 11864] direct_actor_transport.cc:188: Actor creation task finished, task_id: ffffffffffffffffe6e7a793be870820ddcd77c401000000, actor_id: e6e7a793be870820ddcd77c401000000, actor_repr_name: PPO
[2024-09-05 18:16:43,500 I 19244 18140] actor_manager.cc:214: received notification on actor, state: DEAD, actor_id: d08a8d69cb2dadd859c25ff601000000, ip address: 127.0.0.1, port: 57520, worker_id: de332cc9fb8942de6628e50bbcc2875e73c7da5afcc384637c6ed090, raylet_id: 9d3476886d10e9af010ab5b58cef92de84e168d96fce97943cf85339, num_restarts: 0, death context type=ActorDiedErrorContext
[2024-09-05 18:16:43,501 I 19244 18140] direct_actor_task_submitter.cc:287: Failing pending tasks for actor d08a8d69cb2dadd859c25ff601000000 because the actor is already dead.
[2024-09-05 18:16:43,501 I 19244 18140] actor_manager.cc:214: received notification on actor, state: DEAD, actor_id: 2a9d294295d756c7576babdd01000000, ip address: 127.0.0.1, port: 57527, worker_id: c0a6dd2d3590b4a16752aaea12e6a42de0383220bd0015f3262cb5b6, raylet_id: 9d3476886d10e9af010ab5b58cef92de84e168d96fce97943cf85339, num_restarts: 0, death context type=ActorDiedErrorContext
[2024-09-05 18:16:43,501 I 19244 18140] direct_actor_task_submitter.cc:287: Failing pending tasks for actor 2a9d294295d756c7576babdd01000000 because the actor is already dead.
