[2024-09-05 18:16:27,840 I 10560 16764] core_worker_process.cc:107: Constructing CoreWorkerProcess. pid: 10560
[2024-09-05 18:16:27,842 I 10560 16764] io_service_pool.cc:35: IOServicePool is running with 1 io_service.
[2024-09-05 18:16:27,844 I 10560 16764] grpc_server.cc:129: worker server started, listening on port 57481.
[2024-09-05 18:16:27,847 I 10560 16764] core_worker.cc:252: Initializing worker at address: 127.0.0.1:57481, worker ID df8220f631a13ded9b85b94e6020d81df955265e6ddaa2db27a3f57a, raylet 9d3476886d10e9af010ab5b58cef92de84e168d96fce97943cf85339
[2024-09-05 18:16:27,848 I 10560 16764] task_event_buffer.cc:177: Reporting task events to GCS every 1000ms.
[2024-09-05 18:16:27,848 I 10560 21160] accessor.cc:627: Received notification for node id = 9d3476886d10e9af010ab5b58cef92de84e168d96fce97943cf85339, IsAlive = 1
[2024-09-05 18:16:27,848 I 10560 21160] core_worker.cc:4552: Number of alive nodes:1
[2024-09-05 18:16:27,849 I 10560 21160] core_worker.cc:614: Event stats:


Global stats: 12 total (4 active)
Queueing time: mean = 7.392 us, max = 72.000 us, min = 3.200 us, total = 88.700 us
Execution time:  mean = 74.700 us, total = 896.400 us
Event stats:
	PeriodicalRunner.RunFnPeriodically - 3 total (1 active, 1 running), Execution time: mean = 6.667 us, total = 20.000 us, Queueing time: mean = 25.200 us, max = 72.000 us, min = 3.600 us, total = 75.600 us
	WorkerInfoGcsService.grpc_client.AddWorkerInfo - 1 total (0 active), Execution time: mean = 294.600 us, total = 294.600 us, Queueing time: mean = 0.000 s, max = -0.000 s, min = 9223372036.855 s, total = 0.000 s
	CoreWorker.ExitIfParentRayletDies - 1 total (1 active), Execution time: mean = 0.000 s, total = 0.000 s, Queueing time: mean = 0.000 s, max = -0.000 s, min = 9223372036.855 s, total = 0.000 s
	InternalPubSubGcsService.grpc_client.GcsSubscriberCommandBatch.OnReplyReceived - 1 total (0 active), Execution time: mean = 95.600 us, total = 95.600 us, Queueing time: mean = 3.200 us, max = 3.200 us, min = 3.200 us, total = 3.200 us
	InternalPubSubGcsService.grpc_client.GcsSubscriberPoll - 1 total (1 active), Execution time: mean = 0.000 s, total = 0.000 s, Queueing time: mean = 0.000 s, max = -0.000 s, min = 9223372036.855 s, total = 0.000 s
	NodeInfoGcsService.grpc_client.GetAllNodeInfo.OnReplyReceived - 1 total (0 active), Execution time: mean = 62.600 us, total = 62.600 us, Queueing time: mean = 4.800 us, max = 4.800 us, min = 4.800 us, total = 4.800 us
	WorkerInfoGcsService.grpc_client.AddWorkerInfo.OnReplyReceived - 1 total (0 active), Execution time: mean = 23.700 us, total = 23.700 us, Queueing time: mean = 5.100 us, max = 5.100 us, min = 5.100 us, total = 5.100 us
	NodeInfoGcsService.grpc_client.GetAllNodeInfo - 1 total (0 active), Execution time: mean = 182.100 us, total = 182.100 us, Queueing time: mean = 0.000 s, max = -0.000 s, min = 9223372036.855 s, total = 0.000 s
	InternalPubSubGcsService.grpc_client.GcsSubscriberCommandBatch - 1 total (0 active), Execution time: mean = 217.800 us, total = 217.800 us, Queueing time: mean = 0.000 s, max = -0.000 s, min = 9223372036.855 s, total = 0.000 s
	Publisher.CheckDeadSubscribers - 1 total (1 active), Execution time: mean = 0.000 s, total = 0.000 s, Queueing time: mean = 0.000 s, max = -0.000 s, min = 9223372036.855 s, total = 0.000 s

-----------------
Task Event stats:

IO Service Stats:

Global stats: 4 total (1 active)
Queueing time: mean = 1.975 us, max = 4.400 us, min = 3.500 us, total = 7.900 us
Execution time:  mean = 84.525 us, total = 338.100 us
Event stats:
	CoreWorker.deadline_timer.flush_task_events - 1 total (1 active), Execution time: mean = 0.000 s, total = 0.000 s, Queueing time: mean = 0.000 s, max = -0.000 s, min = 9223372036.855 s, total = 0.000 s
	TaskInfoGcsService.grpc_client.AddTaskEventData.OnReplyReceived - 1 total (0 active), Execution time: mean = 19.100 us, total = 19.100 us, Queueing time: mean = 4.400 us, max = 4.400 us, min = 4.400 us, total = 4.400 us
	TaskInfoGcsService.grpc_client.AddTaskEventData - 1 total (0 active), Execution time: mean = 215.400 us, total = 215.400 us, Queueing time: mean = 0.000 s, max = -0.000 s, min = 9223372036.855 s, total = 0.000 s
	PeriodicalRunner.RunFnPeriodically - 1 total (0 active), Execution time: mean = 103.600 us, total = 103.600 us, Queueing time: mean = 3.500 us, max = 3.500 us, min = 3.500 us, total = 3.500 us
Other Stats:
	grpc_in_progress:0
	current number of task status events in buffer: 0
	current number of profile events in buffer: 0
	current number of dropped task attempts tracked: 0
	total task events sent: 0 MiB
	total number of task attempts sent: 0
	total number of task attempts dropped reported: 0
	total number of sent failure: 0
	num status task events dropped: 0
	num profile task events dropped: 0


[2024-09-05 18:16:27,850 I 10560 16764] event.cc:234: Set ray event level to warning
[2024-09-05 18:16:27,850 I 10560 16764] event.cc:342: Ray Event initialized for CORE_WORKER
[2024-09-05 18:16:39,866 W 10560 17764] metric_exporter.cc:105: [1] Export metrics to agent failed: GrpcUnavailable: RPC Error message: failed to connect to all addresses; last error: UNAVAILABLE: ipv4:127.0.0.1:57507: Connection refused; RPC Error details: . This won't affect Ray, but you can lose metrics from the cluster.
