[2024-09-05 18:16:26,765 I 20020 15104] (raylet.exe) main.cc:176: Setting cluster ID to: 93228d41a372d6cb414ba26da37e9221dc1ad23f7c0d7a5771685a9d
[2024-09-05 18:16:26,772 I 20020 15104] (raylet.exe) main.cc:396: Raylet is not set to kill unknown children.
[2024-09-05 18:16:26,772 I 20020 15104] (raylet.exe) io_service_pool.cc:35: IOServicePool is running with 1 io_service.
[2024-09-05 18:16:26,773 I 20020 15104] (raylet.exe) store_runner.cc:32: Allowing the Plasma store to use up to 2.48052GB of memory.
[2024-09-05 18:16:26,773 I 20020 15104] (raylet.exe) store_runner.cc:48: Starting object store with directory C:\Users\colam\AppData\Local\Temp, fallback D:\Programme\Nextcloud\00_Eigene_Dateien\Programmieren\dl_reference_models\experiments\results, and huge page support disabled
[2024-09-05 18:16:26,773 I 20020 20572] (raylet.exe) store.cc:564: ========== Plasma store: =================
Current usage: 0 / 2.48052 GB
- num bytes created total: 0
0 pending objects of total size 0MB
- objects spillable: 0
- bytes spillable: 0
- objects unsealed: 0
- bytes unsealed: 0
- objects in use: 0
- bytes in use: 0
- objects evictable: 0
- bytes evictable: 0

- objects created by worker: 0
- bytes created by worker: 0
- objects restored: 0
- bytes restored: 0
- objects received: 0
- bytes received: 0
- objects errored: 0
- bytes errored: 0

[2024-09-05 18:16:26,776 I 20020 15104] (raylet.exe) grpc_server.cc:129: ObjectManager server started, listening on port 57359.
[2024-09-05 18:16:26,778 I 20020 15104] (raylet.exe) worker_killing_policy.cc:101: Running GroupByOwner policy.
[2024-09-05 18:16:26,778 W 20020 15104] (raylet.exe) memory_monitor.cc:67: Not running MemoryMonitor. It is currently supported only on Linux.
[2024-09-05 18:16:26,778 I 20020 15104] (raylet.exe) node_manager.cc:282: Initializing NodeManager with ID 9d3476886d10e9af010ab5b58cef92de84e168d96fce97943cf85339
[2024-09-05 18:16:26,779 I 20020 15104] (raylet.exe) grpc_server.cc:129: NodeManager server started, listening on port 57361.
[2024-09-05 18:16:26,787 I 20020 16288] (raylet.exe) agent_manager.cc:78: Monitor agent process with name dashboard_agent/15724
[2024-09-05 18:16:26,791 I 20020 20880] (raylet.exe) agent_manager.cc:78: Monitor agent process with name runtime_env_agent
[2024-09-05 18:16:26,793 I 20020 15104] (raylet.exe) event.cc:234: Set ray event level to warning
[2024-09-05 18:16:26,793 I 20020 15104] (raylet.exe) event.cc:342: Ray Event initialized for RAYLET
[2024-09-05 18:16:26,794 I 20020 15104] (raylet.exe) raylet.cc:128: Raylet of id, 9d3476886d10e9af010ab5b58cef92de84e168d96fce97943cf85339 started. Raylet consists of node_manager and object_manager. node_manager address: 127.0.0.1:57361 object_manager address: 127.0.0.1:57359 hostname: MININT-EJD2ILQ
[2024-09-05 18:16:26,796 I 20020 15104] (raylet.exe) node_manager.cc:502: [state-dump] NodeManager:
[state-dump] Node ID: 9d3476886d10e9af010ab5b58cef92de84e168d96fce97943cf85339
[state-dump] Node name: 127.0.0.1
[state-dump] InitialConfigResources: {object_store_memory: 24805208060000, memory: 49610416140000, node:127.0.0.1: 10000, CPU: 160000, node:__internal_head__: 10000, GPU: 10000, accelerator_type:G: 10000}
[state-dump] ClusterTaskManager:
[state-dump] ========== Node: 9d3476886d10e9af010ab5b58cef92de84e168d96fce97943cf85339 =================
[state-dump] Infeasible queue length: 0
[state-dump] Schedule queue length: 0
[state-dump] Dispatch queue length: 0
[state-dump] num_waiting_for_resource: 0
[state-dump] num_waiting_for_plasma_memory: 0
[state-dump] num_waiting_for_remote_node_resources: 0
[state-dump] num_worker_not_started_by_job_config_not_exist: 0
[state-dump] num_worker_not_started_by_registration_timeout: 0
[state-dump] num_tasks_waiting_for_workers: 0
[state-dump] num_cancelled_tasks: 0
[state-dump] cluster_resource_scheduler state: 
[state-dump] Local id: -592876561568428683 Local resources: {"total":{accelerator_type:G: [10000], node:127.0.0.1: [10000], CPU: [160000], memory: [49610416140000], object_store_memory: [24805208060000], GPU: [10000], node:__internal_head__: [10000]}}, "available": {CPU: [160000], GPU: [10000], object_store_memory: [24805208060000], node:__internal_head__: [10000], accelerator_type:G: [10000], node:127.0.0.1: [10000], memory: [49610416140000]}}, "labels":{"ray.io/node_id":"9d3476886d10e9af010ab5b58cef92de84e168d96fce97943cf85339",} is_draining: 0 is_idle: 1 Cluster resources: node id: -592876561568428683{"total":{object_store_memory: 24805208060000, CPU: 160000, memory: 49610416140000, node:127.0.0.1: 10000, node:__internal_head__: 10000, GPU: 10000, accelerator_type:G: 10000}}, "available": {GPU: 10000, node:127.0.0.1: 10000, memory: 49610416140000, CPU: 160000, object_store_memory: 24805208060000, accelerator_type:G: 10000, node:__internal_head__: 10000}}, "labels":{"ray.io/node_id":"9d3476886d10e9af010ab5b58cef92de84e168d96fce97943cf85339",}, "is_draining": 0, "draining_deadline_timestamp_ms": -1} { "placment group locations": [], "node to bundles": []}
[state-dump] Waiting tasks size: 0
[state-dump] Number of executing tasks: 0
[state-dump] Number of pinned task arguments: 0
[state-dump] Number of total spilled tasks: 0
[state-dump] Number of spilled waiting tasks: 0
[state-dump] Number of spilled unschedulable tasks: 0
[state-dump] Resource usage {
[state-dump] }
[state-dump] Running tasks by scheduling class:
[state-dump] ==================================================
[state-dump] 
[state-dump] ClusterResources:
[state-dump] LocalObjectManager:
[state-dump] - num pinned objects: 0
[state-dump] - pinned objects size: 0
[state-dump] - num objects pending restore: 0
[state-dump] - num objects pending spill: 0
[state-dump] - num bytes pending spill: 0
[state-dump] - num bytes currently spilled: 0
[state-dump] - cumulative spill requests: 0
[state-dump] - cumulative restore requests: 0
[state-dump] - spilled objects pending delete: 0
[state-dump] 
[state-dump] ObjectManager:
[state-dump] - num local objects: 0
[state-dump] - num unfulfilled push requests: 0
[state-dump] - num object pull requests: 0
[state-dump] - num chunks received total: 0
[state-dump] - num chunks received failed (all): 0
[state-dump] - num chunks received failed / cancelled: 0
[state-dump] - num chunks received failed / plasma error: 0
[state-dump] Event stats:
[state-dump] Global stats: 0 total (0 active)
[state-dump] Queueing time: mean = -nan(ind) s, max = -0.000 s, min = 9223372036.855 s, total = 0.000 s
[state-dump] Execution time:  mean = -nan(ind) s, total = 0.000 s
[state-dump] Event stats:
[state-dump] PushManager:
[state-dump] - num pushes in flight: 0
[state-dump] - num chunks in flight: 0
[state-dump] - num chunks remaining: 0
[state-dump] - max chunks allowed: 409
[state-dump] OwnershipBasedObjectDirectory:
[state-dump] - num listeners: 0
[state-dump] - cumulative location updates: 0
[state-dump] - num location updates per second: 7500.000
[state-dump] - num location lookups per second: 0.000
[state-dump] - num locations added per second: 0.000
[state-dump] - num locations removed per second: 7500.000
[state-dump] BufferPool:
[state-dump] - create buffer state map size: 0
[state-dump] PullManager:
[state-dump] - num bytes available for pulled objects: 2480520806
[state-dump] - num bytes being pulled (all): 0
[state-dump] - num bytes being pulled / pinned: 0
[state-dump] - get request bundles: BundlePullRequestQueue{0 total, 0 active, 0 inactive, 0 unpullable}
[state-dump] - wait request bundles: BundlePullRequestQueue{0 total, 0 active, 0 inactive, 0 unpullable}
[state-dump] - task request bundles: BundlePullRequestQueue{0 total, 0 active, 0 inactive, 0 unpullable}
[state-dump] - first get request bundle: N/A
[state-dump] - first wait request bundle: N/A
[state-dump] - first task request bundle: N/A
[state-dump] - num objects queued: 0
[state-dump] - num objects actively pulled (all): 0
[state-dump] - num objects actively pulled / pinned: 0
[state-dump] - num bundles being pulled: 0
[state-dump] - num pull retries: 0
[state-dump] - max timeout seconds: 0
[state-dump] - max timeout request is already processed. No entry.
[state-dump] 
[state-dump] WorkerPool:
[state-dump] - registered jobs: 0
[state-dump] - process_failed_job_config_missing: 0
[state-dump] - process_failed_rate_limited: 0
[state-dump] - process_failed_pending_registration: 0
[state-dump] - process_failed_runtime_env_setup_failed: 0
[state-dump] - num PYTHON workers: 0
[state-dump] - num PYTHON drivers: 0
[state-dump] - num object spill callbacks queued: 0
[state-dump] - num object restore queued: 0
[state-dump] - num util functions queued: 0
[state-dump] - num idle workers: 0
[state-dump] TaskDependencyManager:
[state-dump] - task deps map size: 0
[state-dump] - get req map size: 0
[state-dump] - wait req map size: 0
[state-dump] - local objects map size: 0
[state-dump] WaitManager:
[state-dump] - num active wait requests: 0
[state-dump] Subscriber:
[state-dump] Channel WORKER_OBJECT_EVICTION
[state-dump] - cumulative subscribe requests: 0
[state-dump] - cumulative unsubscribe requests: 0
[state-dump] - active subscribed publishers: 0
[state-dump] - cumulative published messages: 0
[state-dump] - cumulative processed messages: 0
[state-dump] Channel WORKER_REF_REMOVED_CHANNEL
[state-dump] - cumulative subscribe requests: 0
[state-dump] - cumulative unsubscribe requests: 0
[state-dump] - active subscribed publishers: 0
[state-dump] - cumulative published messages: 0
[state-dump] - cumulative processed messages: 0
[state-dump] Channel WORKER_OBJECT_LOCATIONS_CHANNEL
[state-dump] - cumulative subscribe requests: 0
[state-dump] - cumulative unsubscribe requests: 0
[state-dump] - active subscribed publishers: 0
[state-dump] - cumulative published messages: 0
[state-dump] - cumulative processed messages: 0
[state-dump] num async plasma notifications: 0
[state-dump] Remote node managers: 
[state-dump] Event stats:
[state-dump] Global stats: 25 total (12 active)
[state-dump] Queueing time: mean = 1.639 ms, max = 15.491 ms, min = 4.800 us, total = 40.964 ms
[state-dump] Execution time:  mean = 1.006 ms, total = 25.156 ms
[state-dump] Event stats:
[state-dump] 	PeriodicalRunner.RunFnPeriodically - 10 total (2 active, 1 running), Execution time: mean = 166.270 us, total = 1.663 ms, Queueing time: mean = 4.095 ms, max = 15.491 ms, min = 27.700 us, total = 40.951 ms
[state-dump] 	NodeManager.ScheduleAndDispatchTasks - 1 total (1 active), Execution time: mean = 0.000 s, total = 0.000 s, Queueing time: mean = 0.000 s, max = -0.000 s, min = 9223372036.855 s, total = 0.000 s
[state-dump] 	InternalPubSubGcsService.grpc_client.GcsSubscriberCommandBatch.OnReplyReceived - 1 total (1 active), Execution time: mean = 0.000 s, total = 0.000 s, Queueing time: mean = 0.000 s, max = -0.000 s, min = 9223372036.855 s, total = 0.000 s
[state-dump] 	NodeInfoGcsService.grpc_client.GetInternalConfig - 1 total (0 active), Execution time: mean = 342.700 us, total = 342.700 us, Queueing time: mean = 0.000 s, max = -0.000 s, min = 9223372036.855 s, total = 0.000 s
[state-dump] 	NodeManager.GCTaskFailureReason - 1 total (1 active), Execution time: mean = 0.000 s, total = 0.000 s, Queueing time: mean = 0.000 s, max = -0.000 s, min = 9223372036.855 s, total = 0.000 s
[state-dump] 	NodeManager.deadline_timer.flush_free_objects - 1 total (1 active), Execution time: mean = 0.000 s, total = 0.000 s, Queueing time: mean = 0.000 s, max = -0.000 s, min = 9223372036.855 s, total = 0.000 s
[state-dump] 	ClusterResourceManager.ResetRemoteNodeView - 1 total (1 active), Execution time: mean = 0.000 s, total = 0.000 s, Queueing time: mean = 0.000 s, max = -0.000 s, min = 9223372036.855 s, total = 0.000 s
[state-dump] 	NodeManager.deadline_timer.spill_objects_when_over_threshold - 1 total (1 active), Execution time: mean = 0.000 s, total = 0.000 s, Queueing time: mean = 0.000 s, max = -0.000 s, min = 9223372036.855 s, total = 0.000 s
[state-dump] 	RayletWorkerPool.deadline_timer.kill_idle_workers - 1 total (1 active), Execution time: mean = 0.000 s, total = 0.000 s, Queueing time: mean = 0.000 s, max = -0.000 s, min = 9223372036.855 s, total = 0.000 s
[state-dump] 	InternalPubSubGcsService.grpc_client.GcsSubscriberPoll - 1 total (1 active), Execution time: mean = 0.000 s, total = 0.000 s, Queueing time: mean = 0.000 s, max = -0.000 s, min = 9223372036.855 s, total = 0.000 s
[state-dump] 	NodeInfoGcsService.grpc_client.RegisterNode.OnReplyReceived - 1 total (0 active), Execution time: mean = 212.400 us, total = 212.400 us, Queueing time: mean = 4.800 us, max = 4.800 us, min = 4.800 us, total = 4.800 us
[state-dump] 	NodeInfoGcsService.grpc_client.GetInternalConfig.OnReplyReceived - 1 total (0 active), Execution time: mean = 22.192 ms, total = 22.192 ms, Queueing time: mean = 8.000 us, max = 8.000 us, min = 8.000 us, total = 8.000 us
[state-dump] 	NodeInfoGcsService.grpc_client.RegisterNode - 1 total (0 active), Execution time: mean = 551.900 us, total = 551.900 us, Queueing time: mean = 0.000 s, max = -0.000 s, min = 9223372036.855 s, total = 0.000 s
[state-dump] 	NodeManager.deadline_timer.debug_state_dump - 1 total (1 active), Execution time: mean = 0.000 s, total = 0.000 s, Queueing time: mean = 0.000 s, max = -0.000 s, min = 9223372036.855 s, total = 0.000 s
[state-dump] 	InternalPubSubGcsService.grpc_client.GcsSubscriberCommandBatch - 1 total (0 active), Execution time: mean = 194.800 us, total = 194.800 us, Queueing time: mean = 0.000 s, max = -0.000 s, min = 9223372036.855 s, total = 0.000 s
[state-dump] 	NodeManager.deadline_timer.record_metrics - 1 total (1 active), Execution time: mean = 0.000 s, total = 0.000 s, Queueing time: mean = 0.000 s, max = -0.000 s, min = 9223372036.855 s, total = 0.000 s
[state-dump] DebugString() time ms: 0
[state-dump] 
[state-dump] 
[2024-09-05 18:16:26,797 I 20020 15104] (raylet.exe) accessor.cc:627: Received notification for node id = 9d3476886d10e9af010ab5b58cef92de84e168d96fce97943cf85339, IsAlive = 1
[2024-09-05 18:16:26,887 I 20020 15104] (raylet.exe) worker_pool.cc:495: Started worker process with pid 20624, the token is 0
[2024-09-05 18:16:26,891 I 20020 15104] (raylet.exe) worker_pool.cc:495: Started worker process with pid 12076, the token is 1
[2024-09-05 18:16:26,895 I 20020 15104] (raylet.exe) worker_pool.cc:495: Started worker process with pid 18676, the token is 2
[2024-09-05 18:16:26,900 I 20020 15104] (raylet.exe) worker_pool.cc:495: Started worker process with pid 10560, the token is 3
[2024-09-05 18:16:26,906 I 20020 15104] (raylet.exe) worker_pool.cc:495: Started worker process with pid 14440, the token is 4
[2024-09-05 18:16:26,911 I 20020 15104] (raylet.exe) worker_pool.cc:495: Started worker process with pid 13676, the token is 5
[2024-09-05 18:16:26,917 I 20020 15104] (raylet.exe) worker_pool.cc:495: Started worker process with pid 20660, the token is 6
[2024-09-05 18:16:26,922 I 20020 15104] (raylet.exe) worker_pool.cc:495: Started worker process with pid 18220, the token is 7
[2024-09-05 18:16:26,928 I 20020 15104] (raylet.exe) worker_pool.cc:495: Started worker process with pid 19264, the token is 8
[2024-09-05 18:16:26,934 I 20020 15104] (raylet.exe) worker_pool.cc:495: Started worker process with pid 20432, the token is 9
[2024-09-05 18:16:26,940 I 20020 15104] (raylet.exe) worker_pool.cc:495: Started worker process with pid 7000, the token is 10
[2024-09-05 18:16:26,946 I 20020 15104] (raylet.exe) worker_pool.cc:495: Started worker process with pid 9820, the token is 11
[2024-09-05 18:16:26,952 I 20020 15104] (raylet.exe) worker_pool.cc:495: Started worker process with pid 1792, the token is 12
[2024-09-05 18:16:26,957 I 20020 15104] (raylet.exe) worker_pool.cc:495: Started worker process with pid 15140, the token is 13
[2024-09-05 18:16:26,964 I 20020 15104] (raylet.exe) worker_pool.cc:495: Started worker process with pid 12644, the token is 14
[2024-09-05 18:16:26,969 I 20020 15104] (raylet.exe) worker_pool.cc:495: Started worker process with pid 20724, the token is 15
[2024-09-05 18:16:27,757 I 20020 20572] (raylet.exe) object_store.cc:35: Object store current usage 8e-09 / 2.48052 GB.
[2024-09-05 18:16:27,851 I 20020 15104] (raylet.exe) node_manager.cc:587: New job has started. Job id 01000000 Driver pid 9524 is dead: 0 driver address: 127.0.0.1
[2024-09-05 18:16:27,851 I 20020 15104] (raylet.exe) worker_pool.cc:678: Job 01000000 already started in worker pool.
[2024-09-05 18:16:28,001 I 20020 15104] (raylet.exe) runtime_env_agent_client.cc:369: Create runtime env for job 01000000
[2024-09-05 18:16:28,006 I 20020 15104] (raylet.exe) worker_pool.cc:495: Started worker process with pid 17768, the token is 16
[2024-09-05 18:16:28,848 I 20020 15104] (raylet.exe) node_manager.cc:1399: NodeManager::DisconnectClient, disconnect_type=1, has creation task exception = false
[2024-09-05 18:16:29,048 I 20020 15104] (raylet.exe) node_manager.cc:1399: NodeManager::DisconnectClient, disconnect_type=1, has creation task exception = false
[2024-09-05 18:16:29,048 I 20020 15104] (raylet.exe) node_manager.cc:1399: NodeManager::DisconnectClient, disconnect_type=1, has creation task exception = false
[2024-09-05 18:16:34,805 I 20020 15104] (raylet.exe) runtime_env_agent_client.cc:369: Create runtime env for job 01000000
[2024-09-05 18:16:34,809 I 20020 15104] (raylet.exe) worker_pool.cc:495: Started worker process with pid 22472, the token is 17
[2024-09-05 18:16:34,811 I 20020 15104] (raylet.exe) runtime_env_agent_client.cc:369: Create runtime env for job 01000000
[2024-09-05 18:16:34,814 I 20020 15104] (raylet.exe) worker_pool.cc:495: Started worker process with pid 22480, the token is 18
[2024-09-05 18:16:38,921 W 20020 17956] (raylet.exe) metric_exporter.cc:105: [1] Export metrics to agent failed: GrpcUnavailable: RPC Error message: failed to connect to all addresses; last error: UNAVAILABLE: ipv4:127.0.0.1:57507: Connection refused; RPC Error details: . This won't affect Ray, but you can lose metrics from the cluster.
[2024-09-05 18:16:42,733 I 20020 15104] (raylet.exe) worker_pool.cc:495: Started worker process with pid 22112, the token is 19
[2024-09-05 18:16:42,742 I 20020 15104] (raylet.exe) worker_pool.cc:495: Started worker process with pid 22140, the token is 20
[2024-09-05 18:16:43,501 I 20020 15104] (raylet.exe) node_manager.cc:1399: NodeManager::DisconnectClient, disconnect_type=1, has creation task exception = false
[2024-09-05 18:16:43,501 I 20020 15104] (raylet.exe) node_manager.cc:1399: NodeManager::DisconnectClient, disconnect_type=1, has creation task exception = false
[2024-09-05 18:16:43,501 I 20020 15104] (raylet.exe) node_manager.cc:1399: NodeManager::DisconnectClient, disconnect_type=1, has creation task exception = false
[2024-09-05 18:16:43,502 I 20020 15104] (raylet.exe) node_manager.cc:1399: NodeManager::DisconnectClient, disconnect_type=0, has creation task exception = false
[2024-09-05 18:16:43,502 I 20020 15104] (raylet.exe) node_manager.cc:1413: Ignoring client disconnect because the client has already been disconnected.
[2024-09-05 18:16:43,502 I 20020 15104] (raylet.exe) node_manager.cc:1399: NodeManager::DisconnectClient, disconnect_type=0, has creation task exception = false
[2024-09-05 18:16:43,502 I 20020 15104] (raylet.exe) node_manager.cc:1413: Ignoring client disconnect because the client has already been disconnected.
[2024-09-05 18:16:43,503 I 20020 15104] (raylet.exe) node_manager.cc:1399: NodeManager::DisconnectClient, disconnect_type=0, has creation task exception = false
[2024-09-05 18:16:43,503 I 20020 15104] (raylet.exe) node_manager.cc:1413: Ignoring client disconnect because the client has already been disconnected.
[2024-09-05 18:16:45,986 I 20020 15104] (raylet.exe) node_manager.cc:1399: NodeManager::DisconnectClient, disconnect_type=0, has creation task exception = false
