2024-09-05 18:03:17,041	INFO log_monitor.py:155 -- Starting log monitor with [max open files=200], [is_autoscaler_v2=False]
2024-09-05 18:03:17,043	INFO log_monitor.py:273 -- Beginning to track file raylet.err
2024-09-05 18:03:17,043	INFO log_monitor.py:273 -- Beginning to track file monitor.log
2024-09-05 18:03:17,043	INFO log_monitor.py:273 -- Beginning to track file gcs_server.err
2024-09-05 18:03:17,053	INFO log_monitor.py:273 -- Beginning to track file worker-8041f4b8d4be8300f50f46e1d56757de2ee5d7c658178de7b51abbe1-ffffffff-20212.err
2024-09-05 18:03:17,054	INFO log_monitor.py:273 -- Beginning to track file worker-8041f4b8d4be8300f50f46e1d56757de2ee5d7c658178de7b51abbe1-ffffffff-20212.out
2024-09-05 18:03:17,162	INFO log_monitor.py:273 -- Beginning to track file worker-3f7520023f359ffa1b66eafca34f99d1bbe24076c39b33ccf6de6310-ffffffff-3060.err
2024-09-05 18:03:17,162	INFO log_monitor.py:273 -- Beginning to track file worker-3f7520023f359ffa1b66eafca34f99d1bbe24076c39b33ccf6de6310-ffffffff-3060.out
2024-09-05 18:03:17,162	INFO log_monitor.py:273 -- Beginning to track file worker-d3292b9703fdbda12c89cef698b0041230cb8983fe46b7dc0e49a9d1-ffffffff-17168.err
2024-09-05 18:03:17,163	INFO log_monitor.py:273 -- Beginning to track file worker-d3292b9703fdbda12c89cef698b0041230cb8983fe46b7dc0e49a9d1-ffffffff-17168.out
2024-09-05 18:03:17,269	INFO log_monitor.py:273 -- Beginning to track file worker-07591c663efee103db765ee7c6e7dc49f7d26016834add5fa64a620c-ffffffff-21456.err
2024-09-05 18:03:17,269	INFO log_monitor.py:273 -- Beginning to track file worker-07591c663efee103db765ee7c6e7dc49f7d26016834add5fa64a620c-ffffffff-21456.out
2024-09-05 18:03:17,269	INFO log_monitor.py:273 -- Beginning to track file worker-0f6028fef229b36bab989751ac7662ca262a5c58685ebbf2d2f9ed90-ffffffff-18856.err
2024-09-05 18:03:17,269	INFO log_monitor.py:273 -- Beginning to track file worker-0f6028fef229b36bab989751ac7662ca262a5c58685ebbf2d2f9ed90-ffffffff-18856.out
2024-09-05 18:03:17,269	INFO log_monitor.py:273 -- Beginning to track file worker-1130d6235861bc87c2390e13fe35f92963f40c8b8230d0bb924efb83-ffffffff-20360.err
2024-09-05 18:03:17,269	INFO log_monitor.py:273 -- Beginning to track file worker-1130d6235861bc87c2390e13fe35f92963f40c8b8230d0bb924efb83-ffffffff-20360.out
2024-09-05 18:03:17,269	INFO log_monitor.py:273 -- Beginning to track file worker-3bea97461129bab4c2e2e892555d7bf0234b60470d3d9d0801f6aeb7-ffffffff-20248.err
2024-09-05 18:03:17,269	INFO log_monitor.py:273 -- Beginning to track file worker-3bea97461129bab4c2e2e892555d7bf0234b60470d3d9d0801f6aeb7-ffffffff-20248.out
2024-09-05 18:03:17,270	INFO log_monitor.py:273 -- Beginning to track file worker-5222fd6148b8968c853e72dad83178c5b8de67a98aa827695382b3c2-ffffffff-20936.err
2024-09-05 18:03:17,270	INFO log_monitor.py:273 -- Beginning to track file worker-5222fd6148b8968c853e72dad83178c5b8de67a98aa827695382b3c2-ffffffff-20936.out
2024-09-05 18:03:17,270	INFO log_monitor.py:273 -- Beginning to track file worker-6ae02228fe973b10eaa02881329ee28251a1864920346480e516b712-ffffffff-16560.err
2024-09-05 18:03:17,270	INFO log_monitor.py:273 -- Beginning to track file worker-6ae02228fe973b10eaa02881329ee28251a1864920346480e516b712-ffffffff-16560.out
2024-09-05 18:03:17,270	INFO log_monitor.py:273 -- Beginning to track file worker-a4d98eb18c3d64f702eff6cfbc59289f496b69d8e5cc06065fb3596e-ffffffff-12052.err
2024-09-05 18:03:17,270	INFO log_monitor.py:273 -- Beginning to track file worker-a4d98eb18c3d64f702eff6cfbc59289f496b69d8e5cc06065fb3596e-ffffffff-12052.out
2024-09-05 18:03:17,270	INFO log_monitor.py:273 -- Beginning to track file worker-a53115836ac2ea13562fccd88ce6d62beb5c66e3185baaa07a046b0e-ffffffff-16884.err
2024-09-05 18:03:17,270	INFO log_monitor.py:273 -- Beginning to track file worker-a53115836ac2ea13562fccd88ce6d62beb5c66e3185baaa07a046b0e-ffffffff-16884.out
2024-09-05 18:03:17,270	INFO log_monitor.py:273 -- Beginning to track file worker-a7d13cd5cf4a69600d705808a7b2686b4b615c8181165f1039f814b5-ffffffff-1908.err
2024-09-05 18:03:17,271	INFO log_monitor.py:273 -- Beginning to track file worker-a7d13cd5cf4a69600d705808a7b2686b4b615c8181165f1039f814b5-ffffffff-1908.out
2024-09-05 18:03:17,271	INFO log_monitor.py:273 -- Beginning to track file worker-c7bc4ab59ed2ae1959fa9239680132e7fefbb7dd4c3f6838feb0dc5a-ffffffff-15480.err
2024-09-05 18:03:17,271	INFO log_monitor.py:273 -- Beginning to track file worker-c7bc4ab59ed2ae1959fa9239680132e7fefbb7dd4c3f6838feb0dc5a-ffffffff-15480.out
2024-09-05 18:03:17,271	INFO log_monitor.py:273 -- Beginning to track file worker-e33f906ca65488adb68379ab00e533ed0eaa7f2c85e36f3ba86afbc7-ffffffff-20208.err
2024-09-05 18:03:17,271	INFO log_monitor.py:273 -- Beginning to track file worker-e33f906ca65488adb68379ab00e533ed0eaa7f2c85e36f3ba86afbc7-ffffffff-20208.out
2024-09-05 18:03:17,271	INFO log_monitor.py:273 -- Beginning to track file worker-ec23c5900be01aa643e57877c7c1c7e3b2f3f006ac80b2ccefb1a40f-ffffffff-21028.err
2024-09-05 18:03:17,271	INFO log_monitor.py:273 -- Beginning to track file worker-ec23c5900be01aa643e57877c7c1c7e3b2f3f006ac80b2ccefb1a40f-ffffffff-21028.out
2024-09-05 18:03:17,376	INFO log_monitor.py:273 -- Beginning to track file worker-4622074c4f06521f22f88ae3bd258fead20d6e58c818a14222f74349-ffffffff-5348.err
2024-09-05 18:03:17,376	INFO log_monitor.py:273 -- Beginning to track file worker-4622074c4f06521f22f88ae3bd258fead20d6e58c818a14222f74349-ffffffff-5348.out
2024-09-05 18:03:18,369	INFO log_monitor.py:273 -- Beginning to track file worker-00e445ee159297865d0cb517d77c24ccc68da0916bfdd7672c9775ef-01000000-17624.err
2024-09-05 18:03:18,369	INFO log_monitor.py:273 -- Beginning to track file worker-00e445ee159297865d0cb517d77c24ccc68da0916bfdd7672c9775ef-01000000-17624.out
2024-09-05 18:03:25,091	INFO log_monitor.py:273 -- Beginning to track file worker-cc84b5191a060254ac2059e85ecdf39a95c05be69b9af2f9c59faa2b-01000000-16004.err
2024-09-05 18:03:25,091	INFO log_monitor.py:273 -- Beginning to track file worker-cc84b5191a060254ac2059e85ecdf39a95c05be69b9af2f9c59faa2b-01000000-16004.out
2024-09-05 18:03:25,091	INFO log_monitor.py:273 -- Beginning to track file worker-dc0beecb35fe054b6e60f5105525c4267ba5681c06b8523b1dd0a320-01000000-18820.err
2024-09-05 18:03:25,091	INFO log_monitor.py:273 -- Beginning to track file worker-dc0beecb35fe054b6e60f5105525c4267ba5681c06b8523b1dd0a320-01000000-18820.out
2024-09-05 18:03:32,460	INFO log_monitor.py:273 -- Beginning to track file worker-662ae2ea9ac62cc5fce3b16d416fc112a57dbfd4c5012ee55b4f7d0a-01000000-21316.err
2024-09-05 18:03:32,460	INFO log_monitor.py:273 -- Beginning to track file worker-662ae2ea9ac62cc5fce3b16d416fc112a57dbfd4c5012ee55b4f7d0a-01000000-21316.out
2024-09-05 18:03:32,461	INFO log_monitor.py:273 -- Beginning to track file worker-b8fb8a4411b7e6ac29d61cb97b0a595ec39481d0e2c0193237f73df1-01000000-18344.err
2024-09-05 18:03:32,461	INFO log_monitor.py:273 -- Beginning to track file worker-b8fb8a4411b7e6ac29d61cb97b0a595ec39481d0e2c0193237f73df1-01000000-18344.out
