[2024-09-05 18:03:17,217 I 20360 20352] core_worker_process.cc:107: Constructing CoreWorkerProcess. pid: 20360
[2024-09-05 18:03:17,219 I 20360 20352] io_service_pool.cc:35: IOServicePool is running with 1 io_service.
[2024-09-05 18:03:17,220 I 20360 20352] grpc_server.cc:129: worker server started, listening on port 56008.
[2024-09-05 18:03:17,224 I 20360 20352] core_worker.cc:252: Initializing worker at address: 127.0.0.1:56008, worker ID 1130d6235861bc87c2390e13fe35f92963f40c8b8230d0bb924efb83, raylet b77ac263dbe1e2e5e6a35bc25e20e21264a0db33f170f24cb9fc3a11
[2024-09-05 18:03:17,225 I 20360 20352] task_event_buffer.cc:177: Reporting task events to GCS every 1000ms.
[2024-09-05 18:03:17,225 I 20360 19244] accessor.cc:627: Received notification for node id = b77ac263dbe1e2e5e6a35bc25e20e21264a0db33f170f24cb9fc3a11, IsAlive = 1
[2024-09-05 18:03:17,225 I 20360 19244] core_worker.cc:4552: Number of alive nodes:1
[2024-09-05 18:03:17,226 I 20360 19244] core_worker.cc:614: Event stats:


Global stats: 12 total (4 active)
Queueing time: mean = 7.700 us, max = 72.700 us, min = 4.400 us, total = 92.400 us
Execution time:  mean = 89.400 us, total = 1.073 ms
Event stats:
	PeriodicalRunner.RunFnPeriodically - 3 total (1 active, 1 running), Execution time: mean = 7.467 us, total = 22.400 us, Queueing time: mean = 25.833 us, max = 72.700 us, min = 4.800 us, total = 77.500 us
	WorkerInfoGcsService.grpc_client.AddWorkerInfo.OnReplyReceived - 1 total (0 active), Execution time: mean = 23.600 us, total = 23.600 us, Queueing time: mean = 5.800 us, max = 5.800 us, min = 5.800 us, total = 5.800 us
	Publisher.CheckDeadSubscribers - 1 total (1 active), Execution time: mean = 0.000 s, total = 0.000 s, Queueing time: mean = 0.000 s, max = -0.000 s, min = 9223372036.855 s, total = 0.000 s
	WorkerInfoGcsService.grpc_client.AddWorkerInfo - 1 total (0 active), Execution time: mean = 314.200 us, total = 314.200 us, Queueing time: mean = 0.000 s, max = -0.000 s, min = 9223372036.855 s, total = 0.000 s
	InternalPubSubGcsService.grpc_client.GcsSubscriberCommandBatch.OnReplyReceived - 1 total (0 active), Execution time: mean = 94.100 us, total = 94.100 us, Queueing time: mean = 4.400 us, max = 4.400 us, min = 4.400 us, total = 4.400 us
	InternalPubSubGcsService.grpc_client.GcsSubscriberPoll - 1 total (1 active), Execution time: mean = 0.000 s, total = 0.000 s, Queueing time: mean = 0.000 s, max = -0.000 s, min = 9223372036.855 s, total = 0.000 s
	InternalPubSubGcsService.grpc_client.GcsSubscriberCommandBatch - 1 total (0 active), Execution time: mean = 310.100 us, total = 310.100 us, Queueing time: mean = 0.000 s, max = -0.000 s, min = 9223372036.855 s, total = 0.000 s
	NodeInfoGcsService.grpc_client.GetAllNodeInfo - 1 total (0 active), Execution time: mean = 213.000 us, total = 213.000 us, Queueing time: mean = 0.000 s, max = -0.000 s, min = 9223372036.855 s, total = 0.000 s
	NodeInfoGcsService.grpc_client.GetAllNodeInfo.OnReplyReceived - 1 total (0 active), Execution time: mean = 95.400 us, total = 95.400 us, Queueing time: mean = 4.700 us, max = 4.700 us, min = 4.700 us, total = 4.700 us
	CoreWorker.ExitIfParentRayletDies - 1 total (1 active), Execution time: mean = 0.000 s, total = 0.000 s, Queueing time: mean = 0.000 s, max = -0.000 s, min = 9223372036.855 s, total = 0.000 s

-----------------
Task Event stats:

IO Service Stats:

Global stats: 4 total (1 active)
Queueing time: mean = 2.425 us, max = 5.100 us, min = 4.600 us, total = 9.700 us
Execution time:  mean = 96.825 us, total = 387.300 us
Event stats:
	CoreWorker.deadline_timer.flush_task_events - 1 total (1 active), Execution time: mean = 0.000 s, total = 0.000 s, Queueing time: mean = 0.000 s, max = -0.000 s, min = 9223372036.855 s, total = 0.000 s
	TaskInfoGcsService.grpc_client.AddTaskEventData.OnReplyReceived - 1 total (0 active), Execution time: mean = 16.400 us, total = 16.400 us, Queueing time: mean = 4.600 us, max = 4.600 us, min = 4.600 us, total = 4.600 us
	PeriodicalRunner.RunFnPeriodically - 1 total (0 active), Execution time: mean = 92.800 us, total = 92.800 us, Queueing time: mean = 5.100 us, max = 5.100 us, min = 5.100 us, total = 5.100 us
	TaskInfoGcsService.grpc_client.AddTaskEventData - 1 total (0 active), Execution time: mean = 278.100 us, total = 278.100 us, Queueing time: mean = 0.000 s, max = -0.000 s, min = 9223372036.855 s, total = 0.000 s
Other Stats:
	grpc_in_progress:0
	current number of task status events in buffer: 0
	current number of profile events in buffer: 0
	current number of dropped task attempts tracked: 0
	total task events sent: 0 MiB
	total number of task attempts sent: 0
	total number of task attempts dropped reported: 0
	total number of sent failure: 0
	num status task events dropped: 0
	num profile task events dropped: 0


[2024-09-05 18:03:17,227 I 20360 20352] event.cc:234: Set ray event level to warning
[2024-09-05 18:03:17,227 I 20360 20352] event.cc:342: Ray Event initialized for CORE_WORKER
[2024-09-05 18:03:29,275 W 20360 21160] metric_exporter.cc:105: [1] Export metrics to agent failed: GrpcUnavailable: RPC Error message: failed to connect to all addresses; last error: UNAVAILABLE: ipv4:127.0.0.1:57540: Connection refused; RPC Error details: . This won't affect Ray, but you can lose metrics from the cluster.
[2024-09-05 18:04:17,229 I 20360 19244] core_worker.cc:614: Event stats:


Global stats: 826 total (8 active)
Queueing time: mean = 7.389 ms, max = 15.087 ms, min = 3.147 us, total = 6.103 s
Execution time:  mean = 37.798 us, total = 31.221 ms
Event stats:
	CoreWorker.RecoverObjects - 552 total (1 active), Execution time: mean = 4.136 us, total = 2.283 ms, Queueing time: mean = 8.795 ms, max = 11.923 ms, min = 1.384 ms, total = 4.855 s
	CoreWorker.ExitIfParentRayletDies - 60 total (1 active), Execution time: mean = 12.103 us, total = 726.209 us, Queueing time: mean = 9.044 ms, max = 14.966 ms, min = 420.853 us, total = 542.664 ms
	CoreWorker.InternalHeartbeat - 60 total (1 active), Execution time: mean = 86.588 us, total = 5.195 ms, Queueing time: mean = 9.089 ms, max = 15.087 ms, min = 347.765 us, total = 545.364 ms
	NodeManagerService.grpc_client.ReportWorkerBacklog.OnReplyReceived - 60 total (0 active), Execution time: mean = 9.712 us, total = 582.709 us, Queueing time: mean = 9.296 us, max = 49.095 us, min = 3.147 us, total = 557.746 us
	NodeManagerService.grpc_client.ReportWorkerBacklog - 60 total (0 active), Execution time: mean = 342.127 us, total = 20.528 ms, Queueing time: mean = 0.000 s, max = -0.000 s, min = 9223372036.855 s, total = 0.000 s
	CoreWorker.RecordMetrics - 12 total (1 active), Execution time: mean = 13.701 us, total = 164.414 us, Queueing time: mean = 9.429 ms, max = 14.780 ms, min = 2.028 ms, total = 113.147 ms
	PeriodicalRunner.RunFnPeriodically - 7 total (0 active), Execution time: mean = 96.843 us, total = 677.900 us, Queueing time: mean = 133.129 us, max = 430.000 us, min = 4.800 us, total = 931.900 us
	CoreWorker.GCStreamingGeneratorMetadata - 6 total (1 active), Execution time: mean = 2.325 us, total = 13.952 us, Queueing time: mean = 7.562 ms, max = 14.487 ms, min = 240.522 us, total = 45.370 ms
	NodeInfoGcsService.grpc_client.GetAllNodeInfo.OnReplyReceived - 1 total (0 active), Execution time: mean = 95.400 us, total = 95.400 us, Queueing time: mean = 4.700 us, max = 4.700 us, min = 4.700 us, total = 4.700 us
	NodeInfoGcsService.grpc_client.GetAllNodeInfo - 1 total (0 active), Execution time: mean = 213.000 us, total = 213.000 us, Queueing time: mean = 0.000 s, max = -0.000 s, min = 9223372036.855 s, total = 0.000 s
	CoreWorker.PrintEventStats - 1 total (1 active, 1 running), Execution time: mean = 0.000 s, total = 0.000 s, Queueing time: mean = 0.000 s, max = -0.000 s, min = 9223372036.855 s, total = 0.000 s
	WorkerInfoGcsService.grpc_client.AddWorkerInfo - 1 total (0 active), Execution time: mean = 314.200 us, total = 314.200 us, Queueing time: mean = 0.000 s, max = -0.000 s, min = 9223372036.855 s, total = 0.000 s
	InternalPubSubGcsService.grpc_client.GcsSubscriberCommandBatch.OnReplyReceived - 1 total (0 active), Execution time: mean = 94.100 us, total = 94.100 us, Queueing time: mean = 4.400 us, max = 4.400 us, min = 4.400 us, total = 4.400 us
	WorkerInfoGcsService.grpc_client.AddWorkerInfo.OnReplyReceived - 1 total (0 active), Execution time: mean = 23.600 us, total = 23.600 us, Queueing time: mean = 5.800 us, max = 5.800 us, min = 5.800 us, total = 5.800 us
	Publisher.CheckDeadSubscribers - 1 total (1 active), Execution time: mean = 0.000 s, total = 0.000 s, Queueing time: mean = 0.000 s, max = -0.000 s, min = 9223372036.855 s, total = 0.000 s
	InternalPubSubGcsService.grpc_client.GcsSubscriberCommandBatch - 1 total (0 active), Execution time: mean = 310.100 us, total = 310.100 us, Queueing time: mean = 0.000 s, max = -0.000 s, min = 9223372036.855 s, total = 0.000 s
	InternalPubSubGcsService.grpc_client.GcsSubscriberPoll - 1 total (1 active), Execution time: mean = 0.000 s, total = 0.000 s, Queueing time: mean = 0.000 s, max = -0.000 s, min = 9223372036.855 s, total = 0.000 s

-----------------
Task Event stats:

IO Service Stats:

Global stats: 181 total (1 active)
Queueing time: mean = 2.948 ms, max = 14.901 ms, min = 4.436 us, total = 533.577 ms
Execution time:  mean = 237.740 us, total = 43.031 ms
Event stats:
	CoreWorker.deadline_timer.flush_task_events - 60 total (1 active), Execution time: mean = 104.173 us, total = 6.250 ms, Queueing time: mean = 8.865 ms, max = 14.901 ms, min = 373.298 us, total = 531.872 ms
	TaskInfoGcsService.grpc_client.AddTaskEventData.OnReplyReceived - 60 total (0 active), Execution time: mean = 13.842 us, total = 830.491 us, Queueing time: mean = 28.342 us, max = 58.113 us, min = 4.436 us, total = 1.701 ms
	TaskInfoGcsService.grpc_client.AddTaskEventData - 60 total (0 active), Execution time: mean = 597.622 us, total = 35.857 ms, Queueing time: mean = 0.000 s, max = -0.000 s, min = 9223372036.855 s, total = 0.000 s
	PeriodicalRunner.RunFnPeriodically - 1 total (0 active), Execution time: mean = 92.800 us, total = 92.800 us, Queueing time: mean = 5.100 us, max = 5.100 us, min = 5.100 us, total = 5.100 us
Other Stats:
	grpc_in_progress:0
	current number of task status events in buffer: 0
	current number of profile events in buffer: 0
	current number of dropped task attempts tracked: 0
	total task events sent: 0 MiB
	total number of task attempts sent: 0
	total number of task attempts dropped reported: 0
	total number of sent failure: 0
	num status task events dropped: 0
	num profile task events dropped: 0


[2024-09-05 18:05:17,236 I 20360 19244] core_worker.cc:614: Event stats:


Global stats: 1636 total (8 active)
Queueing time: mean = 7.178 ms, max = 15.614 ms, min = -0.000 s, total = 11.744 s
Execution time:  mean = 36.361 us, total = 59.487 ms
Event stats:
	CoreWorker.RecoverObjects - 1107 total (1 active), Execution time: mean = 3.882 us, total = 4.298 ms, Queueing time: mean = 8.442 ms, max = 11.966 ms, min = 1.384 ms, total = 9.345 s
	CoreWorker.ExitIfParentRayletDies - 119 total (1 active), Execution time: mean = 11.350 us, total = 1.351 ms, Queueing time: mean = 8.842 ms, max = 15.614 ms, min = 163.897 us, total = 1.052 s
	CoreWorker.InternalHeartbeat - 119 total (1 active), Execution time: mean = 78.019 us, total = 9.284 ms, Queueing time: mean = 8.710 ms, max = 15.536 ms, min = -0.000 s, total = 1.037 s
	NodeManagerService.grpc_client.ReportWorkerBacklog.OnReplyReceived - 119 total (0 active), Execution time: mean = 9.372 us, total = 1.115 ms, Queueing time: mean = 9.880 us, max = 74.723 us, min = 2.929 us, total = 1.176 ms
	NodeManagerService.grpc_client.ReportWorkerBacklog - 119 total (0 active), Execution time: mean = 343.237 us, total = 40.845 ms, Queueing time: mean = 0.000 s, max = -0.000 s, min = 9223372036.855 s, total = 0.000 s
	CoreWorker.RecordMetrics - 24 total (1 active), Execution time: mean = 12.264 us, total = 294.328 us, Queueing time: mean = 8.653 ms, max = 14.780 ms, min = 2.028 ms, total = 207.672 ms
	CoreWorker.GCStreamingGeneratorMetadata - 12 total (1 active), Execution time: mean = 2.702 us, total = 32.429 us, Queueing time: mean = 8.067 ms, max = 14.487 ms, min = 240.522 us, total = 96.799 ms
	PeriodicalRunner.RunFnPeriodically - 7 total (0 active), Execution time: mean = 96.843 us, total = 677.900 us, Queueing time: mean = 133.129 us, max = 430.000 us, min = 4.800 us, total = 931.900 us
	CoreWorker.PrintEventStats - 2 total (1 active, 1 running), Execution time: mean = 269.249 us, total = 538.498 us, Queueing time: mean = 1.648 ms, max = 3.297 ms, min = 3.297 ms, total = 3.297 ms
	NodeInfoGcsService.grpc_client.GetAllNodeInfo.OnReplyReceived - 1 total (0 active), Execution time: mean = 95.400 us, total = 95.400 us, Queueing time: mean = 4.700 us, max = 4.700 us, min = 4.700 us, total = 4.700 us
	NodeInfoGcsService.grpc_client.GetAllNodeInfo - 1 total (0 active), Execution time: mean = 213.000 us, total = 213.000 us, Queueing time: mean = 0.000 s, max = -0.000 s, min = 9223372036.855 s, total = 0.000 s
	WorkerInfoGcsService.grpc_client.AddWorkerInfo - 1 total (0 active), Execution time: mean = 314.200 us, total = 314.200 us, Queueing time: mean = 0.000 s, max = -0.000 s, min = 9223372036.855 s, total = 0.000 s
	InternalPubSubGcsService.grpc_client.GcsSubscriberCommandBatch.OnReplyReceived - 1 total (0 active), Execution time: mean = 94.100 us, total = 94.100 us, Queueing time: mean = 4.400 us, max = 4.400 us, min = 4.400 us, total = 4.400 us
	WorkerInfoGcsService.grpc_client.AddWorkerInfo.OnReplyReceived - 1 total (0 active), Execution time: mean = 23.600 us, total = 23.600 us, Queueing time: mean = 5.800 us, max = 5.800 us, min = 5.800 us, total = 5.800 us
	Publisher.CheckDeadSubscribers - 1 total (1 active), Execution time: mean = 0.000 s, total = 0.000 s, Queueing time: mean = 0.000 s, max = -0.000 s, min = 9223372036.855 s, total = 0.000 s
	InternalPubSubGcsService.grpc_client.GcsSubscriberCommandBatch - 1 total (0 active), Execution time: mean = 310.100 us, total = 310.100 us, Queueing time: mean = 0.000 s, max = -0.000 s, min = 9223372036.855 s, total = 0.000 s
	InternalPubSubGcsService.grpc_client.GcsSubscriberPoll - 1 total (1 active), Execution time: mean = 0.000 s, total = 0.000 s, Queueing time: mean = 0.000 s, max = -0.000 s, min = 9223372036.855 s, total = 0.000 s

-----------------
Task Event stats:

IO Service Stats:

Global stats: 358 total (1 active)
Queueing time: mean = 2.901 ms, max = 15.540 ms, min = 3.197 us, total = 1.039 s
Execution time:  mean = 200.426 us, total = 71.752 ms
Event stats:
	CoreWorker.deadline_timer.flush_task_events - 119 total (1 active), Execution time: mean = 102.756 us, total = 12.228 ms, Queueing time: mean = 8.707 ms, max = 15.540 ms, min = 41.182 us, total = 1.036 s
	TaskInfoGcsService.grpc_client.AddTaskEventData.OnReplyReceived - 119 total (0 active), Execution time: mean = 13.464 us, total = 1.602 ms, Queueing time: mean = 21.130 us, max = 73.445 us, min = 3.197 us, total = 2.514 ms
	TaskInfoGcsService.grpc_client.AddTaskEventData - 119 total (0 active), Execution time: mean = 485.962 us, total = 57.829 ms, Queueing time: mean = 0.000 s, max = -0.000 s, min = 9223372036.855 s, total = 0.000 s
	PeriodicalRunner.RunFnPeriodically - 1 total (0 active), Execution time: mean = 92.800 us, total = 92.800 us, Queueing time: mean = 5.100 us, max = 5.100 us, min = 5.100 us, total = 5.100 us
Other Stats:
	grpc_in_progress:0
	current number of task status events in buffer: 0
	current number of profile events in buffer: 0
	current number of dropped task attempts tracked: 0
	total task events sent: 0 MiB
	total number of task attempts sent: 0
	total number of task attempts dropped reported: 0
	total number of sent failure: 0
	num status task events dropped: 0
	num profile task events dropped: 0


