[2024-09-05 18:03:17,231 I 16560 10904] core_worker_process.cc:107: Constructing CoreWorkerProcess. pid: 16560
[2024-09-05 18:03:17,233 I 16560 10904] io_service_pool.cc:35: IOServicePool is running with 1 io_service.
[2024-09-05 18:03:17,234 I 16560 10904] grpc_server.cc:129: worker server started, listening on port 56015.
[2024-09-05 18:03:17,238 I 16560 10904] core_worker.cc:252: Initializing worker at address: 127.0.0.1:56015, worker ID 6ae02228fe973b10eaa02881329ee28251a1864920346480e516b712, raylet b77ac263dbe1e2e5e6a35bc25e20e21264a0db33f170f24cb9fc3a11
[2024-09-05 18:03:17,239 I 16560 10904] task_event_buffer.cc:177: Reporting task events to GCS every 1000ms.
[2024-09-05 18:03:17,240 I 16560 9968] accessor.cc:627: Received notification for node id = b77ac263dbe1e2e5e6a35bc25e20e21264a0db33f170f24cb9fc3a11, IsAlive = 1
[2024-09-05 18:03:17,240 I 16560 9968] core_worker.cc:4552: Number of alive nodes:1
[2024-09-05 18:03:17,240 I 16560 9968] core_worker.cc:614: Event stats:


Global stats: 12 total (4 active)
Queueing time: mean = 8.117 us, max = 67.400 us, min = 4.800 us, total = 97.400 us
Execution time:  mean = 96.350 us, total = 1.156 ms
Event stats:
	PeriodicalRunner.RunFnPeriodically - 3 total (1 active, 1 running), Execution time: mean = 8.467 us, total = 25.400 us, Queueing time: mean = 24.333 us, max = 67.400 us, min = 5.600 us, total = 73.000 us
	InternalPubSubGcsService.grpc_client.GcsSubscriberCommandBatch.OnReplyReceived - 1 total (0 active), Execution time: mean = 119.100 us, total = 119.100 us, Queueing time: mean = 6.100 us, max = 6.100 us, min = 6.100 us, total = 6.100 us
	NodeInfoGcsService.grpc_client.GetAllNodeInfo.OnReplyReceived - 1 total (0 active), Execution time: mean = 112.900 us, total = 112.900 us, Queueing time: mean = 4.800 us, max = 4.800 us, min = 4.800 us, total = 4.800 us
	CoreWorker.ExitIfParentRayletDies - 1 total (1 active), Execution time: mean = 0.000 s, total = 0.000 s, Queueing time: mean = 0.000 s, max = -0.000 s, min = 9223372036.855 s, total = 0.000 s
	WorkerInfoGcsService.grpc_client.AddWorkerInfo.OnReplyReceived - 1 total (0 active), Execution time: mean = 24.900 us, total = 24.900 us, Queueing time: mean = 13.500 us, max = 13.500 us, min = 13.500 us, total = 13.500 us
	InternalPubSubGcsService.grpc_client.GcsSubscriberCommandBatch - 1 total (0 active), Execution time: mean = 318.900 us, total = 318.900 us, Queueing time: mean = 0.000 s, max = -0.000 s, min = 9223372036.855 s, total = 0.000 s
	Publisher.CheckDeadSubscribers - 1 total (1 active), Execution time: mean = 0.000 s, total = 0.000 s, Queueing time: mean = 0.000 s, max = -0.000 s, min = 9223372036.855 s, total = 0.000 s
	NodeInfoGcsService.grpc_client.GetAllNodeInfo - 1 total (0 active), Execution time: mean = 236.800 us, total = 236.800 us, Queueing time: mean = 0.000 s, max = -0.000 s, min = 9223372036.855 s, total = 0.000 s
	InternalPubSubGcsService.grpc_client.GcsSubscriberPoll - 1 total (1 active), Execution time: mean = 0.000 s, total = 0.000 s, Queueing time: mean = 0.000 s, max = -0.000 s, min = 9223372036.855 s, total = 0.000 s
	WorkerInfoGcsService.grpc_client.AddWorkerInfo - 1 total (0 active), Execution time: mean = 318.200 us, total = 318.200 us, Queueing time: mean = 0.000 s, max = -0.000 s, min = 9223372036.855 s, total = 0.000 s

-----------------
Task Event stats:

IO Service Stats:

Global stats: 4 total (1 active)
Queueing time: mean = 2.375 us, max = 5.000 us, min = 4.500 us, total = 9.500 us
Execution time:  mean = 81.750 us, total = 327.000 us
Event stats:
	CoreWorker.deadline_timer.flush_task_events - 1 total (1 active), Execution time: mean = 0.000 s, total = 0.000 s, Queueing time: mean = 0.000 s, max = -0.000 s, min = 9223372036.855 s, total = 0.000 s
	TaskInfoGcsService.grpc_client.AddTaskEventData - 1 total (0 active), Execution time: mean = 218.200 us, total = 218.200 us, Queueing time: mean = 0.000 s, max = -0.000 s, min = 9223372036.855 s, total = 0.000 s
	PeriodicalRunner.RunFnPeriodically - 1 total (0 active), Execution time: mean = 93.500 us, total = 93.500 us, Queueing time: mean = 4.500 us, max = 4.500 us, min = 4.500 us, total = 4.500 us
	TaskInfoGcsService.grpc_client.AddTaskEventData.OnReplyReceived - 1 total (0 active), Execution time: mean = 15.300 us, total = 15.300 us, Queueing time: mean = 5.000 us, max = 5.000 us, min = 5.000 us, total = 5.000 us
Other Stats:
	grpc_in_progress:0
	current number of task status events in buffer: 0
	current number of profile events in buffer: 0
	current number of dropped task attempts tracked: 0
	total task events sent: 0 MiB
	total number of task attempts sent: 0
	total number of task attempts dropped reported: 0
	total number of sent failure: 0
	num status task events dropped: 0
	num profile task events dropped: 0


[2024-09-05 18:03:17,241 I 16560 10904] event.cc:234: Set ray event level to warning
[2024-09-05 18:03:17,241 I 16560 10904] event.cc:342: Ray Event initialized for CORE_WORKER
[2024-09-05 18:03:29,275 W 16560 18808] metric_exporter.cc:105: [1] Export metrics to agent failed: GrpcUnavailable: RPC Error message: failed to connect to all addresses; last error: UNAVAILABLE: ipv4:127.0.0.1:57540: Connection refused; RPC Error details: . This won't affect Ray, but you can lose metrics from the cluster.
[2024-09-05 18:04:17,245 I 16560 9968] core_worker.cc:614: Event stats:


Global stats: 826 total (8 active)
Queueing time: mean = 7.378 ms, max = 15.215 ms, min = 2.594 us, total = 6.094 s
Execution time:  mean = 37.970 us, total = 31.363 ms
Event stats:
	CoreWorker.RecoverObjects - 552 total (1 active), Execution time: mean = 4.699 us, total = 2.594 ms, Queueing time: mean = 8.797 ms, max = 12.011 ms, min = 2.182 ms, total = 4.856 s
	NodeManagerService.grpc_client.ReportWorkerBacklog - 60 total (0 active), Execution time: mean = 344.858 us, total = 20.691 ms, Queueing time: mean = 0.000 s, max = -0.000 s, min = 9223372036.855 s, total = 0.000 s
	NodeManagerService.grpc_client.ReportWorkerBacklog.OnReplyReceived - 60 total (0 active), Execution time: mean = 9.555 us, total = 573.279 us, Queueing time: mean = 14.146 us, max = 83.364 us, min = 2.594 us, total = 848.786 us
	CoreWorker.ExitIfParentRayletDies - 60 total (1 active), Execution time: mean = 11.344 us, total = 680.660 us, Queueing time: mean = 9.063 ms, max = 15.215 ms, min = 429.090 us, total = 543.755 ms
	CoreWorker.InternalHeartbeat - 60 total (1 active), Execution time: mean = 80.246 us, total = 4.815 ms, Queueing time: mean = 8.860 ms, max = 15.122 ms, min = 361.213 us, total = 531.615 ms
	CoreWorker.RecordMetrics - 12 total (1 active), Execution time: mean = 18.003 us, total = 216.035 us, Queueing time: mean = 9.520 ms, max = 14.752 ms, min = 1.471 ms, total = 114.244 ms
	PeriodicalRunner.RunFnPeriodically - 7 total (0 active), Execution time: mean = 91.914 us, total = 643.400 us, Queueing time: mean = 127.443 us, max = 407.000 us, min = 4.300 us, total = 892.100 us
	CoreWorker.GCStreamingGeneratorMetadata - 6 total (1 active), Execution time: mean = 3.202 us, total = 19.213 us, Queueing time: mean = 7.744 ms, max = 14.220 ms, min = 2.074 ms, total = 46.467 ms
	InternalPubSubGcsService.grpc_client.GcsSubscriberPoll - 1 total (1 active), Execution time: mean = 0.000 s, total = 0.000 s, Queueing time: mean = 0.000 s, max = -0.000 s, min = 9223372036.855 s, total = 0.000 s
	WorkerInfoGcsService.grpc_client.AddWorkerInfo.OnReplyReceived - 1 total (0 active), Execution time: mean = 24.900 us, total = 24.900 us, Queueing time: mean = 13.500 us, max = 13.500 us, min = 13.500 us, total = 13.500 us
	Publisher.CheckDeadSubscribers - 1 total (1 active), Execution time: mean = 0.000 s, total = 0.000 s, Queueing time: mean = 0.000 s, max = -0.000 s, min = 9223372036.855 s, total = 0.000 s
	InternalPubSubGcsService.grpc_client.GcsSubscriberCommandBatch - 1 total (0 active), Execution time: mean = 318.900 us, total = 318.900 us, Queueing time: mean = 0.000 s, max = -0.000 s, min = 9223372036.855 s, total = 0.000 s
	CoreWorker.PrintEventStats - 1 total (1 active, 1 running), Execution time: mean = 0.000 s, total = 0.000 s, Queueing time: mean = 0.000 s, max = -0.000 s, min = 9223372036.855 s, total = 0.000 s
	InternalPubSubGcsService.grpc_client.GcsSubscriberCommandBatch.OnReplyReceived - 1 total (0 active), Execution time: mean = 119.100 us, total = 119.100 us, Queueing time: mean = 6.100 us, max = 6.100 us, min = 6.100 us, total = 6.100 us
	WorkerInfoGcsService.grpc_client.AddWorkerInfo - 1 total (0 active), Execution time: mean = 318.200 us, total = 318.200 us, Queueing time: mean = 0.000 s, max = -0.000 s, min = 9223372036.855 s, total = 0.000 s
	NodeInfoGcsService.grpc_client.GetAllNodeInfo.OnReplyReceived - 1 total (0 active), Execution time: mean = 112.900 us, total = 112.900 us, Queueing time: mean = 4.800 us, max = 4.800 us, min = 4.800 us, total = 4.800 us
	NodeInfoGcsService.grpc_client.GetAllNodeInfo - 1 total (0 active), Execution time: mean = 236.800 us, total = 236.800 us, Queueing time: mean = 0.000 s, max = -0.000 s, min = 9223372036.855 s, total = 0.000 s

-----------------
Task Event stats:

IO Service Stats:

Global stats: 181 total (1 active)
Queueing time: mean = 2.951 ms, max = 15.083 ms, min = 3.295 us, total = 534.140 ms
Execution time:  mean = 141.374 us, total = 25.589 ms
Event stats:
	CoreWorker.deadline_timer.flush_task_events - 60 total (1 active), Execution time: mean = 90.139 us, total = 5.408 ms, Queueing time: mean = 8.892 ms, max = 15.083 ms, min = 332.640 us, total = 533.497 ms
	TaskInfoGcsService.grpc_client.AddTaskEventData - 60 total (0 active), Execution time: mean = 322.256 us, total = 19.335 ms, Queueing time: mean = 0.000 s, max = -0.000 s, min = 9223372036.855 s, total = 0.000 s
	TaskInfoGcsService.grpc_client.AddTaskEventData.OnReplyReceived - 60 total (0 active), Execution time: mean = 12.525 us, total = 751.529 us, Queueing time: mean = 10.638 us, max = 74.205 us, min = 3.295 us, total = 638.297 us
	PeriodicalRunner.RunFnPeriodically - 1 total (0 active), Execution time: mean = 93.500 us, total = 93.500 us, Queueing time: mean = 4.500 us, max = 4.500 us, min = 4.500 us, total = 4.500 us
Other Stats:
	grpc_in_progress:0
	current number of task status events in buffer: 0
	current number of profile events in buffer: 0
	current number of dropped task attempts tracked: 0
	total task events sent: 0 MiB
	total number of task attempts sent: 0
	total number of task attempts dropped reported: 0
	total number of sent failure: 0
	num status task events dropped: 0
	num profile task events dropped: 0


[2024-09-05 18:05:17,252 I 16560 9968] core_worker.cc:614: Event stats:


Global stats: 1636 total (8 active)
Queueing time: mean = 7.163 ms, max = 15.683 ms, min = -0.000 s, total = 11.719 s
Execution time:  mean = 37.403 us, total = 61.192 ms
Event stats:
	CoreWorker.RecoverObjects - 1107 total (1 active), Execution time: mean = 4.381 us, total = 4.850 ms, Queueing time: mean = 8.442 ms, max = 12.011 ms, min = 2.182 ms, total = 9.346 s
	NodeManagerService.grpc_client.ReportWorkerBacklog - 119 total (0 active), Execution time: mean = 344.089 us, total = 40.947 ms, Queueing time: mean = 0.000 s, max = -0.000 s, min = 9223372036.855 s, total = 0.000 s
	NodeManagerService.grpc_client.ReportWorkerBacklog.OnReplyReceived - 119 total (0 active), Execution time: mean = 10.306 us, total = 1.226 ms, Queueing time: mean = 12.491 us, max = 83.364 us, min = 2.594 us, total = 1.486 ms
	CoreWorker.ExitIfParentRayletDies - 119 total (1 active), Execution time: mean = 11.214 us, total = 1.334 ms, Queueing time: mean = 8.724 ms, max = 15.683 ms, min = 30.409 us, total = 1.038 s
	CoreWorker.InternalHeartbeat - 119 total (1 active), Execution time: mean = 84.037 us, total = 10.000 ms, Queueing time: mean = 8.585 ms, max = 15.508 ms, min = -0.000 s, total = 1.022 s
	CoreWorker.RecordMetrics - 24 total (1 active), Execution time: mean = 16.281 us, total = 390.736 us, Queueing time: mean = 8.713 ms, max = 14.752 ms, min = 1.471 ms, total = 209.107 ms
	CoreWorker.GCStreamingGeneratorMetadata - 12 total (1 active), Execution time: mean = 3.015 us, total = 36.184 us, Queueing time: mean = 8.148 ms, max = 14.220 ms, min = 2.074 ms, total = 97.776 ms
	PeriodicalRunner.RunFnPeriodically - 7 total (0 active), Execution time: mean = 91.914 us, total = 643.400 us, Queueing time: mean = 127.443 us, max = 407.000 us, min = 4.300 us, total = 892.100 us
	CoreWorker.PrintEventStats - 2 total (1 active, 1 running), Execution time: mean = 316.231 us, total = 632.462 us, Queueing time: mean = 2.133 ms, max = 4.266 ms, min = 4.266 ms, total = 4.266 ms
	InternalPubSubGcsService.grpc_client.GcsSubscriberPoll - 1 total (1 active), Execution time: mean = 0.000 s, total = 0.000 s, Queueing time: mean = 0.000 s, max = -0.000 s, min = 9223372036.855 s, total = 0.000 s
	WorkerInfoGcsService.grpc_client.AddWorkerInfo.OnReplyReceived - 1 total (0 active), Execution time: mean = 24.900 us, total = 24.900 us, Queueing time: mean = 13.500 us, max = 13.500 us, min = 13.500 us, total = 13.500 us
	Publisher.CheckDeadSubscribers - 1 total (1 active), Execution time: mean = 0.000 s, total = 0.000 s, Queueing time: mean = 0.000 s, max = -0.000 s, min = 9223372036.855 s, total = 0.000 s
	InternalPubSubGcsService.grpc_client.GcsSubscriberCommandBatch - 1 total (0 active), Execution time: mean = 318.900 us, total = 318.900 us, Queueing time: mean = 0.000 s, max = -0.000 s, min = 9223372036.855 s, total = 0.000 s
	InternalPubSubGcsService.grpc_client.GcsSubscriberCommandBatch.OnReplyReceived - 1 total (0 active), Execution time: mean = 119.100 us, total = 119.100 us, Queueing time: mean = 6.100 us, max = 6.100 us, min = 6.100 us, total = 6.100 us
	WorkerInfoGcsService.grpc_client.AddWorkerInfo - 1 total (0 active), Execution time: mean = 318.200 us, total = 318.200 us, Queueing time: mean = 0.000 s, max = -0.000 s, min = 9223372036.855 s, total = 0.000 s
	NodeInfoGcsService.grpc_client.GetAllNodeInfo.OnReplyReceived - 1 total (0 active), Execution time: mean = 112.900 us, total = 112.900 us, Queueing time: mean = 4.800 us, max = 4.800 us, min = 4.800 us, total = 4.800 us
	NodeInfoGcsService.grpc_client.GetAllNodeInfo - 1 total (0 active), Execution time: mean = 236.800 us, total = 236.800 us, Queueing time: mean = 0.000 s, max = -0.000 s, min = 9223372036.855 s, total = 0.000 s

-----------------
Task Event stats:

IO Service Stats:

Global stats: 358 total (1 active)
Queueing time: mean = 2.863 ms, max = 15.599 ms, min = 3.049 us, total = 1.025 s
Execution time:  mean = 147.415 us, total = 52.774 ms
Event stats:
	CoreWorker.deadline_timer.flush_task_events - 119 total (1 active), Execution time: mean = 89.626 us, total = 10.665 ms, Queueing time: mean = 8.600 ms, max = 15.599 ms, min = 27.010 us, total = 1.023 s
	TaskInfoGcsService.grpc_client.AddTaskEventData - 119 total (0 active), Execution time: mean = 340.384 us, total = 40.506 ms, Queueing time: mean = 0.000 s, max = -0.000 s, min = 9223372036.855 s, total = 0.000 s
	TaskInfoGcsService.grpc_client.AddTaskEventData.OnReplyReceived - 119 total (0 active), Execution time: mean = 12.687 us, total = 1.510 ms, Queueing time: mean = 12.777 us, max = 74.205 us, min = 3.049 us, total = 1.520 ms
	PeriodicalRunner.RunFnPeriodically - 1 total (0 active), Execution time: mean = 93.500 us, total = 93.500 us, Queueing time: mean = 4.500 us, max = 4.500 us, min = 4.500 us, total = 4.500 us
Other Stats:
	grpc_in_progress:0
	current number of task status events in buffer: 0
	current number of profile events in buffer: 0
	current number of dropped task attempts tracked: 0
	total task events sent: 0 MiB
	total number of task attempts sent: 0
	total number of task attempts dropped reported: 0
	total number of sent failure: 0
	num status task events dropped: 0
	num profile task events dropped: 0


