[2024-09-05 18:03:17,027 I 20212 16932] core_worker_process.cc:107: Constructing CoreWorkerProcess. pid: 20212
[2024-09-05 18:03:17,033 I 20212 16932] io_service_pool.cc:35: IOServicePool is running with 1 io_service.
[2024-09-05 18:03:17,037 I 20212 16932] grpc_server.cc:129: worker server started, listening on port 55944.
[2024-09-05 18:03:17,042 I 20212 16932] core_worker.cc:252: Initializing worker at address: 127.0.0.1:55944, worker ID 8041f4b8d4be8300f50f46e1d56757de2ee5d7c658178de7b51abbe1, raylet b77ac263dbe1e2e5e6a35bc25e20e21264a0db33f170f24cb9fc3a11
[2024-09-05 18:03:17,044 I 20212 16932] task_event_buffer.cc:177: Reporting task events to GCS every 1000ms.
[2024-09-05 18:03:17,046 I 20212 19268] core_worker.cc:614: Event stats:


Global stats: 11 total (5 active)
Queueing time: mean = 396.500 us, max = 4.205 ms, min = 33.200 us, total = 4.362 ms
Execution time:  mean = 145.009 us, total = 1.595 ms
Event stats:
	PeriodicalRunner.RunFnPeriodically - 3 total (1 active, 1 running), Execution time: mean = 12.700 us, total = 38.100 us, Queueing time: mean = 1.421 ms, max = 4.205 ms, min = 57.700 us, total = 4.263 ms
	InternalPubSubGcsService.grpc_client.GcsSubscriberPoll - 1 total (1 active), Execution time: mean = 0.000 s, total = 0.000 s, Queueing time: mean = 0.000 s, max = -0.000 s, min = 9223372036.855 s, total = 0.000 s
	NodeInfoGcsService.grpc_client.GetAllNodeInfo - 1 total (1 active), Execution time: mean = 0.000 s, total = 0.000 s, Queueing time: mean = 0.000 s, max = -0.000 s, min = 9223372036.855 s, total = 0.000 s
	InternalPubSubGcsService.grpc_client.GcsSubscriberCommandBatch.OnReplyReceived - 1 total (0 active), Execution time: mean = 156.700 us, total = 156.700 us, Queueing time: mean = 33.200 us, max = 33.200 us, min = 33.200 us, total = 33.200 us
	WorkerInfoGcsService.grpc_client.AddWorkerInfo - 1 total (0 active), Execution time: mean = 934.300 us, total = 934.300 us, Queueing time: mean = 0.000 s, max = -0.000 s, min = 9223372036.855 s, total = 0.000 s
	CoreWorker.ExitIfParentRayletDies - 1 total (1 active), Execution time: mean = 0.000 s, total = 0.000 s, Queueing time: mean = 0.000 s, max = -0.000 s, min = 9223372036.855 s, total = 0.000 s
	WorkerInfoGcsService.grpc_client.AddWorkerInfo.OnReplyReceived - 1 total (0 active), Execution time: mean = 40.900 us, total = 40.900 us, Queueing time: mean = 65.700 us, max = 65.700 us, min = 65.700 us, total = 65.700 us
	Publisher.CheckDeadSubscribers - 1 total (1 active), Execution time: mean = 0.000 s, total = 0.000 s, Queueing time: mean = 0.000 s, max = -0.000 s, min = 9223372036.855 s, total = 0.000 s
	InternalPubSubGcsService.grpc_client.GcsSubscriberCommandBatch - 1 total (0 active), Execution time: mean = 425.100 us, total = 425.100 us, Queueing time: mean = 0.000 s, max = -0.000 s, min = 9223372036.855 s, total = 0.000 s

-----------------
Task Event stats:

IO Service Stats:

Global stats: 4 total (1 active)
Queueing time: mean = 9.325 us, max = 29.200 us, min = 8.100 us, total = 37.300 us
Execution time:  mean = 177.750 us, total = 711.000 us
Event stats:
	CoreWorker.deadline_timer.flush_task_events - 1 total (1 active), Execution time: mean = 0.000 s, total = 0.000 s, Queueing time: mean = 0.000 s, max = -0.000 s, min = 9223372036.855 s, total = 0.000 s
	TaskInfoGcsService.grpc_client.AddTaskEventData.OnReplyReceived - 1 total (0 active), Execution time: mean = 34.000 us, total = 34.000 us, Queueing time: mean = 8.100 us, max = 8.100 us, min = 8.100 us, total = 8.100 us
	TaskInfoGcsService.grpc_client.AddTaskEventData - 1 total (0 active), Execution time: mean = 581.600 us, total = 581.600 us, Queueing time: mean = 0.000 s, max = -0.000 s, min = 9223372036.855 s, total = 0.000 s
	PeriodicalRunner.RunFnPeriodically - 1 total (0 active), Execution time: mean = 95.400 us, total = 95.400 us, Queueing time: mean = 29.200 us, max = 29.200 us, min = 29.200 us, total = 29.200 us
Other Stats:
	grpc_in_progress:0
	current number of task status events in buffer: 0
	current number of profile events in buffer: 0
	current number of dropped task attempts tracked: 0
	total task events sent: 0 MiB
	total number of task attempts sent: 0
	total number of task attempts dropped reported: 0
	total number of sent failure: 0
	num status task events dropped: 0
	num profile task events dropped: 0


[2024-09-05 18:03:17,047 I 20212 19268] accessor.cc:627: Received notification for node id = b77ac263dbe1e2e5e6a35bc25e20e21264a0db33f170f24cb9fc3a11, IsAlive = 1
[2024-09-05 18:03:17,047 I 20212 19268] core_worker.cc:4552: Number of alive nodes:1
[2024-09-05 18:03:17,048 I 20212 16932] event.cc:234: Set ray event level to warning
[2024-09-05 18:03:17,048 I 20212 16932] event.cc:342: Ray Event initialized for CORE_WORKER
[2024-09-05 18:03:18,433 I 20212 19268] core_worker.cc:835: Exit signal received, this process will exit after all outstanding tasks have finished, exit_type=INTENDED_SYSTEM_EXIT, detail=Worker exits because it was idle (it doesn't have objects it owns while no task or actor has been scheduled) for a long time.
[2024-09-05 18:03:18,434 I 20212 16932] core_worker.cc:772: Disconnecting to the raylet.
[2024-09-05 18:03:18,435 I 20212 16932] raylet_client.cc:163: RayletClient::Disconnect, exit_type=INTENDED_SYSTEM_EXIT, exit_detail=Worker exits because it was idle (it doesn't have objects it owns while no task or actor has been scheduled) for a long time., has creation_task_exception_pb_bytes=0
[2024-09-05 18:03:18,435 I 20212 16932] core_worker.cc:694: Shutting down a core worker.
[2024-09-05 18:03:18,435 I 20212 16932] task_event_buffer.cc:188: Shutting down TaskEventBuffer.
[2024-09-05 18:03:18,435 I 20212 16764] task_event_buffer.cc:170: Task event buffer io service stopped.
[2024-09-05 18:03:18,435 I 20212 16932] core_worker.cc:720: Disconnecting a GCS client.
[2024-09-05 18:03:18,435 I 20212 16932] core_worker.cc:724: Waiting for joining a core worker io thread. If it hangs here, there might be deadlock or a high load in the core worker io service.
[2024-09-05 18:03:18,435 I 20212 19268] core_worker.cc:943: Core worker main io service stopped.
[2024-09-05 18:03:18,438 I 20212 16932] core_worker.cc:737: Core worker ready to be deallocated.
[2024-09-05 18:03:18,438 I 20212 16932] core_worker_process.cc:243: Task execution loop terminated. Removing the global worker.
[2024-09-05 18:03:18,438 I 20212 16932] core_worker.cc:685: Core worker is destructed
[2024-09-05 18:03:18,438 I 20212 16932] task_event_buffer.cc:188: Shutting down TaskEventBuffer.
[2024-09-05 18:03:18,438 I 20212 16932] core_worker_process.cc:148: Destructing CoreWorkerProcessImpl. pid: 20212
[2024-09-05 18:03:18,438 I 20212 16932] io_service_pool.cc:47: IOServicePool is stopped.
[2024-09-05 18:03:18,822 I 20212 16932] stats.h:120: Stats module has shutdown.
