[2024-09-05 18:03:17,241 I 18856 16596] core_worker_process.cc:107: Constructing CoreWorkerProcess. pid: 18856
[2024-09-05 18:03:17,243 I 18856 16596] io_service_pool.cc:35: IOServicePool is running with 1 io_service.
[2024-09-05 18:03:17,244 I 18856 16596] grpc_server.cc:129: worker server started, listening on port 56025.
[2024-09-05 18:03:17,248 I 18856 16596] core_worker.cc:252: Initializing worker at address: 127.0.0.1:56025, worker ID 0f6028fef229b36bab989751ac7662ca262a5c58685ebbf2d2f9ed90, raylet b77ac263dbe1e2e5e6a35bc25e20e21264a0db33f170f24cb9fc3a11
[2024-09-05 18:03:17,249 I 18856 16596] task_event_buffer.cc:177: Reporting task events to GCS every 1000ms.
[2024-09-05 18:03:17,249 I 18856 20368] accessor.cc:627: Received notification for node id = b77ac263dbe1e2e5e6a35bc25e20e21264a0db33f170f24cb9fc3a11, IsAlive = 1
[2024-09-05 18:03:17,249 I 18856 20368] core_worker.cc:4552: Number of alive nodes:1
[2024-09-05 18:03:17,250 I 18856 20368] core_worker.cc:614: Event stats:


Global stats: 12 total (4 active)
Queueing time: mean = 6.567 us, max = 61.200 us, min = 3.500 us, total = 78.800 us
Execution time:  mean = 63.442 us, total = 761.300 us
Event stats:
	PeriodicalRunner.RunFnPeriodically - 3 total (1 active, 1 running), Execution time: mean = 6.700 us, total = 20.100 us, Queueing time: mean = 21.567 us, max = 61.200 us, min = 3.500 us, total = 64.700 us
	InternalPubSubGcsService.grpc_client.GcsSubscriberCommandBatch - 1 total (0 active), Execution time: mean = 186.700 us, total = 186.700 us, Queueing time: mean = 0.000 s, max = -0.000 s, min = 9223372036.855 s, total = 0.000 s
	NodeInfoGcsService.grpc_client.GetAllNodeInfo - 1 total (0 active), Execution time: mean = 160.300 us, total = 160.300 us, Queueing time: mean = 0.000 s, max = -0.000 s, min = 9223372036.855 s, total = 0.000 s
	Publisher.CheckDeadSubscribers - 1 total (1 active), Execution time: mean = 0.000 s, total = 0.000 s, Queueing time: mean = 0.000 s, max = -0.000 s, min = 9223372036.855 s, total = 0.000 s
	CoreWorker.ExitIfParentRayletDies - 1 total (1 active), Execution time: mean = 0.000 s, total = 0.000 s, Queueing time: mean = 0.000 s, max = -0.000 s, min = 9223372036.855 s, total = 0.000 s
	WorkerInfoGcsService.grpc_client.AddWorkerInfo.OnReplyReceived - 1 total (0 active), Execution time: mean = 25.800 us, total = 25.800 us, Queueing time: mean = 5.000 us, max = 5.000 us, min = 5.000 us, total = 5.000 us
	InternalPubSubGcsService.grpc_client.GcsSubscriberCommandBatch.OnReplyReceived - 1 total (0 active), Execution time: mean = 75.400 us, total = 75.400 us, Queueing time: mean = 4.100 us, max = 4.100 us, min = 4.100 us, total = 4.100 us
	WorkerInfoGcsService.grpc_client.AddWorkerInfo - 1 total (0 active), Execution time: mean = 236.500 us, total = 236.500 us, Queueing time: mean = 0.000 s, max = -0.000 s, min = 9223372036.855 s, total = 0.000 s
	NodeInfoGcsService.grpc_client.GetAllNodeInfo.OnReplyReceived - 1 total (0 active), Execution time: mean = 56.500 us, total = 56.500 us, Queueing time: mean = 5.000 us, max = 5.000 us, min = 5.000 us, total = 5.000 us
	InternalPubSubGcsService.grpc_client.GcsSubscriberPoll - 1 total (1 active), Execution time: mean = 0.000 s, total = 0.000 s, Queueing time: mean = 0.000 s, max = -0.000 s, min = 9223372036.855 s, total = 0.000 s

-----------------
Task Event stats:

IO Service Stats:

Global stats: 4 total (1 active)
Queueing time: mean = 2.325 us, max = 5.200 us, min = 4.100 us, total = 9.300 us
Execution time:  mean = 72.875 us, total = 291.500 us
Event stats:
	CoreWorker.deadline_timer.flush_task_events - 1 total (1 active), Execution time: mean = 0.000 s, total = 0.000 s, Queueing time: mean = 0.000 s, max = -0.000 s, min = 9223372036.855 s, total = 0.000 s
	TaskInfoGcsService.grpc_client.AddTaskEventData - 1 total (0 active), Execution time: mean = 174.600 us, total = 174.600 us, Queueing time: mean = 0.000 s, max = -0.000 s, min = 9223372036.855 s, total = 0.000 s
	PeriodicalRunner.RunFnPeriodically - 1 total (0 active), Execution time: mean = 100.500 us, total = 100.500 us, Queueing time: mean = 4.100 us, max = 4.100 us, min = 4.100 us, total = 4.100 us
	TaskInfoGcsService.grpc_client.AddTaskEventData.OnReplyReceived - 1 total (0 active), Execution time: mean = 16.400 us, total = 16.400 us, Queueing time: mean = 5.200 us, max = 5.200 us, min = 5.200 us, total = 5.200 us
Other Stats:
	grpc_in_progress:0
	current number of task status events in buffer: 0
	current number of profile events in buffer: 0
	current number of dropped task attempts tracked: 0
	total task events sent: 0 MiB
	total number of task attempts sent: 0
	total number of task attempts dropped reported: 0
	total number of sent failure: 0
	num status task events dropped: 0
	num profile task events dropped: 0


[2024-09-05 18:03:17,251 I 18856 16596] event.cc:234: Set ray event level to warning
[2024-09-05 18:03:17,251 I 18856 16596] event.cc:342: Ray Event initialized for CORE_WORKER
[2024-09-05 18:03:29,275 W 18856 17892] metric_exporter.cc:105: [1] Export metrics to agent failed: GrpcUnavailable: RPC Error message: failed to connect to all addresses; last error: UNAVAILABLE: ipv4:127.0.0.1:57540: Connection refused; RPC Error details: . This won't affect Ray, but you can lose metrics from the cluster.
[2024-09-05 18:04:17,260 I 18856 20368] core_worker.cc:614: Event stats:


Global stats: 826 total (8 active)
Queueing time: mean = 7.377 ms, max = 15.398 ms, min = 3.374 us, total = 6.093 s
Execution time:  mean = 36.303 us, total = 29.986 ms
Event stats:
	CoreWorker.RecoverObjects - 552 total (1 active), Execution time: mean = 4.333 us, total = 2.392 ms, Queueing time: mean = 8.808 ms, max = 11.968 ms, min = 4.716 ms, total = 4.862 s
	NodeManagerService.grpc_client.ReportWorkerBacklog - 60 total (0 active), Execution time: mean = 342.324 us, total = 20.539 ms, Queueing time: mean = 0.000 s, max = -0.000 s, min = 9223372036.855 s, total = 0.000 s
	NodeManagerService.grpc_client.ReportWorkerBacklog.OnReplyReceived - 60 total (0 active), Execution time: mean = 9.209 us, total = 552.551 us, Queueing time: mean = 13.461 us, max = 91.881 us, min = 3.374 us, total = 807.685 us
	CoreWorker.ExitIfParentRayletDies - 60 total (1 active), Execution time: mean = 9.788 us, total = 587.274 us, Queueing time: mean = 8.897 ms, max = 15.398 ms, min = 273.695 us, total = 533.826 ms
	CoreWorker.InternalHeartbeat - 60 total (1 active), Execution time: mean = 73.061 us, total = 4.384 ms, Queueing time: mean = 8.711 ms, max = 15.260 ms, min = 204.954 us, total = 522.650 ms
	CoreWorker.RecordMetrics - 12 total (1 active), Execution time: mean = 14.562 us, total = 174.744 us, Queueing time: mean = 10.078 ms, max = 14.781 ms, min = 1.539 ms, total = 120.942 ms
	PeriodicalRunner.RunFnPeriodically - 7 total (0 active), Execution time: mean = 85.429 us, total = 598.000 us, Queueing time: mean = 101.157 us, max = 320.100 us, min = 3.500 us, total = 708.100 us
	CoreWorker.GCStreamingGeneratorMetadata - 6 total (1 active), Execution time: mean = 2.916 us, total = 17.494 us, Queueing time: mean = 8.681 ms, max = 14.550 ms, min = 6.630 ms, total = 52.083 ms
	InternalPubSubGcsService.grpc_client.GcsSubscriberPoll - 1 total (1 active), Execution time: mean = 0.000 s, total = 0.000 s, Queueing time: mean = 0.000 s, max = -0.000 s, min = 9223372036.855 s, total = 0.000 s
	Publisher.CheckDeadSubscribers - 1 total (1 active), Execution time: mean = 0.000 s, total = 0.000 s, Queueing time: mean = 0.000 s, max = -0.000 s, min = 9223372036.855 s, total = 0.000 s
	WorkerInfoGcsService.grpc_client.AddWorkerInfo.OnReplyReceived - 1 total (0 active), Execution time: mean = 25.800 us, total = 25.800 us, Queueing time: mean = 5.000 us, max = 5.000 us, min = 5.000 us, total = 5.000 us
	InternalPubSubGcsService.grpc_client.GcsSubscriberCommandBatch - 1 total (0 active), Execution time: mean = 186.700 us, total = 186.700 us, Queueing time: mean = 0.000 s, max = -0.000 s, min = 9223372036.855 s, total = 0.000 s
	CoreWorker.PrintEventStats - 1 total (1 active, 1 running), Execution time: mean = 0.000 s, total = 0.000 s, Queueing time: mean = 0.000 s, max = -0.000 s, min = 9223372036.855 s, total = 0.000 s
	InternalPubSubGcsService.grpc_client.GcsSubscriberCommandBatch.OnReplyReceived - 1 total (0 active), Execution time: mean = 75.400 us, total = 75.400 us, Queueing time: mean = 4.100 us, max = 4.100 us, min = 4.100 us, total = 4.100 us
	WorkerInfoGcsService.grpc_client.AddWorkerInfo - 1 total (0 active), Execution time: mean = 236.500 us, total = 236.500 us, Queueing time: mean = 0.000 s, max = -0.000 s, min = 9223372036.855 s, total = 0.000 s
	NodeInfoGcsService.grpc_client.GetAllNodeInfo.OnReplyReceived - 1 total (0 active), Execution time: mean = 56.500 us, total = 56.500 us, Queueing time: mean = 5.000 us, max = 5.000 us, min = 5.000 us, total = 5.000 us
	NodeInfoGcsService.grpc_client.GetAllNodeInfo - 1 total (0 active), Execution time: mean = 160.300 us, total = 160.300 us, Queueing time: mean = 0.000 s, max = -0.000 s, min = 9223372036.855 s, total = 0.000 s

-----------------
Task Event stats:

IO Service Stats:

Global stats: 181 total (1 active)
Queueing time: mean = 2.892 ms, max = 15.077 ms, min = 3.273 us, total = 523.523 ms
Execution time:  mean = 149.790 us, total = 27.112 ms
Event stats:
	CoreWorker.deadline_timer.flush_task_events - 60 total (1 active), Execution time: mean = 103.768 us, total = 6.226 ms, Queueing time: mean = 8.714 ms, max = 15.077 ms, min = 200.441 us, total = 522.840 ms
	TaskInfoGcsService.grpc_client.AddTaskEventData - 60 total (0 active), Execution time: mean = 333.566 us, total = 20.014 ms, Queueing time: mean = 0.000 s, max = -0.000 s, min = 9223372036.855 s, total = 0.000 s
	TaskInfoGcsService.grpc_client.AddTaskEventData.OnReplyReceived - 60 total (0 active), Execution time: mean = 12.858 us, total = 771.485 us, Queueing time: mean = 11.314 us, max = 70.967 us, min = 3.273 us, total = 678.835 us
	PeriodicalRunner.RunFnPeriodically - 1 total (0 active), Execution time: mean = 100.500 us, total = 100.500 us, Queueing time: mean = 4.100 us, max = 4.100 us, min = 4.100 us, total = 4.100 us
Other Stats:
	grpc_in_progress:0
	current number of task status events in buffer: 0
	current number of profile events in buffer: 0
	current number of dropped task attempts tracked: 0
	total task events sent: 0 MiB
	total number of task attempts sent: 0
	total number of task attempts dropped reported: 0
	total number of sent failure: 0
	num status task events dropped: 0
	num profile task events dropped: 0


[2024-09-05 18:05:17,268 I 18856 20368] core_worker.cc:614: Event stats:


Global stats: 1636 total (8 active)
Queueing time: mean = 7.168 ms, max = 15.693 ms, min = -0.000 s, total = 11.726 s
Execution time:  mean = 35.603 us, total = 58.247 ms
Event stats:
	CoreWorker.RecoverObjects - 1107 total (1 active), Execution time: mean = 4.094 us, total = 4.532 ms, Queueing time: mean = 8.448 ms, max = 11.998 ms, min = 4.716 ms, total = 9.352 s
	NodeManagerService.grpc_client.ReportWorkerBacklog - 119 total (0 active), Execution time: mean = 338.126 us, total = 40.237 ms, Queueing time: mean = 0.000 s, max = -0.000 s, min = 9223372036.855 s, total = 0.000 s
	NodeManagerService.grpc_client.ReportWorkerBacklog.OnReplyReceived - 119 total (0 active), Execution time: mean = 9.622 us, total = 1.145 ms, Queueing time: mean = 13.059 us, max = 91.881 us, min = 3.130 us, total = 1.554 ms
	CoreWorker.ExitIfParentRayletDies - 119 total (1 active), Execution time: mean = 9.942 us, total = 1.183 ms, Queueing time: mean = 8.643 ms, max = 15.693 ms, min = -0.000 s, total = 1.028 s
	CoreWorker.InternalHeartbeat - 119 total (1 active), Execution time: mean = 72.241 us, total = 8.597 ms, Queueing time: mean = 8.519 ms, max = 15.620 ms, min = -0.000 s, total = 1.014 s
	CoreWorker.RecordMetrics - 24 total (1 active), Execution time: mean = 13.078 us, total = 313.878 us, Queueing time: mean = 8.969 ms, max = 14.781 ms, min = 1.539 ms, total = 215.248 ms
	CoreWorker.GCStreamingGeneratorMetadata - 12 total (1 active), Execution time: mean = 2.942 us, total = 35.298 us, Queueing time: mean = 8.676 ms, max = 14.550 ms, min = 2.758 ms, total = 104.114 ms
	PeriodicalRunner.RunFnPeriodically - 7 total (0 active), Execution time: mean = 85.429 us, total = 598.000 us, Queueing time: mean = 101.157 us, max = 320.100 us, min = 3.500 us, total = 708.100 us
	CoreWorker.PrintEventStats - 2 total (1 active, 1 running), Execution time: mean = 432.356 us, total = 864.711 us, Queueing time: mean = 4.976 ms, max = 9.953 ms, min = 9.953 ms, total = 9.953 ms
	InternalPubSubGcsService.grpc_client.GcsSubscriberPoll - 1 total (1 active), Execution time: mean = 0.000 s, total = 0.000 s, Queueing time: mean = 0.000 s, max = -0.000 s, min = 9223372036.855 s, total = 0.000 s
	Publisher.CheckDeadSubscribers - 1 total (1 active), Execution time: mean = 0.000 s, total = 0.000 s, Queueing time: mean = 0.000 s, max = -0.000 s, min = 9223372036.855 s, total = 0.000 s
	WorkerInfoGcsService.grpc_client.AddWorkerInfo.OnReplyReceived - 1 total (0 active), Execution time: mean = 25.800 us, total = 25.800 us, Queueing time: mean = 5.000 us, max = 5.000 us, min = 5.000 us, total = 5.000 us
	InternalPubSubGcsService.grpc_client.GcsSubscriberCommandBatch - 1 total (0 active), Execution time: mean = 186.700 us, total = 186.700 us, Queueing time: mean = 0.000 s, max = -0.000 s, min = 9223372036.855 s, total = 0.000 s
	InternalPubSubGcsService.grpc_client.GcsSubscriberCommandBatch.OnReplyReceived - 1 total (0 active), Execution time: mean = 75.400 us, total = 75.400 us, Queueing time: mean = 4.100 us, max = 4.100 us, min = 4.100 us, total = 4.100 us
	WorkerInfoGcsService.grpc_client.AddWorkerInfo - 1 total (0 active), Execution time: mean = 236.500 us, total = 236.500 us, Queueing time: mean = 0.000 s, max = -0.000 s, min = 9223372036.855 s, total = 0.000 s
	NodeInfoGcsService.grpc_client.GetAllNodeInfo.OnReplyReceived - 1 total (0 active), Execution time: mean = 56.500 us, total = 56.500 us, Queueing time: mean = 5.000 us, max = 5.000 us, min = 5.000 us, total = 5.000 us
	NodeInfoGcsService.grpc_client.GetAllNodeInfo - 1 total (0 active), Execution time: mean = 160.300 us, total = 160.300 us, Queueing time: mean = 0.000 s, max = -0.000 s, min = 9223372036.855 s, total = 0.000 s

-----------------
Task Event stats:

IO Service Stats:

Global stats: 358 total (1 active)
Queueing time: mean = 2.831 ms, max = 15.589 ms, min = -0.000 s, total = 1.013 s
Execution time:  mean = 151.931 us, total = 54.391 ms
Event stats:
	CoreWorker.deadline_timer.flush_task_events - 119 total (1 active), Execution time: mean = 104.200 us, total = 12.400 ms, Queueing time: mean = 8.504 ms, max = 15.589 ms, min = -0.000 s, total = 1.012 s
	TaskInfoGcsService.grpc_client.AddTaskEventData - 119 total (0 active), Execution time: mean = 338.744 us, total = 40.311 ms, Queueing time: mean = 0.000 s, max = -0.000 s, min = 9223372036.855 s, total = 0.000 s
	TaskInfoGcsService.grpc_client.AddTaskEventData.OnReplyReceived - 119 total (0 active), Execution time: mean = 13.280 us, total = 1.580 ms, Queueing time: mean = 12.134 us, max = 70.967 us, min = 3.273 us, total = 1.444 ms
	PeriodicalRunner.RunFnPeriodically - 1 total (0 active), Execution time: mean = 100.500 us, total = 100.500 us, Queueing time: mean = 4.100 us, max = 4.100 us, min = 4.100 us, total = 4.100 us
Other Stats:
	grpc_in_progress:0
	current number of task status events in buffer: 0
	current number of profile events in buffer: 0
	current number of dropped task attempts tracked: 0
	total task events sent: 0 MiB
	total number of task attempts sent: 0
	total number of task attempts dropped reported: 0
	total number of sent failure: 0
	num status task events dropped: 0
	num profile task events dropped: 0


