[2024-09-05 18:03:17,171 I 20248 4336] core_worker_process.cc:107: Constructing CoreWorkerProcess. pid: 20248
[2024-09-05 18:03:17,174 I 20248 4336] io_service_pool.cc:35: IOServicePool is running with 1 io_service.
[2024-09-05 18:03:17,177 I 20248 4336] grpc_server.cc:129: worker server started, listening on port 55980.
[2024-09-05 18:03:17,182 I 20248 4336] core_worker.cc:252: Initializing worker at address: 127.0.0.1:55980, worker ID 3bea97461129bab4c2e2e892555d7bf0234b60470d3d9d0801f6aeb7, raylet b77ac263dbe1e2e5e6a35bc25e20e21264a0db33f170f24cb9fc3a11
[2024-09-05 18:03:17,183 I 20248 4336] task_event_buffer.cc:177: Reporting task events to GCS every 1000ms.
[2024-09-05 18:03:17,184 I 20248 17416] accessor.cc:627: Received notification for node id = b77ac263dbe1e2e5e6a35bc25e20e21264a0db33f170f24cb9fc3a11, IsAlive = 1
[2024-09-05 18:03:17,184 I 20248 17416] core_worker.cc:4552: Number of alive nodes:1
[2024-09-05 18:03:17,184 I 20248 17416] core_worker.cc:614: Event stats:


Global stats: 12 total (4 active)
Queueing time: mean = 11.858 us, max = 116.800 us, min = 4.300 us, total = 142.300 us
Execution time:  mean = 100.308 us, total = 1.204 ms
Event stats:
	PeriodicalRunner.RunFnPeriodically - 3 total (1 active, 1 running), Execution time: mean = 10.433 us, total = 31.300 us, Queueing time: mean = 40.733 us, max = 116.800 us, min = 5.400 us, total = 122.200 us
	InternalPubSubGcsService.grpc_client.GcsSubscriberCommandBatch - 1 total (0 active), Execution time: mean = 256.400 us, total = 256.400 us, Queueing time: mean = 0.000 s, max = -0.000 s, min = 9223372036.855 s, total = 0.000 s
	NodeInfoGcsService.grpc_client.GetAllNodeInfo - 1 total (0 active), Execution time: mean = 245.500 us, total = 245.500 us, Queueing time: mean = 0.000 s, max = -0.000 s, min = 9223372036.855 s, total = 0.000 s
	Publisher.CheckDeadSubscribers - 1 total (1 active), Execution time: mean = 0.000 s, total = 0.000 s, Queueing time: mean = 0.000 s, max = -0.000 s, min = 9223372036.855 s, total = 0.000 s
	CoreWorker.ExitIfParentRayletDies - 1 total (1 active), Execution time: mean = 0.000 s, total = 0.000 s, Queueing time: mean = 0.000 s, max = -0.000 s, min = 9223372036.855 s, total = 0.000 s
	WorkerInfoGcsService.grpc_client.AddWorkerInfo.OnReplyReceived - 1 total (0 active), Execution time: mean = 35.700 us, total = 35.700 us, Queueing time: mean = 8.100 us, max = 8.100 us, min = 8.100 us, total = 8.100 us
	InternalPubSubGcsService.grpc_client.GcsSubscriberCommandBatch.OnReplyReceived - 1 total (0 active), Execution time: mean = 119.300 us, total = 119.300 us, Queueing time: mean = 7.700 us, max = 7.700 us, min = 7.700 us, total = 7.700 us
	WorkerInfoGcsService.grpc_client.AddWorkerInfo - 1 total (0 active), Execution time: mean = 435.900 us, total = 435.900 us, Queueing time: mean = 0.000 s, max = -0.000 s, min = 9223372036.855 s, total = 0.000 s
	NodeInfoGcsService.grpc_client.GetAllNodeInfo.OnReplyReceived - 1 total (0 active), Execution time: mean = 79.600 us, total = 79.600 us, Queueing time: mean = 4.300 us, max = 4.300 us, min = 4.300 us, total = 4.300 us
	InternalPubSubGcsService.grpc_client.GcsSubscriberPoll - 1 total (1 active), Execution time: mean = 0.000 s, total = 0.000 s, Queueing time: mean = 0.000 s, max = -0.000 s, min = 9223372036.855 s, total = 0.000 s

-----------------
Task Event stats:

IO Service Stats:

Global stats: 4 total (1 active)
Queueing time: mean = 3.925 us, max = 10.100 us, min = 5.600 us, total = 15.700 us
Execution time:  mean = 111.125 us, total = 444.500 us
Event stats:
	CoreWorker.deadline_timer.flush_task_events - 1 total (1 active), Execution time: mean = 0.000 s, total = 0.000 s, Queueing time: mean = 0.000 s, max = -0.000 s, min = 9223372036.855 s, total = 0.000 s
	TaskInfoGcsService.grpc_client.AddTaskEventData - 1 total (0 active), Execution time: mean = 293.400 us, total = 293.400 us, Queueing time: mean = 0.000 s, max = -0.000 s, min = 9223372036.855 s, total = 0.000 s
	PeriodicalRunner.RunFnPeriodically - 1 total (0 active), Execution time: mean = 130.300 us, total = 130.300 us, Queueing time: mean = 5.600 us, max = 5.600 us, min = 5.600 us, total = 5.600 us
	TaskInfoGcsService.grpc_client.AddTaskEventData.OnReplyReceived - 1 total (0 active), Execution time: mean = 20.800 us, total = 20.800 us, Queueing time: mean = 10.100 us, max = 10.100 us, min = 10.100 us, total = 10.100 us
Other Stats:
	grpc_in_progress:0
	current number of task status events in buffer: 0
	current number of profile events in buffer: 0
	current number of dropped task attempts tracked: 0
	total task events sent: 0 MiB
	total number of task attempts sent: 0
	total number of task attempts dropped reported: 0
	total number of sent failure: 0
	num status task events dropped: 0
	num profile task events dropped: 0


[2024-09-05 18:03:17,186 I 20248 4336] event.cc:234: Set ray event level to warning
[2024-09-05 18:03:17,186 I 20248 4336] event.cc:342: Ray Event initialized for CORE_WORKER
[2024-09-05 18:03:29,213 W 20248 11152] metric_exporter.cc:105: [1] Export metrics to agent failed: GrpcUnavailable: RPC Error message: failed to connect to all addresses; last error: UNAVAILABLE: ipv4:127.0.0.1:57540: Connection refused; RPC Error details: . This won't affect Ray, but you can lose metrics from the cluster.
[2024-09-05 18:04:17,199 I 20248 17416] core_worker.cc:614: Event stats:


Global stats: 826 total (8 active)
Queueing time: mean = 7.297 ms, max = 15.120 ms, min = 3.466 us, total = 6.027 s
Execution time:  mean = 97.908 us, total = 80.872 ms
Event stats:
	CoreWorker.RecoverObjects - 552 total (1 active), Execution time: mean = 4.854 us, total = 2.679 ms, Queueing time: mean = 8.812 ms, max = 12.403 ms, min = 5.557 ms, total = 4.864 s
	CoreWorker.ExitIfParentRayletDies - 60 total (1 active), Execution time: mean = 13.001 us, total = 780.058 us, Queueing time: mean = 8.185 ms, max = 14.698 ms, min = 204.692 us, total = 491.088 ms
	CoreWorker.InternalHeartbeat - 60 total (1 active), Execution time: mean = 95.708 us, total = 5.742 ms, Queueing time: mean = 8.444 ms, max = 15.120 ms, min = 36.796 us, total = 506.661 ms
	NodeManagerService.grpc_client.ReportWorkerBacklog - 60 total (0 active), Execution time: mean = 1.142 ms, total = 68.512 ms, Queueing time: mean = 0.000 s, max = -0.000 s, min = 9223372036.855 s, total = 0.000 s
	NodeManagerService.grpc_client.ReportWorkerBacklog.OnReplyReceived - 60 total (0 active), Execution time: mean = 10.483 us, total = 629.000 us, Queueing time: mean = 20.272 us, max = 80.680 us, min = 3.466 us, total = 1.216 ms
	CoreWorker.RecordMetrics - 12 total (1 active), Execution time: mean = 14.726 us, total = 176.709 us, Queueing time: mean = 8.911 ms, max = 14.891 ms, min = 758.797 us, total = 106.938 ms
	PeriodicalRunner.RunFnPeriodically - 7 total (0 active), Execution time: mean = 165.643 us, total = 1.159 ms, Queueing time: mean = 213.186 us, max = 683.100 us, min = 4.500 us, total = 1.492 ms
	CoreWorker.GCStreamingGeneratorMetadata - 6 total (1 active), Execution time: mean = 3.402 us, total = 20.414 us, Queueing time: mean = 9.222 ms, max = 14.668 ms, min = 7.091 ms, total = 55.332 ms
	CoreWorker.PrintEventStats - 1 total (1 active, 1 running), Execution time: mean = 0.000 s, total = 0.000 s, Queueing time: mean = 0.000 s, max = -0.000 s, min = 9223372036.855 s, total = 0.000 s
	InternalPubSubGcsService.grpc_client.GcsSubscriberCommandBatch.OnReplyReceived - 1 total (0 active), Execution time: mean = 119.300 us, total = 119.300 us, Queueing time: mean = 7.700 us, max = 7.700 us, min = 7.700 us, total = 7.700 us
	WorkerInfoGcsService.grpc_client.AddWorkerInfo - 1 total (0 active), Execution time: mean = 435.900 us, total = 435.900 us, Queueing time: mean = 0.000 s, max = -0.000 s, min = 9223372036.855 s, total = 0.000 s
	NodeInfoGcsService.grpc_client.GetAllNodeInfo.OnReplyReceived - 1 total (0 active), Execution time: mean = 79.600 us, total = 79.600 us, Queueing time: mean = 4.300 us, max = 4.300 us, min = 4.300 us, total = 4.300 us
	NodeInfoGcsService.grpc_client.GetAllNodeInfo - 1 total (0 active), Execution time: mean = 245.500 us, total = 245.500 us, Queueing time: mean = 0.000 s, max = -0.000 s, min = 9223372036.855 s, total = 0.000 s
	InternalPubSubGcsService.grpc_client.GcsSubscriberPoll - 1 total (1 active), Execution time: mean = 0.000 s, total = 0.000 s, Queueing time: mean = 0.000 s, max = -0.000 s, min = 9223372036.855 s, total = 0.000 s
	Publisher.CheckDeadSubscribers - 1 total (1 active), Execution time: mean = 0.000 s, total = 0.000 s, Queueing time: mean = 0.000 s, max = -0.000 s, min = 9223372036.855 s, total = 0.000 s
	WorkerInfoGcsService.grpc_client.AddWorkerInfo.OnReplyReceived - 1 total (0 active), Execution time: mean = 35.700 us, total = 35.700 us, Queueing time: mean = 8.100 us, max = 8.100 us, min = 8.100 us, total = 8.100 us
	InternalPubSubGcsService.grpc_client.GcsSubscriberCommandBatch - 1 total (0 active), Execution time: mean = 256.400 us, total = 256.400 us, Queueing time: mean = 0.000 s, max = -0.000 s, min = 9223372036.855 s, total = 0.000 s

-----------------
Task Event stats:

IO Service Stats:

Global stats: 181 total (1 active)
Queueing time: mean = 2.823 ms, max = 15.098 ms, min = 3.441 us, total = 511.005 ms
Execution time:  mean = 404.289 us, total = 73.176 ms
Event stats:
	CoreWorker.deadline_timer.flush_task_events - 60 total (1 active), Execution time: mean = 92.947 us, total = 5.577 ms, Queueing time: mean = 8.501 ms, max = 15.098 ms, min = 31.744 us, total = 510.045 ms
	TaskInfoGcsService.grpc_client.AddTaskEventData - 60 total (0 active), Execution time: mean = 1.111 ms, total = 66.639 ms, Queueing time: mean = 0.000 s, max = -0.000 s, min = 9223372036.855 s, total = 0.000 s
	TaskInfoGcsService.grpc_client.AddTaskEventData.OnReplyReceived - 60 total (0 active), Execution time: mean = 13.831 us, total = 829.881 us, Queueing time: mean = 15.919 us, max = 81.634 us, min = 3.441 us, total = 955.144 us
	PeriodicalRunner.RunFnPeriodically - 1 total (0 active), Execution time: mean = 130.300 us, total = 130.300 us, Queueing time: mean = 5.600 us, max = 5.600 us, min = 5.600 us, total = 5.600 us
Other Stats:
	grpc_in_progress:0
	current number of task status events in buffer: 0
	current number of profile events in buffer: 0
	current number of dropped task attempts tracked: 0
	total task events sent: 0 MiB
	total number of task attempts sent: 0
	total number of task attempts dropped reported: 0
	total number of sent failure: 0
	num status task events dropped: 0
	num profile task events dropped: 0


[2024-09-05 18:05:17,205 I 20248 17416] core_worker.cc:614: Event stats:


Global stats: 1640 total (8 active)
Queueing time: mean = 7.087 ms, max = 15.542 ms, min = -0.000 s, total = 11.623 s
Execution time:  mean = 98.016 us, total = 160.746 ms
Event stats:
	CoreWorker.RecoverObjects - 1107 total (1 active), Execution time: mean = 4.673 us, total = 5.173 ms, Queueing time: mean = 8.450 ms, max = 12.403 ms, min = 4.733 ms, total = 9.354 s
	CoreWorker.ExitIfParentRayletDies - 120 total (1 active), Execution time: mean = 12.404 us, total = 1.489 ms, Queueing time: mean = 8.181 ms, max = 15.542 ms, min = 62.714 us, total = 981.753 ms
	CoreWorker.InternalHeartbeat - 120 total (1 active), Execution time: mean = 92.222 us, total = 11.067 ms, Queueing time: mean = 8.007 ms, max = 15.120 ms, min = -0.000 s, total = 960.842 ms
	NodeManagerService.grpc_client.ReportWorkerBacklog - 120 total (0 active), Execution time: mean = 1.151 ms, total = 138.108 ms, Queueing time: mean = 0.000 s, max = -0.000 s, min = 9223372036.855 s, total = 0.000 s
	NodeManagerService.grpc_client.ReportWorkerBacklog.OnReplyReceived - 120 total (0 active), Execution time: mean = 11.005 us, total = 1.321 ms, Queueing time: mean = 19.605 us, max = 80.680 us, min = 3.039 us, total = 2.353 ms
	CoreWorker.RecordMetrics - 24 total (1 active), Execution time: mean = 14.204 us, total = 340.908 us, Queueing time: mean = 8.408 ms, max = 14.891 ms, min = 758.797 us, total = 201.785 ms
	CoreWorker.GCStreamingGeneratorMetadata - 12 total (1 active), Execution time: mean = 3.112 us, total = 37.341 us, Queueing time: mean = 8.922 ms, max = 14.668 ms, min = 2.186 ms, total = 107.068 ms
	PeriodicalRunner.RunFnPeriodically - 7 total (0 active), Execution time: mean = 165.643 us, total = 1.159 ms, Queueing time: mean = 213.186 us, max = 683.100 us, min = 4.500 us, total = 1.492 ms
	CoreWorker.PrintEventStats - 2 total (1 active, 1 running), Execution time: mean = 440.005 us, total = 880.009 us, Queueing time: mean = 6.899 ms, max = 13.798 ms, min = 13.798 ms, total = 13.798 ms
	InternalPubSubGcsService.grpc_client.GcsSubscriberCommandBatch.OnReplyReceived - 1 total (0 active), Execution time: mean = 119.300 us, total = 119.300 us, Queueing time: mean = 7.700 us, max = 7.700 us, min = 7.700 us, total = 7.700 us
	WorkerInfoGcsService.grpc_client.AddWorkerInfo - 1 total (0 active), Execution time: mean = 435.900 us, total = 435.900 us, Queueing time: mean = 0.000 s, max = -0.000 s, min = 9223372036.855 s, total = 0.000 s
	NodeInfoGcsService.grpc_client.GetAllNodeInfo.OnReplyReceived - 1 total (0 active), Execution time: mean = 79.600 us, total = 79.600 us, Queueing time: mean = 4.300 us, max = 4.300 us, min = 4.300 us, total = 4.300 us
	NodeInfoGcsService.grpc_client.GetAllNodeInfo - 1 total (0 active), Execution time: mean = 245.500 us, total = 245.500 us, Queueing time: mean = 0.000 s, max = -0.000 s, min = 9223372036.855 s, total = 0.000 s
	InternalPubSubGcsService.grpc_client.GcsSubscriberPoll - 1 total (1 active), Execution time: mean = 0.000 s, total = 0.000 s, Queueing time: mean = 0.000 s, max = -0.000 s, min = 9223372036.855 s, total = 0.000 s
	Publisher.CheckDeadSubscribers - 1 total (1 active), Execution time: mean = 0.000 s, total = 0.000 s, Queueing time: mean = 0.000 s, max = -0.000 s, min = 9223372036.855 s, total = 0.000 s
	WorkerInfoGcsService.grpc_client.AddWorkerInfo.OnReplyReceived - 1 total (0 active), Execution time: mean = 35.700 us, total = 35.700 us, Queueing time: mean = 8.100 us, max = 8.100 us, min = 8.100 us, total = 8.100 us
	InternalPubSubGcsService.grpc_client.GcsSubscriberCommandBatch - 1 total (0 active), Execution time: mean = 256.400 us, total = 256.400 us, Queueing time: mean = 0.000 s, max = -0.000 s, min = 9223372036.855 s, total = 0.000 s

-----------------
Task Event stats:

IO Service Stats:

Global stats: 361 total (1 active)
Queueing time: mean = 2.676 ms, max = 15.098 ms, min = -0.000 s, total = 966.053 ms
Execution time:  mean = 411.195 us, total = 148.442 ms
Event stats:
	CoreWorker.deadline_timer.flush_task_events - 120 total (1 active), Execution time: mean = 92.193 us, total = 11.063 ms, Queueing time: mean = 8.034 ms, max = 15.098 ms, min = -0.000 s, total = 964.053 ms
	TaskInfoGcsService.grpc_client.AddTaskEventData - 120 total (0 active), Execution time: mean = 1.130 ms, total = 135.567 ms, Queueing time: mean = 0.000 s, max = -0.000 s, min = 9223372036.855 s, total = 0.000 s
	TaskInfoGcsService.grpc_client.AddTaskEventData.OnReplyReceived - 120 total (0 active), Execution time: mean = 14.008 us, total = 1.681 ms, Queueing time: mean = 16.625 us, max = 81.634 us, min = 3.441 us, total = 1.995 ms
	PeriodicalRunner.RunFnPeriodically - 1 total (0 active), Execution time: mean = 130.300 us, total = 130.300 us, Queueing time: mean = 5.600 us, max = 5.600 us, min = 5.600 us, total = 5.600 us
Other Stats:
	grpc_in_progress:0
	current number of task status events in buffer: 0
	current number of profile events in buffer: 0
	current number of dropped task attempts tracked: 0
	total task events sent: 0 MiB
	total number of task attempts sent: 0
	total number of task attempts dropped reported: 0
	total number of sent failure: 0
	num status task events dropped: 0
	num profile task events dropped: 0


