[2024-09-05 18:03:17,247 I 20936 20996] core_worker_process.cc:107: Constructing CoreWorkerProcess. pid: 20936
[2024-09-05 18:03:17,249 I 20936 20996] io_service_pool.cc:35: IOServicePool is running with 1 io_service.
[2024-09-05 18:03:17,250 I 20936 20996] grpc_server.cc:129: worker server started, listening on port 56031.
[2024-09-05 18:03:17,254 I 20936 20996] core_worker.cc:252: Initializing worker at address: 127.0.0.1:56031, worker ID 5222fd6148b8968c853e72dad83178c5b8de67a98aa827695382b3c2, raylet b77ac263dbe1e2e5e6a35bc25e20e21264a0db33f170f24cb9fc3a11
[2024-09-05 18:03:17,254 I 20936 20996] task_event_buffer.cc:177: Reporting task events to GCS every 1000ms.
[2024-09-05 18:03:17,255 I 20936 5168] accessor.cc:627: Received notification for node id = b77ac263dbe1e2e5e6a35bc25e20e21264a0db33f170f24cb9fc3a11, IsAlive = 1
[2024-09-05 18:03:17,255 I 20936 5168] core_worker.cc:4552: Number of alive nodes:1
[2024-09-05 18:03:17,255 I 20936 5168] core_worker.cc:614: Event stats:


Global stats: 12 total (4 active)
Queueing time: mean = 7.983 us, max = 80.400 us, min = 3.000 us, total = 95.800 us
Execution time:  mean = 60.175 us, total = 722.100 us
Event stats:
	PeriodicalRunner.RunFnPeriodically - 3 total (1 active, 1 running), Execution time: mean = 6.533 us, total = 19.600 us, Queueing time: mean = 27.800 us, max = 80.400 us, min = 3.000 us, total = 83.400 us
	InternalPubSubGcsService.grpc_client.GcsSubscriberPoll - 1 total (1 active), Execution time: mean = 0.000 s, total = 0.000 s, Queueing time: mean = 0.000 s, max = -0.000 s, min = 9223372036.855 s, total = 0.000 s
	NodeInfoGcsService.grpc_client.GetAllNodeInfo - 1 total (0 active), Execution time: mean = 159.000 us, total = 159.000 us, Queueing time: mean = 0.000 s, max = -0.000 s, min = 9223372036.855 s, total = 0.000 s
	InternalPubSubGcsService.grpc_client.GcsSubscriberCommandBatch.OnReplyReceived - 1 total (0 active), Execution time: mean = 74.700 us, total = 74.700 us, Queueing time: mean = 3.800 us, max = 3.800 us, min = 3.800 us, total = 3.800 us
	WorkerInfoGcsService.grpc_client.AddWorkerInfo - 1 total (0 active), Execution time: mean = 230.400 us, total = 230.400 us, Queueing time: mean = 0.000 s, max = -0.000 s, min = 9223372036.855 s, total = 0.000 s
	CoreWorker.ExitIfParentRayletDies - 1 total (1 active), Execution time: mean = 0.000 s, total = 0.000 s, Queueing time: mean = 0.000 s, max = -0.000 s, min = 9223372036.855 s, total = 0.000 s
	WorkerInfoGcsService.grpc_client.AddWorkerInfo.OnReplyReceived - 1 total (0 active), Execution time: mean = 23.200 us, total = 23.200 us, Queueing time: mean = 4.000 us, max = 4.000 us, min = 4.000 us, total = 4.000 us
	Publisher.CheckDeadSubscribers - 1 total (1 active), Execution time: mean = 0.000 s, total = 0.000 s, Queueing time: mean = 0.000 s, max = -0.000 s, min = 9223372036.855 s, total = 0.000 s
	NodeInfoGcsService.grpc_client.GetAllNodeInfo.OnReplyReceived - 1 total (0 active), Execution time: mean = 60.000 us, total = 60.000 us, Queueing time: mean = 4.600 us, max = 4.600 us, min = 4.600 us, total = 4.600 us
	InternalPubSubGcsService.grpc_client.GcsSubscriberCommandBatch - 1 total (0 active), Execution time: mean = 155.200 us, total = 155.200 us, Queueing time: mean = 0.000 s, max = -0.000 s, min = 9223372036.855 s, total = 0.000 s

-----------------
Task Event stats:

IO Service Stats:

Global stats: 4 total (1 active)
Queueing time: mean = 1.775 us, max = 3.800 us, min = 3.300 us, total = 7.100 us
Execution time:  mean = 70.525 us, total = 282.100 us
Event stats:
	PeriodicalRunner.RunFnPeriodically - 1 total (0 active), Execution time: mean = 86.600 us, total = 86.600 us, Queueing time: mean = 3.800 us, max = 3.800 us, min = 3.800 us, total = 3.800 us
	TaskInfoGcsService.grpc_client.AddTaskEventData - 1 total (0 active), Execution time: mean = 183.300 us, total = 183.300 us, Queueing time: mean = 0.000 s, max = -0.000 s, min = 9223372036.855 s, total = 0.000 s
	CoreWorker.deadline_timer.flush_task_events - 1 total (1 active), Execution time: mean = 0.000 s, total = 0.000 s, Queueing time: mean = 0.000 s, max = -0.000 s, min = 9223372036.855 s, total = 0.000 s
	TaskInfoGcsService.grpc_client.AddTaskEventData.OnReplyReceived - 1 total (0 active), Execution time: mean = 12.200 us, total = 12.200 us, Queueing time: mean = 3.300 us, max = 3.300 us, min = 3.300 us, total = 3.300 us
Other Stats:
	grpc_in_progress:0
	current number of task status events in buffer: 0
	current number of profile events in buffer: 0
	current number of dropped task attempts tracked: 0
	total task events sent: 0 MiB
	total number of task attempts sent: 0
	total number of task attempts dropped reported: 0
	total number of sent failure: 0
	num status task events dropped: 0
	num profile task events dropped: 0


[2024-09-05 18:03:17,257 I 20936 20996] event.cc:234: Set ray event level to warning
[2024-09-05 18:03:17,257 I 20936 20996] event.cc:342: Ray Event initialized for CORE_WORKER
[2024-09-05 18:03:29,291 W 20936 16800] metric_exporter.cc:105: [1] Export metrics to agent failed: GrpcUnavailable: RPC Error message: failed to connect to all addresses; last error: UNAVAILABLE: ipv4:127.0.0.1:57540: Connection refused; RPC Error details: . This won't affect Ray, but you can lose metrics from the cluster.
[2024-09-05 18:04:17,260 I 20936 5168] core_worker.cc:614: Event stats:


Global stats: 826 total (8 active)
Queueing time: mean = 7.341 ms, max = 15.228 ms, min = 3.000 us, total = 6.064 s
Execution time:  mean = 35.869 us, total = 29.628 ms
Event stats:
	CoreWorker.RecoverObjects - 552 total (1 active), Execution time: mean = 4.317 us, total = 2.383 ms, Queueing time: mean = 8.798 ms, max = 11.969 ms, min = 2.467 ms, total = 4.856 s
	CoreWorker.InternalHeartbeat - 60 total (1 active), Execution time: mean = 74.158 us, total = 4.449 ms, Queueing time: mean = 8.614 ms, max = 15.080 ms, min = 265.511 us, total = 516.829 ms
	CoreWorker.ExitIfParentRayletDies - 60 total (1 active), Execution time: mean = 10.208 us, total = 612.454 us, Queueing time: mean = 8.798 ms, max = 15.228 ms, min = 365.756 us, total = 527.866 ms
	NodeManagerService.grpc_client.ReportWorkerBacklog.OnReplyReceived - 60 total (0 active), Execution time: mean = 9.416 us, total = 564.983 us, Queueing time: mean = 10.591 us, max = 53.371 us, min = 3.147 us, total = 635.467 us
	NodeManagerService.grpc_client.ReportWorkerBacklog - 60 total (0 active), Execution time: mean = 336.170 us, total = 20.170 ms, Queueing time: mean = 0.000 s, max = -0.000 s, min = 9223372036.855 s, total = 0.000 s
	CoreWorker.RecordMetrics - 12 total (1 active), Execution time: mean = 14.435 us, total = 173.220 us, Queueing time: mean = 9.596 ms, max = 14.738 ms, min = 1.574 ms, total = 115.158 ms
	PeriodicalRunner.RunFnPeriodically - 7 total (0 active), Execution time: mean = 79.914 us, total = 559.400 us, Queueing time: mean = 108.486 us, max = 336.400 us, min = 3.000 us, total = 759.400 us
	CoreWorker.GCStreamingGeneratorMetadata - 6 total (1 active), Execution time: mean = 2.186 us, total = 13.115 us, Queueing time: mean = 7.718 ms, max = 14.558 ms, min = 2.911 ms, total = 46.305 ms
	InternalPubSubGcsService.grpc_client.GcsSubscriberPoll - 1 total (1 active), Execution time: mean = 0.000 s, total = 0.000 s, Queueing time: mean = 0.000 s, max = -0.000 s, min = 9223372036.855 s, total = 0.000 s
	NodeInfoGcsService.grpc_client.GetAllNodeInfo - 1 total (0 active), Execution time: mean = 159.000 us, total = 159.000 us, Queueing time: mean = 0.000 s, max = -0.000 s, min = 9223372036.855 s, total = 0.000 s
	NodeInfoGcsService.grpc_client.GetAllNodeInfo.OnReplyReceived - 1 total (0 active), Execution time: mean = 60.000 us, total = 60.000 us, Queueing time: mean = 4.600 us, max = 4.600 us, min = 4.600 us, total = 4.600 us
	InternalPubSubGcsService.grpc_client.GcsSubscriberCommandBatch.OnReplyReceived - 1 total (0 active), Execution time: mean = 74.700 us, total = 74.700 us, Queueing time: mean = 3.800 us, max = 3.800 us, min = 3.800 us, total = 3.800 us
	WorkerInfoGcsService.grpc_client.AddWorkerInfo - 1 total (0 active), Execution time: mean = 230.400 us, total = 230.400 us, Queueing time: mean = 0.000 s, max = -0.000 s, min = 9223372036.855 s, total = 0.000 s
	CoreWorker.PrintEventStats - 1 total (1 active, 1 running), Execution time: mean = 0.000 s, total = 0.000 s, Queueing time: mean = 0.000 s, max = -0.000 s, min = 9223372036.855 s, total = 0.000 s
	InternalPubSubGcsService.grpc_client.GcsSubscriberCommandBatch - 1 total (0 active), Execution time: mean = 155.200 us, total = 155.200 us, Queueing time: mean = 0.000 s, max = -0.000 s, min = 9223372036.855 s, total = 0.000 s
	WorkerInfoGcsService.grpc_client.AddWorkerInfo.OnReplyReceived - 1 total (0 active), Execution time: mean = 23.200 us, total = 23.200 us, Queueing time: mean = 4.000 us, max = 4.000 us, min = 4.000 us, total = 4.000 us
	Publisher.CheckDeadSubscribers - 1 total (1 active), Execution time: mean = 0.000 s, total = 0.000 s, Queueing time: mean = 0.000 s, max = -0.000 s, min = 9223372036.855 s, total = 0.000 s

-----------------
Task Event stats:

IO Service Stats:

Global stats: 181 total (1 active)
Queueing time: mean = 2.861 ms, max = 15.076 ms, min = 3.300 us, total = 517.773 ms
Execution time:  mean = 149.195 us, total = 27.004 ms
Event stats:
	TaskInfoGcsService.grpc_client.AddTaskEventData - 60 total (0 active), Execution time: mean = 333.926 us, total = 20.036 ms, Queueing time: mean = 0.000 s, max = -0.000 s, min = 9223372036.855 s, total = 0.000 s
	CoreWorker.deadline_timer.flush_task_events - 60 total (1 active), Execution time: mean = 101.956 us, total = 6.117 ms, Queueing time: mean = 8.622 ms, max = 15.076 ms, min = 211.081 us, total = 517.302 ms
	TaskInfoGcsService.grpc_client.AddTaskEventData.OnReplyReceived - 60 total (0 active), Execution time: mean = 12.746 us, total = 764.749 us, Queueing time: mean = 7.790 us, max = 42.159 us, min = 3.300 us, total = 467.428 us
	PeriodicalRunner.RunFnPeriodically - 1 total (0 active), Execution time: mean = 86.600 us, total = 86.600 us, Queueing time: mean = 3.800 us, max = 3.800 us, min = 3.800 us, total = 3.800 us
Other Stats:
	grpc_in_progress:0
	current number of task status events in buffer: 0
	current number of profile events in buffer: 0
	current number of dropped task attempts tracked: 0
	total task events sent: 0 MiB
	total number of task attempts sent: 0
	total number of task attempts dropped reported: 0
	total number of sent failure: 0
	num status task events dropped: 0
	num profile task events dropped: 0


[2024-09-05 18:05:17,268 I 20936 5168] core_worker.cc:614: Event stats:


Global stats: 1636 total (8 active)
Queueing time: mean = 7.146 ms, max = 15.654 ms, min = -0.000 s, total = 11.691 s
Execution time:  mean = 44.303 us, total = 72.479 ms
Event stats:
	CoreWorker.RecoverObjects - 1107 total (1 active), Execution time: mean = 4.079 us, total = 4.515 ms, Queueing time: mean = 8.443 ms, max = 12.037 ms, min = 2.467 ms, total = 9.347 s
	CoreWorker.InternalHeartbeat - 119 total (1 active), Execution time: mean = 73.188 us, total = 8.709 ms, Queueing time: mean = 8.469 ms, max = 15.603 ms, min = -0.000 s, total = 1.008 s
	CoreWorker.ExitIfParentRayletDies - 119 total (1 active), Execution time: mean = 9.861 us, total = 1.173 ms, Queueing time: mean = 8.593 ms, max = 15.654 ms, min = -0.000 s, total = 1.023 s
	NodeManagerService.grpc_client.ReportWorkerBacklog.OnReplyReceived - 119 total (0 active), Execution time: mean = 9.629 us, total = 1.146 ms, Queueing time: mean = 10.671 us, max = 53.371 us, min = 3.147 us, total = 1.270 ms
	NodeManagerService.grpc_client.ReportWorkerBacklog - 119 total (0 active), Execution time: mean = 460.329 us, total = 54.779 ms, Queueing time: mean = 0.000 s, max = -0.000 s, min = 9223372036.855 s, total = 0.000 s
	CoreWorker.RecordMetrics - 24 total (1 active), Execution time: mean = 13.151 us, total = 315.634 us, Queueing time: mean = 8.727 ms, max = 14.738 ms, min = 1.574 ms, total = 209.458 ms
	CoreWorker.GCStreamingGeneratorMetadata - 12 total (1 active), Execution time: mean = 2.654 us, total = 31.844 us, Queueing time: mean = 8.195 ms, max = 14.558 ms, min = 2.757 ms, total = 98.336 ms
	PeriodicalRunner.RunFnPeriodically - 7 total (0 active), Execution time: mean = 79.914 us, total = 559.400 us, Queueing time: mean = 108.486 us, max = 336.400 us, min = 3.000 us, total = 759.400 us
	CoreWorker.PrintEventStats - 2 total (1 active, 1 running), Execution time: mean = 273.497 us, total = 546.994 us, Queueing time: mean = 2.114 ms, max = 4.228 ms, min = 4.228 ms, total = 4.228 ms
	InternalPubSubGcsService.grpc_client.GcsSubscriberPoll - 1 total (1 active), Execution time: mean = 0.000 s, total = 0.000 s, Queueing time: mean = 0.000 s, max = -0.000 s, min = 9223372036.855 s, total = 0.000 s
	NodeInfoGcsService.grpc_client.GetAllNodeInfo - 1 total (0 active), Execution time: mean = 159.000 us, total = 159.000 us, Queueing time: mean = 0.000 s, max = -0.000 s, min = 9223372036.855 s, total = 0.000 s
	NodeInfoGcsService.grpc_client.GetAllNodeInfo.OnReplyReceived - 1 total (0 active), Execution time: mean = 60.000 us, total = 60.000 us, Queueing time: mean = 4.600 us, max = 4.600 us, min = 4.600 us, total = 4.600 us
	InternalPubSubGcsService.grpc_client.GcsSubscriberCommandBatch.OnReplyReceived - 1 total (0 active), Execution time: mean = 74.700 us, total = 74.700 us, Queueing time: mean = 3.800 us, max = 3.800 us, min = 3.800 us, total = 3.800 us
	WorkerInfoGcsService.grpc_client.AddWorkerInfo - 1 total (0 active), Execution time: mean = 230.400 us, total = 230.400 us, Queueing time: mean = 0.000 s, max = -0.000 s, min = 9223372036.855 s, total = 0.000 s
	InternalPubSubGcsService.grpc_client.GcsSubscriberCommandBatch - 1 total (0 active), Execution time: mean = 155.200 us, total = 155.200 us, Queueing time: mean = 0.000 s, max = -0.000 s, min = 9223372036.855 s, total = 0.000 s
	WorkerInfoGcsService.grpc_client.AddWorkerInfo.OnReplyReceived - 1 total (0 active), Execution time: mean = 23.200 us, total = 23.200 us, Queueing time: mean = 4.000 us, max = 4.000 us, min = 4.000 us, total = 4.000 us
	Publisher.CheckDeadSubscribers - 1 total (1 active), Execution time: mean = 0.000 s, total = 0.000 s, Queueing time: mean = 0.000 s, max = -0.000 s, min = 9223372036.855 s, total = 0.000 s

-----------------
Task Event stats:

IO Service Stats:

Global stats: 358 total (1 active)
Queueing time: mean = 2.815 ms, max = 15.507 ms, min = -0.000 s, total = 1.008 s
Execution time:  mean = 197.143 us, total = 70.577 ms
Event stats:
	TaskInfoGcsService.grpc_client.AddTaskEventData - 119 total (0 active), Execution time: mean = 477.560 us, total = 56.830 ms, Queueing time: mean = 0.000 s, max = -0.000 s, min = 9223372036.855 s, total = 0.000 s
	CoreWorker.deadline_timer.flush_task_events - 119 total (1 active), Execution time: mean = 101.083 us, total = 12.029 ms, Queueing time: mean = 8.459 ms, max = 15.507 ms, min = -0.000 s, total = 1.007 s
	TaskInfoGcsService.grpc_client.AddTaskEventData.OnReplyReceived - 119 total (0 active), Execution time: mean = 13.714 us, total = 1.632 ms, Queueing time: mean = 10.451 us, max = 71.208 us, min = 3.282 us, total = 1.244 ms
	PeriodicalRunner.RunFnPeriodically - 1 total (0 active), Execution time: mean = 86.600 us, total = 86.600 us, Queueing time: mean = 3.800 us, max = 3.800 us, min = 3.800 us, total = 3.800 us
Other Stats:
	grpc_in_progress:0
	current number of task status events in buffer: 0
	current number of profile events in buffer: 0
	current number of dropped task attempts tracked: 0
	total task events sent: 0 MiB
	total number of task attempts sent: 0
	total number of task attempts dropped reported: 0
	total number of sent failure: 0
	num status task events dropped: 0
	num profile task events dropped: 0


