[2024-09-05 18:03:18,264 I 17624 10924] core_worker_process.cc:107: Constructing CoreWorkerProcess. pid: 17624
[2024-09-05 18:03:18,266 I 17624 10924] io_service_pool.cc:35: IOServicePool is running with 1 io_service.
[2024-09-05 18:03:18,268 I 17624 10924] grpc_server.cc:129: worker server started, listening on port 56052.
[2024-09-05 18:03:18,271 I 17624 10924] core_worker.cc:252: Initializing worker at address: 127.0.0.1:56052, worker ID 00e445ee159297865d0cb517d77c24ccc68da0916bfdd7672c9775ef, raylet b77ac263dbe1e2e5e6a35bc25e20e21264a0db33f170f24cb9fc3a11
[2024-09-05 18:03:18,272 I 17624 10924] task_event_buffer.cc:177: Reporting task events to GCS every 1000ms.
[2024-09-05 18:03:18,272 I 17624 6288] accessor.cc:627: Received notification for node id = b77ac263dbe1e2e5e6a35bc25e20e21264a0db33f170f24cb9fc3a11, IsAlive = 1
[2024-09-05 18:03:18,272 I 17624 6288] core_worker.cc:4552: Number of alive nodes:1
[2024-09-05 18:03:18,273 I 17624 6288] core_worker.cc:614: Event stats:


Global stats: 12 total (4 active)
Queueing time: mean = 7.408 us, max = 71.200 us, min = 3.900 us, total = 88.900 us
Execution time:  mean = 75.508 us, total = 906.100 us
Event stats:
	PeriodicalRunner.RunFnPeriodically - 3 total (1 active, 1 running), Execution time: mean = 6.933 us, total = 20.800 us, Queueing time: mean = 25.033 us, max = 71.200 us, min = 3.900 us, total = 75.100 us
	InternalPubSubGcsService.grpc_client.GcsSubscriberCommandBatch.OnReplyReceived - 1 total (0 active), Execution time: mean = 84.900 us, total = 84.900 us, Queueing time: mean = 4.300 us, max = 4.300 us, min = 4.300 us, total = 4.300 us
	NodeInfoGcsService.grpc_client.GetAllNodeInfo.OnReplyReceived - 1 total (0 active), Execution time: mean = 60.300 us, total = 60.300 us, Queueing time: mean = 4.300 us, max = 4.300 us, min = 4.300 us, total = 4.300 us
	CoreWorker.ExitIfParentRayletDies - 1 total (1 active), Execution time: mean = 0.000 s, total = 0.000 s, Queueing time: mean = 0.000 s, max = -0.000 s, min = 9223372036.855 s, total = 0.000 s
	WorkerInfoGcsService.grpc_client.AddWorkerInfo.OnReplyReceived - 1 total (0 active), Execution time: mean = 24.500 us, total = 24.500 us, Queueing time: mean = 5.200 us, max = 5.200 us, min = 5.200 us, total = 5.200 us
	Publisher.CheckDeadSubscribers - 1 total (1 active), Execution time: mean = 0.000 s, total = 0.000 s, Queueing time: mean = 0.000 s, max = -0.000 s, min = 9223372036.855 s, total = 0.000 s
	InternalPubSubGcsService.grpc_client.GcsSubscriberCommandBatch - 1 total (0 active), Execution time: mean = 234.000 us, total = 234.000 us, Queueing time: mean = 0.000 s, max = -0.000 s, min = 9223372036.855 s, total = 0.000 s
	NodeInfoGcsService.grpc_client.GetAllNodeInfo - 1 total (0 active), Execution time: mean = 194.700 us, total = 194.700 us, Queueing time: mean = 0.000 s, max = -0.000 s, min = 9223372036.855 s, total = 0.000 s
	InternalPubSubGcsService.grpc_client.GcsSubscriberPoll - 1 total (1 active), Execution time: mean = 0.000 s, total = 0.000 s, Queueing time: mean = 0.000 s, max = -0.000 s, min = 9223372036.855 s, total = 0.000 s
	WorkerInfoGcsService.grpc_client.AddWorkerInfo - 1 total (0 active), Execution time: mean = 286.900 us, total = 286.900 us, Queueing time: mean = 0.000 s, max = -0.000 s, min = 9223372036.855 s, total = 0.000 s

-----------------
Task Event stats:

IO Service Stats:

Global stats: 4 total (1 active)
Queueing time: mean = 18.600 us, max = 39.600 us, min = 34.800 us, total = 74.400 us
Execution time:  mean = 79.475 us, total = 317.900 us
Event stats:
	CoreWorker.deadline_timer.flush_task_events - 1 total (1 active), Execution time: mean = 0.000 s, total = 0.000 s, Queueing time: mean = 0.000 s, max = -0.000 s, min = 9223372036.855 s, total = 0.000 s
	TaskInfoGcsService.grpc_client.AddTaskEventData.OnReplyReceived - 1 total (0 active), Execution time: mean = 13.100 us, total = 13.100 us, Queueing time: mean = 39.600 us, max = 39.600 us, min = 39.600 us, total = 39.600 us
	TaskInfoGcsService.grpc_client.AddTaskEventData - 1 total (0 active), Execution time: mean = 240.200 us, total = 240.200 us, Queueing time: mean = 0.000 s, max = -0.000 s, min = 9223372036.855 s, total = 0.000 s
	PeriodicalRunner.RunFnPeriodically - 1 total (0 active), Execution time: mean = 64.600 us, total = 64.600 us, Queueing time: mean = 34.800 us, max = 34.800 us, min = 34.800 us, total = 34.800 us
Other Stats:
	grpc_in_progress:0
	current number of task status events in buffer: 0
	current number of profile events in buffer: 0
	current number of dropped task attempts tracked: 0
	total task events sent: 0 MiB
	total number of task attempts sent: 0
	total number of task attempts dropped reported: 0
	total number of sent failure: 0
	num status task events dropped: 0
	num profile task events dropped: 0


[2024-09-05 18:03:18,274 I 17624 10924] event.cc:234: Set ray event level to warning
[2024-09-05 18:03:18,274 I 17624 10924] event.cc:342: Ray Event initialized for CORE_WORKER
[2024-09-05 18:03:18,275 I 17624 10924] direct_actor_task_submitter.cc:36: Set max pending calls to -1 for actor 5fb4832f46fa3a98ea7c34d501000000
[2024-09-05 18:03:18,276 I 17624 10924] direct_actor_task_submitter.cc:237: Connecting to actor 5fb4832f46fa3a98ea7c34d501000000 at worker 00e445ee159297865d0cb517d77c24ccc68da0916bfdd7672c9775ef
[2024-09-05 18:03:18,276 I 17624 10924] core_worker.cc:2861: Creating actor: 5fb4832f46fa3a98ea7c34d501000000
[2024-09-05 18:03:24,205 I 17624 10924] direct_actor_task_submitter.cc:36: Set max pending calls to -1 for actor 298a834635a8bbd3238d5b8d01000000
[2024-09-05 18:03:24,207 I 17624 10924] direct_actor_task_submitter.cc:36: Set max pending calls to -1 for actor 904b2d59d4924a0e87a667b201000000
[2024-09-05 18:03:24,209 I 17624 6288] actor_manager.cc:214: received notification on actor, state: PENDING_CREATION, actor_id: 298a834635a8bbd3238d5b8d01000000, ip address: , port: 0, worker_id: NIL_ID, raylet_id: b77ac263dbe1e2e5e6a35bc25e20e21264a0db33f170f24cb9fc3a11, num_restarts: 0, death context type=CONTEXT_NOT_SET
[2024-09-05 18:03:24,209 I 17624 6288] actor_manager.cc:214: received notification on actor, state: PENDING_CREATION, actor_id: 904b2d59d4924a0e87a667b201000000, ip address: , port: 0, worker_id: NIL_ID, raylet_id: b77ac263dbe1e2e5e6a35bc25e20e21264a0db33f170f24cb9fc3a11, num_restarts: 0, death context type=CONTEXT_NOT_SET
[2024-09-05 18:03:30,300 W 17624 1684] metric_exporter.cc:105: [1] Export metrics to agent failed: GrpcUnavailable: RPC Error message: failed to connect to all addresses; last error: UNAVAILABLE: ipv4:127.0.0.1:57540: Connection refused; RPC Error details: . This won't affect Ray, but you can lose metrics from the cluster.
[2024-09-05 18:03:31,605 I 17624 6288] actor_manager.cc:214: received notification on actor, state: ALIVE, actor_id: 904b2d59d4924a0e87a667b201000000, ip address: 127.0.0.1, port: 56072, worker_id: dc0beecb35fe054b6e60f5105525c4267ba5681c06b8523b1dd0a320, raylet_id: b77ac263dbe1e2e5e6a35bc25e20e21264a0db33f170f24cb9fc3a11, num_restarts: 0, death context type=CONTEXT_NOT_SET
[2024-09-05 18:03:31,605 I 17624 6288] direct_actor_task_submitter.cc:237: Connecting to actor 904b2d59d4924a0e87a667b201000000 at worker dc0beecb35fe054b6e60f5105525c4267ba5681c06b8523b1dd0a320
[2024-09-05 18:03:31,611 I 17624 6288] actor_manager.cc:214: received notification on actor, state: ALIVE, actor_id: 298a834635a8bbd3238d5b8d01000000, ip address: 127.0.0.1, port: 56079, worker_id: cc84b5191a060254ac2059e85ecdf39a95c05be69b9af2f9c59faa2b, raylet_id: b77ac263dbe1e2e5e6a35bc25e20e21264a0db33f170f24cb9fc3a11, num_restarts: 0, death context type=CONTEXT_NOT_SET
[2024-09-05 18:03:31,611 I 17624 6288] direct_actor_task_submitter.cc:237: Connecting to actor 298a834635a8bbd3238d5b8d01000000 at worker cc84b5191a060254ac2059e85ecdf39a95c05be69b9af2f9c59faa2b
[2024-09-05 18:03:31,945 I 17624 10924] direct_actor_transport.cc:188: Actor creation task finished, task_id: ffffffffffffffff5fb4832f46fa3a98ea7c34d501000000, actor_id: 5fb4832f46fa3a98ea7c34d501000000, actor_repr_name: PPO
[2024-09-05 18:03:32,738 I 17624 6288] actor_manager.cc:214: received notification on actor, state: DEAD, actor_id: 298a834635a8bbd3238d5b8d01000000, ip address: 127.0.0.1, port: 56079, worker_id: cc84b5191a060254ac2059e85ecdf39a95c05be69b9af2f9c59faa2b, raylet_id: b77ac263dbe1e2e5e6a35bc25e20e21264a0db33f170f24cb9fc3a11, num_restarts: 0, death context type=ActorDiedErrorContext
[2024-09-05 18:03:32,738 I 17624 6288] direct_actor_task_submitter.cc:287: Failing pending tasks for actor 298a834635a8bbd3238d5b8d01000000 because the actor is already dead.
[2024-09-05 18:03:32,738 I 17624 6288] actor_manager.cc:214: received notification on actor, state: DEAD, actor_id: 904b2d59d4924a0e87a667b201000000, ip address: 127.0.0.1, port: 56072, worker_id: dc0beecb35fe054b6e60f5105525c4267ba5681c06b8523b1dd0a320, raylet_id: b77ac263dbe1e2e5e6a35bc25e20e21264a0db33f170f24cb9fc3a11, num_restarts: 0, death context type=ActorDiedErrorContext
[2024-09-05 18:03:32,738 I 17624 6288] direct_actor_task_submitter.cc:287: Failing pending tasks for actor 904b2d59d4924a0e87a667b201000000 because the actor is already dead.
