[2024-09-05 18:03:16,255 I 20036 20028] core_worker_process.cc:107: Constructing CoreWorkerProcess. pid: 20036
[2024-09-05 18:03:16,258 I 20036 20028] io_service_pool.cc:35: IOServicePool is running with 1 io_service.
[2024-09-05 18:03:17,303 I 20036 20028] grpc_server.cc:129: driver server started, listening on port 56041.
[2024-09-05 18:03:17,307 I 20036 20028] core_worker.cc:252: Initializing worker at address: 127.0.0.1:56041, worker ID 01000000ffffffffffffffffffffffffffffffffffffffffffffffff, raylet b77ac263dbe1e2e5e6a35bc25e20e21264a0db33f170f24cb9fc3a11
[2024-09-05 18:03:17,308 I 20036 20028] task_event_buffer.cc:177: Reporting task events to GCS every 1000ms.
[2024-09-05 18:03:17,308 I 20036 11936] accessor.cc:627: Received notification for node id = b77ac263dbe1e2e5e6a35bc25e20e21264a0db33f170f24cb9fc3a11, IsAlive = 1
[2024-09-05 18:03:17,308 I 20036 11936] core_worker.cc:4552: Number of alive nodes:1
[2024-09-05 18:03:17,309 I 20036 11936] core_worker.cc:614: Event stats:


Global stats: 10 total (3 active)
Queueing time: mean = 1.605 us, max = 5.006 us, min = 3.237 us, total = 16.052 us
Execution time:  mean = 74.086 us, total = 740.858 us
Event stats:
	PeriodicalRunner.RunFnPeriodically - 2 total (1 active, 1 running), Execution time: mean = 3.123 us, total = 6.246 us, Queueing time: mean = 1.901 us, max = 3.802 us, min = 3.802 us, total = 3.802 us
	InternalPubSubGcsService.grpc_client.GcsSubscriberCommandBatch - 1 total (0 active), Execution time: mean = 177.722 us, total = 177.722 us, Queueing time: mean = 0.000 s, max = -0.000 s, min = 9223372036.855 s, total = 0.000 s
	NodeInfoGcsService.grpc_client.GetAllNodeInfo - 1 total (0 active), Execution time: mean = 161.844 us, total = 161.844 us, Queueing time: mean = 0.000 s, max = -0.000 s, min = 9223372036.855 s, total = 0.000 s
	WorkerInfoGcsService.grpc_client.AddWorkerInfo.OnReplyReceived - 1 total (0 active), Execution time: mean = 21.503 us, total = 21.503 us, Queueing time: mean = 5.006 us, max = 5.006 us, min = 5.006 us, total = 5.006 us
	Publisher.CheckDeadSubscribers - 1 total (1 active), Execution time: mean = 0.000 s, total = 0.000 s, Queueing time: mean = 0.000 s, max = -0.000 s, min = 9223372036.855 s, total = 0.000 s
	NodeInfoGcsService.grpc_client.GetAllNodeInfo.OnReplyReceived - 1 total (0 active), Execution time: mean = 59.892 us, total = 59.892 us, Queueing time: mean = 3.237 us, max = 3.237 us, min = 3.237 us, total = 3.237 us
	InternalPubSubGcsService.grpc_client.GcsSubscriberCommandBatch.OnReplyReceived - 1 total (0 active), Execution time: mean = 74.229 us, total = 74.229 us, Queueing time: mean = 4.007 us, max = 4.007 us, min = 4.007 us, total = 4.007 us
	WorkerInfoGcsService.grpc_client.AddWorkerInfo - 1 total (0 active), Execution time: mean = 239.422 us, total = 239.422 us, Queueing time: mean = 0.000 s, max = -0.000 s, min = 9223372036.855 s, total = 0.000 s
	InternalPubSubGcsService.grpc_client.GcsSubscriberPoll - 1 total (1 active), Execution time: mean = 0.000 s, total = 0.000 s, Queueing time: mean = 0.000 s, max = -0.000 s, min = 9223372036.855 s, total = 0.000 s

-----------------
Task Event stats:

IO Service Stats:

Global stats: 4 total (1 active)
Queueing time: mean = 10.962 us, max = 40.029 us, min = 3.820 us, total = 43.849 us
Execution time:  mean = 67.460 us, total = 269.839 us
Event stats:
	CoreWorker.deadline_timer.flush_task_events - 1 total (1 active), Execution time: mean = 0.000 s, total = 0.000 s, Queueing time: mean = 0.000 s, max = -0.000 s, min = 9223372036.855 s, total = 0.000 s
	TaskInfoGcsService.grpc_client.AddTaskEventData.OnReplyReceived - 1 total (0 active), Execution time: mean = 12.086 us, total = 12.086 us, Queueing time: mean = 3.820 us, max = 3.820 us, min = 3.820 us, total = 3.820 us
	PeriodicalRunner.RunFnPeriodically - 1 total (0 active), Execution time: mean = 89.072 us, total = 89.072 us, Queueing time: mean = 40.029 us, max = 40.029 us, min = 40.029 us, total = 40.029 us
	TaskInfoGcsService.grpc_client.AddTaskEventData - 1 total (0 active), Execution time: mean = 168.681 us, total = 168.681 us, Queueing time: mean = 0.000 s, max = -0.000 s, min = 9223372036.855 s, total = 0.000 s
Other Stats:
	grpc_in_progress:0
	current number of task status events in buffer: 1
	current number of profile events in buffer: 0
	current number of dropped task attempts tracked: 0
	total task events sent: 0 MiB
	total number of task attempts sent: 0
	total number of task attempts dropped reported: 0
	total number of sent failure: 0
	num status task events dropped: 0
	num profile task events dropped: 0


[2024-09-05 18:03:17,310 I 20036 20028] event.cc:234: Set ray event level to warning
[2024-09-05 18:03:17,310 I 20036 20028] event.cc:342: Ray Event initialized for CORE_WORKER
[2024-09-05 18:03:17,407 I 20036 20028] core_worker.cc:2294: Submitting Placement Group creation to GCS: 34733fa17ea8afd4da5a0280be2f01000000
[2024-09-05 18:03:17,447 I 20036 20028] direct_actor_task_submitter.cc:36: Set max pending calls to -1 for actor 5fb4832f46fa3a98ea7c34d501000000
[2024-09-05 18:03:17,449 I 20036 11936] actor_manager.cc:214: received notification on actor, state: DEPENDENCIES_UNREADY, actor_id: 5fb4832f46fa3a98ea7c34d501000000, ip address: , port: 0, worker_id: NIL_ID, raylet_id: NIL_ID, num_restarts: 0, death context type=CONTEXT_NOT_SET
[2024-09-05 18:03:17,449 I 20036 11936] actor_manager.cc:214: received notification on actor, state: DEPENDENCIES_UNREADY, actor_id: 5fb4832f46fa3a98ea7c34d501000000, ip address: , port: 0, worker_id: NIL_ID, raylet_id: NIL_ID, num_restarts: 0, death context type=CONTEXT_NOT_SET
[2024-09-05 18:03:17,449 I 20036 11936] actor_manager.cc:214: received notification on actor, state: PENDING_CREATION, actor_id: 5fb4832f46fa3a98ea7c34d501000000, ip address: , port: 0, worker_id: NIL_ID, raylet_id: NIL_ID, num_restarts: 0, death context type=CONTEXT_NOT_SET
[2024-09-05 18:03:28,299 W 20036 19408] metric_exporter.cc:105: [1] Export metrics to agent failed: GrpcUnavailable: RPC Error message: failed to connect to all addresses; last error: UNAVAILABLE: ipv4:127.0.0.1:57540: Connection refused; RPC Error details: . This won't affect Ray, but you can lose metrics from the cluster.
[2024-09-05 18:03:31,946 I 20036 11936] actor_manager.cc:214: received notification on actor, state: ALIVE, actor_id: 5fb4832f46fa3a98ea7c34d501000000, ip address: 127.0.0.1, port: 56052, worker_id: 00e445ee159297865d0cb517d77c24ccc68da0916bfdd7672c9775ef, raylet_id: b77ac263dbe1e2e5e6a35bc25e20e21264a0db33f170f24cb9fc3a11, num_restarts: 0, death context type=CONTEXT_NOT_SET
[2024-09-05 18:03:31,947 I 20036 11936] direct_actor_task_submitter.cc:237: Connecting to actor 5fb4832f46fa3a98ea7c34d501000000 at worker 00e445ee159297865d0cb517d77c24ccc68da0916bfdd7672c9775ef
[2024-09-05 18:03:31,961 I 20036 20028] direct_actor_task_submitter.cc:36: Set max pending calls to -1 for actor f9714b926300af226123066601000000
[2024-09-05 18:03:31,971 I 20036 20028] direct_actor_task_submitter.cc:36: Set max pending calls to -1 for actor 0d26d0141b6ce4f33811390a01000000
[2024-09-05 18:03:31,971 I 20036 11936] actor_manager.cc:214: received notification on actor, state: DEPENDENCIES_UNREADY, actor_id: 0d26d0141b6ce4f33811390a01000000, ip address: , port: 0, worker_id: NIL_ID, raylet_id: NIL_ID, num_restarts: 0, death context type=CONTEXT_NOT_SET
[2024-09-05 18:03:31,971 I 20036 11936] actor_manager.cc:214: received notification on actor, state: DEPENDENCIES_UNREADY, actor_id: 0d26d0141b6ce4f33811390a01000000, ip address: , port: 0, worker_id: NIL_ID, raylet_id: NIL_ID, num_restarts: 0, death context type=CONTEXT_NOT_SET
[2024-09-05 18:03:31,972 I 20036 11936] actor_manager.cc:214: received notification on actor, state: PENDING_CREATION, actor_id: 0d26d0141b6ce4f33811390a01000000, ip address: , port: 0, worker_id: NIL_ID, raylet_id: NIL_ID, num_restarts: 0, death context type=CONTEXT_NOT_SET
[2024-09-05 18:03:32,739 I 20036 11936] actor_manager.cc:214: received notification on actor, state: DEAD, actor_id: 5fb4832f46fa3a98ea7c34d501000000, ip address: 127.0.0.1, port: 56052, worker_id: 00e445ee159297865d0cb517d77c24ccc68da0916bfdd7672c9775ef, raylet_id: b77ac263dbe1e2e5e6a35bc25e20e21264a0db33f170f24cb9fc3a11, num_restarts: 0, death context type=ActorDiedErrorContext
[2024-09-05 18:03:32,739 I 20036 11936] direct_actor_task_submitter.cc:287: Failing pending tasks for actor 5fb4832f46fa3a98ea7c34d501000000 because the actor is already dead.
[2024-09-05 18:03:38,114 I 20036 11936] actor_manager.cc:214: received notification on actor, state: ALIVE, actor_id: 0d26d0141b6ce4f33811390a01000000, ip address: 127.0.0.1, port: 56146, worker_id: 662ae2ea9ac62cc5fce3b16d416fc112a57dbfd4c5012ee55b4f7d0a, raylet_id: b77ac263dbe1e2e5e6a35bc25e20e21264a0db33f170f24cb9fc3a11, num_restarts: 0, death context type=CONTEXT_NOT_SET
[2024-09-05 18:03:38,114 I 20036 11936] direct_actor_task_submitter.cc:237: Connecting to actor 0d26d0141b6ce4f33811390a01000000 at worker 662ae2ea9ac62cc5fce3b16d416fc112a57dbfd4c5012ee55b4f7d0a
[2024-09-05 18:04:17,322 I 20036 11936] core_worker.cc:614: Event stats:


Global stats: 840 total (12 active)
Queueing time: mean = 6.631 ms, max = 14.771 ms, min = 3.237 us, total = 5.570 s
Execution time:  mean = 50.814 ms, total = 42.684 s
Event stats:
	CoreWorker.RecoverObjects - 552 total (1 active), Execution time: mean = 5.474 us, total = 3.022 ms, Queueing time: mean = 8.811 ms, max = 12.072 ms, min = 5.706 ms, total = 4.864 s
	NodeManagerService.grpc_client.ReportWorkerBacklog - 60 total (0 active), Execution time: mean = 359.987 us, total = 21.599 ms, Queueing time: mean = 0.000 s, max = -0.000 s, min = 9223372036.855 s, total = 0.000 s
	NodeManagerService.grpc_client.ReportWorkerBacklog.OnReplyReceived - 60 total (0 active), Execution time: mean = 10.463 us, total = 627.807 us, Queueing time: mean = 24.970 us, max = 77.547 us, min = 4.046 us, total = 1.498 ms
	CoreWorker.InternalHeartbeat - 60 total (1 active), Execution time: mean = 89.174 us, total = 5.350 ms, Queueing time: mean = 8.988 ms, max = 14.771 ms, min = 348.162 us, total = 539.280 ms
	CoreWorker.RecordMetrics - 12 total (1 active), Execution time: mean = 36.765 us, total = 441.176 us, Queueing time: mean = 8.925 ms, max = 14.571 ms, min = 1.626 ms, total = 107.098 ms
	InternalPubSubGcsService.grpc_client.GcsSubscriberPoll - 8 total (1 active), Execution time: mean = 2.601 s, total = 20.805 s, Queueing time: mean = 0.000 s, max = -0.000 s, min = 9223372036.855 s, total = 0.000 s
	InternalPubSubGcsService.grpc_client.GcsSubscriberPoll.OnReplyReceived - 7 total (0 active), Execution time: mean = 100.161 us, total = 701.128 us, Queueing time: mean = 74.683 us, max = 448.757 us, min = 4.946 us, total = 522.783 us
	Subscriber.HandlePublishedMessage_GCS_ACTOR_CHANNEL - 7 total (0 active), Execution time: mean = 161.020 us, total = 1.127 ms, Queueing time: mean = 204.318 us, max = 562.211 us, min = 61.802 us, total = 1.430 ms
	PeriodicalRunner.RunFnPeriodically - 6 total (0 active), Execution time: mean = 119.176 us, total = 715.056 us, Queueing time: mean = 112.308 us, max = 332.693 us, min = 3.802 us, total = 673.851 us
	CoreWorker.GCStreamingGeneratorMetadata - 6 total (1 active), Execution time: mean = 3.352 us, total = 20.109 us, Queueing time: mean = 8.947 ms, max = 14.100 ms, min = 6.437 ms, total = 53.684 ms
	CoreWorkerService.grpc_client.PushTask - 5 total (1 active), Execution time: mean = 152.159 ms, total = 760.793 ms, Queueing time: mean = 0.000 s, max = -0.000 s, min = 9223372036.855 s, total = 0.000 s
	CoreWorkerDirectActorTaskSubmitter::SubmitTask - 4 total (0 active), Execution time: mean = 47.364 us, total = 189.455 us, Queueing time: mean = 11.800 us, max = 29.091 us, min = 4.975 us, total = 47.199 us
	CoreWorkerService.grpc_client.PushTask.OnReplyReceived - 4 total (0 active), Execution time: mean = 54.187 us, total = 216.749 us, Queueing time: mean = 5.742 us, max = 6.727 us, min = 4.887 us, total = 22.968 us
	InternalPubSubGcsService.grpc_client.GcsSubscriberCommandBatch.OnReplyReceived - 3 total (0 active), Execution time: mean = 73.145 us, total = 219.434 us, Queueing time: mean = 22.257 us, max = 57.283 us, min = 4.007 us, total = 66.772 us
	CoreWorkerService.grpc_server.WaitForActorOutOfScope - 3 total (3 active), Execution time: mean = 0.000 s, total = 0.000 s, Queueing time: mean = 0.000 s, max = -0.000 s, min = 9223372036.855 s, total = 0.000 s
	ActorInfoGcsService.grpc_client.RegisterActor - 3 total (0 active), Execution time: mean = 622.785 us, total = 1.868 ms, Queueing time: mean = 0.000 s, max = -0.000 s, min = 9223372036.855 s, total = 0.000 s
	ActorCreator.AsyncRegisterActor - 3 total (0 active), Execution time: mean = 164.992 us, total = 494.975 us, Queueing time: mean = 14.026 us, max = 28.192 us, min = 6.370 us, total = 42.078 us
	ActorInfoGcsService.grpc_client.CreateActor - 3 total (0 active), Execution time: mean = 7.025 s, total = 21.074 s, Queueing time: mean = 0.000 s, max = -0.000 s, min = 9223372036.855 s, total = 0.000 s
	CoreWorkerService.grpc_server.WaitForActorOutOfScope.HandleRequestImpl - 3 total (0 active), Execution time: mean = 9.596 us, total = 28.787 us, Queueing time: mean = 225.923 us, max = 667.246 us, min = 5.262 us, total = 677.770 us
	ActorInfoGcsService.grpc_client.CreateActor.OnReplyReceived - 3 total (0 active), Execution time: mean = 185.264 us, total = 555.791 us, Queueing time: mean = 67.388 us, max = 104.714 us, min = 5.781 us, total = 202.165 us
	ActorInfoGcsService.grpc_client.RegisterActor.OnReplyReceived - 3 total (0 active), Execution time: mean = 151.782 us, total = 455.347 us, Queueing time: mean = 226.895 us, max = 604.836 us, min = 5.205 us, total = 680.684 us
	InternalPubSubGcsService.grpc_client.GcsSubscriberCommandBatch - 3 total (0 active), Execution time: mean = 229.839 us, total = 689.516 us, Queueing time: mean = 0.000 s, max = -0.000 s, min = 9223372036.855 s, total = 0.000 s
	ActorInfoGcsService.grpc_client.GetActorInfo.OnReplyReceived - 2 total (0 active), Execution time: mean = 232.581 us, total = 465.162 us, Queueing time: mean = 18.050 us, max = 31.896 us, min = 4.204 us, total = 36.100 us
	ActorInfoGcsService.grpc_client.GetActorInfo - 2 total (0 active), Execution time: mean = 313.969 us, total = 627.938 us, Queueing time: mean = 0.000 s, max = -0.000 s, min = 9223372036.855 s, total = 0.000 s
	PlacementGroupInfoGcsService.grpc_client.RemovePlacementGroup - 1 total (0 active), Execution time: mean = 884.519 us, total = 884.519 us, Queueing time: mean = 0.000 s, max = -0.000 s, min = 9223372036.855 s, total = 0.000 s
	PlacementGroupInfoGcsService.grpc_client.RemovePlacementGroup.OnReplyReceived - 1 total (0 active), Execution time: mean = 15.031 us, total = 15.031 us, Queueing time: mean = 6.947 us, max = 6.947 us, min = 6.947 us, total = 6.947 us
	NodeInfoGcsService.grpc_client.GetAllNodeInfo - 1 total (0 active), Execution time: mean = 161.844 us, total = 161.844 us, Queueing time: mean = 0.000 s, max = -0.000 s, min = 9223372036.855 s, total = 0.000 s
	NodeManagerService.grpc_client.ReturnWorker.OnReplyReceived - 1 total (0 active), Execution time: mean = 6.029 us, total = 6.029 us, Queueing time: mean = 5.483 us, max = 5.483 us, min = 5.483 us, total = 5.483 us
	CoreWorker.SubmitTask - 1 total (0 active), Execution time: mean = 123.451 us, total = 123.451 us, Queueing time: mean = 33.060 us, max = 33.060 us, min = 33.060 us, total = 33.060 us
	CoreWorkerService.grpc_client.PubsubCommandBatch.OnReplyReceived - 1 total (0 active), Execution time: mean = 8.436 us, total = 8.436 us, Queueing time: mean = 4.360 us, max = 4.360 us, min = 4.360 us, total = 4.360 us
	NodeManagerService.grpc_client.RequestWorkerLease.OnReplyReceived - 1 total (0 active), Execution time: mean = 926.550 us, total = 926.550 us, Queueing time: mean = 34.381 us, max = 34.381 us, min = 34.381 us, total = 34.381 us
	CoreWorkerService.grpc_client.PubsubLongPolling - 1 total (1 active), Execution time: mean = 0.000 s, total = 0.000 s, Queueing time: mean = 0.000 s, max = -0.000 s, min = 9223372036.855 s, total = 0.000 s
	WorkerInfoGcsService.grpc_client.AddWorkerInfo - 1 total (0 active), Execution time: mean = 239.422 us, total = 239.422 us, Queueing time: mean = 0.000 s, max = -0.000 s, min = 9223372036.855 s, total = 0.000 s
	CoreWorker.PrintEventStats - 1 total (1 active, 1 running), Execution time: mean = 0.000 s, total = 0.000 s, Queueing time: mean = 0.000 s, max = -0.000 s, min = 9223372036.855 s, total = 0.000 s
	Publisher.CheckDeadSubscribers - 1 total (1 active), Execution time: mean = 0.000 s, total = 0.000 s, Queueing time: mean = 0.000 s, max = -0.000 s, min = 9223372036.855 s, total = 0.000 s
	NodeManagerService.grpc_client.RequestWorkerLease - 1 total (0 active), Execution time: mean = 287.938 us, total = 287.938 us, Queueing time: mean = 0.000 s, max = -0.000 s, min = 9223372036.855 s, total = 0.000 s
	CoreWorkerService.grpc_client.PubsubCommandBatch - 1 total (0 active), Execution time: mean = 750.167 us, total = 750.167 us, Queueing time: mean = 0.000 s, max = -0.000 s, min = 9223372036.855 s, total = 0.000 s
	NodeManagerService.grpc_client.ReturnWorker - 1 total (0 active), Execution time: mean = 279.490 us, total = 279.490 us, Queueing time: mean = 0.000 s, max = -0.000 s, min = 9223372036.855 s, total = 0.000 s
	PlacementGroupInfoGcsService.grpc_client.CreatePlacementGroup.OnReplyReceived - 1 total (0 active), Execution time: mean = 20.799 us, total = 20.799 us, Queueing time: mean = 51.975 us, max = 51.975 us, min = 51.975 us, total = 51.975 us
	WorkerInfoGcsService.grpc_client.AddWorkerInfo.OnReplyReceived - 1 total (0 active), Execution time: mean = 21.503 us, total = 21.503 us, Queueing time: mean = 5.006 us, max = 5.006 us, min = 5.006 us, total = 5.006 us
	NodeInfoGcsService.grpc_client.GetAllNodeInfo.OnReplyReceived - 1 total (0 active), Execution time: mean = 59.892 us, total = 59.892 us, Queueing time: mean = 3.237 us, max = 3.237 us, min = 3.237 us, total = 3.237 us
	PlacementGroupInfoGcsService.grpc_client.CreatePlacementGroup - 1 total (0 active), Execution time: mean = 400.703 us, total = 400.703 us, Queueing time: mean = 0.000 s, max = -0.000 s, min = 9223372036.855 s, total = 0.000 s

-----------------
Task Event stats:

IO Service Stats:

Global stats: 181 total (1 active)
Queueing time: mean = 2.997 ms, max = 14.837 ms, min = 3.820 us, total = 542.428 ms
Execution time:  mean = 148.007 us, total = 26.789 ms
Event stats:
	CoreWorker.deadline_timer.flush_task_events - 60 total (1 active), Execution time: mean = 96.819 us, total = 5.809 ms, Queueing time: mean = 9.015 ms, max = 14.837 ms, min = 359.235 us, total = 540.926 ms
	TaskInfoGcsService.grpc_client.AddTaskEventData.OnReplyReceived - 60 total (0 active), Execution time: mean = 13.491 us, total = 809.484 us, Queueing time: mean = 24.363 us, max = 67.174 us, min = 3.820 us, total = 1.462 ms
	TaskInfoGcsService.grpc_client.AddTaskEventData - 60 total (0 active), Execution time: mean = 334.693 us, total = 20.082 ms, Queueing time: mean = 0.000 s, max = -0.000 s, min = 9223372036.855 s, total = 0.000 s
	PeriodicalRunner.RunFnPeriodically - 1 total (0 active), Execution time: mean = 89.072 us, total = 89.072 us, Queueing time: mean = 40.029 us, max = 40.029 us, min = 40.029 us, total = 40.029 us
Other Stats:
	grpc_in_progress:0
	current number of task status events in buffer: 0
	current number of profile events in buffer: 0
	current number of dropped task attempts tracked: 0
	total task events sent: 0.00296307 MiB
	total number of task attempts sent: 15
	total number of task attempts dropped reported: 0
	total number of sent failure: 0
	num status task events dropped: 0
	num profile task events dropped: 0


[2024-09-05 18:05:17,330 I 20036 11936] core_worker.cc:614: Event stats:


Global stats: 1591 total (12 active)
Queueing time: mean = 6.743 ms, max = 15.485 ms, min = -0.000 s, total = 10.728 s
Execution time:  mean = 26.851 ms, total = 42.720 s
Event stats:
	CoreWorker.RecoverObjects - 1107 total (1 active), Execution time: mean = 5.094 us, total = 5.639 ms, Queueing time: mean = 8.451 ms, max = 12.072 ms, min = 4.695 ms, total = 9.355 s
	NodeManagerService.grpc_client.ReportWorkerBacklog - 119 total (0 active), Execution time: mean = 403.123 us, total = 47.972 ms, Queueing time: mean = 0.000 s, max = -0.000 s, min = 9223372036.855 s, total = 0.000 s
	NodeManagerService.grpc_client.ReportWorkerBacklog.OnReplyReceived - 119 total (0 active), Execution time: mean = 11.006 us, total = 1.310 ms, Queueing time: mean = 28.463 us, max = 77.547 us, min = 4.046 us, total = 3.387 ms
	CoreWorker.InternalHeartbeat - 119 total (1 active), Execution time: mean = 95.149 us, total = 11.323 ms, Queueing time: mean = 8.780 ms, max = 15.485 ms, min = -0.000 s, total = 1.045 s
	CoreWorker.RecordMetrics - 24 total (1 active), Execution time: mean = 25.501 us, total = 612.028 us, Queueing time: mean = 8.442 ms, max = 14.571 ms, min = 1.626 ms, total = 202.617 ms
	CoreWorker.GCStreamingGeneratorMetadata - 12 total (1 active), Execution time: mean = 3.425 us, total = 41.094 us, Queueing time: mean = 8.753 ms, max = 14.436 ms, min = 3.552 ms, total = 105.040 ms
	InternalPubSubGcsService.grpc_client.GcsSubscriberPoll - 8 total (1 active), Execution time: mean = 2.601 s, total = 20.805 s, Queueing time: mean = 0.000 s, max = -0.000 s, min = 9223372036.855 s, total = 0.000 s
	InternalPubSubGcsService.grpc_client.GcsSubscriberPoll.OnReplyReceived - 7 total (0 active), Execution time: mean = 100.161 us, total = 701.128 us, Queueing time: mean = 74.683 us, max = 448.757 us, min = 4.946 us, total = 522.783 us
	Subscriber.HandlePublishedMessage_GCS_ACTOR_CHANNEL - 7 total (0 active), Execution time: mean = 161.020 us, total = 1.127 ms, Queueing time: mean = 204.318 us, max = 562.211 us, min = 61.802 us, total = 1.430 ms
	PeriodicalRunner.RunFnPeriodically - 6 total (0 active), Execution time: mean = 119.176 us, total = 715.056 us, Queueing time: mean = 112.308 us, max = 332.693 us, min = 3.802 us, total = 673.851 us
	CoreWorkerService.grpc_client.PushTask - 5 total (1 active), Execution time: mean = 152.159 ms, total = 760.793 ms, Queueing time: mean = 0.000 s, max = -0.000 s, min = 9223372036.855 s, total = 0.000 s
	CoreWorkerDirectActorTaskSubmitter::SubmitTask - 4 total (0 active), Execution time: mean = 47.364 us, total = 189.455 us, Queueing time: mean = 11.800 us, max = 29.091 us, min = 4.975 us, total = 47.199 us
	CoreWorkerService.grpc_client.PushTask.OnReplyReceived - 4 total (0 active), Execution time: mean = 54.187 us, total = 216.749 us, Queueing time: mean = 5.742 us, max = 6.727 us, min = 4.887 us, total = 22.968 us
	InternalPubSubGcsService.grpc_client.GcsSubscriberCommandBatch.OnReplyReceived - 3 total (0 active), Execution time: mean = 73.145 us, total = 219.434 us, Queueing time: mean = 22.257 us, max = 57.283 us, min = 4.007 us, total = 66.772 us
	CoreWorkerService.grpc_server.WaitForActorOutOfScope - 3 total (3 active), Execution time: mean = 0.000 s, total = 0.000 s, Queueing time: mean = 0.000 s, max = -0.000 s, min = 9223372036.855 s, total = 0.000 s
	ActorInfoGcsService.grpc_client.RegisterActor - 3 total (0 active), Execution time: mean = 622.785 us, total = 1.868 ms, Queueing time: mean = 0.000 s, max = -0.000 s, min = 9223372036.855 s, total = 0.000 s
	ActorCreator.AsyncRegisterActor - 3 total (0 active), Execution time: mean = 164.992 us, total = 494.975 us, Queueing time: mean = 14.026 us, max = 28.192 us, min = 6.370 us, total = 42.078 us
	ActorInfoGcsService.grpc_client.CreateActor - 3 total (0 active), Execution time: mean = 7.025 s, total = 21.074 s, Queueing time: mean = 0.000 s, max = -0.000 s, min = 9223372036.855 s, total = 0.000 s
	CoreWorkerService.grpc_server.WaitForActorOutOfScope.HandleRequestImpl - 3 total (0 active), Execution time: mean = 9.596 us, total = 28.787 us, Queueing time: mean = 225.923 us, max = 667.246 us, min = 5.262 us, total = 677.770 us
	ActorInfoGcsService.grpc_client.CreateActor.OnReplyReceived - 3 total (0 active), Execution time: mean = 185.264 us, total = 555.791 us, Queueing time: mean = 67.388 us, max = 104.714 us, min = 5.781 us, total = 202.165 us
	ActorInfoGcsService.grpc_client.RegisterActor.OnReplyReceived - 3 total (0 active), Execution time: mean = 151.782 us, total = 455.347 us, Queueing time: mean = 226.895 us, max = 604.836 us, min = 5.205 us, total = 680.684 us
	InternalPubSubGcsService.grpc_client.GcsSubscriberCommandBatch - 3 total (0 active), Execution time: mean = 229.839 us, total = 689.516 us, Queueing time: mean = 0.000 s, max = -0.000 s, min = 9223372036.855 s, total = 0.000 s
	ActorInfoGcsService.grpc_client.GetActorInfo.OnReplyReceived - 2 total (0 active), Execution time: mean = 232.581 us, total = 465.162 us, Queueing time: mean = 18.050 us, max = 31.896 us, min = 4.204 us, total = 36.100 us
	CoreWorker.PrintEventStats - 2 total (1 active, 1 running), Execution time: mean = 256.704 us, total = 513.409 us, Queueing time: mean = 6.205 ms, max = 12.410 ms, min = 12.410 ms, total = 12.410 ms
	ActorInfoGcsService.grpc_client.GetActorInfo - 2 total (0 active), Execution time: mean = 313.969 us, total = 627.938 us, Queueing time: mean = 0.000 s, max = -0.000 s, min = 9223372036.855 s, total = 0.000 s
	PlacementGroupInfoGcsService.grpc_client.RemovePlacementGroup.OnReplyReceived - 1 total (0 active), Execution time: mean = 15.031 us, total = 15.031 us, Queueing time: mean = 6.947 us, max = 6.947 us, min = 6.947 us, total = 6.947 us
	NodeInfoGcsService.grpc_client.GetAllNodeInfo - 1 total (0 active), Execution time: mean = 161.844 us, total = 161.844 us, Queueing time: mean = 0.000 s, max = -0.000 s, min = 9223372036.855 s, total = 0.000 s
	NodeManagerService.grpc_client.ReturnWorker.OnReplyReceived - 1 total (0 active), Execution time: mean = 6.029 us, total = 6.029 us, Queueing time: mean = 5.483 us, max = 5.483 us, min = 5.483 us, total = 5.483 us
	CoreWorker.SubmitTask - 1 total (0 active), Execution time: mean = 123.451 us, total = 123.451 us, Queueing time: mean = 33.060 us, max = 33.060 us, min = 33.060 us, total = 33.060 us
	CoreWorkerService.grpc_client.PubsubCommandBatch.OnReplyReceived - 1 total (0 active), Execution time: mean = 8.436 us, total = 8.436 us, Queueing time: mean = 4.360 us, max = 4.360 us, min = 4.360 us, total = 4.360 us
	NodeManagerService.grpc_client.RequestWorkerLease.OnReplyReceived - 1 total (0 active), Execution time: mean = 926.550 us, total = 926.550 us, Queueing time: mean = 34.381 us, max = 34.381 us, min = 34.381 us, total = 34.381 us
	CoreWorkerService.grpc_client.PubsubLongPolling - 1 total (1 active), Execution time: mean = 0.000 s, total = 0.000 s, Queueing time: mean = 0.000 s, max = -0.000 s, min = 9223372036.855 s, total = 0.000 s
	WorkerInfoGcsService.grpc_client.AddWorkerInfo - 1 total (0 active), Execution time: mean = 239.422 us, total = 239.422 us, Queueing time: mean = 0.000 s, max = -0.000 s, min = 9223372036.855 s, total = 0.000 s
	Publisher.CheckDeadSubscribers - 1 total (1 active), Execution time: mean = 0.000 s, total = 0.000 s, Queueing time: mean = 0.000 s, max = -0.000 s, min = 9223372036.855 s, total = 0.000 s
	NodeManagerService.grpc_client.RequestWorkerLease - 1 total (0 active), Execution time: mean = 287.938 us, total = 287.938 us, Queueing time: mean = 0.000 s, max = -0.000 s, min = 9223372036.855 s, total = 0.000 s
	NodeManagerService.grpc_client.ReturnWorker - 1 total (0 active), Execution time: mean = 279.490 us, total = 279.490 us, Queueing time: mean = 0.000 s, max = -0.000 s, min = 9223372036.855 s, total = 0.000 s
	CoreWorkerService.grpc_client.PubsubCommandBatch - 1 total (0 active), Execution time: mean = 750.167 us, total = 750.167 us, Queueing time: mean = 0.000 s, max = -0.000 s, min = 9223372036.855 s, total = 0.000 s
	NodeInfoGcsService.grpc_client.GetAllNodeInfo.OnReplyReceived - 1 total (0 active), Execution time: mean = 59.892 us, total = 59.892 us, Queueing time: mean = 3.237 us, max = 3.237 us, min = 3.237 us, total = 3.237 us
	PlacementGroupInfoGcsService.grpc_client.CreatePlacementGroup.OnReplyReceived - 1 total (0 active), Execution time: mean = 20.799 us, total = 20.799 us, Queueing time: mean = 51.975 us, max = 51.975 us, min = 51.975 us, total = 51.975 us
	WorkerInfoGcsService.grpc_client.AddWorkerInfo.OnReplyReceived - 1 total (0 active), Execution time: mean = 21.503 us, total = 21.503 us, Queueing time: mean = 5.006 us, max = 5.006 us, min = 5.006 us, total = 5.006 us
	PlacementGroupInfoGcsService.grpc_client.RemovePlacementGroup - 1 total (0 active), Execution time: mean = 884.519 us, total = 884.519 us, Queueing time: mean = 0.000 s, max = -0.000 s, min = 9223372036.855 s, total = 0.000 s
	PlacementGroupInfoGcsService.grpc_client.CreatePlacementGroup - 1 total (0 active), Execution time: mean = 400.703 us, total = 400.703 us, Queueing time: mean = 0.000 s, max = -0.000 s, min = 9223372036.855 s, total = 0.000 s

-----------------
Task Event stats:

IO Service Stats:

Global stats: 358 total (1 active)
Queueing time: mean = 2.932 ms, max = 15.473 ms, min = 3.567 us, total = 1.050 s
Execution time:  mean = 163.728 us, total = 58.615 ms
Event stats:
	CoreWorker.deadline_timer.flush_task_events - 119 total (1 active), Execution time: mean = 97.840 us, total = 11.643 ms, Queueing time: mean = 8.796 ms, max = 15.473 ms, min = 25.687 us, total = 1.047 s
	TaskInfoGcsService.grpc_client.AddTaskEventData.OnReplyReceived - 119 total (0 active), Execution time: mean = 13.485 us, total = 1.605 ms, Queueing time: mean = 25.101 us, max = 71.519 us, min = 3.567 us, total = 2.987 ms
	TaskInfoGcsService.grpc_client.AddTaskEventData - 119 total (0 active), Execution time: mean = 380.487 us, total = 45.278 ms, Queueing time: mean = 0.000 s, max = -0.000 s, min = 9223372036.855 s, total = 0.000 s
	PeriodicalRunner.RunFnPeriodically - 1 total (0 active), Execution time: mean = 89.072 us, total = 89.072 us, Queueing time: mean = 40.029 us, max = 40.029 us, min = 40.029 us, total = 40.029 us
Other Stats:
	grpc_in_progress:0
	current number of task status events in buffer: 0
	current number of profile events in buffer: 0
	current number of dropped task attempts tracked: 0
	total task events sent: 0.00296307 MiB
	total number of task attempts sent: 15
	total number of task attempts dropped reported: 0
	total number of sent failure: 0
	num status task events dropped: 0
	num profile task events dropped: 0


