[2024-09-05 18:03:17,177 I 12052 12068] core_worker_process.cc:107: Constructing CoreWorkerProcess. pid: 12052
[2024-09-05 18:03:17,180 I 12052 12068] io_service_pool.cc:35: IOServicePool is running with 1 io_service.
[2024-09-05 18:03:17,182 I 12052 12068] grpc_server.cc:129: worker server started, listening on port 55985.
[2024-09-05 18:03:17,188 I 12052 12068] core_worker.cc:252: Initializing worker at address: 127.0.0.1:55985, worker ID a4d98eb18c3d64f702eff6cfbc59289f496b69d8e5cc06065fb3596e, raylet b77ac263dbe1e2e5e6a35bc25e20e21264a0db33f170f24cb9fc3a11
[2024-09-05 18:03:17,189 I 12052 12068] task_event_buffer.cc:177: Reporting task events to GCS every 1000ms.
[2024-09-05 18:03:17,190 I 12052 16948] accessor.cc:627: Received notification for node id = b77ac263dbe1e2e5e6a35bc25e20e21264a0db33f170f24cb9fc3a11, IsAlive = 1
[2024-09-05 18:03:17,190 I 12052 16948] core_worker.cc:4552: Number of alive nodes:1
[2024-09-05 18:03:17,190 I 12052 16948] core_worker.cc:614: Event stats:


Global stats: 12 total (4 active)
Queueing time: mean = 9.092 us, max = 87.200 us, min = 4.400 us, total = 109.100 us
Execution time:  mean = 90.167 us, total = 1.082 ms
Event stats:
	PeriodicalRunner.RunFnPeriodically - 3 total (1 active, 1 running), Execution time: mean = 10.900 us, total = 32.700 us, Queueing time: mean = 31.300 us, max = 87.200 us, min = 6.700 us, total = 93.900 us
	NodeInfoGcsService.grpc_client.GetAllNodeInfo - 1 total (0 active), Execution time: mean = 246.100 us, total = 246.100 us, Queueing time: mean = 0.000 s, max = -0.000 s, min = 9223372036.855 s, total = 0.000 s
	InternalPubSubGcsService.grpc_client.GcsSubscriberPoll - 1 total (1 active), Execution time: mean = 0.000 s, total = 0.000 s, Queueing time: mean = 0.000 s, max = -0.000 s, min = 9223372036.855 s, total = 0.000 s
	WorkerInfoGcsService.grpc_client.AddWorkerInfo - 1 total (0 active), Execution time: mean = 329.100 us, total = 329.100 us, Queueing time: mean = 0.000 s, max = -0.000 s, min = 9223372036.855 s, total = 0.000 s
	InternalPubSubGcsService.grpc_client.GcsSubscriberCommandBatch.OnReplyReceived - 1 total (0 active), Execution time: mean = 133.300 us, total = 133.300 us, Queueing time: mean = 4.600 us, max = 4.600 us, min = 4.600 us, total = 4.600 us
	NodeInfoGcsService.grpc_client.GetAllNodeInfo.OnReplyReceived - 1 total (0 active), Execution time: mean = 68.300 us, total = 68.300 us, Queueing time: mean = 4.400 us, max = 4.400 us, min = 4.400 us, total = 4.400 us
	CoreWorker.ExitIfParentRayletDies - 1 total (1 active), Execution time: mean = 0.000 s, total = 0.000 s, Queueing time: mean = 0.000 s, max = -0.000 s, min = 9223372036.855 s, total = 0.000 s
	WorkerInfoGcsService.grpc_client.AddWorkerInfo.OnReplyReceived - 1 total (0 active), Execution time: mean = 41.900 us, total = 41.900 us, Queueing time: mean = 6.200 us, max = 6.200 us, min = 6.200 us, total = 6.200 us
	InternalPubSubGcsService.grpc_client.GcsSubscriberCommandBatch - 1 total (0 active), Execution time: mean = 230.600 us, total = 230.600 us, Queueing time: mean = 0.000 s, max = -0.000 s, min = 9223372036.855 s, total = 0.000 s
	Publisher.CheckDeadSubscribers - 1 total (1 active), Execution time: mean = 0.000 s, total = 0.000 s, Queueing time: mean = 0.000 s, max = -0.000 s, min = 9223372036.855 s, total = 0.000 s

-----------------
Task Event stats:

IO Service Stats:

Global stats: 4 total (1 active)
Queueing time: mean = 2.350 us, max = 5.400 us, min = 4.000 us, total = 9.400 us
Execution time:  mean = 81.775 us, total = 327.100 us
Event stats:
	CoreWorker.deadline_timer.flush_task_events - 1 total (1 active), Execution time: mean = 0.000 s, total = 0.000 s, Queueing time: mean = 0.000 s, max = -0.000 s, min = 9223372036.855 s, total = 0.000 s
	TaskInfoGcsService.grpc_client.AddTaskEventData.OnReplyReceived - 1 total (0 active), Execution time: mean = 18.300 us, total = 18.300 us, Queueing time: mean = 5.400 us, max = 5.400 us, min = 5.400 us, total = 5.400 us
	TaskInfoGcsService.grpc_client.AddTaskEventData - 1 total (0 active), Execution time: mean = 213.600 us, total = 213.600 us, Queueing time: mean = 0.000 s, max = -0.000 s, min = 9223372036.855 s, total = 0.000 s
	PeriodicalRunner.RunFnPeriodically - 1 total (0 active), Execution time: mean = 95.200 us, total = 95.200 us, Queueing time: mean = 4.000 us, max = 4.000 us, min = 4.000 us, total = 4.000 us
Other Stats:
	grpc_in_progress:0
	current number of task status events in buffer: 0
	current number of profile events in buffer: 0
	current number of dropped task attempts tracked: 0
	total task events sent: 0 MiB
	total number of task attempts sent: 0
	total number of task attempts dropped reported: 0
	total number of sent failure: 0
	num status task events dropped: 0
	num profile task events dropped: 0


[2024-09-05 18:03:17,192 I 12052 12068] event.cc:234: Set ray event level to warning
[2024-09-05 18:03:17,192 I 12052 12068] event.cc:342: Ray Event initialized for CORE_WORKER
[2024-09-05 18:03:29,212 W 12052 16020] metric_exporter.cc:105: [1] Export metrics to agent failed: GrpcUnavailable: RPC Error message: failed to connect to all addresses; last error: UNAVAILABLE: ipv4:127.0.0.1:57540: Connection refused; RPC Error details: . This won't affect Ray, but you can lose metrics from the cluster.
[2024-09-05 18:04:17,199 I 12052 16948] core_worker.cc:614: Event stats:


Global stats: 826 total (8 active)
Queueing time: mean = 7.304 ms, max = 15.194 ms, min = 3.595 us, total = 6.033 s
Execution time:  mean = 40.052 us, total = 33.083 ms
Event stats:
	CoreWorker.RecoverObjects - 552 total (1 active), Execution time: mean = 4.194 us, total = 2.315 ms, Queueing time: mean = 8.803 ms, max = 11.911 ms, min = 5.580 ms, total = 4.859 s
	NodeManagerService.grpc_client.ReportWorkerBacklog - 60 total (0 active), Execution time: mean = 378.516 us, total = 22.711 ms, Queueing time: mean = 0.000 s, max = -0.000 s, min = 9223372036.855 s, total = 0.000 s
	NodeManagerService.grpc_client.ReportWorkerBacklog.OnReplyReceived - 60 total (0 active), Execution time: mean = 10.875 us, total = 652.483 us, Queueing time: mean = 18.743 us, max = 78.951 us, min = 3.595 us, total = 1.125 ms
	CoreWorker.InternalHeartbeat - 60 total (1 active), Execution time: mean = 77.822 us, total = 4.669 ms, Queueing time: mean = 8.376 ms, max = 15.146 ms, min = 43.890 us, total = 502.550 ms
	CoreWorker.ExitIfParentRayletDies - 60 total (1 active), Execution time: mean = 11.013 us, total = 660.790 us, Queueing time: mean = 8.624 ms, max = 15.194 ms, min = 99.400 us, total = 517.443 ms
	CoreWorker.RecordMetrics - 12 total (1 active), Execution time: mean = 14.362 us, total = 172.345 us, Queueing time: mean = 8.481 ms, max = 13.918 ms, min = 750.018 us, total = 101.766 ms
	PeriodicalRunner.RunFnPeriodically - 7 total (0 active), Execution time: mean = 119.543 us, total = 836.800 us, Queueing time: mean = 154.629 us, max = 494.900 us, min = 5.200 us, total = 1.082 ms
	CoreWorker.GCStreamingGeneratorMetadata - 6 total (1 active), Execution time: mean = 2.606 us, total = 15.635 us, Queueing time: mean = 8.359 ms, max = 14.652 ms, min = 4.855 ms, total = 50.153 ms
	NodeInfoGcsService.grpc_client.GetAllNodeInfo.OnReplyReceived - 1 total (0 active), Execution time: mean = 68.300 us, total = 68.300 us, Queueing time: mean = 4.400 us, max = 4.400 us, min = 4.400 us, total = 4.400 us
	InternalPubSubGcsService.grpc_client.GcsSubscriberPoll - 1 total (1 active), Execution time: mean = 0.000 s, total = 0.000 s, Queueing time: mean = 0.000 s, max = -0.000 s, min = 9223372036.855 s, total = 0.000 s
	InternalPubSubGcsService.grpc_client.GcsSubscriberCommandBatch - 1 total (0 active), Execution time: mean = 230.600 us, total = 230.600 us, Queueing time: mean = 0.000 s, max = -0.000 s, min = 9223372036.855 s, total = 0.000 s
	WorkerInfoGcsService.grpc_client.AddWorkerInfo.OnReplyReceived - 1 total (0 active), Execution time: mean = 41.900 us, total = 41.900 us, Queueing time: mean = 6.200 us, max = 6.200 us, min = 6.200 us, total = 6.200 us
	Publisher.CheckDeadSubscribers - 1 total (1 active), Execution time: mean = 0.000 s, total = 0.000 s, Queueing time: mean = 0.000 s, max = -0.000 s, min = 9223372036.855 s, total = 0.000 s
	WorkerInfoGcsService.grpc_client.AddWorkerInfo - 1 total (0 active), Execution time: mean = 329.100 us, total = 329.100 us, Queueing time: mean = 0.000 s, max = -0.000 s, min = 9223372036.855 s, total = 0.000 s
	InternalPubSubGcsService.grpc_client.GcsSubscriberCommandBatch.OnReplyReceived - 1 total (0 active), Execution time: mean = 133.300 us, total = 133.300 us, Queueing time: mean = 4.600 us, max = 4.600 us, min = 4.600 us, total = 4.600 us
	CoreWorker.PrintEventStats - 1 total (1 active, 1 running), Execution time: mean = 0.000 s, total = 0.000 s, Queueing time: mean = 0.000 s, max = -0.000 s, min = 9223372036.855 s, total = 0.000 s
	NodeInfoGcsService.grpc_client.GetAllNodeInfo - 1 total (0 active), Execution time: mean = 246.100 us, total = 246.100 us, Queueing time: mean = 0.000 s, max = -0.000 s, min = 9223372036.855 s, total = 0.000 s

-----------------
Task Event stats:

IO Service Stats:

Global stats: 181 total (1 active)
Queueing time: mean = 2.788 ms, max = 15.128 ms, min = 4.000 us, total = 504.634 ms
Execution time:  mean = 164.952 us, total = 29.856 ms
Event stats:
	CoreWorker.deadline_timer.flush_task_events - 60 total (1 active), Execution time: mean = 105.632 us, total = 6.338 ms, Queueing time: mean = 8.393 ms, max = 15.128 ms, min = 18.130 us, total = 503.565 ms
	TaskInfoGcsService.grpc_client.AddTaskEventData.OnReplyReceived - 60 total (0 active), Execution time: mean = 12.062 us, total = 723.713 us, Queueing time: mean = 17.737 us, max = 65.469 us, min = 4.136 us, total = 1.064 ms
	TaskInfoGcsService.grpc_client.AddTaskEventData - 60 total (0 active), Execution time: mean = 378.324 us, total = 22.699 ms, Queueing time: mean = 0.000 s, max = -0.000 s, min = 9223372036.855 s, total = 0.000 s
	PeriodicalRunner.RunFnPeriodically - 1 total (0 active), Execution time: mean = 95.200 us, total = 95.200 us, Queueing time: mean = 4.000 us, max = 4.000 us, min = 4.000 us, total = 4.000 us
Other Stats:
	grpc_in_progress:0
	current number of task status events in buffer: 0
	current number of profile events in buffer: 0
	current number of dropped task attempts tracked: 0
	total task events sent: 0 MiB
	total number of task attempts sent: 0
	total number of task attempts dropped reported: 0
	total number of sent failure: 0
	num status task events dropped: 0
	num profile task events dropped: 0


[2024-09-05 18:05:17,205 I 12052 16948] core_worker.cc:614: Event stats:


Global stats: 1640 total (8 active)
Queueing time: mean = 7.069 ms, max = 15.194 ms, min = -0.000 s, total = 11.593 s
Execution time:  mean = 40.286 us, total = 66.069 ms
Event stats:
	CoreWorker.RecoverObjects - 1107 total (1 active), Execution time: mean = 4.037 us, total = 4.469 ms, Queueing time: mean = 8.446 ms, max = 12.064 ms, min = 4.702 ms, total = 9.350 s
	NodeManagerService.grpc_client.ReportWorkerBacklog - 120 total (0 active), Execution time: mean = 386.912 us, total = 46.429 ms, Queueing time: mean = 0.000 s, max = -0.000 s, min = 9223372036.855 s, total = 0.000 s
	NodeManagerService.grpc_client.ReportWorkerBacklog.OnReplyReceived - 120 total (0 active), Execution time: mean = 10.671 us, total = 1.281 ms, Queueing time: mean = 16.559 us, max = 78.951 us, min = 3.098 us, total = 1.987 ms
	CoreWorker.InternalHeartbeat - 120 total (1 active), Execution time: mean = 82.756 us, total = 9.931 ms, Queueing time: mean = 7.973 ms, max = 15.146 ms, min = -0.000 s, total = 956.807 ms
	CoreWorker.ExitIfParentRayletDies - 120 total (1 active), Execution time: mean = 9.866 us, total = 1.184 ms, Queueing time: mean = 8.138 ms, max = 15.194 ms, min = 39.644 us, total = 976.512 ms
	CoreWorker.RecordMetrics - 24 total (1 active), Execution time: mean = 14.078 us, total = 337.878 us, Queueing time: mean = 8.192 ms, max = 13.918 ms, min = 750.018 us, total = 196.602 ms
	CoreWorker.GCStreamingGeneratorMetadata - 12 total (1 active), Execution time: mean = 2.677 us, total = 32.124 us, Queueing time: mean = 8.491 ms, max = 14.652 ms, min = 2.184 ms, total = 101.893 ms
	PeriodicalRunner.RunFnPeriodically - 7 total (0 active), Execution time: mean = 119.543 us, total = 836.800 us, Queueing time: mean = 154.629 us, max = 494.900 us, min = 5.200 us, total = 1.082 ms
	CoreWorker.PrintEventStats - 2 total (1 active, 1 running), Execution time: mean = 259.678 us, total = 519.357 us, Queueing time: mean = 4.102 ms, max = 8.204 ms, min = 8.204 ms, total = 8.204 ms
	NodeInfoGcsService.grpc_client.GetAllNodeInfo.OnReplyReceived - 1 total (0 active), Execution time: mean = 68.300 us, total = 68.300 us, Queueing time: mean = 4.400 us, max = 4.400 us, min = 4.400 us, total = 4.400 us
	InternalPubSubGcsService.grpc_client.GcsSubscriberPoll - 1 total (1 active), Execution time: mean = 0.000 s, total = 0.000 s, Queueing time: mean = 0.000 s, max = -0.000 s, min = 9223372036.855 s, total = 0.000 s
	InternalPubSubGcsService.grpc_client.GcsSubscriberCommandBatch - 1 total (0 active), Execution time: mean = 230.600 us, total = 230.600 us, Queueing time: mean = 0.000 s, max = -0.000 s, min = 9223372036.855 s, total = 0.000 s
	WorkerInfoGcsService.grpc_client.AddWorkerInfo.OnReplyReceived - 1 total (0 active), Execution time: mean = 41.900 us, total = 41.900 us, Queueing time: mean = 6.200 us, max = 6.200 us, min = 6.200 us, total = 6.200 us
	Publisher.CheckDeadSubscribers - 1 total (1 active), Execution time: mean = 0.000 s, total = 0.000 s, Queueing time: mean = 0.000 s, max = -0.000 s, min = 9223372036.855 s, total = 0.000 s
	WorkerInfoGcsService.grpc_client.AddWorkerInfo - 1 total (0 active), Execution time: mean = 329.100 us, total = 329.100 us, Queueing time: mean = 0.000 s, max = -0.000 s, min = 9223372036.855 s, total = 0.000 s
	InternalPubSubGcsService.grpc_client.GcsSubscriberCommandBatch.OnReplyReceived - 1 total (0 active), Execution time: mean = 133.300 us, total = 133.300 us, Queueing time: mean = 4.600 us, max = 4.600 us, min = 4.600 us, total = 4.600 us
	NodeInfoGcsService.grpc_client.GetAllNodeInfo - 1 total (0 active), Execution time: mean = 246.100 us, total = 246.100 us, Queueing time: mean = 0.000 s, max = -0.000 s, min = 9223372036.855 s, total = 0.000 s

-----------------
Task Event stats:

IO Service Stats:

Global stats: 361 total (1 active)
Queueing time: mean = 2.655 ms, max = 15.128 ms, min = -0.000 s, total = 958.323 ms
Execution time:  mean = 170.051 us, total = 61.388 ms
Event stats:
	CoreWorker.deadline_timer.flush_task_events - 120 total (1 active), Execution time: mean = 109.151 us, total = 13.098 ms, Queueing time: mean = 7.969 ms, max = 15.128 ms, min = -0.000 s, total = 956.305 ms
	TaskInfoGcsService.grpc_client.AddTaskEventData.OnReplyReceived - 120 total (0 active), Execution time: mean = 12.948 us, total = 1.554 ms, Queueing time: mean = 16.782 us, max = 80.579 us, min = 3.482 us, total = 2.014 ms
	TaskInfoGcsService.grpc_client.AddTaskEventData - 120 total (0 active), Execution time: mean = 388.677 us, total = 46.641 ms, Queueing time: mean = 0.000 s, max = -0.000 s, min = 9223372036.855 s, total = 0.000 s
	PeriodicalRunner.RunFnPeriodically - 1 total (0 active), Execution time: mean = 95.200 us, total = 95.200 us, Queueing time: mean = 4.000 us, max = 4.000 us, min = 4.000 us, total = 4.000 us
Other Stats:
	grpc_in_progress:0
	current number of task status events in buffer: 0
	current number of profile events in buffer: 0
	current number of dropped task attempts tracked: 0
	total task events sent: 0 MiB
	total number of task attempts sent: 0
	total number of task attempts dropped reported: 0
	total number of sent failure: 0
	num status task events dropped: 0
	num profile task events dropped: 0


