[2024-09-05 18:03:17,139 I 3060 20276] core_worker_process.cc:107: Constructing CoreWorkerProcess. pid: 3060
[2024-09-05 18:03:17,143 I 3060 20276] io_service_pool.cc:35: IOServicePool is running with 1 io_service.
[2024-09-05 18:03:17,146 I 3060 20276] grpc_server.cc:129: worker server started, listening on port 55959.
[2024-09-05 18:03:17,151 I 3060 20276] core_worker.cc:252: Initializing worker at address: 127.0.0.1:55959, worker ID 3f7520023f359ffa1b66eafca34f99d1bbe24076c39b33ccf6de6310, raylet b77ac263dbe1e2e5e6a35bc25e20e21264a0db33f170f24cb9fc3a11
[2024-09-05 18:03:17,153 I 3060 20276] task_event_buffer.cc:177: Reporting task events to GCS every 1000ms.
[2024-09-05 18:03:17,155 I 3060 20644] core_worker.cc:614: Event stats:


Global stats: 11 total (5 active)
Queueing time: mean = 557.709 us, max = 2.801 ms, min = 525.200 us, total = 6.135 ms
Execution time:  mean = 196.982 us, total = 2.167 ms
Event stats:
	PeriodicalRunner.RunFnPeriodically - 3 total (1 active, 1 running), Execution time: mean = 18.467 us, total = 55.400 us, Queueing time: mean = 1.381 ms, max = 2.801 ms, min = 1.341 ms, total = 4.141 ms
	InternalPubSubGcsService.grpc_client.GcsSubscriberCommandBatch - 1 total (0 active), Execution time: mean = 785.000 us, total = 785.000 us, Queueing time: mean = 0.000 s, max = -0.000 s, min = 9223372036.855 s, total = 0.000 s
	NodeInfoGcsService.grpc_client.GetAllNodeInfo - 1 total (1 active), Execution time: mean = 0.000 s, total = 0.000 s, Queueing time: mean = 0.000 s, max = -0.000 s, min = 9223372036.855 s, total = 0.000 s
	CoreWorker.ExitIfParentRayletDies - 1 total (1 active), Execution time: mean = 0.000 s, total = 0.000 s, Queueing time: mean = 0.000 s, max = -0.000 s, min = 9223372036.855 s, total = 0.000 s
	WorkerInfoGcsService.grpc_client.AddWorkerInfo.OnReplyReceived - 1 total (0 active), Execution time: mean = 244.000 us, total = 244.000 us, Queueing time: mean = 1.468 ms, max = 1.468 ms, min = 1.468 ms, total = 1.468 ms
	Publisher.CheckDeadSubscribers - 1 total (1 active), Execution time: mean = 0.000 s, total = 0.000 s, Queueing time: mean = 0.000 s, max = -0.000 s, min = 9223372036.855 s, total = 0.000 s
	InternalPubSubGcsService.grpc_client.GcsSubscriberCommandBatch.OnReplyReceived - 1 total (0 active), Execution time: mean = 192.300 us, total = 192.300 us, Queueing time: mean = 525.200 us, max = 525.200 us, min = 525.200 us, total = 525.200 us
	WorkerInfoGcsService.grpc_client.AddWorkerInfo - 1 total (0 active), Execution time: mean = 890.100 us, total = 890.100 us, Queueing time: mean = 0.000 s, max = -0.000 s, min = 9223372036.855 s, total = 0.000 s
	InternalPubSubGcsService.grpc_client.GcsSubscriberPoll - 1 total (1 active), Execution time: mean = 0.000 s, total = 0.000 s, Queueing time: mean = 0.000 s, max = -0.000 s, min = 9223372036.855 s, total = 0.000 s

-----------------
Task Event stats:

IO Service Stats:

Global stats: 4 total (1 active)
Queueing time: mean = 134.150 us, max = 525.700 us, min = 10.900 us, total = 536.600 us
Execution time:  mean = 164.725 us, total = 658.900 us
Event stats:
	TaskInfoGcsService.grpc_client.AddTaskEventData - 1 total (0 active), Execution time: mean = 487.800 us, total = 487.800 us, Queueing time: mean = 0.000 s, max = -0.000 s, min = 9223372036.855 s, total = 0.000 s
	TaskInfoGcsService.grpc_client.AddTaskEventData.OnReplyReceived - 1 total (0 active), Execution time: mean = 22.600 us, total = 22.600 us, Queueing time: mean = 10.900 us, max = 10.900 us, min = 10.900 us, total = 10.900 us
	PeriodicalRunner.RunFnPeriodically - 1 total (0 active), Execution time: mean = 148.500 us, total = 148.500 us, Queueing time: mean = 525.700 us, max = 525.700 us, min = 525.700 us, total = 525.700 us
	CoreWorker.deadline_timer.flush_task_events - 1 total (1 active), Execution time: mean = 0.000 s, total = 0.000 s, Queueing time: mean = 0.000 s, max = -0.000 s, min = 9223372036.855 s, total = 0.000 s
Other Stats:
	grpc_in_progress:0
	current number of task status events in buffer: 0
	current number of profile events in buffer: 0
	current number of dropped task attempts tracked: 0
	total task events sent: 0 MiB
	total number of task attempts sent: 0
	total number of task attempts dropped reported: 0
	total number of sent failure: 0
	num status task events dropped: 0
	num profile task events dropped: 0


[2024-09-05 18:03:17,155 I 3060 20644] accessor.cc:627: Received notification for node id = b77ac263dbe1e2e5e6a35bc25e20e21264a0db33f170f24cb9fc3a11, IsAlive = 1
[2024-09-05 18:03:17,155 I 3060 20644] core_worker.cc:4552: Number of alive nodes:1
[2024-09-05 18:03:17,157 I 3060 20276] event.cc:234: Set ray event level to warning
[2024-09-05 18:03:17,157 I 3060 20276] event.cc:342: Ray Event initialized for CORE_WORKER
[2024-09-05 18:03:18,434 I 3060 20644] core_worker.cc:835: Exit signal received, this process will exit after all outstanding tasks have finished, exit_type=INTENDED_SYSTEM_EXIT, detail=Worker exits because it was idle (it doesn't have objects it owns while no task or actor has been scheduled) for a long time.
[2024-09-05 18:03:18,434 I 3060 20276] core_worker.cc:772: Disconnecting to the raylet.
[2024-09-05 18:03:18,434 I 3060 20276] raylet_client.cc:163: RayletClient::Disconnect, exit_type=INTENDED_SYSTEM_EXIT, exit_detail=Worker exits because it was idle (it doesn't have objects it owns while no task or actor has been scheduled) for a long time., has creation_task_exception_pb_bytes=0
[2024-09-05 18:03:18,435 I 3060 20276] core_worker.cc:694: Shutting down a core worker.
[2024-09-05 18:03:18,435 I 3060 20276] task_event_buffer.cc:188: Shutting down TaskEventBuffer.
[2024-09-05 18:03:18,435 I 3060 17536] task_event_buffer.cc:170: Task event buffer io service stopped.
[2024-09-05 18:03:18,435 I 3060 20276] core_worker.cc:720: Disconnecting a GCS client.
[2024-09-05 18:03:18,435 I 3060 20276] core_worker.cc:724: Waiting for joining a core worker io thread. If it hangs here, there might be deadlock or a high load in the core worker io service.
[2024-09-05 18:03:18,435 I 3060 20644] core_worker.cc:943: Core worker main io service stopped.
[2024-09-05 18:03:18,438 I 3060 20276] core_worker.cc:737: Core worker ready to be deallocated.
[2024-09-05 18:03:18,438 I 3060 20276] core_worker_process.cc:243: Task execution loop terminated. Removing the global worker.
[2024-09-05 18:03:18,438 I 3060 20276] core_worker.cc:685: Core worker is destructed
[2024-09-05 18:03:18,438 I 3060 20276] task_event_buffer.cc:188: Shutting down TaskEventBuffer.
[2024-09-05 18:03:18,438 I 3060 20276] core_worker_process.cc:148: Destructing CoreWorkerProcessImpl. pid: 3060
[2024-09-05 18:03:18,438 I 3060 20276] io_service_pool.cc:47: IOServicePool is stopped.
[2024-09-05 18:03:18,682 I 3060 20276] stats.h:120: Stats module has shutdown.
