[2024-09-05 18:03:25,068 I 16004 1232] core_worker_process.cc:107: Constructing CoreWorkerProcess. pid: 16004
[2024-09-05 18:03:25,070 I 16004 1232] io_service_pool.cc:35: IOServicePool is running with 1 io_service.
[2024-09-05 18:03:25,071 I 16004 1232] grpc_server.cc:129: worker server started, listening on port 56079.
[2024-09-05 18:03:25,075 I 16004 1232] core_worker.cc:252: Initializing worker at address: 127.0.0.1:56079, worker ID cc84b5191a060254ac2059e85ecdf39a95c05be69b9af2f9c59faa2b, raylet b77ac263dbe1e2e5e6a35bc25e20e21264a0db33f170f24cb9fc3a11
[2024-09-05 18:03:25,076 I 16004 1232] task_event_buffer.cc:177: Reporting task events to GCS every 1000ms.
[2024-09-05 18:03:25,076 I 16004 19644] accessor.cc:627: Received notification for node id = b77ac263dbe1e2e5e6a35bc25e20e21264a0db33f170f24cb9fc3a11, IsAlive = 1
[2024-09-05 18:03:25,076 I 16004 19644] core_worker.cc:4552: Number of alive nodes:1
[2024-09-05 18:03:25,077 I 16004 19644] core_worker.cc:614: Event stats:


Global stats: 12 total (4 active)
Queueing time: mean = 8.042 us, max = 77.100 us, min = 4.200 us, total = 96.500 us
Execution time:  mean = 75.975 us, total = 911.700 us
Event stats:
	PeriodicalRunner.RunFnPeriodically - 3 total (1 active, 1 running), Execution time: mean = 8.033 us, total = 24.100 us, Queueing time: mean = 27.267 us, max = 77.100 us, min = 4.700 us, total = 81.800 us
	WorkerInfoGcsService.grpc_client.AddWorkerInfo.OnReplyReceived - 1 total (0 active), Execution time: mean = 23.000 us, total = 23.000 us, Queueing time: mean = 6.000 us, max = 6.000 us, min = 6.000 us, total = 6.000 us
	Publisher.CheckDeadSubscribers - 1 total (1 active), Execution time: mean = 0.000 s, total = 0.000 s, Queueing time: mean = 0.000 s, max = -0.000 s, min = 9223372036.855 s, total = 0.000 s
	WorkerInfoGcsService.grpc_client.AddWorkerInfo - 1 total (0 active), Execution time: mean = 329.500 us, total = 329.500 us, Queueing time: mean = 0.000 s, max = -0.000 s, min = 9223372036.855 s, total = 0.000 s
	InternalPubSubGcsService.grpc_client.GcsSubscriberCommandBatch.OnReplyReceived - 1 total (0 active), Execution time: mean = 76.300 us, total = 76.300 us, Queueing time: mean = 4.500 us, max = 4.500 us, min = 4.500 us, total = 4.500 us
	InternalPubSubGcsService.grpc_client.GcsSubscriberPoll - 1 total (1 active), Execution time: mean = 0.000 s, total = 0.000 s, Queueing time: mean = 0.000 s, max = -0.000 s, min = 9223372036.855 s, total = 0.000 s
	InternalPubSubGcsService.grpc_client.GcsSubscriberCommandBatch - 1 total (0 active), Execution time: mean = 184.600 us, total = 184.600 us, Queueing time: mean = 0.000 s, max = -0.000 s, min = 9223372036.855 s, total = 0.000 s
	NodeInfoGcsService.grpc_client.GetAllNodeInfo - 1 total (0 active), Execution time: mean = 208.800 us, total = 208.800 us, Queueing time: mean = 0.000 s, max = -0.000 s, min = 9223372036.855 s, total = 0.000 s
	NodeInfoGcsService.grpc_client.GetAllNodeInfo.OnReplyReceived - 1 total (0 active), Execution time: mean = 65.400 us, total = 65.400 us, Queueing time: mean = 4.200 us, max = 4.200 us, min = 4.200 us, total = 4.200 us
	CoreWorker.ExitIfParentRayletDies - 1 total (1 active), Execution time: mean = 0.000 s, total = 0.000 s, Queueing time: mean = 0.000 s, max = -0.000 s, min = 9223372036.855 s, total = 0.000 s

-----------------
Task Event stats:

IO Service Stats:

Global stats: 4 total (1 active)
Queueing time: mean = 2.200 us, max = 4.600 us, min = 4.200 us, total = 8.800 us
Execution time:  mean = 82.525 us, total = 330.100 us
Event stats:
	TaskInfoGcsService.grpc_client.AddTaskEventData - 1 total (0 active), Execution time: mean = 218.300 us, total = 218.300 us, Queueing time: mean = 0.000 s, max = -0.000 s, min = 9223372036.855 s, total = 0.000 s
	TaskInfoGcsService.grpc_client.AddTaskEventData.OnReplyReceived - 1 total (0 active), Execution time: mean = 18.100 us, total = 18.100 us, Queueing time: mean = 4.600 us, max = 4.600 us, min = 4.600 us, total = 4.600 us
	PeriodicalRunner.RunFnPeriodically - 1 total (0 active), Execution time: mean = 93.700 us, total = 93.700 us, Queueing time: mean = 4.200 us, max = 4.200 us, min = 4.200 us, total = 4.200 us
	CoreWorker.deadline_timer.flush_task_events - 1 total (1 active), Execution time: mean = 0.000 s, total = 0.000 s, Queueing time: mean = 0.000 s, max = -0.000 s, min = 9223372036.855 s, total = 0.000 s
Other Stats:
	grpc_in_progress:0
	current number of task status events in buffer: 0
	current number of profile events in buffer: 0
	current number of dropped task attempts tracked: 0
	total task events sent: 0 MiB
	total number of task attempts sent: 0
	total number of task attempts dropped reported: 0
	total number of sent failure: 0
	num status task events dropped: 0
	num profile task events dropped: 0


[2024-09-05 18:03:25,078 I 16004 1232] event.cc:234: Set ray event level to warning
[2024-09-05 18:03:25,078 I 16004 1232] event.cc:342: Ray Event initialized for CORE_WORKER
[2024-09-05 18:03:25,080 I 16004 1232] direct_actor_task_submitter.cc:36: Set max pending calls to -1 for actor 298a834635a8bbd3238d5b8d01000000
[2024-09-05 18:03:25,080 I 16004 1232] direct_actor_task_submitter.cc:237: Connecting to actor 298a834635a8bbd3238d5b8d01000000 at worker cc84b5191a060254ac2059e85ecdf39a95c05be69b9af2f9c59faa2b
[2024-09-05 18:03:25,080 I 16004 1232] core_worker.cc:2861: Creating actor: 298a834635a8bbd3238d5b8d01000000
[2024-09-05 18:03:31,609 I 16004 1232] direct_actor_transport.cc:188: Actor creation task finished, task_id: ffffffffffffffff298a834635a8bbd3238d5b8d01000000, actor_id: 298a834635a8bbd3238d5b8d01000000, actor_repr_name: 
[2024-09-05 18:03:32,738 I 16004 19644] core_worker.cc:4001: Force kill actor request has received. exiting immediately... The actor is dead because it was killed by `ray.kill`.
[2024-09-05 18:03:32,738 W 16004 19644] core_worker.cc:916: Force exit the process.  Details: Worker exits because the actor is killed. The actor is dead because it was killed by `ray.kill`.
[2024-09-05 18:03:32,738 I 16004 19644] core_worker.cc:772: Disconnecting to the raylet.
[2024-09-05 18:03:32,738 I 16004 19644] raylet_client.cc:163: RayletClient::Disconnect, exit_type=INTENDED_SYSTEM_EXIT, exit_detail=Worker exits because the actor is killed. The actor is dead because it was killed by `ray.kill`., has creation_task_exception_pb_bytes=0
[2024-09-05 18:03:32,738 W 16004 19644] raylet_client.cc:188: IOError: Unknown error [RayletClient] Failed to disconnect from raylet. This means the raylet the worker is connected is probably already dead.
