[2024-09-05 18:03:17,122 I 17168 19036] core_worker_process.cc:107: Constructing CoreWorkerProcess. pid: 17168
[2024-09-05 18:03:17,128 I 17168 19036] io_service_pool.cc:35: IOServicePool is running with 1 io_service.
[2024-09-05 18:03:17,133 I 17168 19036] grpc_server.cc:129: worker server started, listening on port 55951.
[2024-09-05 18:03:17,138 I 17168 19036] core_worker.cc:252: Initializing worker at address: 127.0.0.1:55951, worker ID d3292b9703fdbda12c89cef698b0041230cb8983fe46b7dc0e49a9d1, raylet b77ac263dbe1e2e5e6a35bc25e20e21264a0db33f170f24cb9fc3a11
[2024-09-05 18:03:17,140 I 17168 19036] task_event_buffer.cc:177: Reporting task events to GCS every 1000ms.
[2024-09-05 18:03:17,141 I 17168 20160] core_worker.cc:614: Event stats:


Global stats: 11 total (5 active)
Queueing time: mean = 41.273 us, max = 212.600 us, min = 53.900 us, total = 454.000 us
Execution time:  mean = 145.391 us, total = 1.599 ms
Event stats:
	PeriodicalRunner.RunFnPeriodically - 3 total (1 active, 1 running), Execution time: mean = 10.000 us, total = 30.000 us, Queueing time: mean = 106.300 us, max = 212.600 us, min = 106.300 us, total = 318.900 us
	WorkerInfoGcsService.grpc_client.AddWorkerInfo - 1 total (0 active), Execution time: mean = 682.400 us, total = 682.400 us, Queueing time: mean = 0.000 s, max = -0.000 s, min = 9223372036.855 s, total = 0.000 s
	Publisher.CheckDeadSubscribers - 1 total (1 active), Execution time: mean = 0.000 s, total = 0.000 s, Queueing time: mean = 0.000 s, max = -0.000 s, min = 9223372036.855 s, total = 0.000 s
	CoreWorker.ExitIfParentRayletDies - 1 total (1 active), Execution time: mean = 0.000 s, total = 0.000 s, Queueing time: mean = 0.000 s, max = -0.000 s, min = 9223372036.855 s, total = 0.000 s
	WorkerInfoGcsService.grpc_client.AddWorkerInfo.OnReplyReceived - 1 total (0 active), Execution time: mean = 32.700 us, total = 32.700 us, Queueing time: mean = 53.900 us, max = 53.900 us, min = 53.900 us, total = 53.900 us
	InternalPubSubGcsService.grpc_client.GcsSubscriberCommandBatch - 1 total (0 active), Execution time: mean = 602.600 us, total = 602.600 us, Queueing time: mean = 0.000 s, max = -0.000 s, min = 9223372036.855 s, total = 0.000 s
	NodeInfoGcsService.grpc_client.GetAllNodeInfo - 1 total (1 active), Execution time: mean = 0.000 s, total = 0.000 s, Queueing time: mean = 0.000 s, max = -0.000 s, min = 9223372036.855 s, total = 0.000 s
	InternalPubSubGcsService.grpc_client.GcsSubscriberPoll - 1 total (1 active), Execution time: mean = 0.000 s, total = 0.000 s, Queueing time: mean = 0.000 s, max = -0.000 s, min = 9223372036.855 s, total = 0.000 s
	InternalPubSubGcsService.grpc_client.GcsSubscriberCommandBatch.OnReplyReceived - 1 total (0 active), Execution time: mean = 251.600 us, total = 251.600 us, Queueing time: mean = 81.200 us, max = 81.200 us, min = 81.200 us, total = 81.200 us

-----------------
Task Event stats:

IO Service Stats:

Global stats: 2 total (2 active)
Queueing time: mean = 0.000 s, max = -0.000 s, min = 9223372036.855 s, total = 0.000 s
Execution time:  mean = 0.000 s, total = 0.000 s
Event stats:
	PeriodicalRunner.RunFnPeriodically - 1 total (1 active, 1 running), Execution time: mean = 0.000 s, total = 0.000 s, Queueing time: mean = 0.000 s, max = -0.000 s, min = 9223372036.855 s, total = 0.000 s
	TaskInfoGcsService.grpc_client.AddTaskEventData - 1 total (1 active), Execution time: mean = 0.000 s, total = 0.000 s, Queueing time: mean = 0.000 s, max = -0.000 s, min = 9223372036.855 s, total = 0.000 s
Other Stats:
	grpc_in_progress:1
	current number of task status events in buffer: 0
	current number of profile events in buffer: 0
	current number of dropped task attempts tracked: 0
	total task events sent: 0 MiB
	total number of task attempts sent: 0
	total number of task attempts dropped reported: 0
	total number of sent failure: 0
	num status task events dropped: 0
	num profile task events dropped: 0


[2024-09-05 18:03:17,141 I 17168 20160] accessor.cc:627: Received notification for node id = b77ac263dbe1e2e5e6a35bc25e20e21264a0db33f170f24cb9fc3a11, IsAlive = 1
[2024-09-05 18:03:17,141 I 17168 20160] core_worker.cc:4552: Number of alive nodes:1
[2024-09-05 18:03:17,143 I 17168 19036] event.cc:234: Set ray event level to warning
[2024-09-05 18:03:17,143 I 17168 19036] event.cc:342: Ray Event initialized for CORE_WORKER
[2024-09-05 18:03:18,433 I 17168 20160] core_worker.cc:835: Exit signal received, this process will exit after all outstanding tasks have finished, exit_type=INTENDED_SYSTEM_EXIT, detail=Worker exits because it was idle (it doesn't have objects it owns while no task or actor has been scheduled) for a long time.
[2024-09-05 18:03:18,434 I 17168 19036] core_worker.cc:772: Disconnecting to the raylet.
[2024-09-05 18:03:18,434 I 17168 19036] raylet_client.cc:163: RayletClient::Disconnect, exit_type=INTENDED_SYSTEM_EXIT, exit_detail=Worker exits because it was idle (it doesn't have objects it owns while no task or actor has been scheduled) for a long time., has creation_task_exception_pb_bytes=0
[2024-09-05 18:03:18,434 I 17168 19036] core_worker.cc:694: Shutting down a core worker.
[2024-09-05 18:03:18,434 I 17168 19036] task_event_buffer.cc:188: Shutting down TaskEventBuffer.
[2024-09-05 18:03:18,434 I 17168 20104] task_event_buffer.cc:170: Task event buffer io service stopped.
[2024-09-05 18:03:18,434 I 17168 19036] core_worker.cc:720: Disconnecting a GCS client.
[2024-09-05 18:03:18,434 I 17168 19036] core_worker.cc:724: Waiting for joining a core worker io thread. If it hangs here, there might be deadlock or a high load in the core worker io service.
[2024-09-05 18:03:18,434 I 17168 20160] core_worker.cc:943: Core worker main io service stopped.
[2024-09-05 18:03:18,437 I 17168 19036] core_worker.cc:737: Core worker ready to be deallocated.
[2024-09-05 18:03:18,437 I 17168 19036] core_worker_process.cc:243: Task execution loop terminated. Removing the global worker.
[2024-09-05 18:03:18,438 I 17168 19036] core_worker.cc:685: Core worker is destructed
[2024-09-05 18:03:18,438 I 17168 19036] task_event_buffer.cc:188: Shutting down TaskEventBuffer.
[2024-09-05 18:03:18,438 I 17168 19036] core_worker_process.cc:148: Destructing CoreWorkerProcessImpl. pid: 17168
[2024-09-05 18:03:18,438 I 17168 19036] io_service_pool.cc:47: IOServicePool is stopped.
[2024-09-05 18:03:18,682 I 17168 19036] stats.h:120: Stats module has shutdown.
