2024-09-05 17:50:14,357	INFO log_monitor.py:155 -- Starting log monitor with [max open files=200], [is_autoscaler_v2=False]
2024-09-05 17:50:14,359	INFO log_monitor.py:273 -- Beginning to track file raylet.err
2024-09-05 17:50:14,359	INFO log_monitor.py:273 -- Beginning to track file monitor.log
2024-09-05 17:50:14,359	INFO log_monitor.py:273 -- Beginning to track file gcs_server.err
2024-09-05 17:50:14,589	INFO log_monitor.py:273 -- Beginning to track file worker-0de1f271ad7bf0d84ef50c85845b2470bcb9beb8d4d3d3bcbc7982f4-ffffffff-2552.err
2024-09-05 17:50:14,589	INFO log_monitor.py:273 -- Beginning to track file worker-0de1f271ad7bf0d84ef50c85845b2470bcb9beb8d4d3d3bcbc7982f4-ffffffff-2552.out
2024-09-05 17:50:14,589	INFO log_monitor.py:273 -- Beginning to track file worker-17ea78d6710f9ea6f21e56b649490ce5ae8218aac2cc4ac77bfee296-ffffffff-12836.err
2024-09-05 17:50:14,590	INFO log_monitor.py:273 -- Beginning to track file worker-17ea78d6710f9ea6f21e56b649490ce5ae8218aac2cc4ac77bfee296-ffffffff-12836.out
2024-09-05 17:50:14,590	INFO log_monitor.py:273 -- Beginning to track file worker-1e8ea097581cb3151eaad8e096bdb5c0f8c4a6c846878d206bb5c318-ffffffff-5900.err
2024-09-05 17:50:14,590	INFO log_monitor.py:273 -- Beginning to track file worker-1e8ea097581cb3151eaad8e096bdb5c0f8c4a6c846878d206bb5c318-ffffffff-5900.out
2024-09-05 17:50:14,590	INFO log_monitor.py:273 -- Beginning to track file worker-2a186809bc64734d997ff1b6844c7cc2645955c0eaad13a881ca8ad1-ffffffff-9168.err
2024-09-05 17:50:14,590	INFO log_monitor.py:273 -- Beginning to track file worker-2a186809bc64734d997ff1b6844c7cc2645955c0eaad13a881ca8ad1-ffffffff-9168.out
2024-09-05 17:50:14,590	INFO log_monitor.py:273 -- Beginning to track file worker-45b70311934cb2ae9eec5d084d0a1eab444cae9b6fa097c27c7e470d-ffffffff-10412.err
2024-09-05 17:50:14,590	INFO log_monitor.py:273 -- Beginning to track file worker-45b70311934cb2ae9eec5d084d0a1eab444cae9b6fa097c27c7e470d-ffffffff-10412.out
2024-09-05 17:50:14,590	INFO log_monitor.py:273 -- Beginning to track file worker-860b0f5514487f0ee073e30cf1056b8bbf9c27e2a0a629b4423fbe97-ffffffff-11096.err
2024-09-05 17:50:14,591	INFO log_monitor.py:273 -- Beginning to track file worker-860b0f5514487f0ee073e30cf1056b8bbf9c27e2a0a629b4423fbe97-ffffffff-11096.out
2024-09-05 17:50:14,591	INFO log_monitor.py:273 -- Beginning to track file worker-cc11bb817d323d2c1c8fc8004fd4a7c75df1b045a2049449f3902862-ffffffff-3268.err
2024-09-05 17:50:14,591	INFO log_monitor.py:273 -- Beginning to track file worker-cc11bb817d323d2c1c8fc8004fd4a7c75df1b045a2049449f3902862-ffffffff-3268.out
2024-09-05 17:50:14,591	INFO log_monitor.py:273 -- Beginning to track file worker-d0ca7a6b120b4e38d86dd4a6abf5337a38a619a37039c70b1218213a-ffffffff-14904.err
2024-09-05 17:50:14,591	INFO log_monitor.py:273 -- Beginning to track file worker-d0ca7a6b120b4e38d86dd4a6abf5337a38a619a37039c70b1218213a-ffffffff-14904.out
2024-09-05 17:50:14,592	INFO log_monitor.py:273 -- Beginning to track file worker-efcb8ba08eaf7784d1eb09e66ab2a45009122c6d993e6366d31c5db4-ffffffff-5296.err
2024-09-05 17:50:14,592	INFO log_monitor.py:273 -- Beginning to track file worker-efcb8ba08eaf7784d1eb09e66ab2a45009122c6d993e6366d31c5db4-ffffffff-5296.out
2024-09-05 17:50:14,592	INFO log_monitor.py:273 -- Beginning to track file worker-f1ed37614d66dbb81040858de11de9f65b3d02e13ca74d08b158a856-ffffffff-15480.err
2024-09-05 17:50:14,592	INFO log_monitor.py:273 -- Beginning to track file worker-f1ed37614d66dbb81040858de11de9f65b3d02e13ca74d08b158a856-ffffffff-15480.out
2024-09-05 17:50:14,695	INFO log_monitor.py:273 -- Beginning to track file worker-07365babfdbaac42575c0f1b5e4d26be1f4ed1b3fa026fd2ef710fab-ffffffff-15124.err
2024-09-05 17:50:14,695	INFO log_monitor.py:273 -- Beginning to track file worker-07365babfdbaac42575c0f1b5e4d26be1f4ed1b3fa026fd2ef710fab-ffffffff-15124.out
2024-09-05 17:50:14,695	INFO log_monitor.py:273 -- Beginning to track file worker-1622dce41f28714dc5438001ad3a1caf6e3b3c818cac8f003468d6aa-ffffffff-7896.err
2024-09-05 17:50:14,695	INFO log_monitor.py:273 -- Beginning to track file worker-1622dce41f28714dc5438001ad3a1caf6e3b3c818cac8f003468d6aa-ffffffff-7896.out
2024-09-05 17:50:14,696	INFO log_monitor.py:273 -- Beginning to track file worker-704984a2ae6f2ed75fbdcb427903e7e3c0d3adb815b75aad978610fe-ffffffff-9912.err
2024-09-05 17:50:14,696	INFO log_monitor.py:273 -- Beginning to track file worker-704984a2ae6f2ed75fbdcb427903e7e3c0d3adb815b75aad978610fe-ffffffff-9912.out
2024-09-05 17:50:14,696	INFO log_monitor.py:273 -- Beginning to track file worker-935352f279d7cd992356139b5def133e5a84bdc61d31d2fc39028b7f-ffffffff-8708.err
2024-09-05 17:50:14,696	INFO log_monitor.py:273 -- Beginning to track file worker-935352f279d7cd992356139b5def133e5a84bdc61d31d2fc39028b7f-ffffffff-8708.out
2024-09-05 17:50:14,696	INFO log_monitor.py:273 -- Beginning to track file worker-fd30d07991c2320b14905cd17d310d75a88fb28a45de6ed1a48a64c9-ffffffff-8128.err
2024-09-05 17:50:14,696	INFO log_monitor.py:273 -- Beginning to track file worker-fd30d07991c2320b14905cd17d310d75a88fb28a45de6ed1a48a64c9-ffffffff-8128.out
2024-09-05 17:50:14,803	INFO log_monitor.py:273 -- Beginning to track file worker-2610810e61d7405455920003e9c0f3f4f73cc63ad6b52297d593323c-ffffffff-632.err
2024-09-05 17:50:14,803	INFO log_monitor.py:273 -- Beginning to track file worker-2610810e61d7405455920003e9c0f3f4f73cc63ad6b52297d593323c-ffffffff-632.out
