[2024-09-05 17:50:14,545 I 5900 7344] core_worker_process.cc:107: Constructing CoreWorkerProcess. pid: 5900
[2024-09-05 17:50:14,549 I 5900 7344] io_service_pool.cc:35: IOServicePool is running with 1 io_service.
[2024-09-05 17:50:14,552 I 5900 7344] grpc_server.cc:129: worker server started, listening on port 55273.
[2024-09-05 17:50:14,557 I 5900 7344] core_worker.cc:252: Initializing worker at address: 127.0.0.1:55273, worker ID 1e8ea097581cb3151eaad8e096bdb5c0f8c4a6c846878d206bb5c318, raylet a0146ca749ab81b1c91d2bea495916f8150c04bbc626337c258192cb
[2024-09-05 17:50:14,559 I 5900 7344] task_event_buffer.cc:177: Reporting task events to GCS every 1000ms.
[2024-09-05 17:50:14,560 I 5900 17832] accessor.cc:627: Received notification for node id = a0146ca749ab81b1c91d2bea495916f8150c04bbc626337c258192cb, IsAlive = 1
[2024-09-05 17:50:14,560 I 5900 17832] core_worker.cc:4552: Number of alive nodes:1
[2024-09-05 17:50:14,560 I 5900 17832] core_worker.cc:614: Event stats:


Global stats: 12 total (4 active)
Queueing time: mean = 72.392 us, max = 441.700 us, min = 31.000 us, total = 868.700 us
Execution time:  mean = 123.175 us, total = 1.478 ms
Event stats:
	PeriodicalRunner.RunFnPeriodically - 3 total (1 active, 1 running), Execution time: mean = 9.200 us, total = 27.600 us, Queueing time: mean = 77.333 us, max = 201.000 us, min = 31.000 us, total = 232.000 us
	NodeInfoGcsService.grpc_client.GetAllNodeInfo - 1 total (0 active), Execution time: mean = 266.800 us, total = 266.800 us, Queueing time: mean = 0.000 s, max = -0.000 s, min = 9223372036.855 s, total = 0.000 s
	CoreWorker.ExitIfParentRayletDies - 1 total (1 active), Execution time: mean = 0.000 s, total = 0.000 s, Queueing time: mean = 0.000 s, max = -0.000 s, min = 9223372036.855 s, total = 0.000 s
	InternalPubSubGcsService.grpc_client.GcsSubscriberCommandBatch - 1 total (0 active), Execution time: mean = 435.200 us, total = 435.200 us, Queueing time: mean = 0.000 s, max = -0.000 s, min = 9223372036.855 s, total = 0.000 s
	WorkerInfoGcsService.grpc_client.AddWorkerInfo - 1 total (0 active), Execution time: mean = 394.600 us, total = 394.600 us, Queueing time: mean = 0.000 s, max = -0.000 s, min = 9223372036.855 s, total = 0.000 s
	InternalPubSubGcsService.grpc_client.GcsSubscriberCommandBatch.OnReplyReceived - 1 total (0 active), Execution time: mean = 117.900 us, total = 117.900 us, Queueing time: mean = 120.500 us, max = 120.500 us, min = 120.500 us, total = 120.500 us
	Publisher.CheckDeadSubscribers - 1 total (1 active), Execution time: mean = 0.000 s, total = 0.000 s, Queueing time: mean = 0.000 s, max = -0.000 s, min = 9223372036.855 s, total = 0.000 s
	WorkerInfoGcsService.grpc_client.AddWorkerInfo.OnReplyReceived - 1 total (0 active), Execution time: mean = 94.100 us, total = 94.100 us, Queueing time: mean = 441.700 us, max = 441.700 us, min = 441.700 us, total = 441.700 us
	NodeInfoGcsService.grpc_client.GetAllNodeInfo.OnReplyReceived - 1 total (0 active), Execution time: mean = 141.900 us, total = 141.900 us, Queueing time: mean = 74.500 us, max = 74.500 us, min = 74.500 us, total = 74.500 us
	InternalPubSubGcsService.grpc_client.GcsSubscriberPoll - 1 total (1 active), Execution time: mean = 0.000 s, total = 0.000 s, Queueing time: mean = 0.000 s, max = -0.000 s, min = 9223372036.855 s, total = 0.000 s

-----------------
Task Event stats:

IO Service Stats:

Global stats: 4 total (1 active)
Queueing time: mean = 48.950 us, max = 141.300 us, min = 54.500 us, total = 195.800 us
Execution time:  mean = 133.550 us, total = 534.200 us
Event stats:
	PeriodicalRunner.RunFnPeriodically - 1 total (0 active), Execution time: mean = 164.200 us, total = 164.200 us, Queueing time: mean = 141.300 us, max = 141.300 us, min = 141.300 us, total = 141.300 us
	TaskInfoGcsService.grpc_client.AddTaskEventData.OnReplyReceived - 1 total (0 active), Execution time: mean = 20.400 us, total = 20.400 us, Queueing time: mean = 54.500 us, max = 54.500 us, min = 54.500 us, total = 54.500 us
	CoreWorker.deadline_timer.flush_task_events - 1 total (1 active), Execution time: mean = 0.000 s, total = 0.000 s, Queueing time: mean = 0.000 s, max = -0.000 s, min = 9223372036.855 s, total = 0.000 s
	TaskInfoGcsService.grpc_client.AddTaskEventData - 1 total (0 active), Execution time: mean = 349.600 us, total = 349.600 us, Queueing time: mean = 0.000 s, max = -0.000 s, min = 9223372036.855 s, total = 0.000 s
Other Stats:
	grpc_in_progress:0
	current number of task status events in buffer: 0
	current number of profile events in buffer: 0
	current number of dropped task attempts tracked: 0
	total task events sent: 0 MiB
	total number of task attempts sent: 0
	total number of task attempts dropped reported: 0
	total number of sent failure: 0
	num status task events dropped: 0
	num profile task events dropped: 0


[2024-09-05 17:50:14,562 I 5900 7344] event.cc:234: Set ray event level to warning
[2024-09-05 17:50:14,562 I 5900 7344] event.cc:342: Ray Event initialized for CORE_WORKER
[2024-09-05 17:50:15,745 I 5900 7344] core_worker.cc:835: Exit signal received, this process will exit after all outstanding tasks have finished, exit_type=SYSTEM_ERROR, detail=Worker exits unexpectedly by a signal. SystemExit is raised (sys.exit is called). Exit code: 1. The process receives a SIGTERM.
[2024-09-05 17:50:15,747 I 5900 7344] core_worker.cc:772: Disconnecting to the raylet.
[2024-09-05 17:50:15,747 I 5900 7344] raylet_client.cc:163: RayletClient::Disconnect, exit_type=SYSTEM_ERROR, exit_detail=Worker exits unexpectedly by a signal. SystemExit is raised (sys.exit is called). Exit code: 1. The process receives a SIGTERM., has creation_task_exception_pb_bytes=0
[2024-09-05 17:50:15,747 I 5900 7344] core_worker.cc:694: Shutting down a core worker.
[2024-09-05 17:50:15,747 I 5900 7344] task_event_buffer.cc:188: Shutting down TaskEventBuffer.
[2024-09-05 17:50:15,748 I 5900 18160] task_event_buffer.cc:170: Task event buffer io service stopped.
[2024-09-05 17:50:15,748 I 5900 7344] core_worker.cc:720: Disconnecting a GCS client.
[2024-09-05 17:50:15,748 I 5900 7344] core_worker.cc:724: Waiting for joining a core worker io thread. If it hangs here, there might be deadlock or a high load in the core worker io service.
[2024-09-05 17:50:15,755 I 5900 17832] core_worker.cc:943: Core worker main io service stopped.
[2024-09-05 17:50:15,758 I 5900 7344] core_worker.cc:737: Core worker ready to be deallocated.
[2024-09-05 17:50:15,759 I 5900 7344] core_worker_process.cc:243: Task execution loop terminated. Removing the global worker.
[2024-09-05 17:50:15,759 I 5900 7344] core_worker.cc:685: Core worker is destructed
[2024-09-05 17:50:15,759 I 5900 7344] task_event_buffer.cc:188: Shutting down TaskEventBuffer.
[2024-09-05 17:50:15,868 I 5900 7344] core_worker_process.cc:148: Destructing CoreWorkerProcessImpl. pid: 5900
[2024-09-05 17:50:15,868 I 5900 7344] io_service_pool.cc:47: IOServicePool is stopped.
