[2024-09-05 17:50:14,513 I 15480 3056] core_worker_process.cc:107: Constructing CoreWorkerProcess. pid: 15480
[2024-09-05 17:50:14,517 I 15480 3056] io_service_pool.cc:35: IOServicePool is running with 1 io_service.
[2024-09-05 17:50:14,519 I 15480 3056] grpc_server.cc:129: worker server started, listening on port 55249.
[2024-09-05 17:50:14,525 I 15480 3056] core_worker.cc:252: Initializing worker at address: 127.0.0.1:55249, worker ID f1ed37614d66dbb81040858de11de9f65b3d02e13ca74d08b158a856, raylet a0146ca749ab81b1c91d2bea495916f8150c04bbc626337c258192cb
[2024-09-05 17:50:14,526 I 15480 3056] task_event_buffer.cc:177: Reporting task events to GCS every 1000ms.
[2024-09-05 17:50:14,528 I 15480 17064] core_worker.cc:614: Event stats:


Global stats: 11 total (5 active)
Queueing time: mean = 182.082 us, max = 1.135 ms, min = 60.600 us, total = 2.003 ms
Execution time:  mean = 132.227 us, total = 1.454 ms
Event stats:
	PeriodicalRunner.RunFnPeriodically - 3 total (1 active, 1 running), Execution time: mean = 9.933 us, total = 29.800 us, Queueing time: mean = 398.667 us, max = 1.135 ms, min = 60.600 us, total = 1.196 ms
	Publisher.CheckDeadSubscribers - 1 total (1 active), Execution time: mean = 0.000 s, total = 0.000 s, Queueing time: mean = 0.000 s, max = -0.000 s, min = 9223372036.855 s, total = 0.000 s
	InternalPubSubGcsService.grpc_client.GcsSubscriberCommandBatch.OnReplyReceived - 1 total (0 active), Execution time: mean = 185.500 us, total = 185.500 us, Queueing time: mean = 98.500 us, max = 98.500 us, min = 98.500 us, total = 98.500 us
	InternalPubSubGcsService.grpc_client.GcsSubscriberPoll - 1 total (1 active), Execution time: mean = 0.000 s, total = 0.000 s, Queueing time: mean = 0.000 s, max = -0.000 s, min = 9223372036.855 s, total = 0.000 s
	CoreWorker.ExitIfParentRayletDies - 1 total (1 active), Execution time: mean = 0.000 s, total = 0.000 s, Queueing time: mean = 0.000 s, max = -0.000 s, min = 9223372036.855 s, total = 0.000 s
	InternalPubSubGcsService.grpc_client.GcsSubscriberCommandBatch - 1 total (0 active), Execution time: mean = 879.500 us, total = 879.500 us, Queueing time: mean = 0.000 s, max = -0.000 s, min = 9223372036.855 s, total = 0.000 s
	NodeInfoGcsService.grpc_client.GetAllNodeInfo - 1 total (1 active), Execution time: mean = 0.000 s, total = 0.000 s, Queueing time: mean = 0.000 s, max = -0.000 s, min = 9223372036.855 s, total = 0.000 s
	WorkerInfoGcsService.grpc_client.AddWorkerInfo - 1 total (0 active), Execution time: mean = 295.200 us, total = 295.200 us, Queueing time: mean = 0.000 s, max = -0.000 s, min = 9223372036.855 s, total = 0.000 s
	WorkerInfoGcsService.grpc_client.AddWorkerInfo.OnReplyReceived - 1 total (0 active), Execution time: mean = 64.500 us, total = 64.500 us, Queueing time: mean = 708.400 us, max = 708.400 us, min = 708.400 us, total = 708.400 us

-----------------
Task Event stats:

IO Service Stats:

Global stats: 1 total (1 active)
Queueing time: mean = 0.000 s, max = -0.000 s, min = 9223372036.855 s, total = 0.000 s
Execution time:  mean = 0.000 s, total = 0.000 s
Event stats:
	PeriodicalRunner.RunFnPeriodically - 1 total (1 active), Execution time: mean = 0.000 s, total = 0.000 s, Queueing time: mean = 0.000 s, max = -0.000 s, min = 9223372036.855 s, total = 0.000 s
Other Stats:
	grpc_in_progress:0
	current number of task status events in buffer: 0
	current number of profile events in buffer: 0
	current number of dropped task attempts tracked: 0
	total task events sent: 0 MiB
	total number of task attempts sent: 0
	total number of task attempts dropped reported: 0
	total number of sent failure: 0
	num status task events dropped: 0
	num profile task events dropped: 0


[2024-09-05 17:50:14,528 I 15480 17064] accessor.cc:627: Received notification for node id = a0146ca749ab81b1c91d2bea495916f8150c04bbc626337c258192cb, IsAlive = 1
[2024-09-05 17:50:14,528 I 15480 17064] core_worker.cc:4552: Number of alive nodes:1
[2024-09-05 17:50:14,530 I 15480 3056] event.cc:234: Set ray event level to warning
[2024-09-05 17:50:14,530 I 15480 3056] event.cc:342: Ray Event initialized for CORE_WORKER
[2024-09-05 17:50:15,745 I 15480 3056] core_worker.cc:835: Exit signal received, this process will exit after all outstanding tasks have finished, exit_type=SYSTEM_ERROR, detail=Worker exits unexpectedly by a signal. SystemExit is raised (sys.exit is called). Exit code: 1. The process receives a SIGTERM.
[2024-09-05 17:50:15,747 I 15480 3056] core_worker.cc:772: Disconnecting to the raylet.
[2024-09-05 17:50:15,747 I 15480 3056] raylet_client.cc:163: RayletClient::Disconnect, exit_type=SYSTEM_ERROR, exit_detail=Worker exits unexpectedly by a signal. SystemExit is raised (sys.exit is called). Exit code: 1. The process receives a SIGTERM., has creation_task_exception_pb_bytes=0
[2024-09-05 17:50:15,747 I 15480 3056] core_worker.cc:694: Shutting down a core worker.
[2024-09-05 17:50:15,747 I 15480 3056] task_event_buffer.cc:188: Shutting down TaskEventBuffer.
[2024-09-05 17:50:15,747 I 15480 17316] task_event_buffer.cc:170: Task event buffer io service stopped.
[2024-09-05 17:50:15,747 I 15480 3056] core_worker.cc:720: Disconnecting a GCS client.
[2024-09-05 17:50:15,747 I 15480 3056] core_worker.cc:724: Waiting for joining a core worker io thread. If it hangs here, there might be deadlock or a high load in the core worker io service.
[2024-09-05 17:50:15,748 I 15480 17064] core_worker.cc:943: Core worker main io service stopped.
[2024-09-05 17:50:15,755 I 15480 3056] core_worker.cc:737: Core worker ready to be deallocated.
[2024-09-05 17:50:15,755 I 15480 3056] core_worker_process.cc:243: Task execution loop terminated. Removing the global worker.
[2024-09-05 17:50:15,755 I 15480 3056] core_worker.cc:685: Core worker is destructed
[2024-09-05 17:50:15,755 I 15480 3056] task_event_buffer.cc:188: Shutting down TaskEventBuffer.
[2024-09-05 17:50:15,838 I 15480 3056] core_worker_process.cc:148: Destructing CoreWorkerProcessImpl. pid: 15480
[2024-09-05 17:50:15,838 I 15480 3056] io_service_pool.cc:47: IOServicePool is stopped.
