[2024-09-05 17:50:14,628 I 8708 10672] core_worker_process.cc:107: Constructing CoreWorkerProcess. pid: 8708
[2024-09-05 17:50:14,630 I 8708 10672] io_service_pool.cc:35: IOServicePool is running with 1 io_service.
[2024-09-05 17:50:14,631 I 8708 10672] grpc_server.cc:129: worker server started, listening on port 55324.
[2024-09-05 17:50:14,635 I 8708 10672] core_worker.cc:252: Initializing worker at address: 127.0.0.1:55324, worker ID 935352f279d7cd992356139b5def133e5a84bdc61d31d2fc39028b7f, raylet a0146ca749ab81b1c91d2bea495916f8150c04bbc626337c258192cb
[2024-09-05 17:50:14,636 I 8708 10672] task_event_buffer.cc:177: Reporting task events to GCS every 1000ms.
[2024-09-05 17:50:14,637 I 8708 19060] accessor.cc:627: Received notification for node id = a0146ca749ab81b1c91d2bea495916f8150c04bbc626337c258192cb, IsAlive = 1
[2024-09-05 17:50:14,637 I 8708 19060] core_worker.cc:4552: Number of alive nodes:1
[2024-09-05 17:50:14,637 I 8708 19060] core_worker.cc:614: Event stats:


Global stats: 12 total (4 active)
Queueing time: mean = 6.792 us, max = 64.100 us, min = 3.800 us, total = 81.500 us
Execution time:  mean = 73.975 us, total = 887.700 us
Event stats:
	PeriodicalRunner.RunFnPeriodically - 3 total (1 active, 1 running), Execution time: mean = 6.467 us, total = 19.400 us, Queueing time: mean = 22.633 us, max = 64.100 us, min = 3.800 us, total = 67.900 us
	WorkerInfoGcsService.grpc_client.AddWorkerInfo - 1 total (0 active), Execution time: mean = 324.900 us, total = 324.900 us, Queueing time: mean = 0.000 s, max = -0.000 s, min = 9223372036.855 s, total = 0.000 s
	InternalPubSubGcsService.grpc_client.GcsSubscriberCommandBatch.OnReplyReceived - 1 total (0 active), Execution time: mean = 90.200 us, total = 90.200 us, Queueing time: mean = 4.100 us, max = 4.100 us, min = 4.100 us, total = 4.100 us
	Publisher.CheckDeadSubscribers - 1 total (1 active), Execution time: mean = 0.000 s, total = 0.000 s, Queueing time: mean = 0.000 s, max = -0.000 s, min = 9223372036.855 s, total = 0.000 s
	WorkerInfoGcsService.grpc_client.AddWorkerInfo.OnReplyReceived - 1 total (0 active), Execution time: mean = 23.100 us, total = 23.100 us, Queueing time: mean = 5.500 us, max = 5.500 us, min = 5.500 us, total = 5.500 us
	NodeInfoGcsService.grpc_client.GetAllNodeInfo - 1 total (0 active), Execution time: mean = 180.300 us, total = 180.300 us, Queueing time: mean = 0.000 s, max = -0.000 s, min = 9223372036.855 s, total = 0.000 s
	CoreWorker.ExitIfParentRayletDies - 1 total (1 active), Execution time: mean = 0.000 s, total = 0.000 s, Queueing time: mean = 0.000 s, max = -0.000 s, min = 9223372036.855 s, total = 0.000 s
	InternalPubSubGcsService.grpc_client.GcsSubscriberCommandBatch - 1 total (0 active), Execution time: mean = 191.700 us, total = 191.700 us, Queueing time: mean = 0.000 s, max = -0.000 s, min = 9223372036.855 s, total = 0.000 s
	InternalPubSubGcsService.grpc_client.GcsSubscriberPoll - 1 total (1 active), Execution time: mean = 0.000 s, total = 0.000 s, Queueing time: mean = 0.000 s, max = -0.000 s, min = 9223372036.855 s, total = 0.000 s
	NodeInfoGcsService.grpc_client.GetAllNodeInfo.OnReplyReceived - 1 total (0 active), Execution time: mean = 58.100 us, total = 58.100 us, Queueing time: mean = 4.000 us, max = 4.000 us, min = 4.000 us, total = 4.000 us

-----------------
Task Event stats:

IO Service Stats:

Global stats: 4 total (1 active)
Queueing time: mean = 2.050 us, max = 4.300 us, min = 3.900 us, total = 8.200 us
Execution time:  mean = 83.125 us, total = 332.500 us
Event stats:
	PeriodicalRunner.RunFnPeriodically - 1 total (0 active), Execution time: mean = 108.500 us, total = 108.500 us, Queueing time: mean = 3.900 us, max = 3.900 us, min = 3.900 us, total = 3.900 us
	TaskInfoGcsService.grpc_client.AddTaskEventData.OnReplyReceived - 1 total (0 active), Execution time: mean = 16.000 us, total = 16.000 us, Queueing time: mean = 4.300 us, max = 4.300 us, min = 4.300 us, total = 4.300 us
	CoreWorker.deadline_timer.flush_task_events - 1 total (1 active), Execution time: mean = 0.000 s, total = 0.000 s, Queueing time: mean = 0.000 s, max = -0.000 s, min = 9223372036.855 s, total = 0.000 s
	TaskInfoGcsService.grpc_client.AddTaskEventData - 1 total (0 active), Execution time: mean = 208.000 us, total = 208.000 us, Queueing time: mean = 0.000 s, max = -0.000 s, min = 9223372036.855 s, total = 0.000 s
Other Stats:
	grpc_in_progress:0
	current number of task status events in buffer: 0
	current number of profile events in buffer: 0
	current number of dropped task attempts tracked: 0
	total task events sent: 0 MiB
	total number of task attempts sent: 0
	total number of task attempts dropped reported: 0
	total number of sent failure: 0
	num status task events dropped: 0
	num profile task events dropped: 0


[2024-09-05 17:50:14,638 I 8708 10672] event.cc:234: Set ray event level to warning
[2024-09-05 17:50:14,638 I 8708 10672] event.cc:342: Ray Event initialized for CORE_WORKER
[2024-09-05 17:50:15,746 I 8708 10672] core_worker.cc:835: Exit signal received, this process will exit after all outstanding tasks have finished, exit_type=SYSTEM_ERROR, detail=Worker exits unexpectedly by a signal. SystemExit is raised (sys.exit is called). Exit code: 1. The process receives a SIGTERM.
[2024-09-05 17:50:15,750 I 8708 10672] core_worker.cc:772: Disconnecting to the raylet.
[2024-09-05 17:50:15,750 I 8708 10672] raylet_client.cc:163: RayletClient::Disconnect, exit_type=SYSTEM_ERROR, exit_detail=Worker exits unexpectedly by a signal. SystemExit is raised (sys.exit is called). Exit code: 1. The process receives a SIGTERM., has creation_task_exception_pb_bytes=0
[2024-09-05 17:50:15,750 I 8708 10672] core_worker.cc:694: Shutting down a core worker.
[2024-09-05 17:50:15,750 I 8708 10672] task_event_buffer.cc:188: Shutting down TaskEventBuffer.
[2024-09-05 17:50:15,750 I 8708 19120] task_event_buffer.cc:170: Task event buffer io service stopped.
[2024-09-05 17:50:15,750 I 8708 10672] core_worker.cc:720: Disconnecting a GCS client.
[2024-09-05 17:50:15,750 I 8708 10672] core_worker.cc:724: Waiting for joining a core worker io thread. If it hangs here, there might be deadlock or a high load in the core worker io service.
[2024-09-05 17:50:15,750 I 8708 19060] core_worker.cc:943: Core worker main io service stopped.
[2024-09-05 17:50:15,757 I 8708 10672] core_worker.cc:737: Core worker ready to be deallocated.
[2024-09-05 17:50:15,757 I 8708 10672] core_worker_process.cc:243: Task execution loop terminated. Removing the global worker.
[2024-09-05 17:50:15,757 I 8708 10672] core_worker.cc:685: Core worker is destructed
[2024-09-05 17:50:15,757 I 8708 10672] task_event_buffer.cc:188: Shutting down TaskEventBuffer.
[2024-09-05 17:50:15,946 I 8708 10672] core_worker_process.cc:148: Destructing CoreWorkerProcessImpl. pid: 8708
[2024-09-05 17:50:15,946 I 8708 10672] io_service_pool.cc:47: IOServicePool is stopped.
