[2024-09-05 17:50:14,556 I 11096 11060] core_worker_process.cc:107: Constructing CoreWorkerProcess. pid: 11096
[2024-09-05 17:50:14,559 I 11096 11060] io_service_pool.cc:35: IOServicePool is running with 1 io_service.
[2024-09-05 17:50:14,561 I 11096 11060] grpc_server.cc:129: worker server started, listening on port 55280.
[2024-09-05 17:50:14,565 I 11096 11060] core_worker.cc:252: Initializing worker at address: 127.0.0.1:55280, worker ID 860b0f5514487f0ee073e30cf1056b8bbf9c27e2a0a629b4423fbe97, raylet a0146ca749ab81b1c91d2bea495916f8150c04bbc626337c258192cb
[2024-09-05 17:50:14,566 I 11096 11060] task_event_buffer.cc:177: Reporting task events to GCS every 1000ms.
[2024-09-05 17:50:14,567 I 11096 18192] accessor.cc:627: Received notification for node id = a0146ca749ab81b1c91d2bea495916f8150c04bbc626337c258192cb, IsAlive = 1
[2024-09-05 17:50:14,567 I 11096 18192] core_worker.cc:4552: Number of alive nodes:1
[2024-09-05 17:50:14,567 I 11096 18192] core_worker.cc:614: Event stats:


Global stats: 12 total (4 active)
Queueing time: mean = 20.283 us, max = 219.700 us, min = 4.200 us, total = 243.400 us
Execution time:  mean = 95.808 us, total = 1.150 ms
Event stats:
	PeriodicalRunner.RunFnPeriodically - 3 total (1 active, 1 running), Execution time: mean = 10.200 us, total = 30.600 us, Queueing time: mean = 75.133 us, max = 219.700 us, min = 5.700 us, total = 225.400 us
	CoreWorker.ExitIfParentRayletDies - 1 total (1 active), Execution time: mean = 0.000 s, total = 0.000 s, Queueing time: mean = 0.000 s, max = -0.000 s, min = 9223372036.855 s, total = 0.000 s
	InternalPubSubGcsService.grpc_client.GcsSubscriberCommandBatch - 1 total (0 active), Execution time: mean = 320.100 us, total = 320.100 us, Queueing time: mean = 0.000 s, max = -0.000 s, min = 9223372036.855 s, total = 0.000 s
	InternalPubSubGcsService.grpc_client.GcsSubscriberPoll - 1 total (1 active), Execution time: mean = 0.000 s, total = 0.000 s, Queueing time: mean = 0.000 s, max = -0.000 s, min = 9223372036.855 s, total = 0.000 s
	NodeInfoGcsService.grpc_client.GetAllNodeInfo.OnReplyReceived - 1 total (0 active), Execution time: mean = 80.900 us, total = 80.900 us, Queueing time: mean = 4.500 us, max = 4.500 us, min = 4.500 us, total = 4.500 us
	Publisher.CheckDeadSubscribers - 1 total (1 active), Execution time: mean = 0.000 s, total = 0.000 s, Queueing time: mean = 0.000 s, max = -0.000 s, min = 9223372036.855 s, total = 0.000 s
	WorkerInfoGcsService.grpc_client.AddWorkerInfo.OnReplyReceived - 1 total (0 active), Execution time: mean = 24.400 us, total = 24.400 us, Queueing time: mean = 9.300 us, max = 9.300 us, min = 9.300 us, total = 9.300 us
	WorkerInfoGcsService.grpc_client.AddWorkerInfo - 1 total (0 active), Execution time: mean = 323.800 us, total = 323.800 us, Queueing time: mean = 0.000 s, max = -0.000 s, min = 9223372036.855 s, total = 0.000 s
	InternalPubSubGcsService.grpc_client.GcsSubscriberCommandBatch.OnReplyReceived - 1 total (0 active), Execution time: mean = 119.100 us, total = 119.100 us, Queueing time: mean = 4.200 us, max = 4.200 us, min = 4.200 us, total = 4.200 us
	NodeInfoGcsService.grpc_client.GetAllNodeInfo - 1 total (0 active), Execution time: mean = 250.800 us, total = 250.800 us, Queueing time: mean = 0.000 s, max = -0.000 s, min = 9223372036.855 s, total = 0.000 s

-----------------
Task Event stats:

IO Service Stats:

Global stats: 4 total (1 active)
Queueing time: mean = 7.125 us, max = 23.600 us, min = 4.900 us, total = 28.500 us
Execution time:  mean = 108.525 us, total = 434.100 us
Event stats:
	PeriodicalRunner.RunFnPeriodically - 1 total (0 active), Execution time: mean = 121.100 us, total = 121.100 us, Queueing time: mean = 4.900 us, max = 4.900 us, min = 4.900 us, total = 4.900 us
	TaskInfoGcsService.grpc_client.AddTaskEventData.OnReplyReceived - 1 total (0 active), Execution time: mean = 43.100 us, total = 43.100 us, Queueing time: mean = 23.600 us, max = 23.600 us, min = 23.600 us, total = 23.600 us
	CoreWorker.deadline_timer.flush_task_events - 1 total (1 active), Execution time: mean = 0.000 s, total = 0.000 s, Queueing time: mean = 0.000 s, max = -0.000 s, min = 9223372036.855 s, total = 0.000 s
	TaskInfoGcsService.grpc_client.AddTaskEventData - 1 total (0 active), Execution time: mean = 269.900 us, total = 269.900 us, Queueing time: mean = 0.000 s, max = -0.000 s, min = 9223372036.855 s, total = 0.000 s
Other Stats:
	grpc_in_progress:0
	current number of task status events in buffer: 0
	current number of profile events in buffer: 0
	current number of dropped task attempts tracked: 0
	total task events sent: 0 MiB
	total number of task attempts sent: 0
	total number of task attempts dropped reported: 0
	total number of sent failure: 0
	num status task events dropped: 0
	num profile task events dropped: 0


[2024-09-05 17:50:14,569 I 11096 11060] event.cc:234: Set ray event level to warning
[2024-09-05 17:50:14,569 I 11096 11060] event.cc:342: Ray Event initialized for CORE_WORKER
[2024-09-05 17:50:15,746 I 11096 11060] core_worker.cc:835: Exit signal received, this process will exit after all outstanding tasks have finished, exit_type=SYSTEM_ERROR, detail=Worker exits unexpectedly by a signal. SystemExit is raised (sys.exit is called). Exit code: 1. The process receives a SIGTERM.
[2024-09-05 17:50:15,747 I 11096 11060] core_worker.cc:772: Disconnecting to the raylet.
[2024-09-05 17:50:15,747 I 11096 11060] raylet_client.cc:163: RayletClient::Disconnect, exit_type=SYSTEM_ERROR, exit_detail=Worker exits unexpectedly by a signal. SystemExit is raised (sys.exit is called). Exit code: 1. The process receives a SIGTERM., has creation_task_exception_pb_bytes=0
[2024-09-05 17:50:15,747 I 11096 11060] core_worker.cc:694: Shutting down a core worker.
[2024-09-05 17:50:15,747 I 11096 11060] task_event_buffer.cc:188: Shutting down TaskEventBuffer.
[2024-09-05 17:50:15,747 I 11096 18332] task_event_buffer.cc:170: Task event buffer io service stopped.
[2024-09-05 17:50:15,747 I 11096 11060] core_worker.cc:720: Disconnecting a GCS client.
[2024-09-05 17:50:15,747 I 11096 11060] core_worker.cc:724: Waiting for joining a core worker io thread. If it hangs here, there might be deadlock or a high load in the core worker io service.
[2024-09-05 17:50:15,747 I 11096 18192] core_worker.cc:943: Core worker main io service stopped.
[2024-09-05 17:50:15,755 I 11096 11060] core_worker.cc:737: Core worker ready to be deallocated.
[2024-09-05 17:50:15,755 I 11096 11060] core_worker_process.cc:243: Task execution loop terminated. Removing the global worker.
[2024-09-05 17:50:15,755 I 11096 11060] core_worker.cc:685: Core worker is destructed
[2024-09-05 17:50:15,755 I 11096 11060] task_event_buffer.cc:188: Shutting down TaskEventBuffer.
[2024-09-05 17:50:15,868 I 11096 11060] core_worker_process.cc:148: Destructing CoreWorkerProcessImpl. pid: 11096
[2024-09-05 17:50:15,868 I 11096 11060] io_service_pool.cc:47: IOServicePool is stopped.
