[2024-09-05 17:50:14,534 I 12836 7208] core_worker_process.cc:107: Constructing CoreWorkerProcess. pid: 12836
[2024-09-05 17:50:14,537 I 12836 7208] io_service_pool.cc:35: IOServicePool is running with 1 io_service.
[2024-09-05 17:50:14,540 I 12836 7208] grpc_server.cc:129: worker server started, listening on port 55262.
[2024-09-05 17:50:14,546 I 12836 7208] core_worker.cc:252: Initializing worker at address: 127.0.0.1:55262, worker ID 17ea78d6710f9ea6f21e56b649490ce5ae8218aac2cc4ac77bfee296, raylet a0146ca749ab81b1c91d2bea495916f8150c04bbc626337c258192cb
[2024-09-05 17:50:14,547 I 12836 7208] task_event_buffer.cc:177: Reporting task events to GCS every 1000ms.
[2024-09-05 17:50:14,549 I 12836 17564] core_worker.cc:614: Event stats:


Global stats: 11 total (5 active)
Queueing time: mean = 40.591 us, max = 186.700 us, min = 11.000 us, total = 446.500 us
Execution time:  mean = 153.209 us, total = 1.685 ms
Event stats:
	PeriodicalRunner.RunFnPeriodically - 3 total (1 active, 1 running), Execution time: mean = 10.100 us, total = 30.300 us, Queueing time: mean = 101.833 us, max = 186.700 us, min = 118.800 us, total = 305.500 us
	WorkerInfoGcsService.grpc_client.AddWorkerInfo.OnReplyReceived - 1 total (0 active), Execution time: mean = 31.300 us, total = 31.300 us, Queueing time: mean = 11.000 us, max = 11.000 us, min = 11.000 us, total = 11.000 us
	Publisher.CheckDeadSubscribers - 1 total (1 active), Execution time: mean = 0.000 s, total = 0.000 s, Queueing time: mean = 0.000 s, max = -0.000 s, min = 9223372036.855 s, total = 0.000 s
	WorkerInfoGcsService.grpc_client.AddWorkerInfo - 1 total (0 active), Execution time: mean = 657.400 us, total = 657.400 us, Queueing time: mean = 0.000 s, max = -0.000 s, min = 9223372036.855 s, total = 0.000 s
	InternalPubSubGcsService.grpc_client.GcsSubscriberCommandBatch.OnReplyReceived - 1 total (0 active), Execution time: mean = 133.600 us, total = 133.600 us, Queueing time: mean = 130.000 us, max = 130.000 us, min = 130.000 us, total = 130.000 us
	CoreWorker.ExitIfParentRayletDies - 1 total (1 active), Execution time: mean = 0.000 s, total = 0.000 s, Queueing time: mean = 0.000 s, max = -0.000 s, min = 9223372036.855 s, total = 0.000 s
	InternalPubSubGcsService.grpc_client.GcsSubscriberCommandBatch - 1 total (0 active), Execution time: mean = 832.700 us, total = 832.700 us, Queueing time: mean = 0.000 s, max = -0.000 s, min = 9223372036.855 s, total = 0.000 s
	NodeInfoGcsService.grpc_client.GetAllNodeInfo - 1 total (1 active), Execution time: mean = 0.000 s, total = 0.000 s, Queueing time: mean = 0.000 s, max = -0.000 s, min = 9223372036.855 s, total = 0.000 s
	InternalPubSubGcsService.grpc_client.GcsSubscriberPoll - 1 total (1 active), Execution time: mean = 0.000 s, total = 0.000 s, Queueing time: mean = 0.000 s, max = -0.000 s, min = 9223372036.855 s, total = 0.000 s

-----------------
Task Event stats:

IO Service Stats:

Global stats: 4 total (2 active)
Queueing time: mean = 105.700 us, max = 422.800 us, min = 422.800 us, total = 422.800 us
Execution time:  mean = 154.025 us, total = 616.100 us
Event stats:
	CoreWorker.deadline_timer.flush_task_events - 1 total (1 active), Execution time: mean = 0.000 s, total = 0.000 s, Queueing time: mean = 0.000 s, max = -0.000 s, min = 9223372036.855 s, total = 0.000 s
	TaskInfoGcsService.grpc_client.AddTaskEventData.OnReplyReceived - 1 total (1 active), Execution time: mean = 0.000 s, total = 0.000 s, Queueing time: mean = 0.000 s, max = -0.000 s, min = 9223372036.855 s, total = 0.000 s
	PeriodicalRunner.RunFnPeriodically - 1 total (0 active), Execution time: mean = 122.800 us, total = 122.800 us, Queueing time: mean = 422.800 us, max = 422.800 us, min = 422.800 us, total = 422.800 us
	TaskInfoGcsService.grpc_client.AddTaskEventData - 1 total (0 active), Execution time: mean = 493.300 us, total = 493.300 us, Queueing time: mean = 0.000 s, max = -0.000 s, min = 9223372036.855 s, total = 0.000 s
Other Stats:
	grpc_in_progress:1
	current number of task status events in buffer: 0
	current number of profile events in buffer: 0
	current number of dropped task attempts tracked: 0
	total task events sent: 0 MiB
	total number of task attempts sent: 0
	total number of task attempts dropped reported: 0
	total number of sent failure: 0
	num status task events dropped: 0
	num profile task events dropped: 0


[2024-09-05 17:50:14,549 I 12836 17564] accessor.cc:627: Received notification for node id = a0146ca749ab81b1c91d2bea495916f8150c04bbc626337c258192cb, IsAlive = 1
[2024-09-05 17:50:14,549 I 12836 17564] core_worker.cc:4552: Number of alive nodes:1
[2024-09-05 17:50:14,550 I 12836 7208] event.cc:234: Set ray event level to warning
[2024-09-05 17:50:14,550 I 12836 7208] event.cc:342: Ray Event initialized for CORE_WORKER
[2024-09-05 17:50:15,746 I 12836 7208] core_worker.cc:835: Exit signal received, this process will exit after all outstanding tasks have finished, exit_type=SYSTEM_ERROR, detail=Worker exits unexpectedly by a signal. SystemExit is raised (sys.exit is called). Exit code: 1. The process receives a SIGTERM.
[2024-09-05 17:50:15,747 I 12836 7208] core_worker.cc:772: Disconnecting to the raylet.
[2024-09-05 17:50:15,747 I 12836 7208] raylet_client.cc:163: RayletClient::Disconnect, exit_type=SYSTEM_ERROR, exit_detail=Worker exits unexpectedly by a signal. SystemExit is raised (sys.exit is called). Exit code: 1. The process receives a SIGTERM., has creation_task_exception_pb_bytes=0
[2024-09-05 17:50:15,747 I 12836 7208] core_worker.cc:694: Shutting down a core worker.
[2024-09-05 17:50:15,747 I 12836 7208] task_event_buffer.cc:188: Shutting down TaskEventBuffer.
[2024-09-05 17:50:15,747 I 12836 17760] task_event_buffer.cc:170: Task event buffer io service stopped.
[2024-09-05 17:50:15,747 I 12836 7208] core_worker.cc:720: Disconnecting a GCS client.
[2024-09-05 17:50:15,747 I 12836 7208] core_worker.cc:724: Waiting for joining a core worker io thread. If it hangs here, there might be deadlock or a high load in the core worker io service.
[2024-09-05 17:50:15,748 I 12836 17564] core_worker.cc:943: Core worker main io service stopped.
[2024-09-05 17:50:15,755 I 12836 7208] core_worker.cc:737: Core worker ready to be deallocated.
[2024-09-05 17:50:15,755 I 12836 7208] core_worker_process.cc:243: Task execution loop terminated. Removing the global worker.
[2024-09-05 17:50:15,755 I 12836 7208] core_worker.cc:685: Core worker is destructed
[2024-09-05 17:50:15,755 I 12836 7208] task_event_buffer.cc:188: Shutting down TaskEventBuffer.
[2024-09-05 17:50:15,853 I 12836 7208] core_worker_process.cc:148: Destructing CoreWorkerProcessImpl. pid: 12836
[2024-09-05 17:50:15,853 I 12836 7208] io_service_pool.cc:47: IOServicePool is stopped.
