[2024-09-05 17:50:13,627 I 8164 15884] core_worker_process.cc:107: Constructing CoreWorkerProcess. pid: 8164
[2024-09-05 17:50:13,630 I 8164 15884] io_service_pool.cc:35: IOServicePool is running with 1 io_service.
[2024-09-05 17:50:14,700 I 8164 15884] grpc_server.cc:129: driver server started, listening on port 55336.
[2024-09-05 17:50:14,703 I 8164 15884] core_worker.cc:252: Initializing worker at address: 127.0.0.1:55336, worker ID 01000000ffffffffffffffffffffffffffffffffffffffffffffffff, raylet a0146ca749ab81b1c91d2bea495916f8150c04bbc626337c258192cb
[2024-09-05 17:50:14,705 I 8164 15884] task_event_buffer.cc:177: Reporting task events to GCS every 1000ms.
[2024-09-05 17:50:14,706 I 8164 1880] accessor.cc:627: Received notification for node id = a0146ca749ab81b1c91d2bea495916f8150c04bbc626337c258192cb, IsAlive = 1
[2024-09-05 17:50:14,706 I 8164 1880] core_worker.cc:4552: Number of alive nodes:1
[2024-09-05 17:50:14,706 I 8164 1880] core_worker.cc:614: Event stats:


Global stats: 10 total (3 active)
Queueing time: mean = 1.611 us, max = 5.165 us, min = 3.473 us, total = 16.114 us
Execution time:  mean = 77.207 us, total = 772.065 us
Event stats:
	PeriodicalRunner.RunFnPeriodically - 2 total (1 active, 1 running), Execution time: mean = 2.791 us, total = 5.581 us, Queueing time: mean = 1.798 us, max = 3.597 us, min = 3.597 us, total = 3.597 us
	NodeInfoGcsService.grpc_client.GetAllNodeInfo - 1 total (0 active), Execution time: mean = 165.626 us, total = 165.626 us, Queueing time: mean = 0.000 s, max = -0.000 s, min = 9223372036.855 s, total = 0.000 s
	InternalPubSubGcsService.grpc_client.GcsSubscriberPoll - 1 total (1 active), Execution time: mean = 0.000 s, total = 0.000 s, Queueing time: mean = 0.000 s, max = -0.000 s, min = 9223372036.855 s, total = 0.000 s
	NodeInfoGcsService.grpc_client.GetAllNodeInfo.OnReplyReceived - 1 total (0 active), Execution time: mean = 55.948 us, total = 55.948 us, Queueing time: mean = 3.879 us, max = 3.879 us, min = 3.879 us, total = 3.879 us
	WorkerInfoGcsService.grpc_client.AddWorkerInfo.OnReplyReceived - 1 total (0 active), Execution time: mean = 23.428 us, total = 23.428 us, Queueing time: mean = 5.165 us, max = 5.165 us, min = 5.165 us, total = 5.165 us
	Publisher.CheckDeadSubscribers - 1 total (1 active), Execution time: mean = 0.000 s, total = 0.000 s, Queueing time: mean = 0.000 s, max = -0.000 s, min = 9223372036.855 s, total = 0.000 s
	WorkerInfoGcsService.grpc_client.AddWorkerInfo - 1 total (0 active), Execution time: mean = 258.506 us, total = 258.506 us, Queueing time: mean = 0.000 s, max = -0.000 s, min = 9223372036.855 s, total = 0.000 s
	InternalPubSubGcsService.grpc_client.GcsSubscriberCommandBatch.OnReplyReceived - 1 total (0 active), Execution time: mean = 75.280 us, total = 75.280 us, Queueing time: mean = 3.473 us, max = 3.473 us, min = 3.473 us, total = 3.473 us
	InternalPubSubGcsService.grpc_client.GcsSubscriberCommandBatch - 1 total (0 active), Execution time: mean = 187.696 us, total = 187.696 us, Queueing time: mean = 0.000 s, max = -0.000 s, min = 9223372036.855 s, total = 0.000 s

-----------------
Task Event stats:

IO Service Stats:

Global stats: 4 total (1 active)
Queueing time: mean = 1.966 us, max = 3.940 us, min = 3.924 us, total = 7.864 us
Execution time:  mean = 65.368 us, total = 261.473 us
Event stats:
	CoreWorker.deadline_timer.flush_task_events - 1 total (1 active), Execution time: mean = 0.000 s, total = 0.000 s, Queueing time: mean = 0.000 s, max = -0.000 s, min = 9223372036.855 s, total = 0.000 s
	TaskInfoGcsService.grpc_client.AddTaskEventData - 1 total (0 active), Execution time: mean = 165.851 us, total = 165.851 us, Queueing time: mean = 0.000 s, max = -0.000 s, min = 9223372036.855 s, total = 0.000 s
	TaskInfoGcsService.grpc_client.AddTaskEventData.OnReplyReceived - 1 total (0 active), Execution time: mean = 13.386 us, total = 13.386 us, Queueing time: mean = 3.924 us, max = 3.924 us, min = 3.924 us, total = 3.924 us
	PeriodicalRunner.RunFnPeriodically - 1 total (0 active), Execution time: mean = 82.236 us, total = 82.236 us, Queueing time: mean = 3.940 us, max = 3.940 us, min = 3.940 us, total = 3.940 us
Other Stats:
	grpc_in_progress:0
	current number of task status events in buffer: 1
	current number of profile events in buffer: 0
	current number of dropped task attempts tracked: 0
	total task events sent: 0 MiB
	total number of task attempts sent: 0
	total number of task attempts dropped reported: 0
	total number of sent failure: 0
	num status task events dropped: 0
	num profile task events dropped: 0


[2024-09-05 17:50:14,708 I 8164 15884] event.cc:234: Set ray event level to warning
[2024-09-05 17:50:14,708 I 8164 15884] event.cc:342: Ray Event initialized for CORE_WORKER
[2024-09-05 17:50:15,395 I 8164 15884] core_worker.cc:772: Disconnecting to the raylet.
[2024-09-05 17:50:15,396 I 8164 15884] raylet_client.cc:163: RayletClient::Disconnect, exit_type=INTENDED_USER_EXIT, exit_detail=Shutdown by ray.shutdown()., has creation_task_exception_pb_bytes=0
[2024-09-05 17:50:15,396 I 8164 15884] core_worker.cc:694: Shutting down a core worker.
[2024-09-05 17:50:15,396 I 8164 15884] task_event_buffer.cc:188: Shutting down TaskEventBuffer.
[2024-09-05 17:50:15,396 I 8164 19368] task_event_buffer.cc:170: Task event buffer io service stopped.
[2024-09-05 17:50:15,396 I 8164 15884] core_worker.cc:720: Disconnecting a GCS client.
[2024-09-05 17:50:15,396 I 8164 15884] core_worker.cc:724: Waiting for joining a core worker io thread. If it hangs here, there might be deadlock or a high load in the core worker io service.
[2024-09-05 17:50:15,396 I 8164 1880] core_worker.cc:943: Core worker main io service stopped.
[2024-09-05 17:50:15,398 I 8164 15884] core_worker.cc:737: Core worker ready to be deallocated.
[2024-09-05 17:50:15,398 I 8164 15884] core_worker.cc:685: Core worker is destructed
[2024-09-05 17:50:15,398 I 8164 15884] task_event_buffer.cc:188: Shutting down TaskEventBuffer.
[2024-09-05 17:50:15,400 I 8164 15884] core_worker_process.cc:148: Destructing CoreWorkerProcessImpl. pid: 8164
[2024-09-05 17:50:15,400 I 8164 15884] io_service_pool.cc:47: IOServicePool is stopped.
[2024-09-05 17:50:15,730 I 8164 15884] stats.h:120: Stats module has shutdown.
