[2024-09-05 17:50:14,511 I 3268 4068] core_worker_process.cc:107: Constructing CoreWorkerProcess. pid: 3268
[2024-09-05 17:50:14,514 I 3268 4068] io_service_pool.cc:35: IOServicePool is running with 1 io_service.
[2024-09-05 17:50:14,517 I 3268 4068] grpc_server.cc:129: worker server started, listening on port 55247.
[2024-09-05 17:50:14,523 I 3268 4068] core_worker.cc:252: Initializing worker at address: 127.0.0.1:55247, worker ID cc11bb817d323d2c1c8fc8004fd4a7c75df1b045a2049449f3902862, raylet a0146ca749ab81b1c91d2bea495916f8150c04bbc626337c258192cb
[2024-09-05 17:50:14,524 I 3268 4068] task_event_buffer.cc:177: Reporting task events to GCS every 1000ms.
[2024-09-05 17:50:14,526 I 3268 17000] core_worker.cc:614: Event stats:


Global stats: 11 total (5 active)
Queueing time: mean = 360.473 us, max = 1.883 ms, min = 445.200 us, total = 3.965 ms
Execution time:  mean = 122.273 us, total = 1.345 ms
Event stats:
	PeriodicalRunner.RunFnPeriodically - 3 total (1 active, 1 running), Execution time: mean = 11.367 us, total = 34.100 us, Queueing time: mean = 974.900 us, max = 1.883 ms, min = 1.042 ms, total = 2.925 ms
	WorkerInfoGcsService.grpc_client.AddWorkerInfo - 1 total (0 active), Execution time: mean = 486.000 us, total = 486.000 us, Queueing time: mean = 0.000 s, max = -0.000 s, min = 9223372036.855 s, total = 0.000 s
	WorkerInfoGcsService.grpc_client.AddWorkerInfo.OnReplyReceived - 1 total (0 active), Execution time: mean = 39.800 us, total = 39.800 us, Queueing time: mean = 595.300 us, max = 595.300 us, min = 595.300 us, total = 595.300 us
	InternalPubSubGcsService.grpc_client.GcsSubscriberCommandBatch.OnReplyReceived - 1 total (0 active), Execution time: mean = 232.200 us, total = 232.200 us, Queueing time: mean = 445.200 us, max = 445.200 us, min = 445.200 us, total = 445.200 us
	CoreWorker.ExitIfParentRayletDies - 1 total (1 active), Execution time: mean = 0.000 s, total = 0.000 s, Queueing time: mean = 0.000 s, max = -0.000 s, min = 9223372036.855 s, total = 0.000 s
	InternalPubSubGcsService.grpc_client.GcsSubscriberCommandBatch - 1 total (0 active), Execution time: mean = 552.900 us, total = 552.900 us, Queueing time: mean = 0.000 s, max = -0.000 s, min = 9223372036.855 s, total = 0.000 s
	Publisher.CheckDeadSubscribers - 1 total (1 active), Execution time: mean = 0.000 s, total = 0.000 s, Queueing time: mean = 0.000 s, max = -0.000 s, min = 9223372036.855 s, total = 0.000 s
	NodeInfoGcsService.grpc_client.GetAllNodeInfo - 1 total (1 active), Execution time: mean = 0.000 s, total = 0.000 s, Queueing time: mean = 0.000 s, max = -0.000 s, min = 9223372036.855 s, total = 0.000 s
	InternalPubSubGcsService.grpc_client.GcsSubscriberPoll - 1 total (1 active), Execution time: mean = 0.000 s, total = 0.000 s, Queueing time: mean = 0.000 s, max = -0.000 s, min = 9223372036.855 s, total = 0.000 s

-----------------
Task Event stats:

IO Service Stats:

Global stats: 4 total (1 active)
Queueing time: mean = 99.400 us, max = 387.500 us, min = 10.100 us, total = 397.600 us
Execution time:  mean = 183.500 us, total = 734.000 us
Event stats:
	CoreWorker.deadline_timer.flush_task_events - 1 total (1 active), Execution time: mean = 0.000 s, total = 0.000 s, Queueing time: mean = 0.000 s, max = -0.000 s, min = 9223372036.855 s, total = 0.000 s
	TaskInfoGcsService.grpc_client.AddTaskEventData - 1 total (0 active), Execution time: mean = 530.500 us, total = 530.500 us, Queueing time: mean = 0.000 s, max = -0.000 s, min = 9223372036.855 s, total = 0.000 s
	TaskInfoGcsService.grpc_client.AddTaskEventData.OnReplyReceived - 1 total (0 active), Execution time: mean = 26.000 us, total = 26.000 us, Queueing time: mean = 10.100 us, max = 10.100 us, min = 10.100 us, total = 10.100 us
	PeriodicalRunner.RunFnPeriodically - 1 total (0 active), Execution time: mean = 177.500 us, total = 177.500 us, Queueing time: mean = 387.500 us, max = 387.500 us, min = 387.500 us, total = 387.500 us
Other Stats:
	grpc_in_progress:0
	current number of task status events in buffer: 0
	current number of profile events in buffer: 0
	current number of dropped task attempts tracked: 0
	total task events sent: 0 MiB
	total number of task attempts sent: 0
	total number of task attempts dropped reported: 0
	total number of sent failure: 0
	num status task events dropped: 0
	num profile task events dropped: 0


[2024-09-05 17:50:14,526 I 3268 17000] accessor.cc:627: Received notification for node id = a0146ca749ab81b1c91d2bea495916f8150c04bbc626337c258192cb, IsAlive = 1
[2024-09-05 17:50:14,526 I 3268 17000] core_worker.cc:4552: Number of alive nodes:1
[2024-09-05 17:50:14,528 I 3268 4068] event.cc:234: Set ray event level to warning
[2024-09-05 17:50:14,528 I 3268 4068] event.cc:342: Ray Event initialized for CORE_WORKER
[2024-09-05 17:50:15,745 I 3268 4068] core_worker.cc:835: Exit signal received, this process will exit after all outstanding tasks have finished, exit_type=SYSTEM_ERROR, detail=Worker exits unexpectedly by a signal. SystemExit is raised (sys.exit is called). Exit code: 1. The process receives a SIGTERM.
[2024-09-05 17:50:15,747 I 3268 4068] core_worker.cc:772: Disconnecting to the raylet.
[2024-09-05 17:50:15,747 I 3268 4068] raylet_client.cc:163: RayletClient::Disconnect, exit_type=SYSTEM_ERROR, exit_detail=Worker exits unexpectedly by a signal. SystemExit is raised (sys.exit is called). Exit code: 1. The process receives a SIGTERM., has creation_task_exception_pb_bytes=0
[2024-09-05 17:50:15,747 I 3268 4068] core_worker.cc:694: Shutting down a core worker.
[2024-09-05 17:50:15,747 I 3268 4068] task_event_buffer.cc:188: Shutting down TaskEventBuffer.
[2024-09-05 17:50:15,747 I 3268 17284] task_event_buffer.cc:170: Task event buffer io service stopped.
[2024-09-05 17:50:15,748 I 3268 4068] core_worker.cc:720: Disconnecting a GCS client.
[2024-09-05 17:50:15,748 I 3268 4068] core_worker.cc:724: Waiting for joining a core worker io thread. If it hangs here, there might be deadlock or a high load in the core worker io service.
[2024-09-05 17:50:15,748 I 3268 17000] core_worker.cc:943: Core worker main io service stopped.
[2024-09-05 17:50:15,757 I 3268 4068] core_worker.cc:737: Core worker ready to be deallocated.
[2024-09-05 17:50:15,757 I 3268 4068] core_worker_process.cc:243: Task execution loop terminated. Removing the global worker.
[2024-09-05 17:50:15,757 I 3268 4068] core_worker.cc:685: Core worker is destructed
[2024-09-05 17:50:15,757 I 3268 4068] task_event_buffer.cc:188: Shutting down TaskEventBuffer.
[2024-09-05 17:50:15,838 I 3268 4068] core_worker_process.cc:148: Destructing CoreWorkerProcessImpl. pid: 3268
[2024-09-05 17:50:15,838 I 3268 4068] io_service_pool.cc:47: IOServicePool is stopped.
