[2024-09-05 17:50:14,584 I 15124 8624] core_worker_process.cc:107: Constructing CoreWorkerProcess. pid: 15124
[2024-09-05 17:50:14,587 I 15124 8624] io_service_pool.cc:35: IOServicePool is running with 1 io_service.
[2024-09-05 17:50:14,589 I 15124 8624] grpc_server.cc:129: worker server started, listening on port 55309.
[2024-09-05 17:50:14,594 I 15124 8624] core_worker.cc:252: Initializing worker at address: 127.0.0.1:55309, worker ID 07365babfdbaac42575c0f1b5e4d26be1f4ed1b3fa026fd2ef710fab, raylet a0146ca749ab81b1c91d2bea495916f8150c04bbc626337c258192cb
[2024-09-05 17:50:14,595 I 15124 8624] task_event_buffer.cc:177: Reporting task events to GCS every 1000ms.
[2024-09-05 17:50:14,595 I 15124 18764] accessor.cc:627: Received notification for node id = a0146ca749ab81b1c91d2bea495916f8150c04bbc626337c258192cb, IsAlive = 1
[2024-09-05 17:50:14,595 I 15124 18764] core_worker.cc:4552: Number of alive nodes:1
[2024-09-05 17:50:14,596 I 15124 18764] core_worker.cc:614: Event stats:


Global stats: 12 total (4 active)
Queueing time: mean = 17.750 us, max = 191.800 us, min = 4.100 us, total = 213.000 us
Execution time:  mean = 73.217 us, total = 878.600 us
Event stats:
	PeriodicalRunner.RunFnPeriodically - 3 total (1 active, 1 running), Execution time: mean = 10.233 us, total = 30.700 us, Queueing time: mean = 65.300 us, max = 191.800 us, min = 4.100 us, total = 195.900 us
	InternalPubSubGcsService.grpc_client.GcsSubscriberCommandBatch.OnReplyReceived - 1 total (0 active), Execution time: mean = 95.700 us, total = 95.700 us, Queueing time: mean = 7.300 us, max = 7.300 us, min = 7.300 us, total = 7.300 us
	InternalPubSubGcsService.grpc_client.GcsSubscriberPoll - 1 total (1 active), Execution time: mean = 0.000 s, total = 0.000 s, Queueing time: mean = 0.000 s, max = -0.000 s, min = 9223372036.855 s, total = 0.000 s
	NodeInfoGcsService.grpc_client.GetAllNodeInfo - 1 total (0 active), Execution time: mean = 206.800 us, total = 206.800 us, Queueing time: mean = 0.000 s, max = -0.000 s, min = 9223372036.855 s, total = 0.000 s
	NodeInfoGcsService.grpc_client.GetAllNodeInfo.OnReplyReceived - 1 total (0 active), Execution time: mean = 60.000 us, total = 60.000 us, Queueing time: mean = 5.000 us, max = 5.000 us, min = 5.000 us, total = 5.000 us
	WorkerInfoGcsService.grpc_client.AddWorkerInfo - 1 total (0 active), Execution time: mean = 243.500 us, total = 243.500 us, Queueing time: mean = 0.000 s, max = -0.000 s, min = 9223372036.855 s, total = 0.000 s
	WorkerInfoGcsService.grpc_client.AddWorkerInfo.OnReplyReceived - 1 total (0 active), Execution time: mean = 24.200 us, total = 24.200 us, Queueing time: mean = 4.800 us, max = 4.800 us, min = 4.800 us, total = 4.800 us
	Publisher.CheckDeadSubscribers - 1 total (1 active), Execution time: mean = 0.000 s, total = 0.000 s, Queueing time: mean = 0.000 s, max = -0.000 s, min = 9223372036.855 s, total = 0.000 s
	CoreWorker.ExitIfParentRayletDies - 1 total (1 active), Execution time: mean = 0.000 s, total = 0.000 s, Queueing time: mean = 0.000 s, max = -0.000 s, min = 9223372036.855 s, total = 0.000 s
	InternalPubSubGcsService.grpc_client.GcsSubscriberCommandBatch - 1 total (0 active), Execution time: mean = 217.700 us, total = 217.700 us, Queueing time: mean = 0.000 s, max = -0.000 s, min = 9223372036.855 s, total = 0.000 s

-----------------
Task Event stats:

IO Service Stats:

Global stats: 4 total (1 active)
Queueing time: mean = 2.050 us, max = 4.100 us, min = 4.100 us, total = 8.200 us
Execution time:  mean = 72.150 us, total = 288.600 us
Event stats:
	PeriodicalRunner.RunFnPeriodically - 1 total (0 active), Execution time: mean = 88.800 us, total = 88.800 us, Queueing time: mean = 4.100 us, max = 4.100 us, min = 4.100 us, total = 4.100 us
	TaskInfoGcsService.grpc_client.AddTaskEventData - 1 total (0 active), Execution time: mean = 180.500 us, total = 180.500 us, Queueing time: mean = 0.000 s, max = -0.000 s, min = 9223372036.855 s, total = 0.000 s
	CoreWorker.deadline_timer.flush_task_events - 1 total (1 active), Execution time: mean = 0.000 s, total = 0.000 s, Queueing time: mean = 0.000 s, max = -0.000 s, min = 9223372036.855 s, total = 0.000 s
	TaskInfoGcsService.grpc_client.AddTaskEventData.OnReplyReceived - 1 total (0 active), Execution time: mean = 19.300 us, total = 19.300 us, Queueing time: mean = 4.100 us, max = 4.100 us, min = 4.100 us, total = 4.100 us
Other Stats:
	grpc_in_progress:0
	current number of task status events in buffer: 0
	current number of profile events in buffer: 0
	current number of dropped task attempts tracked: 0
	total task events sent: 0 MiB
	total number of task attempts sent: 0
	total number of task attempts dropped reported: 0
	total number of sent failure: 0
	num status task events dropped: 0
	num profile task events dropped: 0


[2024-09-05 17:50:14,597 I 15124 8624] event.cc:234: Set ray event level to warning
[2024-09-05 17:50:14,597 I 15124 8624] event.cc:342: Ray Event initialized for CORE_WORKER
[2024-09-05 17:50:15,746 I 15124 8624] core_worker.cc:835: Exit signal received, this process will exit after all outstanding tasks have finished, exit_type=SYSTEM_ERROR, detail=Worker exits unexpectedly by a signal. SystemExit is raised (sys.exit is called). Exit code: 1. The process receives a SIGTERM.
[2024-09-05 17:50:15,747 I 15124 8624] core_worker.cc:772: Disconnecting to the raylet.
[2024-09-05 17:50:15,747 I 15124 8624] raylet_client.cc:163: RayletClient::Disconnect, exit_type=SYSTEM_ERROR, exit_detail=Worker exits unexpectedly by a signal. SystemExit is raised (sys.exit is called). Exit code: 1. The process receives a SIGTERM., has creation_task_exception_pb_bytes=0
[2024-09-05 17:50:15,747 I 15124 8624] core_worker.cc:694: Shutting down a core worker.
[2024-09-05 17:50:15,747 I 15124 8624] task_event_buffer.cc:188: Shutting down TaskEventBuffer.
[2024-09-05 17:50:15,747 I 15124 18844] task_event_buffer.cc:170: Task event buffer io service stopped.
[2024-09-05 17:50:15,747 I 15124 8624] core_worker.cc:720: Disconnecting a GCS client.
[2024-09-05 17:50:15,747 I 15124 8624] core_worker.cc:724: Waiting for joining a core worker io thread. If it hangs here, there might be deadlock or a high load in the core worker io service.
[2024-09-05 17:50:15,748 I 15124 18764] core_worker.cc:943: Core worker main io service stopped.
[2024-09-05 17:50:15,756 I 15124 8624] core_worker.cc:737: Core worker ready to be deallocated.
[2024-09-05 17:50:15,756 I 15124 8624] core_worker_process.cc:243: Task execution loop terminated. Removing the global worker.
[2024-09-05 17:50:15,756 I 15124 8624] core_worker.cc:685: Core worker is destructed
[2024-09-05 17:50:15,756 I 15124 8624] task_event_buffer.cc:188: Shutting down TaskEventBuffer.
[2024-09-05 17:50:15,899 I 15124 8624] core_worker_process.cc:148: Destructing CoreWorkerProcessImpl. pid: 15124
[2024-09-05 17:50:15,899 I 15124 8624] io_service_pool.cc:47: IOServicePool is stopped.
