[2024-09-05 17:50:13,534 I 12256 6212] (raylet.exe) main.cc:176: Setting cluster ID to: d0838f5c0f050d25a3f00be61554be2593ba9a296e5b20243a9318c2
[2024-09-05 17:50:13,569 I 12256 6212] (raylet.exe) main.cc:396: Raylet is not set to kill unknown children.
[2024-09-05 17:50:13,570 I 12256 6212] (raylet.exe) io_service_pool.cc:35: IOServicePool is running with 1 io_service.
[2024-09-05 17:50:13,572 I 12256 6212] (raylet.exe) store_runner.cc:32: Allowing the Plasma store to use up to 2.5345GB of memory.
[2024-09-05 17:50:13,572 I 12256 6212] (raylet.exe) store_runner.cc:48: Starting object store with directory C:\Users\colam\AppData\Local\Temp, fallback D:\Programme\Nextcloud\00_Eigene_Dateien\Programmieren\dl_reference_models\experiments\results, and huge page support disabled
[2024-09-05 17:50:13,574 I 12256 11180] (raylet.exe) store.cc:564: ========== Plasma store: =================
Current usage: 0 / 2.5345 GB
- num bytes created total: 0
0 pending objects of total size 0MB
- objects spillable: 0
- bytes spillable: 0
- objects unsealed: 0
- bytes unsealed: 0
- objects in use: 0
- bytes in use: 0
- objects evictable: 0
- bytes evictable: 0

- objects created by worker: 0
- bytes created by worker: 0
- objects restored: 0
- bytes restored: 0
- objects received: 0
- bytes received: 0
- objects errored: 0
- bytes errored: 0

[2024-09-05 17:50:13,585 I 12256 6212] (raylet.exe) grpc_server.cc:129: ObjectManager server started, listening on port 55208.
[2024-09-05 17:50:13,589 I 12256 6212] (raylet.exe) worker_killing_policy.cc:101: Running GroupByOwner policy.
[2024-09-05 17:50:13,589 W 12256 6212] (raylet.exe) memory_monitor.cc:67: Not running MemoryMonitor. It is currently supported only on Linux.
[2024-09-05 17:50:13,589 I 12256 6212] (raylet.exe) node_manager.cc:282: Initializing NodeManager with ID a0146ca749ab81b1c91d2bea495916f8150c04bbc626337c258192cb
[2024-09-05 17:50:13,590 I 12256 6212] (raylet.exe) grpc_server.cc:129: NodeManager server started, listening on port 55210.
[2024-09-05 17:50:13,598 I 12256 8796] (raylet.exe) agent_manager.cc:78: Monitor agent process with name dashboard_agent/15724
[2024-09-05 17:50:13,601 I 12256 2624] (raylet.exe) agent_manager.cc:78: Monitor agent process with name runtime_env_agent
[2024-09-05 17:50:13,605 I 12256 6212] (raylet.exe) event.cc:234: Set ray event level to warning
[2024-09-05 17:50:13,605 I 12256 6212] (raylet.exe) event.cc:342: Ray Event initialized for RAYLET
[2024-09-05 17:50:13,606 I 12256 6212] (raylet.exe) raylet.cc:128: Raylet of id, a0146ca749ab81b1c91d2bea495916f8150c04bbc626337c258192cb started. Raylet consists of node_manager and object_manager. node_manager address: 127.0.0.1:55210 object_manager address: 127.0.0.1:55208 hostname: MININT-EJD2ILQ
[2024-09-05 17:50:13,611 I 12256 6212] (raylet.exe) node_manager.cc:502: [state-dump] NodeManager:
[state-dump] Node ID: a0146ca749ab81b1c91d2bea495916f8150c04bbc626337c258192cb
[state-dump] Node name: 127.0.0.1
[state-dump] InitialConfigResources: {GPU: 10000, memory: 50689941510000, object_store_memory: 25344970750000, accelerator_type:G: 10000, node:127.0.0.1: 10000, CPU: 160000, node:__internal_head__: 10000}
[state-dump] ClusterTaskManager:
[state-dump] ========== Node: a0146ca749ab81b1c91d2bea495916f8150c04bbc626337c258192cb =================
[state-dump] Infeasible queue length: 0
[state-dump] Schedule queue length: 0
[state-dump] Dispatch queue length: 0
[state-dump] num_waiting_for_resource: 0
[state-dump] num_waiting_for_plasma_memory: 0
[state-dump] num_waiting_for_remote_node_resources: 0
[state-dump] num_worker_not_started_by_job_config_not_exist: 0
[state-dump] num_worker_not_started_by_registration_timeout: 0
[state-dump] num_tasks_waiting_for_workers: 0
[state-dump] num_cancelled_tasks: 0
[state-dump] cluster_resource_scheduler state: 
[state-dump] Local id: -4013039041864327729 Local resources: {"total":{CPU: [160000], memory: [50689941510000], GPU: [10000], object_store_memory: [25344970750000], node:__internal_head__: [10000], node:127.0.0.1: [10000], accelerator_type:G: [10000]}}, "available": {node:__internal_head__: [10000], node:127.0.0.1: [10000], accelerator_type:G: [10000], GPU: [10000], CPU: [160000], memory: [50689941510000], object_store_memory: [25344970750000]}}, "labels":{"ray.io/node_id":"a0146ca749ab81b1c91d2bea495916f8150c04bbc626337c258192cb",} is_draining: 0 is_idle: 1 Cluster resources: node id: -4013039041864327729{"total":{CPU: 160000, accelerator_type:G: 10000, memory: 50689941510000, GPU: 10000, node:__internal_head__: 10000, node:127.0.0.1: 10000, object_store_memory: 25344970750000}}, "available": {CPU: 160000, accelerator_type:G: 10000, memory: 50689941510000, GPU: 10000, node:__internal_head__: 10000, node:127.0.0.1: 10000, object_store_memory: 25344970750000}}, "labels":{"ray.io/node_id":"a0146ca749ab81b1c91d2bea495916f8150c04bbc626337c258192cb",}, "is_draining": 0, "draining_deadline_timestamp_ms": -1} { "placment group locations": [], "node to bundles": []}
[state-dump] Waiting tasks size: 0
[state-dump] Number of executing tasks: 0
[state-dump] Number of pinned task arguments: 0
[state-dump] Number of total spilled tasks: 0
[state-dump] Number of spilled waiting tasks: 0
[state-dump] Number of spilled unschedulable tasks: 0
[state-dump] Resource usage {
[state-dump] }
[state-dump] Running tasks by scheduling class:
[state-dump] ==================================================
[state-dump] 
[state-dump] ClusterResources:
[state-dump] LocalObjectManager:
[state-dump] - num pinned objects: 0
[state-dump] - pinned objects size: 0
[state-dump] - num objects pending restore: 0
[state-dump] - num objects pending spill: 0
[state-dump] - num bytes pending spill: 0
[state-dump] - num bytes currently spilled: 0
[state-dump] - cumulative spill requests: 0
[state-dump] - cumulative restore requests: 0
[state-dump] - spilled objects pending delete: 0
[state-dump] 
[state-dump] ObjectManager:
[state-dump] - num local objects: 0
[state-dump] - num unfulfilled push requests: 0
[state-dump] - num object pull requests: 0
[state-dump] - num chunks received total: 0
[state-dump] - num chunks received failed (all): 0
[state-dump] - num chunks received failed / cancelled: 0
[state-dump] - num chunks received failed / plasma error: 0
[state-dump] Event stats:
[state-dump] Global stats: 0 total (0 active)
[state-dump] Queueing time: mean = -nan(ind) s, max = -0.000 s, min = 9223372036.855 s, total = 0.000 s
[state-dump] Execution time:  mean = -nan(ind) s, total = 0.000 s
[state-dump] Event stats:
[state-dump] PushManager:
[state-dump] - num pushes in flight: 0
[state-dump] - num chunks in flight: 0
[state-dump] - num chunks remaining: 0
[state-dump] - max chunks allowed: 409
[state-dump] OwnershipBasedObjectDirectory:
[state-dump] - num listeners: 0
[state-dump] - cumulative location updates: 0
[state-dump] - num location updates per second: 0.000
[state-dump] - num location lookups per second: 0.000
[state-dump] - num locations added per second: 0.000
[state-dump] - num locations removed per second: 0.000
[state-dump] BufferPool:
[state-dump] - create buffer state map size: 0
[state-dump] PullManager:
[state-dump] - num bytes available for pulled objects: 2534497075
[state-dump] - num bytes being pulled (all): 0
[state-dump] - num bytes being pulled / pinned: 0
[state-dump] - get request bundles: BundlePullRequestQueue{0 total, 0 active, 0 inactive, 0 unpullable}
[state-dump] - wait request bundles: BundlePullRequestQueue{0 total, 0 active, 0 inactive, 0 unpullable}
[state-dump] - task request bundles: BundlePullRequestQueue{0 total, 0 active, 0 inactive, 0 unpullable}
[state-dump] - first get request bundle: N/A
[state-dump] - first wait request bundle: N/A
[state-dump] - first task request bundle: N/A
[state-dump] - num objects queued: 0
[state-dump] - num objects actively pulled (all): 0
[state-dump] - num objects actively pulled / pinned: 0
[state-dump] - num bundles being pulled: 0
[state-dump] - num pull retries: 0
[state-dump] - max timeout seconds: 0
[state-dump] - max timeout request is already processed. No entry.
[state-dump] 
[state-dump] WorkerPool:
[state-dump] - registered jobs: 0
[state-dump] - process_failed_job_config_missing: 0
[state-dump] - process_failed_rate_limited: 0
[state-dump] - process_failed_pending_registration: 0
[state-dump] - process_failed_runtime_env_setup_failed: 0
[state-dump] - num PYTHON workers: 0
[state-dump] - num PYTHON drivers: 0
[state-dump] - num object spill callbacks queued: 0
[state-dump] - num object restore queued: 0
[state-dump] - num util functions queued: 0
[state-dump] - num idle workers: 0
[state-dump] TaskDependencyManager:
[state-dump] - task deps map size: 0
[state-dump] - get req map size: 0
[state-dump] - wait req map size: 0
[state-dump] - local objects map size: 0
[state-dump] WaitManager:
[state-dump] - num active wait requests: 0
[state-dump] Subscriber:
[state-dump] Channel WORKER_OBJECT_EVICTION
[state-dump] - cumulative subscribe requests: 0
[state-dump] - cumulative unsubscribe requests: 0
[state-dump] - active subscribed publishers: 0
[state-dump] - cumulative published messages: 0
[state-dump] - cumulative processed messages: 0
[state-dump] Channel WORKER_REF_REMOVED_CHANNEL
[state-dump] - cumulative subscribe requests: 0
[state-dump] - cumulative unsubscribe requests: 0
[state-dump] - active subscribed publishers: 0
[state-dump] - cumulative published messages: 0
[state-dump] - cumulative processed messages: 0
[state-dump] Channel WORKER_OBJECT_LOCATIONS_CHANNEL
[state-dump] - cumulative subscribe requests: 0
[state-dump] - cumulative unsubscribe requests: 0
[state-dump] - active subscribed publishers: 0
[state-dump] - cumulative published messages: 0
[state-dump] - cumulative processed messages: 0
[state-dump] num async plasma notifications: 0
[state-dump] Remote node managers: 
[state-dump] Event stats:
[state-dump] Global stats: 29 total (13 active)
[state-dump] Queueing time: mean = 1.789 ms, max = 16.573 ms, min = 4.800 us, total = 51.878 ms
[state-dump] Execution time:  mean = 1.634 ms, total = 47.379 ms
[state-dump] Event stats:
[state-dump] 	PeriodicalRunner.RunFnPeriodically - 10 total (2 active, 1 running), Execution time: mean = 274.560 us, total = 2.746 ms, Queueing time: mean = 5.141 ms, max = 16.573 ms, min = 504.900 us, total = 51.412 ms
[state-dump] 	InternalPubSubGcsService.grpc_client.GcsSubscriberCommandBatch.OnReplyReceived - 2 total (1 active), Execution time: mean = 238.050 us, total = 476.100 us, Queueing time: mean = 90.750 us, max = 181.500 us, min = 181.500 us, total = 181.500 us
[state-dump] 	InternalPubSubGcsService.grpc_client.GcsSubscriberCommandBatch - 2 total (0 active), Execution time: mean = 296.400 us, total = 592.800 us, Queueing time: mean = 0.000 s, max = -0.000 s, min = 9223372036.855 s, total = 0.000 s
[state-dump] 	NodeInfoGcsService.grpc_client.RegisterNode.OnReplyReceived - 1 total (0 active), Execution time: mean = 1.125 ms, total = 1.125 ms, Queueing time: mean = 4.800 us, max = 4.800 us, min = 4.800 us, total = 4.800 us
[state-dump] 	NodeManager.deadline_timer.spill_objects_when_over_threshold - 1 total (1 active), Execution time: mean = 0.000 s, total = 0.000 s, Queueing time: mean = 0.000 s, max = -0.000 s, min = 9223372036.855 s, total = 0.000 s
[state-dump] 	NodeInfoGcsService.grpc_client.GetAllNodeInfo.OnReplyReceived - 1 total (1 active), Execution time: mean = 0.000 s, total = 0.000 s, Queueing time: mean = 0.000 s, max = -0.000 s, min = 9223372036.855 s, total = 0.000 s
[state-dump] 	ClusterResourceManager.ResetRemoteNodeView - 1 total (1 active), Execution time: mean = 0.000 s, total = 0.000 s, Queueing time: mean = 0.000 s, max = -0.000 s, min = 9223372036.855 s, total = 0.000 s
[state-dump] 	NodeInfoGcsService.grpc_client.GetInternalConfig - 1 total (0 active), Execution time: mean = 2.760 ms, total = 2.760 ms, Queueing time: mean = 0.000 s, max = -0.000 s, min = 9223372036.855 s, total = 0.000 s
[state-dump] 	NodeManager.GCTaskFailureReason - 1 total (1 active), Execution time: mean = 0.000 s, total = 0.000 s, Queueing time: mean = 0.000 s, max = -0.000 s, min = 9223372036.855 s, total = 0.000 s
[state-dump] 	NodeInfoGcsService.grpc_client.GetAllNodeInfo - 1 total (0 active), Execution time: mean = 436.800 us, total = 436.800 us, Queueing time: mean = 0.000 s, max = -0.000 s, min = 9223372036.855 s, total = 0.000 s
[state-dump] 	NodeManager.deadline_timer.flush_free_objects - 1 total (1 active), Execution time: mean = 0.000 s, total = 0.000 s, Queueing time: mean = 0.000 s, max = -0.000 s, min = 9223372036.855 s, total = 0.000 s
[state-dump] 	NodeManager.deadline_timer.debug_state_dump - 1 total (1 active), Execution time: mean = 0.000 s, total = 0.000 s, Queueing time: mean = 0.000 s, max = -0.000 s, min = 9223372036.855 s, total = 0.000 s
[state-dump] 	NodeManager.ScheduleAndDispatchTasks - 1 total (1 active), Execution time: mean = 0.000 s, total = 0.000 s, Queueing time: mean = 0.000 s, max = -0.000 s, min = 9223372036.855 s, total = 0.000 s
[state-dump] 	NodeManager.deadline_timer.record_metrics - 1 total (1 active), Execution time: mean = 0.000 s, total = 0.000 s, Queueing time: mean = 0.000 s, max = -0.000 s, min = 9223372036.855 s, total = 0.000 s
[state-dump] 	NodeInfoGcsService.grpc_client.RegisterNode - 1 total (0 active), Execution time: mean = 1.188 ms, total = 1.188 ms, Queueing time: mean = 0.000 s, max = -0.000 s, min = 9223372036.855 s, total = 0.000 s
[state-dump] 	NodeInfoGcsService.grpc_client.GetInternalConfig.OnReplyReceived - 1 total (0 active), Execution time: mean = 38.054 ms, total = 38.054 ms, Queueing time: mean = 279.800 us, max = 279.800 us, min = 279.800 us, total = 279.800 us
[state-dump] 	RayletWorkerPool.deadline_timer.kill_idle_workers - 1 total (1 active), Execution time: mean = 0.000 s, total = 0.000 s, Queueing time: mean = 0.000 s, max = -0.000 s, min = 9223372036.855 s, total = 0.000 s
[state-dump] 	InternalPubSubGcsService.grpc_client.GcsSubscriberPoll - 1 total (1 active), Execution time: mean = 0.000 s, total = 0.000 s, Queueing time: mean = 0.000 s, max = -0.000 s, min = 9223372036.855 s, total = 0.000 s
[state-dump] DebugString() time ms: 0
[state-dump] 
[state-dump] 
[2024-09-05 17:50:13,611 I 12256 6212] (raylet.exe) accessor.cc:627: Received notification for node id = a0146ca749ab81b1c91d2bea495916f8150c04bbc626337c258192cb, IsAlive = 1
[2024-09-05 17:50:13,637 I 12256 6212] (raylet.exe) worker_pool.cc:495: Started worker process with pid 2552, the token is 0
[2024-09-05 17:50:13,640 I 12256 6212] (raylet.exe) worker_pool.cc:495: Started worker process with pid 11096, the token is 1
[2024-09-05 17:50:13,643 I 12256 6212] (raylet.exe) worker_pool.cc:495: Started worker process with pid 14904, the token is 2
[2024-09-05 17:50:13,647 I 12256 6212] (raylet.exe) worker_pool.cc:495: Started worker process with pid 3268, the token is 3
[2024-09-05 17:50:13,652 I 12256 6212] (raylet.exe) worker_pool.cc:495: Started worker process with pid 7896, the token is 4
[2024-09-05 17:50:13,656 I 12256 6212] (raylet.exe) worker_pool.cc:495: Started worker process with pid 15480, the token is 5
[2024-09-05 17:50:13,661 I 12256 6212] (raylet.exe) worker_pool.cc:495: Started worker process with pid 5296, the token is 6
[2024-09-05 17:50:13,665 I 12256 6212] (raylet.exe) worker_pool.cc:495: Started worker process with pid 15124, the token is 7
[2024-09-05 17:50:13,670 I 12256 6212] (raylet.exe) worker_pool.cc:495: Started worker process with pid 9168, the token is 8
[2024-09-05 17:50:13,675 I 12256 6212] (raylet.exe) worker_pool.cc:495: Started worker process with pid 632, the token is 9
[2024-09-05 17:50:13,679 I 12256 6212] (raylet.exe) worker_pool.cc:495: Started worker process with pid 8128, the token is 10
[2024-09-05 17:50:13,684 I 12256 6212] (raylet.exe) worker_pool.cc:495: Started worker process with pid 9912, the token is 11
[2024-09-05 17:50:13,689 I 12256 6212] (raylet.exe) worker_pool.cc:495: Started worker process with pid 5900, the token is 12
[2024-09-05 17:50:13,694 I 12256 6212] (raylet.exe) worker_pool.cc:495: Started worker process with pid 10412, the token is 13
[2024-09-05 17:50:13,699 I 12256 6212] (raylet.exe) worker_pool.cc:495: Started worker process with pid 8708, the token is 14
[2024-09-05 17:50:13,704 I 12256 6212] (raylet.exe) worker_pool.cc:495: Started worker process with pid 12836, the token is 15
[2024-09-05 17:50:14,498 I 12256 11180] (raylet.exe) object_store.cc:35: Object store current usage 8e-09 / 2.5345 GB.
[2024-09-05 17:50:14,699 I 12256 6212] (raylet.exe) node_manager.cc:587: New job has started. Job id 01000000 Driver pid 8164 is dead: 0 driver address: 127.0.0.1
[2024-09-05 17:50:14,699 I 12256 6212] (raylet.exe) worker_pool.cc:678: Job 01000000 already started in worker pool.
[2024-09-05 17:50:15,396 I 12256 6212] (raylet.exe) node_manager.cc:1399: NodeManager::DisconnectClient, disconnect_type=3, has creation task exception = false
[2024-09-05 17:50:15,396 I 12256 6212] (raylet.exe) node_manager.cc:1504: Driver (pid=8164) is disconnected. job_id: 01000000
[2024-09-05 17:50:15,400 I 12256 6212] (raylet.exe) node_manager.cc:587: New job has started. Job id 01000000 Driver pid 8164 is dead: 1 driver address: 127.0.0.1
[2024-09-05 17:50:15,400 I 12256 6212] (raylet.exe) worker_pool.cc:678: Job 01000000 already started in worker pool.
[2024-09-05 17:50:15,738 I 12256 6212] (raylet.exe) main.cc:412: Raylet received SIGTERM, shutting down...
[2024-09-05 17:50:15,738 I 12256 6212] (raylet.exe) accessor.cc:451: Unregistering node info, node id = a0146ca749ab81b1c91d2bea495916f8150c04bbc626337c258192cb
[2024-09-05 17:50:15,739 I 12256 6212] (raylet.exe) agent_manager.cc:109: Killing agent dashboard_agent/15724, pid 8784.
[2024-09-05 17:50:15,743 I 12256 8796] (raylet.exe) agent_manager.cc:80: Agent process with name dashboard_agent/15724 exited, exit code 1067.
[2024-09-05 17:50:15,743 I 12256 6212] (raylet.exe) agent_manager.cc:109: Killing agent runtime_env_agent, pid 12404.
[2024-09-05 17:50:15,745 I 12256 2624] (raylet.exe) agent_manager.cc:80: Agent process with name runtime_env_agent exited, exit code -1073741510.
[2024-09-05 17:50:15,746 I 12256 6212] (raylet.exe) io_service_pool.cc:47: IOServicePool is stopped.
[2024-09-05 17:50:15,961 I 12256 6212] (raylet.exe) stats.h:120: Stats module has shutdown.
[2024-09-05 17:50:15,961 I 12256 6212] (raylet.exe) accessor.cc:461: Finished unregistering node info, status = OK, node id = a0146ca749ab81b1c91d2bea495916f8150c04bbc626337c258192cb
[2024-09-05 17:50:15,961 I 12256 6212] (raylet.exe) node_manager.cc:1934: Shutdown RPC has received. Shutdown will happen after the RPC is replied.
[2024-09-05 17:50:15,962 W 12256 2488] (raylet.exe) server_call.h:330: [1] Not sending reply because executor stopped.
