[2024-09-05 18:07:20,473 I 19948 20064] (gcs_server.exe) io_service_pool.cc:35: IOServicePool is running with 1 io_service.
[2024-09-05 18:07:20,478 I 19948 20064] (gcs_server.exe) event.cc:234: Set ray event level to warning
[2024-09-05 18:07:20,478 I 19948 20064] (gcs_server.exe) event.cc:342: Ray Event initialized for GCS
[2024-09-05 18:07:20,478 I 19948 20064] (gcs_server.exe) gcs_server.cc:74: GCS storage type is StorageType::IN_MEMORY
[2024-09-05 18:07:20,478 I 19948 20064] (gcs_server.exe) gcs_init_data.cc:42: Loading job table data.
[2024-09-05 18:07:20,478 I 19948 20064] (gcs_server.exe) gcs_init_data.cc:54: Loading node table data.
[2024-09-05 18:07:20,478 I 19948 20064] (gcs_server.exe) gcs_init_data.cc:80: Loading actor table data.
[2024-09-05 18:07:20,479 I 19948 20064] (gcs_server.exe) gcs_init_data.cc:93: Loading actor task spec table data.
[2024-09-05 18:07:20,479 I 19948 20064] (gcs_server.exe) gcs_init_data.cc:66: Loading placement group table data.
[2024-09-05 18:07:20,479 I 19948 20064] (gcs_server.exe) gcs_init_data.cc:46: Finished loading job table data, size = 0
[2024-09-05 18:07:20,479 I 19948 20064] (gcs_server.exe) gcs_init_data.cc:58: Finished loading node table data, size = 0
[2024-09-05 18:07:20,479 I 19948 20064] (gcs_server.exe) gcs_init_data.cc:84: Finished loading actor table data, size = 0
[2024-09-05 18:07:20,479 I 19948 20064] (gcs_server.exe) gcs_init_data.cc:97: Finished loading actor task spec table data, size = 0
[2024-09-05 18:07:20,479 I 19948 20064] (gcs_server.exe) gcs_init_data.cc:71: Finished loading placement group table data, size = 0
[2024-09-05 18:07:20,479 I 19948 20064] (gcs_server.exe) gcs_server.cc:162: No existing server cluster ID found. Generating new ID: d73e0c4f0a0460eaee16b6acc9136a7466f9ebc42c4e855b03a2504d
[2024-09-05 18:07:20,479 I 19948 20064] (gcs_server.exe) gcs_server.cc:648: Autoscaler V2 enabled: 0
[2024-09-05 18:07:20,480 I 19948 20064] (gcs_server.exe) grpc_server.cc:129: GcsServer server started, listening on port 60197.
[2024-09-05 18:07:20,516 I 19948 20064] (gcs_server.exe) gcs_server.cc:250: GcsNodeManager: 
- RegisterNode request count: 0
- DrainNode request count: 0
- GetAllNodeInfo request count: 0
- GetInternalConfig request count: 0

GcsActorManager: 
- RegisterActor request count: 0
- CreateActor request count: 0
- GetActorInfo request count: 0
- GetNamedActorInfo request count: 0
- GetAllActorInfo request count: 0
- KillActor request count: 0
- ListNamedActors request count: 0
- Registered actors count: 0
- Destroyed actors count: 0
- Named actors count: 0
- Unresolved actors count: 0
- Pending actors count: 0
- Created actors count: 0
- owners_: 0
- actor_to_register_callbacks_: 0
- actor_to_create_callbacks_: 0
- sorted_destroyed_actor_list_: 0

GcsResourceManager: 
- GetAllAvailableResources request count0
- GetAllResourceUsage request count: 0

GcsPlacementGroupManager: 
- CreatePlacementGroup request count: 0
- RemovePlacementGroup request count: 0
- GetPlacementGroup request count: 0
- GetAllPlacementGroup request count: 0
- WaitPlacementGroupUntilReady request count: 0
- GetNamedPlacementGroup request count: 0
- Scheduling pending placement group count: 0
- Registered placement groups count: 0
- Named placement group count: 0
- Pending placement groups count: 0
- Infeasible placement groups count: 0

GcsPublisher {}

[runtime env manager] ID to URIs table:
[runtime env manager] URIs reference table:

GcsTaskManager: 
-Total num task events reported: 0
-Total num status task events dropped: 0
-Total num profile events dropped: 0
-Current num of task events stored: 0
-Total num of actor creation tasks: 0
-Total num of actor tasks: 0
-Total num of normal tasks: 0
-Total num of driver tasks: 0


[2024-09-05 18:07:20,517 I 19948 20064] (gcs_server.exe) gcs_server.cc:844: Event stats:


Global stats: 36 total (22 active)
Queueing time: mean = 3.150 ms, max = 37.653 ms, min = 2.000 us, total = 113.398 ms
Execution time:  mean = 1.051 ms, total = 37.836 ms
Event stats:
	InternalKVGcsService.grpc_server.InternalKVPut.HandleRequestImpl - 6 total (3 active), Execution time: mean = 3.717 us, total = 22.300 us, Queueing time: mean = 65.667 us, max = 132.000 us, min = 130.500 us, total = 394.000 us
	InternalKVGcsService.grpc_server.InternalKVPut - 6 total (6 active), Execution time: mean = 0.000 s, total = 0.000 s, Queueing time: mean = 0.000 s, max = -0.000 s, min = 9223372036.855 s, total = 0.000 s
	GcsInMemoryStore.Put - 6 total (3 active), Execution time: mean = 6.291 ms, total = 37.747 ms, Queueing time: mean = 6.225 ms, max = 37.344 ms, min = 2.000 us, total = 37.351 ms
	InternalKVGcsService.grpc_client.InternalKVPut - 6 total (6 active), Execution time: mean = 0.000 s, total = 0.000 s, Queueing time: mean = 0.000 s, max = -0.000 s, min = 9223372036.855 s, total = 0.000 s
	GcsInMemoryStore.GetAll - 5 total (0 active), Execution time: mean = 8.180 us, total = 40.900 us, Queueing time: mean = 78.620 us, max = 147.500 us, min = 28.700 us, total = 393.100 us
	PeriodicalRunner.RunFnPeriodically - 4 total (2 active, 1 running), Execution time: mean = 2.150 us, total = 8.600 us, Queueing time: mean = 18.815 ms, max = 37.653 ms, min = 37.606 ms, total = 75.258 ms
	GcsInMemoryStore.Get - 1 total (0 active), Execution time: mean = 17.500 us, total = 17.500 us, Queueing time: mean = 2.100 us, max = 2.100 us, min = 2.100 us, total = 2.100 us
	RayletLoadPulled - 1 total (1 active), Execution time: mean = 0.000 s, total = 0.000 s, Queueing time: mean = 0.000 s, max = -0.000 s, min = 9223372036.855 s, total = 0.000 s
	ClusterResourceManager.ResetRemoteNodeView - 1 total (1 active), Execution time: mean = 0.000 s, total = 0.000 s, Queueing time: mean = 0.000 s, max = -0.000 s, min = 9223372036.855 s, total = 0.000 s


[2024-09-05 18:07:20,517 I 19948 20064] (gcs_server.exe) gcs_server.cc:845: GcsTaskManager Event stats:


Global stats: 2 total (1 active)
Queueing time: mean = 2.200 us, max = 4.400 us, min = 4.400 us, total = 4.400 us
Execution time:  mean = 2.450 us, total = 4.900 us
Event stats:
	PeriodicalRunner.RunFnPeriodically - 1 total (0 active), Execution time: mean = 4.900 us, total = 4.900 us, Queueing time: mean = 4.400 us, max = 4.400 us, min = 4.400 us, total = 4.400 us
	GcsTaskManager.GcJobSummary - 1 total (1 active), Execution time: mean = 0.000 s, total = 0.000 s, Queueing time: mean = 0.000 s, max = -0.000 s, min = 9223372036.855 s, total = 0.000 s


[2024-09-05 18:07:21,674 I 19948 20064] (gcs_server.exe) gcs_node_manager.cc:55: Registering node info, node id = a15435975e4612cd2cb2fbf49cdc701be5f3aab708edbcc2ddf99016, address = 127.0.0.1, node name = 127.0.0.1
[2024-09-05 18:07:21,675 I 19948 20064] (gcs_server.exe) gcs_node_manager.cc:61: Finished registering node info, node id = a15435975e4612cd2cb2fbf49cdc701be5f3aab708edbcc2ddf99016, address = 127.0.0.1, node name = 127.0.0.1
[2024-09-05 18:07:21,675 I 19948 20064] (gcs_server.exe) gcs_placement_group_manager.cc:797: A new node: a15435975e4612cd2cb2fbf49cdc701be5f3aab708edbcc2ddf99016 registered, will try to reschedule all the infeasible placement groups.
[2024-09-05 18:07:22,735 I 19948 20064] (gcs_server.exe) gcs_job_manager.cc:42: Adding job, job id = 01000000, driver pid = 20680
[2024-09-05 18:07:22,735 I 19948 20064] (gcs_server.exe) gcs_job_manager.cc:57: Finished adding job, job id = 01000000, driver pid = 20680
[2024-09-05 18:07:22,858 I 19948 20064] (gcs_server.exe) gcs_placement_group_manager.cc:432: Registering placement group, placement group id = b65ebcba5f97c80806da783d85dc01000000, name = , strategy = 0
[2024-09-05 18:07:22,858 I 19948 20064] (gcs_server.exe) gcs_placement_group_manager.cc:436: Finished registering placement group, placement group id = b65ebcba5f97c80806da783d85dc01000000, name = , strategy = 0
[2024-09-05 18:07:22,858 I 19948 20064] (gcs_server.exe) gcs_placement_group_scheduler.cc:185: Preparing resource from node a15435975e4612cd2cb2fbf49cdc701be5f3aab708edbcc2ddf99016 for bundles: {placement group id={b65ebcba5f97c80806da783d85dc01000000}, bundle index={0}},{placement group id={b65ebcba5f97c80806da783d85dc01000000}, bundle index={1}},{placement group id={b65ebcba5f97c80806da783d85dc01000000}, bundle index={2}},
[2024-09-05 18:07:22,859 I 19948 20064] (gcs_server.exe) gcs_placement_group_scheduler.cc:195: Finished leasing resource from a15435975e4612cd2cb2fbf49cdc701be5f3aab708edbcc2ddf99016 for bundles: {placement group id={b65ebcba5f97c80806da783d85dc01000000}, bundle index={0}},{placement group id={b65ebcba5f97c80806da783d85dc01000000}, bundle index={1}},{placement group id={b65ebcba5f97c80806da783d85dc01000000}, bundle index={2}},
[2024-09-05 18:07:22,859 I 19948 20064] (gcs_server.exe) gcs_placement_group_scheduler.cc:213: Committing resource to a node a15435975e4612cd2cb2fbf49cdc701be5f3aab708edbcc2ddf99016 for bundles: {placement group id={b65ebcba5f97c80806da783d85dc01000000}, bundle index={0}},{placement group id={b65ebcba5f97c80806da783d85dc01000000}, bundle index={1}},{placement group id={b65ebcba5f97c80806da783d85dc01000000}, bundle index={2}},
[2024-09-05 18:07:22,859 I 19948 20064] (gcs_server.exe) gcs_placement_group_scheduler.cc:220: Finished committing resource to a15435975e4612cd2cb2fbf49cdc701be5f3aab708edbcc2ddf99016 for bundles: {placement group id={b65ebcba5f97c80806da783d85dc01000000}, bundle index={0}},{placement group id={b65ebcba5f97c80806da783d85dc01000000}, bundle index={1}},{placement group id={b65ebcba5f97c80806da783d85dc01000000}, bundle index={2}},
[2024-09-05 18:07:22,859 I 19948 20064] (gcs_server.exe) gcs_placement_group_manager.cc:321: Successfully created placement group , id: b65ebcba5f97c80806da783d85dc01000000
[2024-09-05 18:07:22,899 I 19948 20064] (gcs_server.exe) gcs_actor_manager.cc:262: Registering actor, job id = 01000000, actor id = d7d09308898d97fde5397a9f01000000
[2024-09-05 18:07:22,900 I 19948 20064] (gcs_server.exe) gcs_actor_manager.cc:268: Registered actor, job id = 01000000, actor id = d7d09308898d97fde5397a9f01000000
[2024-09-05 18:07:22,901 I 19948 20064] (gcs_server.exe) gcs_actor_manager.cc:287: Creating actor, job id = 01000000, actor id = d7d09308898d97fde5397a9f01000000
[2024-09-05 18:07:22,901 I 19948 20064] (gcs_server.exe) gcs_actor_scheduler.cc:312: Start leasing worker from node a15435975e4612cd2cb2fbf49cdc701be5f3aab708edbcc2ddf99016 for actor d7d09308898d97fde5397a9f01000000, job id = 01000000
[2024-09-05 18:07:23,713 I 19948 20064] (gcs_server.exe) gcs_actor_scheduler.cc:633: Finished leasing worker from a15435975e4612cd2cb2fbf49cdc701be5f3aab708edbcc2ddf99016 for actor d7d09308898d97fde5397a9f01000000, job id = 01000000
[2024-09-05 18:07:23,713 I 19948 20064] (gcs_server.exe) gcs_actor_scheduler.cc:447: Start creating actor d7d09308898d97fde5397a9f01000000 on worker a592bf83acfd2a22950835a45ed3996aa469f3451a2385344a1151d8 at node a15435975e4612cd2cb2fbf49cdc701be5f3aab708edbcc2ddf99016, job id = 01000000
[2024-09-05 18:07:29,591 I 19948 20064] (gcs_server.exe) gcs_actor_manager.cc:262: Registering actor, job id = 01000000, actor id = f353360bd25217a9e70e6e5601000000
[2024-09-05 18:07:29,592 I 19948 20064] (gcs_server.exe) gcs_actor_manager.cc:268: Registered actor, job id = 01000000, actor id = f353360bd25217a9e70e6e5601000000
[2024-09-05 18:07:29,592 I 19948 20064] (gcs_server.exe) gcs_actor_manager.cc:287: Creating actor, job id = 01000000, actor id = f353360bd25217a9e70e6e5601000000
[2024-09-05 18:07:29,593 I 19948 20064] (gcs_server.exe) gcs_actor_scheduler.cc:312: Start leasing worker from node a15435975e4612cd2cb2fbf49cdc701be5f3aab708edbcc2ddf99016 for actor f353360bd25217a9e70e6e5601000000, job id = 01000000
[2024-09-05 18:07:29,593 I 19948 20064] (gcs_server.exe) gcs_actor_manager.cc:262: Registering actor, job id = 01000000, actor id = 4d414e25fed22f31e85f97cf01000000
[2024-09-05 18:07:29,594 I 19948 20064] (gcs_server.exe) gcs_actor_manager.cc:268: Registered actor, job id = 01000000, actor id = 4d414e25fed22f31e85f97cf01000000
[2024-09-05 18:07:29,594 I 19948 20064] (gcs_server.exe) gcs_actor_manager.cc:287: Creating actor, job id = 01000000, actor id = 4d414e25fed22f31e85f97cf01000000
[2024-09-05 18:07:29,594 I 19948 20064] (gcs_server.exe) gcs_actor_scheduler.cc:312: Start leasing worker from node a15435975e4612cd2cb2fbf49cdc701be5f3aab708edbcc2ddf99016 for actor 4d414e25fed22f31e85f97cf01000000, job id = 01000000
[2024-09-05 18:07:30,413 I 19948 20064] (gcs_server.exe) gcs_actor_scheduler.cc:633: Finished leasing worker from a15435975e4612cd2cb2fbf49cdc701be5f3aab708edbcc2ddf99016 for actor f353360bd25217a9e70e6e5601000000, job id = 01000000
[2024-09-05 18:07:30,413 I 19948 20064] (gcs_server.exe) gcs_actor_scheduler.cc:447: Start creating actor f353360bd25217a9e70e6e5601000000 on worker 937f094f0b9f4cedf3762236d1c22824e5b69dabc4764f09c846a275 at node a15435975e4612cd2cb2fbf49cdc701be5f3aab708edbcc2ddf99016, job id = 01000000
[2024-09-05 18:07:30,476 I 19948 20064] (gcs_server.exe) gcs_actor_scheduler.cc:633: Finished leasing worker from a15435975e4612cd2cb2fbf49cdc701be5f3aab708edbcc2ddf99016 for actor 4d414e25fed22f31e85f97cf01000000, job id = 01000000
[2024-09-05 18:07:30,476 I 19948 20064] (gcs_server.exe) gcs_actor_scheduler.cc:447: Start creating actor 4d414e25fed22f31e85f97cf01000000 on worker 94309feeadabe8c71d121311c3aff7cc9a0945a74594485ea304fe40 at node a15435975e4612cd2cb2fbf49cdc701be5f3aab708edbcc2ddf99016, job id = 01000000
[2024-09-05 18:07:32,599 W 19948 16840] (gcs_server.exe) metric_exporter.cc:105: [1] Export metrics to agent failed: GrpcUnavailable: RPC Error message: failed to connect to all addresses; last error: UNAVAILABLE: ipv4:127.0.0.1:59729: Connection refused; RPC Error details: . This won't affect Ray, but you can lose metrics from the cluster.
[2024-09-05 18:07:36,992 I 19948 20064] (gcs_server.exe) gcs_actor_scheduler.cc:484: Finished actor creation task for actor f353360bd25217a9e70e6e5601000000 on worker 937f094f0b9f4cedf3762236d1c22824e5b69dabc4764f09c846a275 at node a15435975e4612cd2cb2fbf49cdc701be5f3aab708edbcc2ddf99016, job id = 01000000
[2024-09-05 18:07:36,992 I 19948 20064] (gcs_server.exe) gcs_actor_manager.cc:1289: Actor created successfully, actor id = f353360bd25217a9e70e6e5601000000, job id = 01000000
[2024-09-05 18:07:36,992 I 19948 20064] (gcs_server.exe) gcs_actor_manager.cc:303: Finished creating actor, job id = 01000000, actor id = f353360bd25217a9e70e6e5601000000, status = OK
[2024-09-05 18:07:37,012 I 19948 20064] (gcs_server.exe) gcs_actor_scheduler.cc:484: Finished actor creation task for actor 4d414e25fed22f31e85f97cf01000000 on worker 94309feeadabe8c71d121311c3aff7cc9a0945a74594485ea304fe40 at node a15435975e4612cd2cb2fbf49cdc701be5f3aab708edbcc2ddf99016, job id = 01000000
[2024-09-05 18:07:37,012 I 19948 20064] (gcs_server.exe) gcs_actor_manager.cc:1289: Actor created successfully, actor id = 4d414e25fed22f31e85f97cf01000000, job id = 01000000
[2024-09-05 18:07:37,012 I 19948 20064] (gcs_server.exe) gcs_actor_manager.cc:303: Finished creating actor, job id = 01000000, actor id = 4d414e25fed22f31e85f97cf01000000, status = OK
[2024-09-05 18:07:37,336 I 19948 20064] (gcs_server.exe) gcs_actor_scheduler.cc:484: Finished actor creation task for actor d7d09308898d97fde5397a9f01000000 on worker a592bf83acfd2a22950835a45ed3996aa469f3451a2385344a1151d8 at node a15435975e4612cd2cb2fbf49cdc701be5f3aab708edbcc2ddf99016, job id = 01000000
[2024-09-05 18:07:37,336 I 19948 20064] (gcs_server.exe) gcs_actor_manager.cc:1289: Actor created successfully, actor id = d7d09308898d97fde5397a9f01000000, job id = 01000000
[2024-09-05 18:07:37,336 I 19948 20064] (gcs_server.exe) gcs_actor_manager.cc:303: Finished creating actor, job id = 01000000, actor id = d7d09308898d97fde5397a9f01000000, status = OK
[2024-09-05 18:07:37,351 I 19948 20064] (gcs_server.exe) gcs_actor_manager.cc:262: Registering actor, job id = 01000000, actor id = 8bd1367be94778cb754ca5de01000000
[2024-09-05 18:07:37,351 I 19948 20064] (gcs_server.exe) gcs_actor_manager.cc:268: Registered actor, job id = 01000000, actor id = 8bd1367be94778cb754ca5de01000000
[2024-09-05 18:07:37,351 I 19948 20064] (gcs_server.exe) gcs_actor_manager.cc:287: Creating actor, job id = 01000000, actor id = 8bd1367be94778cb754ca5de01000000
[2024-09-05 18:07:37,351 I 19948 20064] (gcs_server.exe) gcs_actor_scheduler.cc:312: Start leasing worker from node a15435975e4612cd2cb2fbf49cdc701be5f3aab708edbcc2ddf99016 for actor 8bd1367be94778cb754ca5de01000000, job id = 01000000
[2024-09-05 18:07:37,360 I 19948 20064] (gcs_server.exe) gcs_actor_manager.cc:262: Registering actor, job id = 01000000, actor id = b670d46e2133f28f7ceba5a401000000
[2024-09-05 18:07:37,360 I 19948 20064] (gcs_server.exe) gcs_actor_manager.cc:268: Registered actor, job id = 01000000, actor id = b670d46e2133f28f7ceba5a401000000
[2024-09-05 18:07:37,360 I 19948 20064] (gcs_server.exe) gcs_actor_manager.cc:287: Creating actor, job id = 01000000, actor id = b670d46e2133f28f7ceba5a401000000
[2024-09-05 18:07:37,360 I 19948 20064] (gcs_server.exe) gcs_actor_scheduler.cc:312: Start leasing worker from node a15435975e4612cd2cb2fbf49cdc701be5f3aab708edbcc2ddf99016 for actor b670d46e2133f28f7ceba5a401000000, job id = 01000000
[2024-09-05 18:07:37,777 I 19948 20064] (gcs_server.exe) gcs_actor_scheduler.cc:633: Finished leasing worker from a15435975e4612cd2cb2fbf49cdc701be5f3aab708edbcc2ddf99016 for actor 8bd1367be94778cb754ca5de01000000, job id = 01000000
[2024-09-05 18:07:37,777 I 19948 20064] (gcs_server.exe) gcs_actor_scheduler.cc:447: Start creating actor 8bd1367be94778cb754ca5de01000000 on worker 6a6c367a544c24379904d7482b575355e390ef4623b54c924dcc72a2 at node a15435975e4612cd2cb2fbf49cdc701be5f3aab708edbcc2ddf99016, job id = 01000000
[2024-09-05 18:07:37,782 I 19948 20064] (gcs_server.exe) gcs_actor_scheduler.cc:484: Finished actor creation task for actor 8bd1367be94778cb754ca5de01000000 on worker 6a6c367a544c24379904d7482b575355e390ef4623b54c924dcc72a2 at node a15435975e4612cd2cb2fbf49cdc701be5f3aab708edbcc2ddf99016, job id = 01000000
[2024-09-05 18:07:37,782 I 19948 20064] (gcs_server.exe) gcs_actor_manager.cc:1289: Actor created successfully, actor id = 8bd1367be94778cb754ca5de01000000, job id = 01000000
[2024-09-05 18:07:37,783 I 19948 20064] (gcs_server.exe) gcs_actor_manager.cc:303: Finished creating actor, job id = 01000000, actor id = 8bd1367be94778cb754ca5de01000000, status = OK
[2024-09-05 18:07:37,789 I 19948 20064] (gcs_server.exe) gcs_actor_scheduler.cc:633: Finished leasing worker from a15435975e4612cd2cb2fbf49cdc701be5f3aab708edbcc2ddf99016 for actor b670d46e2133f28f7ceba5a401000000, job id = 01000000
[2024-09-05 18:07:37,789 I 19948 20064] (gcs_server.exe) gcs_actor_scheduler.cc:447: Start creating actor b670d46e2133f28f7ceba5a401000000 on worker b394c8bfad6cf8d0726df156091214cf595cac71885da0348e5e4acd at node a15435975e4612cd2cb2fbf49cdc701be5f3aab708edbcc2ddf99016, job id = 01000000
[2024-09-05 18:07:38,132 I 19948 20064] (gcs_server.exe) gcs_actor_manager.cc:816: Destroying actor, actor id = f353360bd25217a9e70e6e5601000000, job id = 01000000
[2024-09-05 18:07:38,133 I 19948 20064] (gcs_server.exe) gcs_actor_manager.cc:816: Destroying actor, actor id = 4d414e25fed22f31e85f97cf01000000, job id = 01000000
[2024-09-05 18:07:38,133 I 19948 20064] (gcs_server.exe) gcs_actor_manager.cc:798: Actor f353360bd25217a9e70e6e5601000000 is out of scope, destroying actor, job id = 01000000
[2024-09-05 18:07:38,133 I 19948 20064] (gcs_server.exe) gcs_actor_manager.cc:798: Actor 4d414e25fed22f31e85f97cf01000000 is out of scope, destroying actor, job id = 01000000
[2024-09-05 18:07:38,134 I 19948 20064] (gcs_server.exe) gcs_placement_group_scheduler.cc:607: Cancelling all committed bundles of a placement group, id is b65ebcba5f97c80806da783d85dc01000000
[2024-09-05 18:07:38,134 I 19948 20064] (gcs_server.exe) gcs_placement_group_manager.cc:458: Placement group of an id, b65ebcba5f97c80806da783d85dc01000000 is removed successfully.
[2024-09-05 18:07:38,134 I 19948 20064] (gcs_server.exe) gcs_actor_manager.cc:1167: Actor d7d09308898d97fde5397a9f01000000 is failed on worker a592bf83acfd2a22950835a45ed3996aa469f3451a2385344a1151d8 at node a15435975e4612cd2cb2fbf49cdc701be5f3aab708edbcc2ddf99016, need_reschedule = 1, death context type = ActorDiedErrorContext, remaining_restarts = 0, job id = 01000000
[2024-09-05 18:07:38,135 I 19948 20064] (gcs_server.exe) gcs_placement_group_scheduler.cc:261: Finished cancelling the resource reserved for bundle: placement group id={b65ebcba5f97c80806da783d85dc01000000}, bundle index={0} at node a15435975e4612cd2cb2fbf49cdc701be5f3aab708edbcc2ddf99016
[2024-09-05 18:07:38,135 I 19948 20064] (gcs_server.exe) gcs_placement_group_scheduler.cc:261: Finished cancelling the resource reserved for bundle: placement group id={b65ebcba5f97c80806da783d85dc01000000}, bundle index={1} at node a15435975e4612cd2cb2fbf49cdc701be5f3aab708edbcc2ddf99016
[2024-09-05 18:07:38,135 I 19948 20064] (gcs_server.exe) gcs_placement_group_scheduler.cc:261: Finished cancelling the resource reserved for bundle: placement group id={b65ebcba5f97c80806da783d85dc01000000}, bundle index={2} at node a15435975e4612cd2cb2fbf49cdc701be5f3aab708edbcc2ddf99016
[2024-09-05 18:07:43,445 I 19948 20064] (gcs_server.exe) gcs_actor_scheduler.cc:484: Finished actor creation task for actor b670d46e2133f28f7ceba5a401000000 on worker b394c8bfad6cf8d0726df156091214cf595cac71885da0348e5e4acd at node a15435975e4612cd2cb2fbf49cdc701be5f3aab708edbcc2ddf99016, job id = 01000000
[2024-09-05 18:07:43,445 I 19948 20064] (gcs_server.exe) gcs_actor_manager.cc:1289: Actor created successfully, actor id = b670d46e2133f28f7ceba5a401000000, job id = 01000000
[2024-09-05 18:07:43,445 I 19948 20064] (gcs_server.exe) gcs_actor_manager.cc:303: Finished creating actor, job id = 01000000, actor id = b670d46e2133f28f7ceba5a401000000, status = OK
[2024-09-05 18:08:20,530 I 19948 20064] (gcs_server.exe) gcs_server.cc:250: GcsNodeManager: 
- RegisterNode request count: 1
- DrainNode request count: 0
- GetAllNodeInfo request count: 31
- GetInternalConfig request count: 1

GcsActorManager: 
- RegisterActor request count: 5
- CreateActor request count: 5
- GetActorInfo request count: 5
- GetNamedActorInfo request count: 0
- GetAllActorInfo request count: 0
- KillActor request count: 2
- ListNamedActors request count: 0
- Registered actors count: 3
- Destroyed actors count: 2
- Named actors count: 0
- Unresolved actors count: 0
- Pending actors count: 0
- Created actors count: 1
- owners_: 1
- actor_to_register_callbacks_: 0
- actor_to_create_callbacks_: 0
- sorted_destroyed_actor_list_: 2

GcsResourceManager: 
- GetAllAvailableResources request count0
- GetAllResourceUsage request count: 12

GcsPlacementGroupManager: 
- CreatePlacementGroup request count: 1
- RemovePlacementGroup request count: 1
- GetPlacementGroup request count: 3
- GetAllPlacementGroup request count: 0
- WaitPlacementGroupUntilReady request count: 0
- GetNamedPlacementGroup request count: 0
- Scheduling pending placement group count: 1
- Registered placement groups count: 0
- Named placement group count: 0
- Pending placement groups count: 0
- Infeasible placement groups count: 0

GcsPublisher {}

[runtime env manager] ID to URIs table:
[runtime env manager] URIs reference table:

GcsTaskManager: 
-Total num task events reported: 58
-Total num status task events dropped: 0
-Total num profile events dropped: 0
-Current num of task events stored: 20
-Total num of actor creation tasks: 5
-Total num of actor tasks: 13
-Total num of normal tasks: 1
-Total num of driver tasks: 1


[2024-09-05 18:08:20,530 I 19948 20064] (gcs_server.exe) gcs_server.cc:844: Event stats:


Global stats: 1551 total (7 active)
Queueing time: mean = 564.381 us, max = 37.653 ms, min = -0.000 s, total = 875.354 ms
Execution time:  mean = 57.362 ms, total = 88.968 s
Event stats:
	GcsInMemoryStore.Put - 232 total (0 active), Execution time: mean = 183.544 us, total = 42.582 ms, Queueing time: mean = 193.001 us, max = 37.344 ms, min = 1.167 us, total = 44.776 ms
	InternalKVGcsService.grpc_server.InternalKVPut - 172 total (0 active), Execution time: mean = 197.905 us, total = 34.040 ms, Queueing time: mean = 0.000 s, max = -0.000 s, min = 9223372036.855 s, total = 0.000 s
	InternalKVGcsService.grpc_server.InternalKVPut.HandleRequestImpl - 172 total (0 active), Execution time: mean = 10.768 us, total = 1.852 ms, Queueing time: mean = 51.621 us, max = 1.242 ms, min = 1.662 us, total = 8.879 ms
	GcsInMemoryStore.Get - 99 total (0 active), Execution time: mean = 18.673 us, total = 1.849 ms, Queueing time: mean = 14.796 us, max = 373.590 us, min = 1.514 us, total = 1.465 ms
	InternalKVGcsService.grpc_server.InternalKVGet - 91 total (0 active), Execution time: mean = 160.393 us, total = 14.596 ms, Queueing time: mean = 0.000 s, max = -0.000 s, min = 9223372036.855 s, total = 0.000 s
	InternalKVGcsService.grpc_server.InternalKVGet.HandleRequestImpl - 91 total (0 active), Execution time: mean = 19.157 us, total = 1.743 ms, Queueing time: mean = 44.997 us, max = 1.221 ms, min = 3.429 us, total = 4.095 ms
	InternalKVGcsService.grpc_client.InternalKVPut.OnReplyReceived - 72 total (0 active), Execution time: mean = 7.631 us, total = 549.461 us, Queueing time: mean = 32.692 us, max = 81.857 us, min = 4.100 us, total = 2.354 ms
	InternalKVGcsService.grpc_client.InternalKVPut - 72 total (0 active), Execution time: mean = 488.598 us, total = 35.179 ms, Queueing time: mean = 0.000 s, max = -0.000 s, min = 9223372036.855 s, total = 0.000 s
	RayletLoadPulled - 60 total (1 active), Execution time: mean = 111.362 us, total = 6.682 ms, Queueing time: mean = 8.722 ms, max = 15.408 ms, min = -0.000 s, total = 523.306 ms
	NodeManagerService.grpc_client.GetResourceLoad.OnReplyReceived - 58 total (0 active), Execution time: mean = 25.596 us, total = 1.485 ms, Queueing time: mean = 36.812 us, max = 562.949 us, min = 3.986 us, total = 2.135 ms
	NodeManagerService.grpc_client.GetResourceLoad - 58 total (0 active), Execution time: mean = 502.386 us, total = 29.138 ms, Queueing time: mean = 0.000 s, max = -0.000 s, min = 9223372036.855 s, total = 0.000 s
	NodeInfoGcsService.grpc_server.GetAllNodeInfo - 31 total (0 active), Execution time: mean = 179.209 us, total = 5.555 ms, Queueing time: mean = 0.000 s, max = -0.000 s, min = 9223372036.855 s, total = 0.000 s
	NodeInfoGcsService.grpc_server.GetAllNodeInfo.HandleRequestImpl - 31 total (0 active), Execution time: mean = 13.771 us, total = 426.909 us, Queueing time: mean = 101.728 us, max = 960.157 us, min = 3.390 us, total = 3.154 ms
	NodeInfoGcsService.grpc_server.CheckAlive.HandleRequestImpl - 24 total (0 active), Execution time: mean = 7.016 us, total = 168.372 us, Queueing time: mean = 26.826 us, max = 58.940 us, min = 4.355 us, total = 643.821 us
	NodeInfoGcsService.grpc_server.CheckAlive - 24 total (0 active), Execution time: mean = 140.758 us, total = 3.378 ms, Queueing time: mean = 0.000 s, max = -0.000 s, min = 9223372036.855 s, total = 0.000 s
	WorkerInfoGcsService.grpc_server.AddWorkerInfo.HandleRequestImpl - 22 total (0 active), Execution time: mean = 19.876 us, total = 437.281 us, Queueing time: mean = 18.517 us, max = 119.108 us, min = 4.417 us, total = 407.384 us
	WorkerInfoGcsService.grpc_server.AddWorkerInfo - 22 total (0 active), Execution time: mean = 115.061 us, total = 2.531 ms, Queueing time: mean = 0.000 s, max = -0.000 s, min = 9223372036.855 s, total = 0.000 s
	ClusterResourceManager.ResetRemoteNodeView - 20 total (1 active), Execution time: mean = 6.655 us, total = 133.104 us, Queueing time: mean = 8.771 ms, max = 15.034 ms, min = 852.316 us, total = 175.423 ms
	HealthCheck - 18 total (0 active), Execution time: mean = 3.496 us, total = 62.935 us, Queueing time: mean = 28.365 us, max = 52.795 us, min = 4.744 us, total = 510.569 us
	NodeResourceInfoGcsService.grpc_server.GetAllResourceUsage - 12 total (0 active), Execution time: mean = 179.553 us, total = 2.155 ms, Queueing time: mean = 0.000 s, max = -0.000 s, min = 9223372036.855 s, total = 0.000 s
	NodeResourceInfoGcsService.grpc_server.GetAllResourceUsage.HandleRequestImpl - 12 total (0 active), Execution time: mean = 23.371 us, total = 280.449 us, Queueing time: mean = 24.527 us, max = 44.461 us, min = 5.444 us, total = 294.320 us
	NodeInfoGcsService.grpc_server.GetClusterId - 8 total (0 active), Execution time: mean = 262.435 us, total = 2.099 ms, Queueing time: mean = 0.000 s, max = -0.000 s, min = 9223372036.855 s, total = 0.000 s
	NodeInfoGcsService.grpc_server.GetClusterId.HandleRequestImpl - 8 total (0 active), Execution time: mean = 7.017 us, total = 56.139 us, Queueing time: mean = 159.895 us, max = 946.135 us, min = 4.013 us, total = 1.279 ms
	GcsInMemoryStore.GetAll - 7 total (0 active), Execution time: mean = 10.317 us, total = 72.217 us, Queueing time: mean = 57.135 us, max = 147.500 us, min = 3.207 us, total = 399.945 us
	WorkerInfoGcsService.grpc_server.ReportWorkerFailure - 6 total (0 active), Execution time: mean = 516.047 us, total = 3.096 ms, Queueing time: mean = 0.000 s, max = -0.000 s, min = 9223372036.855 s, total = 0.000 s
	WorkerInfoGcsService.grpc_server.ReportWorkerFailure.HandleRequestImpl - 6 total (0 active), Execution time: mean = 25.550 us, total = 153.300 us, Queueing time: mean = 88.455 us, max = 445.626 us, min = 5.334 us, total = 530.730 us
	GcsResourceManager::Update - 6 total (0 active), Execution time: mean = 47.066 us, total = 282.395 us, Queueing time: mean = 9.814 us, max = 32.638 us, min = 3.711 us, total = 58.885 us
	GCSServer.deadline_timer.debug_state_dump - 6 total (1 active), Execution time: mean = 906.697 us, total = 5.440 ms, Queueing time: mean = 4.117 ms, max = 9.359 ms, min = 1.683 ms, total = 24.700 ms
	ActorInfoGcsService.grpc_server.CreateActor - 5 total (0 active), Execution time: mean = 7.154 s, total = 35.769 s, Queueing time: mean = 0.000 s, max = -0.000 s, min = 9223372036.855 s, total = 0.000 s
	CoreWorkerService.grpc_client.PushTask.OnReplyReceived - 5 total (0 active), Execution time: mean = 181.299 us, total = 906.496 us, Queueing time: mean = 17.741 us, max = 34.652 us, min = 6.471 us, total = 88.707 us
	CoreWorkerService.grpc_client.PushTask - 5 total (0 active), Execution time: mean = 6.480 s, total = 32.399 s, Queueing time: mean = 0.000 s, max = -0.000 s, min = 9223372036.855 s, total = 0.000 s
	NodeManagerService.grpc_client.RequestWorkerLease.OnReplyReceived - 5 total (0 active), Execution time: mean = 162.445 us, total = 812.225 us, Queueing time: mean = 5.003 us, max = 6.576 us, min = 4.304 us, total = 25.013 us
	ActorInfoGcsService.grpc_server.GetActorInfo - 5 total (0 active), Execution time: mean = 145.277 us, total = 726.385 us, Queueing time: mean = 0.000 s, max = -0.000 s, min = 9223372036.855 s, total = 0.000 s
	ActorInfoGcsService.grpc_server.RegisterActor - 5 total (0 active), Execution time: mean = 495.163 us, total = 2.476 ms, Queueing time: mean = 0.000 s, max = -0.000 s, min = 9223372036.855 s, total = 0.000 s
	ActorInfoGcsService.grpc_server.RegisterActor.HandleRequestImpl - 5 total (0 active), Execution time: mean = 314.198 us, total = 1.571 ms, Queueing time: mean = 27.034 us, max = 35.756 us, min = 4.979 us, total = 135.172 us
	ActorInfoGcsService.grpc_server.GetActorInfo.HandleRequestImpl - 5 total (0 active), Execution time: mean = 10.833 us, total = 54.167 us, Queueing time: mean = 64.470 us, max = 127.260 us, min = 4.395 us, total = 322.348 us
	CoreWorkerService.grpc_client.WaitForActorOutOfScope - 5 total (3 active), Execution time: mean = 3.416 s, total = 17.079 s, Queueing time: mean = 0.000 s, max = -0.000 s, min = 9223372036.855 s, total = 0.000 s
	ActorInfoGcsService.grpc_server.CreateActor.HandleRequestImpl - 5 total (0 active), Execution time: mean = 267.387 us, total = 1.337 ms, Queueing time: mean = 16.429 us, max = 37.531 us, min = 3.794 us, total = 82.144 us
	NodeManagerService.grpc_client.RequestWorkerLease - 5 total (0 active), Execution time: mean = 673.239 ms, total = 3.366 s, Queueing time: mean = 0.000 s, max = -0.000 s, min = 9223372036.855 s, total = 0.000 s
	PeriodicalRunner.RunFnPeriodically - 4 total (0 active), Execution time: mean = 138.350 us, total = 553.400 us, Queueing time: mean = 18.898 ms, max = 37.653 ms, min = 46.800 us, total = 75.592 ms
	PlacementGroupInfoGcsService.grpc_server.GetPlacementGroup.HandleRequestImpl - 3 total (0 active), Execution time: mean = 16.665 us, total = 49.995 us, Queueing time: mean = 75.407 us, max = 147.750 us, min = 28.890 us, total = 226.222 us
	NodeManagerService.grpc_client.CancelResourceReserve.OnReplyReceived - 3 total (0 active), Execution time: mean = 51.182 us, total = 153.547 us, Queueing time: mean = 47.600 us, max = 60.542 us, min = 39.186 us, total = 142.799 us
	GcsInMemoryStore.BatchDelete - 3 total (0 active), Execution time: mean = 2.047 us, total = 6.141 us, Queueing time: mean = 145.105 us, max = 326.763 us, min = 38.374 us, total = 435.315 us
	PlacementGroupInfoGcsService.grpc_server.GetPlacementGroup - 3 total (0 active), Execution time: mean = 198.540 us, total = 595.621 us, Queueing time: mean = 0.000 s, max = -0.000 s, min = 9223372036.855 s, total = 0.000 s
	NodeManagerService.grpc_client.CancelResourceReserve - 3 total (0 active), Execution time: mean = 998.036 us, total = 2.994 ms, Queueing time: mean = 0.000 s, max = -0.000 s, min = 9223372036.855 s, total = 0.000 s
	CoreWorkerService.grpc_client.WaitForActorOutOfScope.OnReplyReceived - 2 total (0 active), Execution time: mean = 105.766 us, total = 211.533 us, Queueing time: mean = 1.151 ms, max = 1.158 ms, min = 1.144 ms, total = 2.302 ms
	CoreWorkerService.grpc_client.KillActor - 2 total (0 active), Execution time: mean = 68.953 ms, total = 137.906 ms, Queueing time: mean = 0.000 s, max = -0.000 s, min = 9223372036.855 s, total = 0.000 s
	CoreWorkerService.grpc_client.KillActor.OnReplyReceived - 2 total (0 active), Execution time: mean = 64.819 us, total = 129.638 us, Queueing time: mean = 7.500 us, max = 8.314 us, min = 6.686 us, total = 15.000 us
	ActorInfoGcsService.grpc_server.KillActorViaGcs.HandleRequestImpl - 2 total (0 active), Execution time: mean = 630.104 us, total = 1.260 ms, Queueing time: mean = 329.343 us, max = 649.709 us, min = 8.977 us, total = 658.686 us
	ActorInfoGcsService.grpc_server.KillActorViaGcs - 2 total (0 active), Execution time: mean = 1.033 ms, total = 2.066 ms, Queueing time: mean = 0.000 s, max = -0.000 s, min = 9223372036.855 s, total = 0.000 s
	InternalKVGcsService.grpc_server.InternalKVExists - 1 total (0 active), Execution time: mean = 200.039 us, total = 200.039 us, Queueing time: mean = 0.000 s, max = -0.000 s, min = 9223372036.855 s, total = 0.000 s
	NodeInfoGcsService.grpc_server.GetInternalConfig - 1 total (0 active), Execution time: mean = 81.140 us, total = 81.140 us, Queueing time: mean = 0.000 s, max = -0.000 s, min = 9223372036.855 s, total = 0.000 s
	JobInfoGcsService.grpc_server.GetAllJobInfo.HandleRequestImpl - 1 total (0 active), Execution time: mean = 12.755 us, total = 12.755 us, Queueing time: mean = 5.379 us, max = 5.379 us, min = 5.379 us, total = 5.379 us
	InternalKVGcsService.grpc_server.InternalKVDel.HandleRequestImpl - 1 total (0 active), Execution time: mean = 14.528 us, total = 14.528 us, Queueing time: mean = 3.883 us, max = 3.883 us, min = 3.883 us, total = 3.883 us
	NodeManagerService.grpc_client.PrepareBundleResources - 1 total (0 active), Execution time: mean = 569.281 us, total = 569.281 us, Queueing time: mean = 0.000 s, max = -0.000 s, min = 9223372036.855 s, total = 0.000 s
	InternalKVGcsService.grpc_server.InternalKVExists.HandleRequestImpl - 1 total (0 active), Execution time: mean = 40.729 us, total = 40.729 us, Queueing time: mean = 46.529 us, max = 46.529 us, min = 46.529 us, total = 46.529 us
	JobInfoGcsService.grpc_server.AddJob.HandleRequestImpl - 1 total (0 active), Execution time: mean = 54.430 us, total = 54.430 us, Queueing time: mean = 3.960 us, max = 3.960 us, min = 3.960 us, total = 3.960 us
	JobInfoGcsService.grpc_server.GetAllJobInfo - 1 total (0 active), Execution time: mean = 103.367 us, total = 103.367 us, Queueing time: mean = 0.000 s, max = -0.000 s, min = 9223372036.855 s, total = 0.000 s
	JobInfoGcsService.grpc_server.GetNextJobID.HandleRequestImpl - 1 total (0 active), Execution time: mean = 4.904 us, total = 4.904 us, Queueing time: mean = 5.369 us, max = 5.369 us, min = 5.369 us, total = 5.369 us
	PlacementGroupInfoGcsService.grpc_server.CreatePlacementGroup.HandleRequestImpl - 1 total (0 active), Execution time: mean = 56.572 us, total = 56.572 us, Queueing time: mean = 29.173 us, max = 29.173 us, min = 29.173 us, total = 29.173 us
	GCSServer.deadline_timer.debug_state_event_stats_print - 1 total (1 active, 1 running), Execution time: mean = 0.000 s, total = 0.000 s, Queueing time: mean = 0.000 s, max = -0.000 s, min = 9223372036.855 s, total = 0.000 s
	GcsHealthCheckManager::AddNode - 1 total (0 active), Execution time: mean = 6.929 us, total = 6.929 us, Queueing time: mean = 335.000 ns, max = 335.000 ns, min = 335.000 ns, total = 335.000 ns
	NodeInfoGcsService.grpc_server.RegisterNode - 1 total (0 active), Execution time: mean = 295.845 us, total = 295.845 us, Queueing time: mean = 0.000 s, max = -0.000 s, min = 9223372036.855 s, total = 0.000 s
	InternalKVGcsService.grpc_server.InternalKVDel - 1 total (0 active), Execution time: mean = 76.805 us, total = 76.805 us, Queueing time: mean = 0.000 s, max = -0.000 s, min = 9223372036.855 s, total = 0.000 s
	GcsInMemoryStore.Delete - 1 total (0 active), Execution time: mean = 5.346 us, total = 5.346 us, Queueing time: mean = 2.585 us, max = 2.585 us, min = 2.585 us, total = 2.585 us
	NodeManagerService.grpc_client.PrepareBundleResources.OnReplyReceived - 1 total (0 active), Execution time: mean = 87.333 us, total = 87.333 us, Queueing time: mean = 34.744 us, max = 34.744 us, min = 34.744 us, total = 34.744 us
	JobInfoGcsService.grpc_server.GetNextJobID - 1 total (0 active), Execution time: mean = 70.340 us, total = 70.340 us, Queueing time: mean = 0.000 s, max = -0.000 s, min = 9223372036.855 s, total = 0.000 s
	NodeManagerService.grpc_client.CommitBundleResources - 1 total (0 active), Execution time: mean = 656.927 us, total = 656.927 us, Queueing time: mean = 0.000 s, max = -0.000 s, min = 9223372036.855 s, total = 0.000 s
	NodeInfoGcsService.grpc_server.GetInternalConfig.HandleRequestImpl - 1 total (0 active), Execution time: mean = 11.458 us, total = 11.458 us, Queueing time: mean = 5.826 us, max = 5.826 us, min = 5.826 us, total = 5.826 us
	PlacementGroupInfoGcsService.grpc_server.RemovePlacementGroup - 1 total (0 active), Execution time: mean = 1.060 ms, total = 1.060 ms, Queueing time: mean = 0.000 s, max = -0.000 s, min = 9223372036.855 s, total = 0.000 s
	PlacementGroupInfoGcsService.grpc_server.CreatePlacementGroup - 1 total (0 active), Execution time: mean = 149.347 us, total = 149.347 us, Queueing time: mean = 0.000 s, max = -0.000 s, min = 9223372036.855 s, total = 0.000 s
	NodeInfoGcsService.grpc_server.RegisterNode.HandleRequestImpl - 1 total (0 active), Execution time: mean = 67.638 us, total = 67.638 us, Queueing time: mean = 6.187 us, max = 6.187 us, min = 6.187 us, total = 6.187 us
	JobInfoGcsService.grpc_server.AddJob - 1 total (0 active), Execution time: mean = 142.684 us, total = 142.684 us, Queueing time: mean = 0.000 s, max = -0.000 s, min = 9223372036.855 s, total = 0.000 s
	GcsInMemoryStore.Exists - 1 total (0 active), Execution time: mean = 3.463 us, total = 3.463 us, Queueing time: mean = 3.245 us, max = 3.245 us, min = 3.245 us, total = 3.245 us
	PlacementGroupInfoGcsService.grpc_server.RemovePlacementGroup.HandleRequestImpl - 1 total (0 active), Execution time: mean = 276.951 us, total = 276.951 us, Queueing time: mean = 646.932 us, max = 646.932 us, min = 646.932 us, total = 646.932 us
	NodeManagerService.grpc_client.CommitBundleResources.OnReplyReceived - 1 total (0 active), Execution time: mean = 94.018 us, total = 94.018 us, Queueing time: mean = 28.100 us, max = 28.100 us, min = 28.100 us, total = 28.100 us
	GcsPlacementGroupManager.SchedulePendingPlacementGroups - 1 total (0 active), Execution time: mean = 76.000 ns, total = 76.000 ns, Queueing time: mean = 96.707 us, max = 96.707 us, min = 96.707 us, total = 96.707 us


[2024-09-05 18:08:20,531 I 19948 20064] (gcs_server.exe) gcs_server.cc:845: GcsTaskManager Event stats:


Global stats: 1903 total (1 active)
Queueing time: mean = 56.793 us, max = 14.015 ms, min = 715.000 ns, total = 108.077 ms
Execution time:  mean = 54.938 us, total = 104.548 ms
Event stats:
	TaskInfoGcsService.grpc_server.AddTaskEventData.HandleRequestImpl - 945 total (0 active), Execution time: mean = 5.477 us, total = 5.176 ms, Queueing time: mean = 18.735 us, max = 123.455 us, min = 715.000 ns, total = 17.704 ms
	TaskInfoGcsService.grpc_server.AddTaskEventData - 945 total (0 active), Execution time: mean = 105.041 us, total = 99.263 ms, Queueing time: mean = 0.000 s, max = -0.000 s, min = 9223372036.855 s, total = 0.000 s
	GcsTaskManager.GcJobSummary - 12 total (1 active), Execution time: mean = 8.614 us, total = 103.365 us, Queueing time: mean = 7.531 ms, max = 14.015 ms, min = 2.080 ms, total = 90.368 ms
	PeriodicalRunner.RunFnPeriodically - 1 total (0 active), Execution time: mean = 4.900 us, total = 4.900 us, Queueing time: mean = 4.400 us, max = 4.400 us, min = 4.400 us, total = 4.400 us


