2024-09-05 18:07:22,535	INFO log_monitor.py:155 -- Starting log monitor with [max open files=200], [is_autoscaler_v2=False]
2024-09-05 18:07:22,537	INFO log_monitor.py:273 -- Beginning to track file raylet.err
2024-09-05 18:07:22,537	INFO log_monitor.py:273 -- Beginning to track file monitor.log
2024-09-05 18:07:22,537	INFO log_monitor.py:273 -- Beginning to track file gcs_server.err
2024-09-05 18:07:22,652	INFO log_monitor.py:273 -- Beginning to track file worker-132b603dbe8ef8ceb8e2c9c1109cd963928c47483b3f8a5dc5e78fe9-ffffffff-20696.err
2024-09-05 18:07:22,652	INFO log_monitor.py:273 -- Beginning to track file worker-132b603dbe8ef8ceb8e2c9c1109cd963928c47483b3f8a5dc5e78fe9-ffffffff-20696.out
2024-09-05 18:07:22,652	INFO log_monitor.py:273 -- Beginning to track file worker-23832c2f45fe062fc15ac2e2af32b6363b2d2d208c68062ec8f65876-ffffffff-16716.err
2024-09-05 18:07:22,653	INFO log_monitor.py:273 -- Beginning to track file worker-23832c2f45fe062fc15ac2e2af32b6363b2d2d208c68062ec8f65876-ffffffff-16716.out
2024-09-05 18:07:22,653	INFO log_monitor.py:273 -- Beginning to track file worker-3fabcd0aca64e337df84099fbed160500e49cf16081d5018ccfa5636-ffffffff-21272.err
2024-09-05 18:07:22,653	INFO log_monitor.py:273 -- Beginning to track file worker-3fabcd0aca64e337df84099fbed160500e49cf16081d5018ccfa5636-ffffffff-21272.out
2024-09-05 18:07:22,653	INFO log_monitor.py:273 -- Beginning to track file worker-6eb829e1fe5c1ae84bd2fb29fd8393410f83fa21da19927b139ed261-ffffffff-18200.err
2024-09-05 18:07:22,653	INFO log_monitor.py:273 -- Beginning to track file worker-6eb829e1fe5c1ae84bd2fb29fd8393410f83fa21da19927b139ed261-ffffffff-18200.out
2024-09-05 18:07:22,653	INFO log_monitor.py:273 -- Beginning to track file worker-871dac3311c18d9531dbaf640d4736c734e56dc4c666cf0a334ec5e1-ffffffff-20832.err
2024-09-05 18:07:22,653	INFO log_monitor.py:273 -- Beginning to track file worker-871dac3311c18d9531dbaf640d4736c734e56dc4c666cf0a334ec5e1-ffffffff-20832.out
2024-09-05 18:07:22,653	INFO log_monitor.py:273 -- Beginning to track file worker-c85949955f83539667c02f03491aa89f46d06272a18d115581d72d97-ffffffff-19204.err
2024-09-05 18:07:22,654	INFO log_monitor.py:273 -- Beginning to track file worker-c85949955f83539667c02f03491aa89f46d06272a18d115581d72d97-ffffffff-19204.out
2024-09-05 18:07:22,654	INFO log_monitor.py:273 -- Beginning to track file worker-ddf18626f138f6d86d367b91a09a90d213e1b93429cccc98b9d8e088-ffffffff-20760.err
2024-09-05 18:07:22,654	INFO log_monitor.py:273 -- Beginning to track file worker-ddf18626f138f6d86d367b91a09a90d213e1b93429cccc98b9d8e088-ffffffff-20760.out
2024-09-05 18:07:22,758	INFO log_monitor.py:273 -- Beginning to track file worker-1a5203c2c55ffc491e9f8a656b2a2e0eb06fc9ba99263c487875cd22-ffffffff-20088.err
2024-09-05 18:07:22,758	INFO log_monitor.py:273 -- Beginning to track file worker-1a5203c2c55ffc491e9f8a656b2a2e0eb06fc9ba99263c487875cd22-ffffffff-20088.out
2024-09-05 18:07:22,758	INFO log_monitor.py:273 -- Beginning to track file worker-3a383fb52435e10b06a9446cf0e5bf1c7fb834b20537e587dd3144dc-ffffffff-20756.err
2024-09-05 18:07:22,758	INFO log_monitor.py:273 -- Beginning to track file worker-3a383fb52435e10b06a9446cf0e5bf1c7fb834b20537e587dd3144dc-ffffffff-20756.out
2024-09-05 18:07:22,758	INFO log_monitor.py:273 -- Beginning to track file worker-6a69394fa7fa0144a229265ee8e0a7e043bb72be72f195f0c91d470e-ffffffff-19408.err
2024-09-05 18:07:22,758	INFO log_monitor.py:273 -- Beginning to track file worker-6a69394fa7fa0144a229265ee8e0a7e043bb72be72f195f0c91d470e-ffffffff-19408.out
2024-09-05 18:07:22,759	INFO log_monitor.py:273 -- Beginning to track file worker-88c31b902e1c6b3cf8b589854b183cdf510916cc43c1e93108c9b257-ffffffff-9500.err
2024-09-05 18:07:22,759	INFO log_monitor.py:273 -- Beginning to track file worker-88c31b902e1c6b3cf8b589854b183cdf510916cc43c1e93108c9b257-ffffffff-9500.out
2024-09-05 18:07:22,759	INFO log_monitor.py:273 -- Beginning to track file worker-aebf214e8f1f7d403d2ff2f4820ca18340970852da86045277f7554d-ffffffff-14672.err
2024-09-05 18:07:22,759	INFO log_monitor.py:273 -- Beginning to track file worker-aebf214e8f1f7d403d2ff2f4820ca18340970852da86045277f7554d-ffffffff-14672.out
2024-09-05 18:07:22,759	INFO log_monitor.py:273 -- Beginning to track file worker-b76ba67b69540d5735da3131391cc1e1199172df2370cc82f9041453-ffffffff-18464.err
2024-09-05 18:07:22,759	INFO log_monitor.py:273 -- Beginning to track file worker-b76ba67b69540d5735da3131391cc1e1199172df2370cc82f9041453-ffffffff-18464.out
2024-09-05 18:07:22,759	INFO log_monitor.py:273 -- Beginning to track file worker-d42349044d42b1d0be77375e612d71de63172eb092f6155c889a8956-ffffffff-17444.err
2024-09-05 18:07:22,760	INFO log_monitor.py:273 -- Beginning to track file worker-d42349044d42b1d0be77375e612d71de63172eb092f6155c889a8956-ffffffff-17444.out
2024-09-05 18:07:22,760	INFO log_monitor.py:273 -- Beginning to track file worker-ed66b0b1b46a31d3e62db9af3b2fef6880fee5ab4f54ea2fb7bec5b7-ffffffff-16364.err
2024-09-05 18:07:22,760	INFO log_monitor.py:273 -- Beginning to track file worker-ed66b0b1b46a31d3e62db9af3b2fef6880fee5ab4f54ea2fb7bec5b7-ffffffff-16364.out
2024-09-05 18:07:22,760	INFO log_monitor.py:273 -- Beginning to track file worker-fe38afd2902abc04c23a6be1fe4c1ab37ba1ee60410e4a8a89c01480-ffffffff-9460.err
2024-09-05 18:07:22,760	INFO log_monitor.py:273 -- Beginning to track file worker-fe38afd2902abc04c23a6be1fe4c1ab37ba1ee60410e4a8a89c01480-ffffffff-9460.out
2024-09-05 18:07:23,744	INFO log_monitor.py:273 -- Beginning to track file worker-a592bf83acfd2a22950835a45ed3996aa469f3451a2385344a1151d8-01000000-17524.err
2024-09-05 18:07:23,744	INFO log_monitor.py:273 -- Beginning to track file worker-a592bf83acfd2a22950835a45ed3996aa469f3451a2385344a1151d8-01000000-17524.out
2024-09-05 18:07:30,444	INFO log_monitor.py:273 -- Beginning to track file worker-937f094f0b9f4cedf3762236d1c22824e5b69dabc4764f09c846a275-01000000-19168.err
2024-09-05 18:07:30,444	INFO log_monitor.py:273 -- Beginning to track file worker-937f094f0b9f4cedf3762236d1c22824e5b69dabc4764f09c846a275-01000000-19168.out
2024-09-05 18:07:30,551	INFO log_monitor.py:273 -- Beginning to track file worker-94309feeadabe8c71d121311c3aff7cc9a0945a74594485ea304fe40-01000000-18472.err
2024-09-05 18:07:30,551	INFO log_monitor.py:273 -- Beginning to track file worker-94309feeadabe8c71d121311c3aff7cc9a0945a74594485ea304fe40-01000000-18472.out
2024-09-05 18:07:37,807	INFO log_monitor.py:273 -- Beginning to track file worker-6a6c367a544c24379904d7482b575355e390ef4623b54c924dcc72a2-01000000-14268.err
2024-09-05 18:07:37,807	INFO log_monitor.py:273 -- Beginning to track file worker-6a6c367a544c24379904d7482b575355e390ef4623b54c924dcc72a2-01000000-14268.out
2024-09-05 18:07:37,808	INFO log_monitor.py:273 -- Beginning to track file worker-b394c8bfad6cf8d0726df156091214cf595cac71885da0348e5e4acd-01000000-20884.err
2024-09-05 18:07:37,808	INFO log_monitor.py:273 -- Beginning to track file worker-b394c8bfad6cf8d0726df156091214cf595cac71885da0348e5e4acd-01000000-20884.out
