2024-09-05 18:07:21,444	INFO monitor.py:688 -- Starting monitor using ray installation: D:\Programme\Anaconda3\envs\stablebaselines2023\lib\site-packages\ray\__init__.py
2024-09-05 18:07:21,444	INFO monitor.py:689 -- Ray version: 2.10.0
2024-09-05 18:07:21,444	INFO monitor.py:690 -- Ray commit: 09abba26b5bf2707639bb637c208d062a47b46f6
2024-09-05 18:07:21,444	INFO monitor.py:691 -- Monitor started with command: ['D:\\Programme\\Anaconda3\\envs\\stablebaselines2023\\lib\\site-packages\\ray\\autoscaler\\_private\\monitor.py', '--logs-dir=D:\\Programme\\Nextcloud\\00_Eigene_Dateien\\Programmieren\\dl_reference_models\\experiments\\results\\session_2024-09-05_18-07-20_442601_20680\\logs', '--logging-rotate-bytes=536870912', '--logging-rotate-backup-count=5', '--gcs-address=127.0.0.1:60197', '--monitor-ip=127.0.0.1']
2024-09-05 18:07:21,447	INFO monitor.py:159 -- session_name: session_2024-09-05_18-07-20_442601_20680
2024-09-05 18:07:21,447	WARNING monitor.py:212 -- `prometheus_client` not found, so metrics will not be exported.
2024-09-05 18:07:21,447	INFO monitor.py:216 -- Monitor: Started
2024-09-05 18:07:21,457	INFO autoscaler.py:280 -- disable_node_updaters:False
2024-09-05 18:07:21,457	INFO autoscaler.py:288 -- disable_launch_config_check:True
2024-09-05 18:07:21,457	INFO autoscaler.py:300 -- foreground_node_launch:False
2024-09-05 18:07:21,457	INFO autoscaler.py:310 -- worker_liveness_check:True
2024-09-05 18:07:21,457	INFO autoscaler.py:318 -- worker_rpc_drain:True
2024-09-05 18:07:21,457	INFO autoscaler.py:368 -- StandardAutoscaler: {'cluster_name': 'default', 'max_workers': 0, 'upscaling_speed': 1.0, 'docker': {}, 'idle_timeout_minutes': 0, 'provider': {'type': 'readonly', 'use_node_id_as_ip': True, 'disable_launch_config_check': True}, 'auth': {}, 'available_node_types': {'ray.head.default': {'resources': {}, 'node_config': {}, 'max_workers': 0}}, 'head_node_type': 'ray.head.default', 'file_mounts': {}, 'cluster_synced_files': [], 'file_mounts_sync_continuously': False, 'rsync_exclude': [], 'rsync_filter': [], 'initialization_commands': [], 'setup_commands': [], 'head_setup_commands': [], 'worker_setup_commands': [], 'head_start_ray_commands': [], 'worker_start_ray_commands': []}
2024-09-05 18:07:21,457	INFO monitor.py:383 -- Autoscaler has not yet received load metrics. Waiting.
2024-09-05 18:07:26,460	INFO autoscaler.py:147 -- The autoscaler took 0.0 seconds to fetch the list of non-terminated nodes.
2024-09-05 18:07:26,460	INFO autoscaler.py:427 -- 
======== Autoscaler status: 2024-09-05 18:07:26.460657 ========
Node status
---------------------------------------------------------------
Active:
 1 node_a15435975e4612cd2cb2fbf49cdc701be5f3aab708edbcc2ddf99016
Pending:
 (no pending nodes)
Recent failures:
 (no failures)

Resources
---------------------------------------------------------------
Usage:
 1.0/16.0 CPU (1.0 used of 3.0 reserved in placement groups)
 0.0/1.0 GPU
 0B/4.66GiB memory
 0B/2.33GiB object_store_memory

Demands:
 (no resource demands)
2024-09-05 18:07:26,461	INFO autoscaler.py:470 -- The autoscaler took 0.001 seconds to complete the update iteration.
2024-09-05 18:07:31,476	INFO autoscaler.py:147 -- The autoscaler took 0.0 seconds to fetch the list of non-terminated nodes.
2024-09-05 18:07:31,476	INFO autoscaler.py:427 -- 
======== Autoscaler status: 2024-09-05 18:07:31.476515 ========
Node status
---------------------------------------------------------------
Active:
 1 node_a15435975e4612cd2cb2fbf49cdc701be5f3aab708edbcc2ddf99016
Pending:
 (no pending nodes)
Recent failures:
 (no failures)

Resources
---------------------------------------------------------------
Usage:
 3.0/16.0 CPU (3.0 used of 3.0 reserved in placement groups)
 0.0/1.0 GPU
 0B/4.66GiB memory
 0B/2.33GiB object_store_memory

Demands:
 (no resource demands)
2024-09-05 18:07:31,476	INFO autoscaler.py:470 -- The autoscaler took 0.001 seconds to complete the update iteration.
2024-09-05 18:07:36,483	INFO autoscaler.py:147 -- The autoscaler took 0.0 seconds to fetch the list of non-terminated nodes.
2024-09-05 18:07:36,483	INFO autoscaler.py:427 -- 
======== Autoscaler status: 2024-09-05 18:07:36.483149 ========
Node status
---------------------------------------------------------------
Active:
 1 node_a15435975e4612cd2cb2fbf49cdc701be5f3aab708edbcc2ddf99016
Pending:
 (no pending nodes)
Recent failures:
 (no failures)

Resources
---------------------------------------------------------------
Usage:
 3.0/16.0 CPU (3.0 used of 3.0 reserved in placement groups)
 0.0/1.0 GPU
 0B/4.66GiB memory
 0B/2.33GiB object_store_memory

Demands:
 (no resource demands)
2024-09-05 18:07:36,484	INFO autoscaler.py:470 -- The autoscaler took 0.001 seconds to complete the update iteration.
2024-09-05 18:07:41,490	INFO autoscaler.py:147 -- The autoscaler took 0.0 seconds to fetch the list of non-terminated nodes.
2024-09-05 18:07:41,490	INFO autoscaler.py:427 -- 
======== Autoscaler status: 2024-09-05 18:07:41.490022 ========
Node status
---------------------------------------------------------------
Active:
 1 node_a15435975e4612cd2cb2fbf49cdc701be5f3aab708edbcc2ddf99016
Pending:
 (no pending nodes)
Recent failures:
 (no failures)

Resources
---------------------------------------------------------------
Usage:
 0.0/16.0 CPU
 0.0/1.0 GPU
 0B/4.66GiB memory
 0B/2.33GiB object_store_memory

Demands:
 (no resource demands)
2024-09-05 18:07:41,490	INFO autoscaler.py:470 -- The autoscaler took 0.001 seconds to complete the update iteration.
2024-09-05 18:07:46,498	INFO autoscaler.py:147 -- The autoscaler took 0.0 seconds to fetch the list of non-terminated nodes.
2024-09-05 18:07:46,498	INFO autoscaler.py:427 -- 
======== Autoscaler status: 2024-09-05 18:07:46.498638 ========
Node status
---------------------------------------------------------------
Active:
 1 node_a15435975e4612cd2cb2fbf49cdc701be5f3aab708edbcc2ddf99016
Pending:
 (no pending nodes)
Recent failures:
 (no failures)

Resources
---------------------------------------------------------------
Usage:
 0.0/16.0 CPU
 0.0/1.0 GPU
 0B/4.66GiB memory
 0B/2.33GiB object_store_memory

Demands:
 (no resource demands)
2024-09-05 18:07:46,499	INFO autoscaler.py:470 -- The autoscaler took 0.001 seconds to complete the update iteration.
2024-09-05 18:07:51,503	INFO autoscaler.py:147 -- The autoscaler took 0.0 seconds to fetch the list of non-terminated nodes.
2024-09-05 18:07:51,503	INFO autoscaler.py:427 -- 
======== Autoscaler status: 2024-09-05 18:07:51.503874 ========
Node status
---------------------------------------------------------------
Active:
 1 node_a15435975e4612cd2cb2fbf49cdc701be5f3aab708edbcc2ddf99016
Pending:
 (no pending nodes)
Recent failures:
 (no failures)

Resources
---------------------------------------------------------------
Usage:
 0.0/16.0 CPU
 0.0/1.0 GPU
 0B/4.66GiB memory
 0B/2.33GiB object_store_memory

Demands:
 (no resource demands)
2024-09-05 18:07:51,504	INFO autoscaler.py:470 -- The autoscaler took 0.001 seconds to complete the update iteration.
2024-09-05 18:07:56,517	INFO autoscaler.py:147 -- The autoscaler took 0.0 seconds to fetch the list of non-terminated nodes.
2024-09-05 18:07:56,517	INFO autoscaler.py:427 -- 
======== Autoscaler status: 2024-09-05 18:07:56.517157 ========
Node status
---------------------------------------------------------------
Active:
 1 node_a15435975e4612cd2cb2fbf49cdc701be5f3aab708edbcc2ddf99016
Pending:
 (no pending nodes)
Recent failures:
 (no failures)

Resources
---------------------------------------------------------------
Usage:
 0.0/16.0 CPU
 0.0/1.0 GPU
 0B/4.66GiB memory
 0B/2.33GiB object_store_memory

Demands:
 (no resource demands)
2024-09-05 18:07:56,518	INFO autoscaler.py:470 -- The autoscaler took 0.001 seconds to complete the update iteration.
2024-09-05 18:08:01,533	INFO autoscaler.py:147 -- The autoscaler took 0.0 seconds to fetch the list of non-terminated nodes.
2024-09-05 18:08:01,533	INFO autoscaler.py:427 -- 
======== Autoscaler status: 2024-09-05 18:08:01.533891 ========
Node status
---------------------------------------------------------------
Active:
 1 node_a15435975e4612cd2cb2fbf49cdc701be5f3aab708edbcc2ddf99016
Pending:
 (no pending nodes)
Recent failures:
 (no failures)

Resources
---------------------------------------------------------------
Usage:
 0.0/16.0 CPU
 0.0/1.0 GPU
 0B/4.66GiB memory
 0B/2.33GiB object_store_memory

Demands:
 (no resource demands)
2024-09-05 18:08:01,534	INFO autoscaler.py:470 -- The autoscaler took 0.001 seconds to complete the update iteration.
2024-09-05 18:08:06,536	INFO autoscaler.py:147 -- The autoscaler took 0.0 seconds to fetch the list of non-terminated nodes.
2024-09-05 18:08:06,536	INFO autoscaler.py:427 -- 
======== Autoscaler status: 2024-09-05 18:08:06.536817 ========
Node status
---------------------------------------------------------------
Active:
 1 node_a15435975e4612cd2cb2fbf49cdc701be5f3aab708edbcc2ddf99016
Pending:
 (no pending nodes)
Recent failures:
 (no failures)

Resources
---------------------------------------------------------------
Usage:
 0.0/16.0 CPU
 0.0/1.0 GPU
 0B/4.66GiB memory
 0B/2.33GiB object_store_memory

Demands:
 (no resource demands)
2024-09-05 18:08:06,537	INFO autoscaler.py:470 -- The autoscaler took 0.001 seconds to complete the update iteration.
2024-09-05 18:08:11,549	INFO autoscaler.py:147 -- The autoscaler took 0.0 seconds to fetch the list of non-terminated nodes.
2024-09-05 18:08:11,549	INFO autoscaler.py:427 -- 
======== Autoscaler status: 2024-09-05 18:08:11.549142 ========
Node status
---------------------------------------------------------------
Active:
 1 node_a15435975e4612cd2cb2fbf49cdc701be5f3aab708edbcc2ddf99016
Pending:
 (no pending nodes)
Recent failures:
 (no failures)

Resources
---------------------------------------------------------------
Usage:
 0.0/16.0 CPU
 0.0/1.0 GPU
 0B/4.66GiB memory
 0B/2.33GiB object_store_memory

Demands:
 (no resource demands)
2024-09-05 18:08:11,550	INFO autoscaler.py:470 -- The autoscaler took 0.001 seconds to complete the update iteration.
2024-09-05 18:08:16,554	INFO autoscaler.py:147 -- The autoscaler took 0.0 seconds to fetch the list of non-terminated nodes.
2024-09-05 18:08:16,554	INFO autoscaler.py:427 -- 
======== Autoscaler status: 2024-09-05 18:08:16.554904 ========
Node status
---------------------------------------------------------------
Active:
 1 node_a15435975e4612cd2cb2fbf49cdc701be5f3aab708edbcc2ddf99016
Pending:
 (no pending nodes)
Recent failures:
 (no failures)

Resources
---------------------------------------------------------------
Usage:
 0.0/16.0 CPU
 0.0/1.0 GPU
 0B/4.66GiB memory
 0B/2.33GiB object_store_memory

Demands:
 (no resource demands)
2024-09-05 18:08:16,555	INFO autoscaler.py:470 -- The autoscaler took 0.001 seconds to complete the update iteration.
