[2024-09-05 18:07:22,595 I 20696 19212] core_worker_process.cc:107: Constructing CoreWorkerProcess. pid: 20696
[2024-09-05 18:07:22,598 I 20696 19212] io_service_pool.cc:35: IOServicePool is running with 1 io_service.
[2024-09-05 18:07:22,600 I 20696 19212] grpc_server.cc:129: worker server started, listening on port 56447.
[2024-09-05 18:07:22,606 I 20696 19212] core_worker.cc:252: Initializing worker at address: 127.0.0.1:56447, worker ID 132b603dbe8ef8ceb8e2c9c1109cd963928c47483b3f8a5dc5e78fe9, raylet a15435975e4612cd2cb2fbf49cdc701be5f3aab708edbcc2ddf99016
[2024-09-05 18:07:22,608 I 20696 19212] task_event_buffer.cc:177: Reporting task events to GCS every 1000ms.
[2024-09-05 18:07:22,611 I 20696 19016] core_worker.cc:614: Event stats:


Global stats: 12 total (5 active)
Queueing time: mean = 117.100 us, max = 713.700 us, min = 172.000 us, total = 1.405 ms
Execution time:  mean = 229.017 us, total = 2.748 ms
Event stats:
	PeriodicalRunner.RunFnPeriodically - 3 total (1 active, 1 running), Execution time: mean = 9.933 us, total = 29.800 us, Queueing time: mean = 349.933 us, max = 713.700 us, min = 336.100 us, total = 1.050 ms
	InternalPubSubGcsService.grpc_client.GcsSubscriberCommandBatch.OnReplyReceived - 1 total (0 active), Execution time: mean = 138.800 us, total = 138.800 us, Queueing time: mean = 172.000 us, max = 172.000 us, min = 172.000 us, total = 172.000 us
	NodeInfoGcsService.grpc_client.GetAllNodeInfo.OnReplyReceived - 1 total (1 active), Execution time: mean = 0.000 s, total = 0.000 s, Queueing time: mean = 0.000 s, max = -0.000 s, min = 9223372036.855 s, total = 0.000 s
	CoreWorker.ExitIfParentRayletDies - 1 total (1 active), Execution time: mean = 0.000 s, total = 0.000 s, Queueing time: mean = 0.000 s, max = -0.000 s, min = 9223372036.855 s, total = 0.000 s
	WorkerInfoGcsService.grpc_client.AddWorkerInfo.OnReplyReceived - 1 total (0 active), Execution time: mean = 98.900 us, total = 98.900 us, Queueing time: mean = 183.400 us, max = 183.400 us, min = 183.400 us, total = 183.400 us
	InternalPubSubGcsService.grpc_client.GcsSubscriberCommandBatch - 1 total (0 active), Execution time: mean = 513.800 us, total = 513.800 us, Queueing time: mean = 0.000 s, max = -0.000 s, min = 9223372036.855 s, total = 0.000 s
	Publisher.CheckDeadSubscribers - 1 total (1 active), Execution time: mean = 0.000 s, total = 0.000 s, Queueing time: mean = 0.000 s, max = -0.000 s, min = 9223372036.855 s, total = 0.000 s
	NodeInfoGcsService.grpc_client.GetAllNodeInfo - 1 total (0 active), Execution time: mean = 1.248 ms, total = 1.248 ms, Queueing time: mean = 0.000 s, max = -0.000 s, min = 9223372036.855 s, total = 0.000 s
	InternalPubSubGcsService.grpc_client.GcsSubscriberPoll - 1 total (1 active), Execution time: mean = 0.000 s, total = 0.000 s, Queueing time: mean = 0.000 s, max = -0.000 s, min = 9223372036.855 s, total = 0.000 s
	WorkerInfoGcsService.grpc_client.AddWorkerInfo - 1 total (0 active), Execution time: mean = 718.600 us, total = 718.600 us, Queueing time: mean = 0.000 s, max = -0.000 s, min = 9223372036.855 s, total = 0.000 s

-----------------
Task Event stats:

IO Service Stats:

Global stats: 4 total (1 active)
Queueing time: mean = 15.425 us, max = 55.800 us, min = 5.900 us, total = 61.700 us
Execution time:  mean = 169.000 us, total = 676.000 us
Event stats:
	TaskInfoGcsService.grpc_client.AddTaskEventData - 1 total (0 active), Execution time: mean = 487.900 us, total = 487.900 us, Queueing time: mean = 0.000 s, max = -0.000 s, min = 9223372036.855 s, total = 0.000 s
	TaskInfoGcsService.grpc_client.AddTaskEventData.OnReplyReceived - 1 total (0 active), Execution time: mean = 22.700 us, total = 22.700 us, Queueing time: mean = 5.900 us, max = 5.900 us, min = 5.900 us, total = 5.900 us
	PeriodicalRunner.RunFnPeriodically - 1 total (0 active), Execution time: mean = 165.400 us, total = 165.400 us, Queueing time: mean = 55.800 us, max = 55.800 us, min = 55.800 us, total = 55.800 us
	CoreWorker.deadline_timer.flush_task_events - 1 total (1 active), Execution time: mean = 0.000 s, total = 0.000 s, Queueing time: mean = 0.000 s, max = -0.000 s, min = 9223372036.855 s, total = 0.000 s
Other Stats:
	grpc_in_progress:0
	current number of task status events in buffer: 0
	current number of profile events in buffer: 0
	current number of dropped task attempts tracked: 0
	total task events sent: 0 MiB
	total number of task attempts sent: 0
	total number of task attempts dropped reported: 0
	total number of sent failure: 0
	num status task events dropped: 0
	num profile task events dropped: 0


[2024-09-05 18:07:22,611 I 20696 19016] accessor.cc:627: Received notification for node id = a15435975e4612cd2cb2fbf49cdc701be5f3aab708edbcc2ddf99016, IsAlive = 1
[2024-09-05 18:07:22,611 I 20696 19016] core_worker.cc:4552: Number of alive nodes:1
[2024-09-05 18:07:22,613 I 20696 19212] event.cc:234: Set ray event level to warning
[2024-09-05 18:07:22,613 I 20696 19212] event.cc:342: Ray Event initialized for CORE_WORKER
[2024-09-05 18:07:23,946 I 20696 19016] core_worker.cc:835: Exit signal received, this process will exit after all outstanding tasks have finished, exit_type=INTENDED_SYSTEM_EXIT, detail=Worker exits because it was idle (it doesn't have objects it owns while no task or actor has been scheduled) for a long time.
[2024-09-05 18:07:23,947 I 20696 19212] core_worker.cc:772: Disconnecting to the raylet.
[2024-09-05 18:07:23,947 I 20696 19212] raylet_client.cc:163: RayletClient::Disconnect, exit_type=INTENDED_SYSTEM_EXIT, exit_detail=Worker exits because it was idle (it doesn't have objects it owns while no task or actor has been scheduled) for a long time., has creation_task_exception_pb_bytes=0
[2024-09-05 18:07:23,947 I 20696 19212] core_worker.cc:694: Shutting down a core worker.
[2024-09-05 18:07:23,947 I 20696 19212] task_event_buffer.cc:188: Shutting down TaskEventBuffer.
[2024-09-05 18:07:23,947 I 20696 20984] task_event_buffer.cc:170: Task event buffer io service stopped.
[2024-09-05 18:07:23,947 I 20696 19212] core_worker.cc:720: Disconnecting a GCS client.
[2024-09-05 18:07:23,947 I 20696 19212] core_worker.cc:724: Waiting for joining a core worker io thread. If it hangs here, there might be deadlock or a high load in the core worker io service.
[2024-09-05 18:07:23,947 I 20696 19016] core_worker.cc:943: Core worker main io service stopped.
[2024-09-05 18:07:23,950 I 20696 19212] core_worker.cc:737: Core worker ready to be deallocated.
[2024-09-05 18:07:23,950 I 20696 19212] core_worker_process.cc:243: Task execution loop terminated. Removing the global worker.
[2024-09-05 18:07:23,950 I 20696 19212] core_worker.cc:685: Core worker is destructed
[2024-09-05 18:07:23,950 I 20696 19212] task_event_buffer.cc:188: Shutting down TaskEventBuffer.
[2024-09-05 18:07:23,950 I 20696 19212] core_worker_process.cc:148: Destructing CoreWorkerProcessImpl. pid: 20696
[2024-09-05 18:07:23,950 I 20696 19212] io_service_pool.cc:47: IOServicePool is stopped.
[2024-09-05 18:07:24,395 I 20696 19212] stats.h:120: Stats module has shutdown.
