[2024-09-05 18:07:22,634 I 16716 9348] core_worker_process.cc:107: Constructing CoreWorkerProcess. pid: 16716
[2024-09-05 18:07:22,636 I 16716 9348] io_service_pool.cc:35: IOServicePool is running with 1 io_service.
[2024-09-05 18:07:22,639 I 16716 9348] grpc_server.cc:129: worker server started, listening on port 56476.
[2024-09-05 18:07:22,643 I 16716 9348] core_worker.cc:252: Initializing worker at address: 127.0.0.1:56476, worker ID 23832c2f45fe062fc15ac2e2af32b6363b2d2d208c68062ec8f65876, raylet a15435975e4612cd2cb2fbf49cdc701be5f3aab708edbcc2ddf99016
[2024-09-05 18:07:22,644 I 16716 9348] task_event_buffer.cc:177: Reporting task events to GCS every 1000ms.
[2024-09-05 18:07:22,645 I 16716 17692] accessor.cc:627: Received notification for node id = a15435975e4612cd2cb2fbf49cdc701be5f3aab708edbcc2ddf99016, IsAlive = 1
[2024-09-05 18:07:22,645 I 16716 17692] core_worker.cc:4552: Number of alive nodes:1
[2024-09-05 18:07:22,646 I 16716 17692] core_worker.cc:614: Event stats:


Global stats: 12 total (4 active)
Queueing time: mean = 14.883 us, max = 157.200 us, min = 4.500 us, total = 178.600 us
Execution time:  mean = 94.467 us, total = 1.134 ms
Event stats:
	PeriodicalRunner.RunFnPeriodically - 3 total (1 active, 1 running), Execution time: mean = 9.000 us, total = 27.000 us, Queueing time: mean = 53.900 us, max = 157.200 us, min = 4.500 us, total = 161.700 us
	InternalPubSubGcsService.grpc_client.GcsSubscriberPoll - 1 total (1 active), Execution time: mean = 0.000 s, total = 0.000 s, Queueing time: mean = 0.000 s, max = -0.000 s, min = 9223372036.855 s, total = 0.000 s
	NodeInfoGcsService.grpc_client.GetAllNodeInfo - 1 total (0 active), Execution time: mean = 235.700 us, total = 235.700 us, Queueing time: mean = 0.000 s, max = -0.000 s, min = 9223372036.855 s, total = 0.000 s
	InternalPubSubGcsService.grpc_client.GcsSubscriberCommandBatch.OnReplyReceived - 1 total (0 active), Execution time: mean = 121.400 us, total = 121.400 us, Queueing time: mean = 4.900 us, max = 4.900 us, min = 4.900 us, total = 4.900 us
	WorkerInfoGcsService.grpc_client.AddWorkerInfo - 1 total (0 active), Execution time: mean = 377.000 us, total = 377.000 us, Queueing time: mean = 0.000 s, max = -0.000 s, min = 9223372036.855 s, total = 0.000 s
	Publisher.CheckDeadSubscribers - 1 total (1 active), Execution time: mean = 0.000 s, total = 0.000 s, Queueing time: mean = 0.000 s, max = -0.000 s, min = 9223372036.855 s, total = 0.000 s
	CoreWorker.ExitIfParentRayletDies - 1 total (1 active), Execution time: mean = 0.000 s, total = 0.000 s, Queueing time: mean = 0.000 s, max = -0.000 s, min = 9223372036.855 s, total = 0.000 s
	WorkerInfoGcsService.grpc_client.AddWorkerInfo.OnReplyReceived - 1 total (0 active), Execution time: mean = 31.500 us, total = 31.500 us, Queueing time: mean = 6.200 us, max = 6.200 us, min = 6.200 us, total = 6.200 us
	NodeInfoGcsService.grpc_client.GetAllNodeInfo.OnReplyReceived - 1 total (0 active), Execution time: mean = 95.300 us, total = 95.300 us, Queueing time: mean = 5.800 us, max = 5.800 us, min = 5.800 us, total = 5.800 us
	InternalPubSubGcsService.grpc_client.GcsSubscriberCommandBatch - 1 total (0 active), Execution time: mean = 245.700 us, total = 245.700 us, Queueing time: mean = 0.000 s, max = -0.000 s, min = 9223372036.855 s, total = 0.000 s

-----------------
Task Event stats:

IO Service Stats:

Global stats: 4 total (1 active)
Queueing time: mean = 2.400 us, max = 5.200 us, min = 4.400 us, total = 9.600 us
Execution time:  mean = 100.675 us, total = 402.700 us
Event stats:
	CoreWorker.deadline_timer.flush_task_events - 1 total (1 active), Execution time: mean = 0.000 s, total = 0.000 s, Queueing time: mean = 0.000 s, max = -0.000 s, min = 9223372036.855 s, total = 0.000 s
	TaskInfoGcsService.grpc_client.AddTaskEventData - 1 total (0 active), Execution time: mean = 262.800 us, total = 262.800 us, Queueing time: mean = 0.000 s, max = -0.000 s, min = 9223372036.855 s, total = 0.000 s
	PeriodicalRunner.RunFnPeriodically - 1 total (0 active), Execution time: mean = 120.900 us, total = 120.900 us, Queueing time: mean = 5.200 us, max = 5.200 us, min = 5.200 us, total = 5.200 us
	TaskInfoGcsService.grpc_client.AddTaskEventData.OnReplyReceived - 1 total (0 active), Execution time: mean = 19.000 us, total = 19.000 us, Queueing time: mean = 4.400 us, max = 4.400 us, min = 4.400 us, total = 4.400 us
Other Stats:
	grpc_in_progress:0
	current number of task status events in buffer: 0
	current number of profile events in buffer: 0
	current number of dropped task attempts tracked: 0
	total task events sent: 0 MiB
	total number of task attempts sent: 0
	total number of task attempts dropped reported: 0
	total number of sent failure: 0
	num status task events dropped: 0
	num profile task events dropped: 0


[2024-09-05 18:07:22,647 I 16716 9348] event.cc:234: Set ray event level to warning
[2024-09-05 18:07:22,647 I 16716 9348] event.cc:342: Ray Event initialized for CORE_WORKER
[2024-09-05 18:07:34,750 W 16716 20572] metric_exporter.cc:105: [1] Export metrics to agent failed: GrpcUnavailable: RPC Error message: failed to connect to all addresses; last error: UNAVAILABLE: ipv4:127.0.0.1:59729: Connection refused; RPC Error details: . This won't affect Ray, but you can lose metrics from the cluster.
