[2024-09-05 18:07:30,403 I 19168 16480] core_worker_process.cc:107: Constructing CoreWorkerProcess. pid: 19168
[2024-09-05 18:07:30,405 I 19168 16480] io_service_pool.cc:35: IOServicePool is running with 1 io_service.
[2024-09-05 18:07:30,406 I 19168 16480] grpc_server.cc:129: worker server started, listening on port 56567.
[2024-09-05 18:07:30,409 I 19168 16480] core_worker.cc:252: Initializing worker at address: 127.0.0.1:56567, worker ID 937f094f0b9f4cedf3762236d1c22824e5b69dabc4764f09c846a275, raylet a15435975e4612cd2cb2fbf49cdc701be5f3aab708edbcc2ddf99016
[2024-09-05 18:07:30,410 I 19168 16480] task_event_buffer.cc:177: Reporting task events to GCS every 1000ms.
[2024-09-05 18:07:30,411 I 19168 21168] accessor.cc:627: Received notification for node id = a15435975e4612cd2cb2fbf49cdc701be5f3aab708edbcc2ddf99016, IsAlive = 1
[2024-09-05 18:07:30,411 I 19168 21168] core_worker.cc:4552: Number of alive nodes:1
[2024-09-05 18:07:30,411 I 19168 21168] core_worker.cc:614: Event stats:


Global stats: 12 total (4 active)
Queueing time: mean = 7.967 us, max = 78.900 us, min = 3.300 us, total = 95.600 us
Execution time:  mean = 74.775 us, total = 897.300 us
Event stats:
	PeriodicalRunner.RunFnPeriodically - 3 total (1 active, 1 running), Execution time: mean = 6.367 us, total = 19.100 us, Queueing time: mean = 27.400 us, max = 78.900 us, min = 3.300 us, total = 82.200 us
	InternalPubSubGcsService.grpc_client.GcsSubscriberCommandBatch - 1 total (0 active), Execution time: mean = 200.400 us, total = 200.400 us, Queueing time: mean = 0.000 s, max = -0.000 s, min = 9223372036.855 s, total = 0.000 s
	NodeInfoGcsService.grpc_client.GetAllNodeInfo - 1 total (0 active), Execution time: mean = 186.400 us, total = 186.400 us, Queueing time: mean = 0.000 s, max = -0.000 s, min = 9223372036.855 s, total = 0.000 s
	NodeInfoGcsService.grpc_client.GetAllNodeInfo.OnReplyReceived - 1 total (0 active), Execution time: mean = 64.200 us, total = 64.200 us, Queueing time: mean = 5.000 us, max = 5.000 us, min = 5.000 us, total = 5.000 us
	WorkerInfoGcsService.grpc_client.AddWorkerInfo.OnReplyReceived - 1 total (0 active), Execution time: mean = 24.200 us, total = 24.200 us, Queueing time: mean = 4.800 us, max = 4.800 us, min = 4.800 us, total = 4.800 us
	Publisher.CheckDeadSubscribers - 1 total (1 active), Execution time: mean = 0.000 s, total = 0.000 s, Queueing time: mean = 0.000 s, max = -0.000 s, min = 9223372036.855 s, total = 0.000 s
	CoreWorker.ExitIfParentRayletDies - 1 total (1 active), Execution time: mean = 0.000 s, total = 0.000 s, Queueing time: mean = 0.000 s, max = -0.000 s, min = 9223372036.855 s, total = 0.000 s
	WorkerInfoGcsService.grpc_client.AddWorkerInfo - 1 total (0 active), Execution time: mean = 320.300 us, total = 320.300 us, Queueing time: mean = 0.000 s, max = -0.000 s, min = 9223372036.855 s, total = 0.000 s
	InternalPubSubGcsService.grpc_client.GcsSubscriberCommandBatch.OnReplyReceived - 1 total (0 active), Execution time: mean = 82.700 us, total = 82.700 us, Queueing time: mean = 3.600 us, max = 3.600 us, min = 3.600 us, total = 3.600 us
	InternalPubSubGcsService.grpc_client.GcsSubscriberPoll - 1 total (1 active), Execution time: mean = 0.000 s, total = 0.000 s, Queueing time: mean = 0.000 s, max = -0.000 s, min = 9223372036.855 s, total = 0.000 s

-----------------
Task Event stats:

IO Service Stats:

Global stats: 4 total (1 active)
Queueing time: mean = 18.325 us, max = 39.600 us, min = 33.700 us, total = 73.300 us
Execution time:  mean = 71.775 us, total = 287.100 us
Event stats:
	PeriodicalRunner.RunFnPeriodically - 1 total (0 active), Execution time: mean = 63.300 us, total = 63.300 us, Queueing time: mean = 33.700 us, max = 33.700 us, min = 33.700 us, total = 33.700 us
	TaskInfoGcsService.grpc_client.AddTaskEventData - 1 total (0 active), Execution time: mean = 210.900 us, total = 210.900 us, Queueing time: mean = 0.000 s, max = -0.000 s, min = 9223372036.855 s, total = 0.000 s
	TaskInfoGcsService.grpc_client.AddTaskEventData.OnReplyReceived - 1 total (0 active), Execution time: mean = 12.900 us, total = 12.900 us, Queueing time: mean = 39.600 us, max = 39.600 us, min = 39.600 us, total = 39.600 us
	CoreWorker.deadline_timer.flush_task_events - 1 total (1 active), Execution time: mean = 0.000 s, total = 0.000 s, Queueing time: mean = 0.000 s, max = -0.000 s, min = 9223372036.855 s, total = 0.000 s
Other Stats:
	grpc_in_progress:0
	current number of task status events in buffer: 0
	current number of profile events in buffer: 0
	current number of dropped task attempts tracked: 0
	total task events sent: 0 MiB
	total number of task attempts sent: 0
	total number of task attempts dropped reported: 0
	total number of sent failure: 0
	num status task events dropped: 0
	num profile task events dropped: 0


[2024-09-05 18:07:30,412 I 19168 16480] event.cc:234: Set ray event level to warning
[2024-09-05 18:07:30,412 I 19168 16480] event.cc:342: Ray Event initialized for CORE_WORKER
[2024-09-05 18:07:30,414 I 19168 16480] direct_actor_task_submitter.cc:36: Set max pending calls to -1 for actor f353360bd25217a9e70e6e5601000000
[2024-09-05 18:07:30,414 I 19168 16480] direct_actor_task_submitter.cc:237: Connecting to actor f353360bd25217a9e70e6e5601000000 at worker 937f094f0b9f4cedf3762236d1c22824e5b69dabc4764f09c846a275
[2024-09-05 18:07:30,414 I 19168 16480] core_worker.cc:2861: Creating actor: f353360bd25217a9e70e6e5601000000
[2024-09-05 18:07:36,991 I 19168 16480] direct_actor_transport.cc:188: Actor creation task finished, task_id: fffffffffffffffff353360bd25217a9e70e6e5601000000, actor_id: f353360bd25217a9e70e6e5601000000, actor_repr_name: 
[2024-09-05 18:07:38,133 I 19168 21168] core_worker.cc:4001: Force kill actor request has received. exiting immediately... The actor is dead because it was killed by `ray.kill`.
[2024-09-05 18:07:38,133 W 19168 21168] core_worker.cc:916: Force exit the process.  Details: Worker exits because the actor is killed. The actor is dead because it was killed by `ray.kill`.
[2024-09-05 18:07:38,134 I 19168 21168] core_worker.cc:772: Disconnecting to the raylet.
[2024-09-05 18:07:38,134 I 19168 21168] raylet_client.cc:163: RayletClient::Disconnect, exit_type=INTENDED_SYSTEM_EXIT, exit_detail=Worker exits because the actor is killed. The actor is dead because it was killed by `ray.kill`., has creation_task_exception_pb_bytes=0
