[2024-09-05 18:07:22,724 I 9500 18076] core_worker_process.cc:107: Constructing CoreWorkerProcess. pid: 9500
[2024-09-05 18:07:22,726 I 9500 18076] io_service_pool.cc:35: IOServicePool is running with 1 io_service.
[2024-09-05 18:07:22,728 I 9500 18076] grpc_server.cc:129: worker server started, listening on port 56534.
[2024-09-05 18:07:22,731 I 9500 18076] core_worker.cc:252: Initializing worker at address: 127.0.0.1:56534, worker ID 88c31b902e1c6b3cf8b589854b183cdf510916cc43c1e93108c9b257, raylet a15435975e4612cd2cb2fbf49cdc701be5f3aab708edbcc2ddf99016
[2024-09-05 18:07:22,732 I 9500 18076] task_event_buffer.cc:177: Reporting task events to GCS every 1000ms.
[2024-09-05 18:07:22,733 I 9500 16936] accessor.cc:627: Received notification for node id = a15435975e4612cd2cb2fbf49cdc701be5f3aab708edbcc2ddf99016, IsAlive = 1
[2024-09-05 18:07:22,733 I 9500 16936] core_worker.cc:4552: Number of alive nodes:1
[2024-09-05 18:07:22,733 I 9500 16936] core_worker.cc:614: Event stats:


Global stats: 12 total (4 active)
Queueing time: mean = 7.333 us, max = 73.100 us, min = 3.400 us, total = 88.000 us
Execution time:  mean = 64.667 us, total = 776.000 us
Event stats:
	PeriodicalRunner.RunFnPeriodically - 3 total (1 active, 1 running), Execution time: mean = 6.400 us, total = 19.200 us, Queueing time: mean = 25.500 us, max = 73.100 us, min = 3.400 us, total = 76.500 us
	InternalPubSubGcsService.grpc_client.GcsSubscriberCommandBatch - 1 total (0 active), Execution time: mean = 183.700 us, total = 183.700 us, Queueing time: mean = 0.000 s, max = -0.000 s, min = 9223372036.855 s, total = 0.000 s
	InternalPubSubGcsService.grpc_client.GcsSubscriberPoll - 1 total (1 active), Execution time: mean = 0.000 s, total = 0.000 s, Queueing time: mean = 0.000 s, max = -0.000 s, min = 9223372036.855 s, total = 0.000 s
	NodeInfoGcsService.grpc_client.GetAllNodeInfo - 1 total (0 active), Execution time: mean = 161.300 us, total = 161.300 us, Queueing time: mean = 0.000 s, max = -0.000 s, min = 9223372036.855 s, total = 0.000 s
	WorkerInfoGcsService.grpc_client.AddWorkerInfo - 1 total (0 active), Execution time: mean = 251.500 us, total = 251.500 us, Queueing time: mean = 0.000 s, max = -0.000 s, min = 9223372036.855 s, total = 0.000 s
	InternalPubSubGcsService.grpc_client.GcsSubscriberCommandBatch.OnReplyReceived - 1 total (0 active), Execution time: mean = 80.000 us, total = 80.000 us, Queueing time: mean = 3.400 us, max = 3.400 us, min = 3.400 us, total = 3.400 us
	WorkerInfoGcsService.grpc_client.AddWorkerInfo.OnReplyReceived - 1 total (0 active), Execution time: mean = 22.000 us, total = 22.000 us, Queueing time: mean = 3.900 us, max = 3.900 us, min = 3.900 us, total = 3.900 us
	Publisher.CheckDeadSubscribers - 1 total (1 active), Execution time: mean = 0.000 s, total = 0.000 s, Queueing time: mean = 0.000 s, max = -0.000 s, min = 9223372036.855 s, total = 0.000 s
	CoreWorker.ExitIfParentRayletDies - 1 total (1 active), Execution time: mean = 0.000 s, total = 0.000 s, Queueing time: mean = 0.000 s, max = -0.000 s, min = 9223372036.855 s, total = 0.000 s
	NodeInfoGcsService.grpc_client.GetAllNodeInfo.OnReplyReceived - 1 total (0 active), Execution time: mean = 58.300 us, total = 58.300 us, Queueing time: mean = 4.200 us, max = 4.200 us, min = 4.200 us, total = 4.200 us

-----------------
Task Event stats:

IO Service Stats:

Global stats: 4 total (1 active)
Queueing time: mean = 2.000 us, max = 4.200 us, min = 3.800 us, total = 8.000 us
Execution time:  mean = 72.625 us, total = 290.500 us
Event stats:
	PeriodicalRunner.RunFnPeriodically - 1 total (0 active), Execution time: mean = 88.300 us, total = 88.300 us, Queueing time: mean = 3.800 us, max = 3.800 us, min = 3.800 us, total = 3.800 us
	TaskInfoGcsService.grpc_client.AddTaskEventData - 1 total (0 active), Execution time: mean = 187.900 us, total = 187.900 us, Queueing time: mean = 0.000 s, max = -0.000 s, min = 9223372036.855 s, total = 0.000 s
	CoreWorker.deadline_timer.flush_task_events - 1 total (1 active), Execution time: mean = 0.000 s, total = 0.000 s, Queueing time: mean = 0.000 s, max = -0.000 s, min = 9223372036.855 s, total = 0.000 s
	TaskInfoGcsService.grpc_client.AddTaskEventData.OnReplyReceived - 1 total (0 active), Execution time: mean = 14.300 us, total = 14.300 us, Queueing time: mean = 4.200 us, max = 4.200 us, min = 4.200 us, total = 4.200 us
Other Stats:
	grpc_in_progress:0
	current number of task status events in buffer: 0
	current number of profile events in buffer: 0
	current number of dropped task attempts tracked: 0
	total task events sent: 0 MiB
	total number of task attempts sent: 0
	total number of task attempts dropped reported: 0
	total number of sent failure: 0
	num status task events dropped: 0
	num profile task events dropped: 0


[2024-09-05 18:07:22,734 I 9500 18076] event.cc:234: Set ray event level to warning
[2024-09-05 18:07:22,734 I 9500 18076] event.cc:342: Ray Event initialized for CORE_WORKER
[2024-09-05 18:07:34,844 W 9500 16800] metric_exporter.cc:105: [1] Export metrics to agent failed: GrpcUnavailable: RPC Error message: failed to connect to all addresses; last error: UNAVAILABLE: ipv4:127.0.0.1:59729: Connection refused; RPC Error details: . This won't affect Ray, but you can lose metrics from the cluster.
