[2024-09-05 18:07:37,766 I 14268 10132] core_worker_process.cc:107: Constructing CoreWorkerProcess. pid: 14268
[2024-09-05 18:07:37,768 I 14268 10132] io_service_pool.cc:35: IOServicePool is running with 1 io_service.
[2024-09-05 18:07:37,770 I 14268 10132] grpc_server.cc:129: worker server started, listening on port 56637.
[2024-09-05 18:07:37,773 I 14268 10132] core_worker.cc:252: Initializing worker at address: 127.0.0.1:56637, worker ID 6a6c367a544c24379904d7482b575355e390ef4623b54c924dcc72a2, raylet a15435975e4612cd2cb2fbf49cdc701be5f3aab708edbcc2ddf99016
[2024-09-05 18:07:37,774 I 14268 10132] task_event_buffer.cc:177: Reporting task events to GCS every 1000ms.
[2024-09-05 18:07:37,774 I 14268 11260] accessor.cc:627: Received notification for node id = a15435975e4612cd2cb2fbf49cdc701be5f3aab708edbcc2ddf99016, IsAlive = 1
[2024-09-05 18:07:37,774 I 14268 11260] core_worker.cc:4552: Number of alive nodes:1
[2024-09-05 18:07:37,775 I 14268 11260] core_worker.cc:614: Event stats:


Global stats: 12 total (4 active)
Queueing time: mean = 7.383 us, max = 71.200 us, min = 4.000 us, total = 88.600 us
Execution time:  mean = 71.550 us, total = 858.600 us
Event stats:
	PeriodicalRunner.RunFnPeriodically - 3 total (1 active, 1 running), Execution time: mean = 6.267 us, total = 18.800 us, Queueing time: mean = 25.067 us, max = 71.200 us, min = 4.000 us, total = 75.200 us
	WorkerInfoGcsService.grpc_client.AddWorkerInfo.OnReplyReceived - 1 total (0 active), Execution time: mean = 22.700 us, total = 22.700 us, Queueing time: mean = 4.800 us, max = 4.800 us, min = 4.800 us, total = 4.800 us
	Publisher.CheckDeadSubscribers - 1 total (1 active), Execution time: mean = 0.000 s, total = 0.000 s, Queueing time: mean = 0.000 s, max = -0.000 s, min = 9223372036.855 s, total = 0.000 s
	WorkerInfoGcsService.grpc_client.AddWorkerInfo - 1 total (0 active), Execution time: mean = 310.100 us, total = 310.100 us, Queueing time: mean = 0.000 s, max = -0.000 s, min = 9223372036.855 s, total = 0.000 s
	InternalPubSubGcsService.grpc_client.GcsSubscriberCommandBatch.OnReplyReceived - 1 total (0 active), Execution time: mean = 76.500 us, total = 76.500 us, Queueing time: mean = 4.000 us, max = 4.000 us, min = 4.000 us, total = 4.000 us
	InternalPubSubGcsService.grpc_client.GcsSubscriberPoll - 1 total (1 active), Execution time: mean = 0.000 s, total = 0.000 s, Queueing time: mean = 0.000 s, max = -0.000 s, min = 9223372036.855 s, total = 0.000 s
	InternalPubSubGcsService.grpc_client.GcsSubscriberCommandBatch - 1 total (0 active), Execution time: mean = 203.500 us, total = 203.500 us, Queueing time: mean = 0.000 s, max = -0.000 s, min = 9223372036.855 s, total = 0.000 s
	NodeInfoGcsService.grpc_client.GetAllNodeInfo - 1 total (0 active), Execution time: mean = 166.600 us, total = 166.600 us, Queueing time: mean = 0.000 s, max = -0.000 s, min = 9223372036.855 s, total = 0.000 s
	NodeInfoGcsService.grpc_client.GetAllNodeInfo.OnReplyReceived - 1 total (0 active), Execution time: mean = 60.400 us, total = 60.400 us, Queueing time: mean = 4.600 us, max = 4.600 us, min = 4.600 us, total = 4.600 us
	CoreWorker.ExitIfParentRayletDies - 1 total (1 active), Execution time: mean = 0.000 s, total = 0.000 s, Queueing time: mean = 0.000 s, max = -0.000 s, min = 9223372036.855 s, total = 0.000 s

-----------------
Task Event stats:

IO Service Stats:

Global stats: 4 total (1 active)
Queueing time: mean = 2.775 us, max = 6.700 us, min = 4.400 us, total = 11.100 us
Execution time:  mean = 76.825 us, total = 307.300 us
Event stats:
	TaskInfoGcsService.grpc_client.AddTaskEventData - 1 total (0 active), Execution time: mean = 187.000 us, total = 187.000 us, Queueing time: mean = 0.000 s, max = -0.000 s, min = 9223372036.855 s, total = 0.000 s
	CoreWorker.deadline_timer.flush_task_events - 1 total (1 active), Execution time: mean = 0.000 s, total = 0.000 s, Queueing time: mean = 0.000 s, max = -0.000 s, min = 9223372036.855 s, total = 0.000 s
	TaskInfoGcsService.grpc_client.AddTaskEventData.OnReplyReceived - 1 total (0 active), Execution time: mean = 16.800 us, total = 16.800 us, Queueing time: mean = 6.700 us, max = 6.700 us, min = 6.700 us, total = 6.700 us
	PeriodicalRunner.RunFnPeriodically - 1 total (0 active), Execution time: mean = 103.500 us, total = 103.500 us, Queueing time: mean = 4.400 us, max = 4.400 us, min = 4.400 us, total = 4.400 us
Other Stats:
	grpc_in_progress:0
	current number of task status events in buffer: 0
	current number of profile events in buffer: 0
	current number of dropped task attempts tracked: 0
	total task events sent: 0 MiB
	total number of task attempts sent: 0
	total number of task attempts dropped reported: 0
	total number of sent failure: 0
	num status task events dropped: 0
	num profile task events dropped: 0


[2024-09-05 18:07:37,776 I 14268 10132] event.cc:234: Set ray event level to warning
[2024-09-05 18:07:37,776 I 14268 10132] event.cc:342: Ray Event initialized for CORE_WORKER
[2024-09-05 18:07:37,777 I 14268 10132] direct_actor_task_submitter.cc:36: Set max pending calls to -1 for actor 8bd1367be94778cb754ca5de01000000
[2024-09-05 18:07:37,777 I 14268 10132] direct_actor_task_submitter.cc:237: Connecting to actor 8bd1367be94778cb754ca5de01000000 at worker 6a6c367a544c24379904d7482b575355e390ef4623b54c924dcc72a2
[2024-09-05 18:07:37,777 I 14268 10132] core_worker.cc:2861: Creating actor: 8bd1367be94778cb754ca5de01000000
[2024-09-05 18:07:37,782 I 14268 10132] direct_actor_transport.cc:188: Actor creation task finished, task_id: ffffffffffffffff8bd1367be94778cb754ca5de01000000, actor_id: 8bd1367be94778cb754ca5de01000000, actor_repr_name: 
[2024-09-05 18:07:47,276 I 14268 10132] out_of_order_actor_scheduling_queue.cc:40: Setting actor as asyncio with max_concurrency=1000, and defined concurrency groups are:

[2024-09-05 18:07:49,847 W 14268 18728] metric_exporter.cc:105: [1] Export metrics to agent failed: GrpcUnavailable: RPC Error message: failed to connect to all addresses; last error: UNAVAILABLE: ipv4:127.0.0.1:59729: Connection refused; RPC Error details: . This won't affect Ray, but you can lose metrics from the cluster.
