[2024-09-05 18:07:22,623 I 19204 5032] core_worker_process.cc:107: Constructing CoreWorkerProcess. pid: 19204
[2024-09-05 18:07:22,627 I 19204 5032] io_service_pool.cc:35: IOServicePool is running with 1 io_service.
[2024-09-05 18:07:22,629 I 19204 5032] grpc_server.cc:129: worker server started, listening on port 56464.
[2024-09-05 18:07:22,633 I 19204 5032] core_worker.cc:252: Initializing worker at address: 127.0.0.1:56464, worker ID c85949955f83539667c02f03491aa89f46d06272a18d115581d72d97, raylet a15435975e4612cd2cb2fbf49cdc701be5f3aab708edbcc2ddf99016
[2024-09-05 18:07:22,635 I 19204 5032] task_event_buffer.cc:177: Reporting task events to GCS every 1000ms.
[2024-09-05 18:07:22,635 I 19204 9860] accessor.cc:627: Received notification for node id = a15435975e4612cd2cb2fbf49cdc701be5f3aab708edbcc2ddf99016, IsAlive = 1
[2024-09-05 18:07:22,635 I 19204 9860] core_worker.cc:4552: Number of alive nodes:1
[2024-09-05 18:07:22,636 I 19204 9860] core_worker.cc:614: Event stats:


Global stats: 12 total (4 active)
Queueing time: mean = 13.942 us, max = 98.000 us, min = 7.300 us, total = 167.300 us
Execution time:  mean = 113.442 us, total = 1.361 ms
Event stats:
	PeriodicalRunner.RunFnPeriodically - 3 total (1 active, 1 running), Execution time: mean = 8.633 us, total = 25.900 us, Queueing time: mean = 43.400 us, max = 98.000 us, min = 32.200 us, total = 130.200 us
	InternalPubSubGcsService.grpc_client.GcsSubscriberCommandBatch - 1 total (0 active), Execution time: mean = 272.200 us, total = 272.200 us, Queueing time: mean = 0.000 s, max = -0.000 s, min = 9223372036.855 s, total = 0.000 s
	CoreWorker.ExitIfParentRayletDies - 1 total (1 active), Execution time: mean = 0.000 s, total = 0.000 s, Queueing time: mean = 0.000 s, max = -0.000 s, min = 9223372036.855 s, total = 0.000 s
	WorkerInfoGcsService.grpc_client.AddWorkerInfo.OnReplyReceived - 1 total (0 active), Execution time: mean = 33.000 us, total = 33.000 us, Queueing time: mean = 7.300 us, max = 7.300 us, min = 7.300 us, total = 7.300 us
	Publisher.CheckDeadSubscribers - 1 total (1 active), Execution time: mean = 0.000 s, total = 0.000 s, Queueing time: mean = 0.000 s, max = -0.000 s, min = 9223372036.855 s, total = 0.000 s
	NodeInfoGcsService.grpc_client.GetAllNodeInfo - 1 total (0 active), Execution time: mean = 285.700 us, total = 285.700 us, Queueing time: mean = 0.000 s, max = -0.000 s, min = 9223372036.855 s, total = 0.000 s
	WorkerInfoGcsService.grpc_client.AddWorkerInfo - 1 total (0 active), Execution time: mean = 498.500 us, total = 498.500 us, Queueing time: mean = 0.000 s, max = -0.000 s, min = 9223372036.855 s, total = 0.000 s
	InternalPubSubGcsService.grpc_client.GcsSubscriberCommandBatch.OnReplyReceived - 1 total (0 active), Execution time: mean = 158.200 us, total = 158.200 us, Queueing time: mean = 20.900 us, max = 20.900 us, min = 20.900 us, total = 20.900 us
	NodeInfoGcsService.grpc_client.GetAllNodeInfo.OnReplyReceived - 1 total (0 active), Execution time: mean = 87.800 us, total = 87.800 us, Queueing time: mean = 8.900 us, max = 8.900 us, min = 8.900 us, total = 8.900 us
	InternalPubSubGcsService.grpc_client.GcsSubscriberPoll - 1 total (1 active), Execution time: mean = 0.000 s, total = 0.000 s, Queueing time: mean = 0.000 s, max = -0.000 s, min = 9223372036.855 s, total = 0.000 s

-----------------
Task Event stats:

IO Service Stats:

Global stats: 4 total (1 active)
Queueing time: mean = 10.600 us, max = 26.400 us, min = 16.000 us, total = 42.400 us
Execution time:  mean = 110.400 us, total = 441.600 us
Event stats:
	CoreWorker.deadline_timer.flush_task_events - 1 total (1 active), Execution time: mean = 0.000 s, total = 0.000 s, Queueing time: mean = 0.000 s, max = -0.000 s, min = 9223372036.855 s, total = 0.000 s
	TaskInfoGcsService.grpc_client.AddTaskEventData.OnReplyReceived - 1 total (0 active), Execution time: mean = 22.400 us, total = 22.400 us, Queueing time: mean = 26.400 us, max = 26.400 us, min = 26.400 us, total = 26.400 us
	TaskInfoGcsService.grpc_client.AddTaskEventData - 1 total (0 active), Execution time: mean = 298.700 us, total = 298.700 us, Queueing time: mean = 0.000 s, max = -0.000 s, min = 9223372036.855 s, total = 0.000 s
	PeriodicalRunner.RunFnPeriodically - 1 total (0 active), Execution time: mean = 120.500 us, total = 120.500 us, Queueing time: mean = 16.000 us, max = 16.000 us, min = 16.000 us, total = 16.000 us
Other Stats:
	grpc_in_progress:0
	current number of task status events in buffer: 0
	current number of profile events in buffer: 0
	current number of dropped task attempts tracked: 0
	total task events sent: 0 MiB
	total number of task attempts sent: 0
	total number of task attempts dropped reported: 0
	total number of sent failure: 0
	num status task events dropped: 0
	num profile task events dropped: 0


[2024-09-05 18:07:22,638 I 19204 5032] event.cc:234: Set ray event level to warning
[2024-09-05 18:07:22,638 I 19204 5032] event.cc:342: Ray Event initialized for CORE_WORKER
[2024-09-05 18:07:34,750 W 19204 21492] metric_exporter.cc:105: [1] Export metrics to agent failed: GrpcUnavailable: RPC Error message: failed to connect to all addresses; last error: UNAVAILABLE: ipv4:127.0.0.1:59729: Connection refused; RPC Error details: . This won't affect Ray, but you can lose metrics from the cluster.
