[2024-09-05 18:07:22,676 I 17444 18068] core_worker_process.cc:107: Constructing CoreWorkerProcess. pid: 17444
[2024-09-05 18:07:22,678 I 17444 18068] io_service_pool.cc:35: IOServicePool is running with 1 io_service.
[2024-09-05 18:07:22,680 I 17444 18068] grpc_server.cc:129: worker server started, listening on port 56501.
[2024-09-05 18:07:22,683 I 17444 18068] core_worker.cc:252: Initializing worker at address: 127.0.0.1:56501, worker ID d42349044d42b1d0be77375e612d71de63172eb092f6155c889a8956, raylet a15435975e4612cd2cb2fbf49cdc701be5f3aab708edbcc2ddf99016
[2024-09-05 18:07:22,684 I 17444 18068] task_event_buffer.cc:177: Reporting task events to GCS every 1000ms.
[2024-09-05 18:07:22,685 I 17444 2544] accessor.cc:627: Received notification for node id = a15435975e4612cd2cb2fbf49cdc701be5f3aab708edbcc2ddf99016, IsAlive = 1
[2024-09-05 18:07:22,685 I 17444 2544] core_worker.cc:4552: Number of alive nodes:1
[2024-09-05 18:07:22,685 I 17444 2544] core_worker.cc:614: Event stats:


Global stats: 12 total (4 active)
Queueing time: mean = 8.175 us, max = 76.600 us, min = 4.600 us, total = 98.100 us
Execution time:  mean = 85.733 us, total = 1.029 ms
Event stats:
	PeriodicalRunner.RunFnPeriodically - 3 total (1 active, 1 running), Execution time: mean = 7.500 us, total = 22.500 us, Queueing time: mean = 27.067 us, max = 76.600 us, min = 4.600 us, total = 81.200 us
	InternalPubSubGcsService.grpc_client.GcsSubscriberCommandBatch.OnReplyReceived - 1 total (0 active), Execution time: mean = 111.600 us, total = 111.600 us, Queueing time: mean = 5.500 us, max = 5.500 us, min = 5.500 us, total = 5.500 us
	NodeInfoGcsService.grpc_client.GetAllNodeInfo.OnReplyReceived - 1 total (0 active), Execution time: mean = 69.600 us, total = 69.600 us, Queueing time: mean = 4.900 us, max = 4.900 us, min = 4.900 us, total = 4.900 us
	CoreWorker.ExitIfParentRayletDies - 1 total (1 active), Execution time: mean = 0.000 s, total = 0.000 s, Queueing time: mean = 0.000 s, max = -0.000 s, min = 9223372036.855 s, total = 0.000 s
	WorkerInfoGcsService.grpc_client.AddWorkerInfo.OnReplyReceived - 1 total (0 active), Execution time: mean = 33.300 us, total = 33.300 us, Queueing time: mean = 6.500 us, max = 6.500 us, min = 6.500 us, total = 6.500 us
	InternalPubSubGcsService.grpc_client.GcsSubscriberCommandBatch - 1 total (0 active), Execution time: mean = 245.000 us, total = 245.000 us, Queueing time: mean = 0.000 s, max = -0.000 s, min = 9223372036.855 s, total = 0.000 s
	Publisher.CheckDeadSubscribers - 1 total (1 active), Execution time: mean = 0.000 s, total = 0.000 s, Queueing time: mean = 0.000 s, max = -0.000 s, min = 9223372036.855 s, total = 0.000 s
	NodeInfoGcsService.grpc_client.GetAllNodeInfo - 1 total (0 active), Execution time: mean = 214.300 us, total = 214.300 us, Queueing time: mean = 0.000 s, max = -0.000 s, min = 9223372036.855 s, total = 0.000 s
	InternalPubSubGcsService.grpc_client.GcsSubscriberPoll - 1 total (1 active), Execution time: mean = 0.000 s, total = 0.000 s, Queueing time: mean = 0.000 s, max = -0.000 s, min = 9223372036.855 s, total = 0.000 s
	WorkerInfoGcsService.grpc_client.AddWorkerInfo - 1 total (0 active), Execution time: mean = 332.500 us, total = 332.500 us, Queueing time: mean = 0.000 s, max = -0.000 s, min = 9223372036.855 s, total = 0.000 s

-----------------
Task Event stats:

IO Service Stats:

Global stats: 4 total (1 active)
Queueing time: mean = 2.125 us, max = 4.300 us, min = 4.200 us, total = 8.500 us
Execution time:  mean = 91.325 us, total = 365.300 us
Event stats:
	CoreWorker.deadline_timer.flush_task_events - 1 total (1 active), Execution time: mean = 0.000 s, total = 0.000 s, Queueing time: mean = 0.000 s, max = -0.000 s, min = 9223372036.855 s, total = 0.000 s
	TaskInfoGcsService.grpc_client.AddTaskEventData.OnReplyReceived - 1 total (0 active), Execution time: mean = 14.200 us, total = 14.200 us, Queueing time: mean = 4.200 us, max = 4.200 us, min = 4.200 us, total = 4.200 us
	PeriodicalRunner.RunFnPeriodically - 1 total (0 active), Execution time: mean = 86.100 us, total = 86.100 us, Queueing time: mean = 4.300 us, max = 4.300 us, min = 4.300 us, total = 4.300 us
	TaskInfoGcsService.grpc_client.AddTaskEventData - 1 total (0 active), Execution time: mean = 265.000 us, total = 265.000 us, Queueing time: mean = 0.000 s, max = -0.000 s, min = 9223372036.855 s, total = 0.000 s
Other Stats:
	grpc_in_progress:0
	current number of task status events in buffer: 0
	current number of profile events in buffer: 0
	current number of dropped task attempts tracked: 0
	total task events sent: 0 MiB
	total number of task attempts sent: 0
	total number of task attempts dropped reported: 0
	total number of sent failure: 0
	num status task events dropped: 0
	num profile task events dropped: 0


[2024-09-05 18:07:22,687 I 17444 18068] event.cc:234: Set ray event level to warning
[2024-09-05 18:07:22,687 I 17444 18068] event.cc:342: Ray Event initialized for CORE_WORKER
[2024-09-05 18:07:34,797 W 17444 14912] metric_exporter.cc:105: [1] Export metrics to agent failed: GrpcUnavailable: RPC Error message: failed to connect to all addresses; last error: UNAVAILABLE: ipv4:127.0.0.1:59729: Connection refused; RPC Error details: . This won't affect Ray, but you can lose metrics from the cluster.
