[2024-09-05 18:07:22,626 I 20832 16060] core_worker_process.cc:107: Constructing CoreWorkerProcess. pid: 20832
[2024-09-05 18:07:22,628 I 20832 16060] io_service_pool.cc:35: IOServicePool is running with 1 io_service.
[2024-09-05 18:07:22,631 I 20832 16060] grpc_server.cc:129: worker server started, listening on port 56467.
[2024-09-05 18:07:22,637 I 20832 16060] core_worker.cc:252: Initializing worker at address: 127.0.0.1:56467, worker ID 871dac3311c18d9531dbaf640d4736c734e56dc4c666cf0a334ec5e1, raylet a15435975e4612cd2cb2fbf49cdc701be5f3aab708edbcc2ddf99016
[2024-09-05 18:07:22,638 I 20832 16060] task_event_buffer.cc:177: Reporting task events to GCS every 1000ms.
[2024-09-05 18:07:22,639 I 20832 2312] core_worker.cc:614: Event stats:


Global stats: 11 total (5 active)
Queueing time: mean = 21.336 us, max = 104.400 us, min = 13.600 us, total = 234.700 us
Execution time:  mean = 127.609 us, total = 1.404 ms
Event stats:
	PeriodicalRunner.RunFnPeriodically - 3 total (1 active, 1 running), Execution time: mean = 18.733 us, total = 56.200 us, Queueing time: mean = 62.400 us, max = 104.400 us, min = 82.800 us, total = 187.200 us
	CoreWorker.ExitIfParentRayletDies - 1 total (1 active), Execution time: mean = 0.000 s, total = 0.000 s, Queueing time: mean = 0.000 s, max = -0.000 s, min = 9223372036.855 s, total = 0.000 s
	WorkerInfoGcsService.grpc_client.AddWorkerInfo.OnReplyReceived - 1 total (0 active), Execution time: mean = 30.100 us, total = 30.100 us, Queueing time: mean = 13.600 us, max = 13.600 us, min = 13.600 us, total = 13.600 us
	WorkerInfoGcsService.grpc_client.AddWorkerInfo - 1 total (0 active), Execution time: mean = 345.900 us, total = 345.900 us, Queueing time: mean = 0.000 s, max = -0.000 s, min = 9223372036.855 s, total = 0.000 s
	InternalPubSubGcsService.grpc_client.GcsSubscriberCommandBatch.OnReplyReceived - 1 total (0 active), Execution time: mean = 202.600 us, total = 202.600 us, Queueing time: mean = 33.900 us, max = 33.900 us, min = 33.900 us, total = 33.900 us
	InternalPubSubGcsService.grpc_client.GcsSubscriberPoll - 1 total (1 active), Execution time: mean = 0.000 s, total = 0.000 s, Queueing time: mean = 0.000 s, max = -0.000 s, min = 9223372036.855 s, total = 0.000 s
	InternalPubSubGcsService.grpc_client.GcsSubscriberCommandBatch - 1 total (0 active), Execution time: mean = 768.900 us, total = 768.900 us, Queueing time: mean = 0.000 s, max = -0.000 s, min = 9223372036.855 s, total = 0.000 s
	NodeInfoGcsService.grpc_client.GetAllNodeInfo - 1 total (1 active), Execution time: mean = 0.000 s, total = 0.000 s, Queueing time: mean = 0.000 s, max = -0.000 s, min = 9223372036.855 s, total = 0.000 s
	Publisher.CheckDeadSubscribers - 1 total (1 active), Execution time: mean = 0.000 s, total = 0.000 s, Queueing time: mean = 0.000 s, max = -0.000 s, min = 9223372036.855 s, total = 0.000 s

-----------------
Task Event stats:

IO Service Stats:

Global stats: 4 total (1 active)
Queueing time: mean = 67.925 us, max = 257.700 us, min = 14.000 us, total = 271.700 us
Execution time:  mean = 297.150 us, total = 1.189 ms
Event stats:
	CoreWorker.deadline_timer.flush_task_events - 1 total (1 active), Execution time: mean = 0.000 s, total = 0.000 s, Queueing time: mean = 0.000 s, max = -0.000 s, min = 9223372036.855 s, total = 0.000 s
	TaskInfoGcsService.grpc_client.AddTaskEventData - 1 total (0 active), Execution time: mean = 576.100 us, total = 576.100 us, Queueing time: mean = 0.000 s, max = -0.000 s, min = 9223372036.855 s, total = 0.000 s
	PeriodicalRunner.RunFnPeriodically - 1 total (0 active), Execution time: mean = 396.900 us, total = 396.900 us, Queueing time: mean = 14.000 us, max = 14.000 us, min = 14.000 us, total = 14.000 us
	TaskInfoGcsService.grpc_client.AddTaskEventData.OnReplyReceived - 1 total (0 active), Execution time: mean = 215.600 us, total = 215.600 us, Queueing time: mean = 257.700 us, max = 257.700 us, min = 257.700 us, total = 257.700 us
Other Stats:
	grpc_in_progress:0
	current number of task status events in buffer: 0
	current number of profile events in buffer: 0
	current number of dropped task attempts tracked: 0
	total task events sent: 0 MiB
	total number of task attempts sent: 0
	total number of task attempts dropped reported: 0
	total number of sent failure: 0
	num status task events dropped: 0
	num profile task events dropped: 0


[2024-09-05 18:07:22,640 I 20832 2312] accessor.cc:627: Received notification for node id = a15435975e4612cd2cb2fbf49cdc701be5f3aab708edbcc2ddf99016, IsAlive = 1
[2024-09-05 18:07:22,640 I 20832 2312] core_worker.cc:4552: Number of alive nodes:1
[2024-09-05 18:07:22,641 I 20832 16060] event.cc:234: Set ray event level to warning
[2024-09-05 18:07:22,641 I 20832 16060] event.cc:342: Ray Event initialized for CORE_WORKER
[2024-09-05 18:07:34,750 W 20832 18564] metric_exporter.cc:105: [1] Export metrics to agent failed: GrpcUnavailable: RPC Error message: failed to connect to all addresses; last error: UNAVAILABLE: ipv4:127.0.0.1:59729: Connection refused; RPC Error details: . This won't affect Ray, but you can lose metrics from the cluster.
