[2024-09-05 18:07:22,595 I 18200 21292] core_worker_process.cc:107: Constructing CoreWorkerProcess. pid: 18200
[2024-09-05 18:07:22,598 I 18200 21292] io_service_pool.cc:35: IOServicePool is running with 1 io_service.
[2024-09-05 18:07:22,600 I 18200 21292] grpc_server.cc:129: worker server started, listening on port 56448.
[2024-09-05 18:07:22,606 I 18200 21292] core_worker.cc:252: Initializing worker at address: 127.0.0.1:56448, worker ID 6eb829e1fe5c1ae84bd2fb29fd8393410f83fa21da19927b139ed261, raylet a15435975e4612cd2cb2fbf49cdc701be5f3aab708edbcc2ddf99016
[2024-09-05 18:07:22,608 I 18200 21292] task_event_buffer.cc:177: Reporting task events to GCS every 1000ms.
[2024-09-05 18:07:22,610 I 18200 2924] core_worker.cc:614: Event stats:


Global stats: 11 total (5 active)
Queueing time: mean = 55.173 us, max = 258.400 us, min = 35.300 us, total = 606.900 us
Execution time:  mean = 131.336 us, total = 1.445 ms
Event stats:
	PeriodicalRunner.RunFnPeriodically - 3 total (1 active, 1 running), Execution time: mean = 11.133 us, total = 33.400 us, Queueing time: mean = 76.100 us, max = 193.000 us, min = 35.300 us, total = 228.300 us
	WorkerInfoGcsService.grpc_client.AddWorkerInfo - 1 total (0 active), Execution time: mean = 699.600 us, total = 699.600 us, Queueing time: mean = 0.000 s, max = -0.000 s, min = 9223372036.855 s, total = 0.000 s
	CoreWorker.ExitIfParentRayletDies - 1 total (1 active), Execution time: mean = 0.000 s, total = 0.000 s, Queueing time: mean = 0.000 s, max = -0.000 s, min = 9223372036.855 s, total = 0.000 s
	WorkerInfoGcsService.grpc_client.AddWorkerInfo.OnReplyReceived - 1 total (0 active), Execution time: mean = 36.500 us, total = 36.500 us, Queueing time: mean = 258.400 us, max = 258.400 us, min = 258.400 us, total = 258.400 us
	Publisher.CheckDeadSubscribers - 1 total (1 active), Execution time: mean = 0.000 s, total = 0.000 s, Queueing time: mean = 0.000 s, max = -0.000 s, min = 9223372036.855 s, total = 0.000 s
	InternalPubSubGcsService.grpc_client.GcsSubscriberCommandBatch - 1 total (0 active), Execution time: mean = 539.100 us, total = 539.100 us, Queueing time: mean = 0.000 s, max = -0.000 s, min = 9223372036.855 s, total = 0.000 s
	NodeInfoGcsService.grpc_client.GetAllNodeInfo - 1 total (1 active), Execution time: mean = 0.000 s, total = 0.000 s, Queueing time: mean = 0.000 s, max = -0.000 s, min = 9223372036.855 s, total = 0.000 s
	InternalPubSubGcsService.grpc_client.GcsSubscriberPoll - 1 total (1 active), Execution time: mean = 0.000 s, total = 0.000 s, Queueing time: mean = 0.000 s, max = -0.000 s, min = 9223372036.855 s, total = 0.000 s
	InternalPubSubGcsService.grpc_client.GcsSubscriberCommandBatch.OnReplyReceived - 1 total (0 active), Execution time: mean = 136.100 us, total = 136.100 us, Queueing time: mean = 120.200 us, max = 120.200 us, min = 120.200 us, total = 120.200 us

-----------------
Task Event stats:

IO Service Stats:

Global stats: 4 total (2 active)
Queueing time: mean = 254.900 us, max = 1.020 ms, min = 1.020 ms, total = 1.020 ms
Execution time:  mean = 129.900 us, total = 519.600 us
Event stats:
	PeriodicalRunner.RunFnPeriodically - 1 total (0 active), Execution time: mean = 114.700 us, total = 114.700 us, Queueing time: mean = 1.020 ms, max = 1.020 ms, min = 1.020 ms, total = 1.020 ms
	TaskInfoGcsService.grpc_client.AddTaskEventData.OnReplyReceived - 1 total (1 active), Execution time: mean = 0.000 s, total = 0.000 s, Queueing time: mean = 0.000 s, max = -0.000 s, min = 9223372036.855 s, total = 0.000 s
	CoreWorker.deadline_timer.flush_task_events - 1 total (1 active), Execution time: mean = 0.000 s, total = 0.000 s, Queueing time: mean = 0.000 s, max = -0.000 s, min = 9223372036.855 s, total = 0.000 s
	TaskInfoGcsService.grpc_client.AddTaskEventData - 1 total (0 active), Execution time: mean = 404.900 us, total = 404.900 us, Queueing time: mean = 0.000 s, max = -0.000 s, min = 9223372036.855 s, total = 0.000 s
Other Stats:
	grpc_in_progress:1
	current number of task status events in buffer: 0
	current number of profile events in buffer: 0
	current number of dropped task attempts tracked: 0
	total task events sent: 0 MiB
	total number of task attempts sent: 0
	total number of task attempts dropped reported: 0
	total number of sent failure: 0
	num status task events dropped: 0
	num profile task events dropped: 0


[2024-09-05 18:07:22,611 I 18200 2924] accessor.cc:627: Received notification for node id = a15435975e4612cd2cb2fbf49cdc701be5f3aab708edbcc2ddf99016, IsAlive = 1
[2024-09-05 18:07:22,611 I 18200 2924] core_worker.cc:4552: Number of alive nodes:1
[2024-09-05 18:07:22,612 I 18200 21292] event.cc:234: Set ray event level to warning
[2024-09-05 18:07:22,612 I 18200 21292] event.cc:342: Ray Event initialized for CORE_WORKER
[2024-09-05 18:07:23,745 I 18200 2924] core_worker.cc:835: Exit signal received, this process will exit after all outstanding tasks have finished, exit_type=INTENDED_SYSTEM_EXIT, detail=Worker exits because it was idle (it doesn't have objects it owns while no task or actor has been scheduled) for a long time.
[2024-09-05 18:07:23,746 I 18200 21292] core_worker.cc:772: Disconnecting to the raylet.
[2024-09-05 18:07:23,746 I 18200 21292] raylet_client.cc:163: RayletClient::Disconnect, exit_type=INTENDED_SYSTEM_EXIT, exit_detail=Worker exits because it was idle (it doesn't have objects it owns while no task or actor has been scheduled) for a long time., has creation_task_exception_pb_bytes=0
[2024-09-05 18:07:23,746 I 18200 21292] core_worker.cc:694: Shutting down a core worker.
[2024-09-05 18:07:23,746 I 18200 21292] task_event_buffer.cc:188: Shutting down TaskEventBuffer.
[2024-09-05 18:07:23,746 I 18200 16664] task_event_buffer.cc:170: Task event buffer io service stopped.
[2024-09-05 18:07:23,746 I 18200 21292] core_worker.cc:720: Disconnecting a GCS client.
[2024-09-05 18:07:23,746 I 18200 21292] core_worker.cc:724: Waiting for joining a core worker io thread. If it hangs here, there might be deadlock or a high load in the core worker io service.
[2024-09-05 18:07:23,746 I 18200 2924] core_worker.cc:943: Core worker main io service stopped.
[2024-09-05 18:07:23,749 I 18200 21292] core_worker.cc:737: Core worker ready to be deallocated.
[2024-09-05 18:07:23,749 I 18200 21292] core_worker_process.cc:243: Task execution loop terminated. Removing the global worker.
[2024-09-05 18:07:23,749 I 18200 21292] core_worker.cc:685: Core worker is destructed
[2024-09-05 18:07:23,749 I 18200 21292] task_event_buffer.cc:188: Shutting down TaskEventBuffer.
[2024-09-05 18:07:23,750 I 18200 21292] core_worker_process.cc:148: Destructing CoreWorkerProcessImpl. pid: 18200
[2024-09-05 18:07:23,750 I 18200 21292] io_service_pool.cc:47: IOServicePool is stopped.
[2024-09-05 18:07:24,162 I 18200 21292] stats.h:120: Stats module has shutdown.
