[2024-09-05 18:07:22,647 I 14672 20028] core_worker_process.cc:107: Constructing CoreWorkerProcess. pid: 14672
[2024-09-05 18:07:22,650 I 14672 20028] io_service_pool.cc:35: IOServicePool is running with 1 io_service.
[2024-09-05 18:07:22,652 I 14672 20028] grpc_server.cc:129: worker server started, listening on port 56485.
[2024-09-05 18:07:22,657 I 14672 20028] core_worker.cc:252: Initializing worker at address: 127.0.0.1:56485, worker ID aebf214e8f1f7d403d2ff2f4820ca18340970852da86045277f7554d, raylet a15435975e4612cd2cb2fbf49cdc701be5f3aab708edbcc2ddf99016
[2024-09-05 18:07:22,658 I 14672 20028] task_event_buffer.cc:177: Reporting task events to GCS every 1000ms.
[2024-09-05 18:07:22,659 I 14672 17580] accessor.cc:627: Received notification for node id = a15435975e4612cd2cb2fbf49cdc701be5f3aab708edbcc2ddf99016, IsAlive = 1
[2024-09-05 18:07:22,659 I 14672 17580] core_worker.cc:4552: Number of alive nodes:1
[2024-09-05 18:07:22,659 I 14672 17580] core_worker.cc:614: Event stats:


Global stats: 12 total (4 active)
Queueing time: mean = 10.233 us, max = 104.700 us, min = 3.900 us, total = 122.800 us
Execution time:  mean = 87.958 us, total = 1.056 ms
Event stats:
	PeriodicalRunner.RunFnPeriodically - 3 total (1 active, 1 running), Execution time: mean = 8.900 us, total = 26.700 us, Queueing time: mean = 36.200 us, max = 104.700 us, min = 3.900 us, total = 108.600 us
	CoreWorker.ExitIfParentRayletDies - 1 total (1 active), Execution time: mean = 0.000 s, total = 0.000 s, Queueing time: mean = 0.000 s, max = -0.000 s, min = 9223372036.855 s, total = 0.000 s
	WorkerInfoGcsService.grpc_client.AddWorkerInfo.OnReplyReceived - 1 total (0 active), Execution time: mean = 31.500 us, total = 31.500 us, Queueing time: mean = 6.000 us, max = 6.000 us, min = 6.000 us, total = 6.000 us
	Publisher.CheckDeadSubscribers - 1 total (1 active), Execution time: mean = 0.000 s, total = 0.000 s, Queueing time: mean = 0.000 s, max = -0.000 s, min = 9223372036.855 s, total = 0.000 s
	WorkerInfoGcsService.grpc_client.AddWorkerInfo - 1 total (0 active), Execution time: mean = 367.000 us, total = 367.000 us, Queueing time: mean = 0.000 s, max = -0.000 s, min = 9223372036.855 s, total = 0.000 s
	InternalPubSubGcsService.grpc_client.GcsSubscriberCommandBatch.OnReplyReceived - 1 total (0 active), Execution time: mean = 94.400 us, total = 94.400 us, Queueing time: mean = 4.000 us, max = 4.000 us, min = 4.000 us, total = 4.000 us
	InternalPubSubGcsService.grpc_client.GcsSubscriberPoll - 1 total (1 active), Execution time: mean = 0.000 s, total = 0.000 s, Queueing time: mean = 0.000 s, max = -0.000 s, min = 9223372036.855 s, total = 0.000 s
	InternalPubSubGcsService.grpc_client.GcsSubscriberCommandBatch - 1 total (0 active), Execution time: mean = 253.300 us, total = 253.300 us, Queueing time: mean = 0.000 s, max = -0.000 s, min = 9223372036.855 s, total = 0.000 s
	NodeInfoGcsService.grpc_client.GetAllNodeInfo - 1 total (0 active), Execution time: mean = 223.500 us, total = 223.500 us, Queueing time: mean = 0.000 s, max = -0.000 s, min = 9223372036.855 s, total = 0.000 s
	NodeInfoGcsService.grpc_client.GetAllNodeInfo.OnReplyReceived - 1 total (0 active), Execution time: mean = 59.100 us, total = 59.100 us, Queueing time: mean = 4.200 us, max = 4.200 us, min = 4.200 us, total = 4.200 us

-----------------
Task Event stats:

IO Service Stats:

Global stats: 4 total (1 active)
Queueing time: mean = 2.325 us, max = 5.500 us, min = 3.800 us, total = 9.300 us
Execution time:  mean = 82.700 us, total = 330.800 us
Event stats:
	PeriodicalRunner.RunFnPeriodically - 1 total (0 active), Execution time: mean = 99.500 us, total = 99.500 us, Queueing time: mean = 3.800 us, max = 3.800 us, min = 3.800 us, total = 3.800 us
	TaskInfoGcsService.grpc_client.AddTaskEventData.OnReplyReceived - 1 total (0 active), Execution time: mean = 19.700 us, total = 19.700 us, Queueing time: mean = 5.500 us, max = 5.500 us, min = 5.500 us, total = 5.500 us
	CoreWorker.deadline_timer.flush_task_events - 1 total (1 active), Execution time: mean = 0.000 s, total = 0.000 s, Queueing time: mean = 0.000 s, max = -0.000 s, min = 9223372036.855 s, total = 0.000 s
	TaskInfoGcsService.grpc_client.AddTaskEventData - 1 total (0 active), Execution time: mean = 211.600 us, total = 211.600 us, Queueing time: mean = 0.000 s, max = -0.000 s, min = 9223372036.855 s, total = 0.000 s
Other Stats:
	grpc_in_progress:0
	current number of task status events in buffer: 0
	current number of profile events in buffer: 0
	current number of dropped task attempts tracked: 0
	total task events sent: 0 MiB
	total number of task attempts sent: 0
	total number of task attempts dropped reported: 0
	total number of sent failure: 0
	num status task events dropped: 0
	num profile task events dropped: 0


[2024-09-05 18:07:22,661 I 14672 20028] event.cc:234: Set ray event level to warning
[2024-09-05 18:07:22,661 I 14672 20028] event.cc:342: Ray Event initialized for CORE_WORKER
[2024-09-05 18:07:34,766 W 14672 18008] metric_exporter.cc:105: [1] Export metrics to agent failed: GrpcUnavailable: RPC Error message: failed to connect to all addresses; last error: UNAVAILABLE: ipv4:127.0.0.1:59729: Connection refused; RPC Error details: . This won't affect Ray, but you can lose metrics from the cluster.
