[2024-09-05 18:07:22,678 I 16364 7844] core_worker_process.cc:107: Constructing CoreWorkerProcess. pid: 16364
[2024-09-05 18:07:22,680 I 16364 7844] io_service_pool.cc:35: IOServicePool is running with 1 io_service.
[2024-09-05 18:07:22,682 I 16364 7844] grpc_server.cc:129: worker server started, listening on port 56504.
[2024-09-05 18:07:22,686 I 16364 7844] core_worker.cc:252: Initializing worker at address: 127.0.0.1:56504, worker ID ed66b0b1b46a31d3e62db9af3b2fef6880fee5ab4f54ea2fb7bec5b7, raylet a15435975e4612cd2cb2fbf49cdc701be5f3aab708edbcc2ddf99016
[2024-09-05 18:07:22,687 I 16364 7844] task_event_buffer.cc:177: Reporting task events to GCS every 1000ms.
[2024-09-05 18:07:22,688 I 16364 20372] accessor.cc:627: Received notification for node id = a15435975e4612cd2cb2fbf49cdc701be5f3aab708edbcc2ddf99016, IsAlive = 1
[2024-09-05 18:07:22,688 I 16364 20372] core_worker.cc:4552: Number of alive nodes:1
[2024-09-05 18:07:22,688 I 16364 20372] core_worker.cc:614: Event stats:


Global stats: 12 total (4 active)
Queueing time: mean = 9.758 us, max = 94.700 us, min = 5.000 us, total = 117.100 us
Execution time:  mean = 84.525 us, total = 1.014 ms
Event stats:
	PeriodicalRunner.RunFnPeriodically - 3 total (1 active, 1 running), Execution time: mean = 9.667 us, total = 29.000 us, Queueing time: mean = 33.333 us, max = 94.700 us, min = 5.300 us, total = 100.000 us
	WorkerInfoGcsService.grpc_client.AddWorkerInfo.OnReplyReceived - 1 total (0 active), Execution time: mean = 31.900 us, total = 31.900 us, Queueing time: mean = 6.000 us, max = 6.000 us, min = 6.000 us, total = 6.000 us
	Publisher.CheckDeadSubscribers - 1 total (1 active), Execution time: mean = 0.000 s, total = 0.000 s, Queueing time: mean = 0.000 s, max = -0.000 s, min = 9223372036.855 s, total = 0.000 s
	WorkerInfoGcsService.grpc_client.AddWorkerInfo - 1 total (0 active), Execution time: mean = 357.000 us, total = 357.000 us, Queueing time: mean = 0.000 s, max = -0.000 s, min = 9223372036.855 s, total = 0.000 s
	InternalPubSubGcsService.grpc_client.GcsSubscriberCommandBatch.OnReplyReceived - 1 total (0 active), Execution time: mean = 114.400 us, total = 114.400 us, Queueing time: mean = 6.100 us, max = 6.100 us, min = 6.100 us, total = 6.100 us
	InternalPubSubGcsService.grpc_client.GcsSubscriberPoll - 1 total (1 active), Execution time: mean = 0.000 s, total = 0.000 s, Queueing time: mean = 0.000 s, max = -0.000 s, min = 9223372036.855 s, total = 0.000 s
	InternalPubSubGcsService.grpc_client.GcsSubscriberCommandBatch - 1 total (0 active), Execution time: mean = 193.400 us, total = 193.400 us, Queueing time: mean = 0.000 s, max = -0.000 s, min = 9223372036.855 s, total = 0.000 s
	NodeInfoGcsService.grpc_client.GetAllNodeInfo - 1 total (0 active), Execution time: mean = 224.200 us, total = 224.200 us, Queueing time: mean = 0.000 s, max = -0.000 s, min = 9223372036.855 s, total = 0.000 s
	NodeInfoGcsService.grpc_client.GetAllNodeInfo.OnReplyReceived - 1 total (0 active), Execution time: mean = 64.400 us, total = 64.400 us, Queueing time: mean = 5.000 us, max = 5.000 us, min = 5.000 us, total = 5.000 us
	CoreWorker.ExitIfParentRayletDies - 1 total (1 active), Execution time: mean = 0.000 s, total = 0.000 s, Queueing time: mean = 0.000 s, max = -0.000 s, min = 9223372036.855 s, total = 0.000 s

-----------------
Task Event stats:

IO Service Stats:

Global stats: 4 total (1 active)
Queueing time: mean = 2.925 us, max = 6.500 us, min = 5.200 us, total = 11.700 us
Execution time:  mean = 89.475 us, total = 357.900 us
Event stats:
	PeriodicalRunner.RunFnPeriodically - 1 total (0 active), Execution time: mean = 112.800 us, total = 112.800 us, Queueing time: mean = 5.200 us, max = 5.200 us, min = 5.200 us, total = 5.200 us
	TaskInfoGcsService.grpc_client.AddTaskEventData - 1 total (0 active), Execution time: mean = 226.500 us, total = 226.500 us, Queueing time: mean = 0.000 s, max = -0.000 s, min = 9223372036.855 s, total = 0.000 s
	CoreWorker.deadline_timer.flush_task_events - 1 total (1 active), Execution time: mean = 0.000 s, total = 0.000 s, Queueing time: mean = 0.000 s, max = -0.000 s, min = 9223372036.855 s, total = 0.000 s
	TaskInfoGcsService.grpc_client.AddTaskEventData.OnReplyReceived - 1 total (0 active), Execution time: mean = 18.600 us, total = 18.600 us, Queueing time: mean = 6.500 us, max = 6.500 us, min = 6.500 us, total = 6.500 us
Other Stats:
	grpc_in_progress:0
	current number of task status events in buffer: 0
	current number of profile events in buffer: 0
	current number of dropped task attempts tracked: 0
	total task events sent: 0 MiB
	total number of task attempts sent: 0
	total number of task attempts dropped reported: 0
	total number of sent failure: 0
	num status task events dropped: 0
	num profile task events dropped: 0


[2024-09-05 18:07:22,690 I 16364 7844] event.cc:234: Set ray event level to warning
[2024-09-05 18:07:22,690 I 16364 7844] event.cc:342: Ray Event initialized for CORE_WORKER
[2024-09-05 18:07:34,797 W 16364 16576] metric_exporter.cc:105: [1] Export metrics to agent failed: GrpcUnavailable: RPC Error message: failed to connect to all addresses; last error: UNAVAILABLE: ipv4:127.0.0.1:59729: Connection refused; RPC Error details: . This won't affect Ray, but you can lose metrics from the cluster.
