[2024-09-05 18:18:04,523 I 8064 17984] (gcs_server.exe) io_service_pool.cc:35: IOServicePool is running with 1 io_service.
[2024-09-05 18:18:04,528 I 8064 17984] (gcs_server.exe) event.cc:234: Set ray event level to warning
[2024-09-05 18:18:04,528 I 8064 17984] (gcs_server.exe) event.cc:342: Ray Event initialized for GCS
[2024-09-05 18:18:04,528 I 8064 17984] (gcs_server.exe) gcs_server.cc:74: GCS storage type is StorageType::IN_MEMORY
[2024-09-05 18:18:04,529 I 8064 17984] (gcs_server.exe) gcs_init_data.cc:42: Loading job table data.
[2024-09-05 18:18:04,529 I 8064 17984] (gcs_server.exe) gcs_init_data.cc:54: Loading node table data.
[2024-09-05 18:18:04,529 I 8064 17984] (gcs_server.exe) gcs_init_data.cc:80: Loading actor table data.
[2024-09-05 18:18:04,529 I 8064 17984] (gcs_server.exe) gcs_init_data.cc:93: Loading actor task spec table data.
[2024-09-05 18:18:04,529 I 8064 17984] (gcs_server.exe) gcs_init_data.cc:66: Loading placement group table data.
[2024-09-05 18:18:04,529 I 8064 17984] (gcs_server.exe) gcs_init_data.cc:46: Finished loading job table data, size = 0
[2024-09-05 18:18:04,529 I 8064 17984] (gcs_server.exe) gcs_init_data.cc:58: Finished loading node table data, size = 0
[2024-09-05 18:18:04,529 I 8064 17984] (gcs_server.exe) gcs_init_data.cc:84: Finished loading actor table data, size = 0
[2024-09-05 18:18:04,529 I 8064 17984] (gcs_server.exe) gcs_init_data.cc:97: Finished loading actor task spec table data, size = 0
[2024-09-05 18:18:04,529 I 8064 17984] (gcs_server.exe) gcs_init_data.cc:71: Finished loading placement group table data, size = 0
[2024-09-05 18:18:04,529 I 8064 17984] (gcs_server.exe) gcs_server.cc:162: No existing server cluster ID found. Generating new ID: f1acbca78a9405c9278b90971e9b9f16c2f0e9c3b58c306caeadd9c4
[2024-09-05 18:18:04,529 I 8064 17984] (gcs_server.exe) gcs_server.cc:648: Autoscaler V2 enabled: 0
[2024-09-05 18:18:04,530 I 8064 17984] (gcs_server.exe) grpc_server.cc:129: GcsServer server started, listening on port 60730.
[2024-09-05 18:18:04,567 I 8064 17984] (gcs_server.exe) gcs_server.cc:250: GcsNodeManager: 
- RegisterNode request count: 0
- DrainNode request count: 0
- GetAllNodeInfo request count: 0
- GetInternalConfig request count: 0

GcsActorManager: 
- RegisterActor request count: 0
- CreateActor request count: 0
- GetActorInfo request count: 0
- GetNamedActorInfo request count: 0
- GetAllActorInfo request count: 0
- KillActor request count: 0
- ListNamedActors request count: 0
- Registered actors count: 0
- Destroyed actors count: 0
- Named actors count: 0
- Unresolved actors count: 0
- Pending actors count: 0
- Created actors count: 0
- owners_: 0
- actor_to_register_callbacks_: 0
- actor_to_create_callbacks_: 0
- sorted_destroyed_actor_list_: 0

GcsResourceManager: 
- GetAllAvailableResources request count0
- GetAllResourceUsage request count: 0

GcsPlacementGroupManager: 
- CreatePlacementGroup request count: 0
- RemovePlacementGroup request count: 0
- GetPlacementGroup request count: 0
- GetAllPlacementGroup request count: 0
- WaitPlacementGroupUntilReady request count: 0
- GetNamedPlacementGroup request count: 0
- Scheduling pending placement group count: 0
- Registered placement groups count: 0
- Named placement group count: 0
- Pending placement groups count: 0
- Infeasible placement groups count: 0

GcsPublisher {}

[runtime env manager] ID to URIs table:
[runtime env manager] URIs reference table:

GcsTaskManager: 
-Total num task events reported: 0
-Total num status task events dropped: 0
-Total num profile events dropped: 0
-Current num of task events stored: 0
-Total num of actor creation tasks: 0
-Total num of actor tasks: 0
-Total num of normal tasks: 0
-Total num of driver tasks: 0


[2024-09-05 18:18:04,567 I 8064 17984] (gcs_server.exe) gcs_server.cc:844: Event stats:


Global stats: 35 total (22 active)
Queueing time: mean = 3.248 ms, max = 37.733 ms, min = 2.000 us, total = 113.689 ms
Execution time:  mean = 1.084 ms, total = 37.927 ms
Event stats:
	InternalKVGcsService.grpc_client.InternalKVPut - 6 total (6 active), Execution time: mean = 0.000 s, total = 0.000 s, Queueing time: mean = 0.000 s, max = -0.000 s, min = 9223372036.855 s, total = 0.000 s
	InternalKVGcsService.grpc_server.InternalKVPut - 6 total (6 active), Execution time: mean = 0.000 s, total = 0.000 s, Queueing time: mean = 0.000 s, max = -0.000 s, min = 9223372036.855 s, total = 0.000 s
	InternalKVGcsService.grpc_server.InternalKVPut.HandleRequestImpl - 6 total (4 active), Execution time: mean = 2.550 us, total = 15.300 us, Queueing time: mean = 50.067 us, max = 150.700 us, min = 149.700 us, total = 300.400 us
	GcsInMemoryStore.Put - 5 total (2 active), Execution time: mean = 7.569 ms, total = 37.844 ms, Queueing time: mean = 7.481 ms, max = 37.399 ms, min = 2.200 us, total = 37.406 ms
	GcsInMemoryStore.GetAll - 5 total (0 active), Execution time: mean = 7.960 us, total = 39.800 us, Queueing time: mean = 110.140 us, max = 228.000 us, min = 29.600 us, total = 550.700 us
	PeriodicalRunner.RunFnPeriodically - 4 total (2 active, 1 running), Execution time: mean = 2.500 us, total = 10.000 us, Queueing time: mean = 18.858 ms, max = 37.733 ms, min = 37.697 ms, total = 75.430 ms
	ClusterResourceManager.ResetRemoteNodeView - 1 total (1 active), Execution time: mean = 0.000 s, total = 0.000 s, Queueing time: mean = 0.000 s, max = -0.000 s, min = 9223372036.855 s, total = 0.000 s
	RayletLoadPulled - 1 total (1 active), Execution time: mean = 0.000 s, total = 0.000 s, Queueing time: mean = 0.000 s, max = -0.000 s, min = 9223372036.855 s, total = 0.000 s
	GcsInMemoryStore.Get - 1 total (0 active), Execution time: mean = 17.700 us, total = 17.700 us, Queueing time: mean = 2.000 us, max = 2.000 us, min = 2.000 us, total = 2.000 us


[2024-09-05 18:18:04,567 I 8064 17984] (gcs_server.exe) gcs_server.cc:845: GcsTaskManager Event stats:


Global stats: 2 total (1 active)
Queueing time: mean = 2.100 us, max = 4.200 us, min = 4.200 us, total = 4.200 us
Execution time:  mean = 2.750 us, total = 5.500 us
Event stats:
	PeriodicalRunner.RunFnPeriodically - 1 total (0 active), Execution time: mean = 5.500 us, total = 5.500 us, Queueing time: mean = 4.200 us, max = 4.200 us, min = 4.200 us, total = 4.200 us
	GcsTaskManager.GcJobSummary - 1 total (1 active), Execution time: mean = 0.000 s, total = 0.000 s, Queueing time: mean = 0.000 s, max = -0.000 s, min = 9223372036.855 s, total = 0.000 s


[2024-09-05 18:18:05,725 I 8064 17984] (gcs_server.exe) gcs_node_manager.cc:55: Registering node info, node id = f72327a86a42f70531ae34357ff87476115d6b76b34e077b85b7f8c0, address = 127.0.0.1, node name = 127.0.0.1
[2024-09-05 18:18:05,725 I 8064 17984] (gcs_server.exe) gcs_node_manager.cc:61: Finished registering node info, node id = f72327a86a42f70531ae34357ff87476115d6b76b34e077b85b7f8c0, address = 127.0.0.1, node name = 127.0.0.1
[2024-09-05 18:18:05,725 I 8064 17984] (gcs_server.exe) gcs_placement_group_manager.cc:797: A new node: f72327a86a42f70531ae34357ff87476115d6b76b34e077b85b7f8c0 registered, will try to reschedule all the infeasible placement groups.
[2024-09-05 18:18:06,780 I 8064 17984] (gcs_server.exe) gcs_job_manager.cc:42: Adding job, job id = 01000000, driver pid = 16812
[2024-09-05 18:18:06,780 I 8064 17984] (gcs_server.exe) gcs_job_manager.cc:57: Finished adding job, job id = 01000000, driver pid = 16812
[2024-09-05 18:18:06,888 I 8064 17984] (gcs_server.exe) gcs_placement_group_manager.cc:432: Registering placement group, placement group id = 610dec10b90ce5da5f86596e142101000000, name = , strategy = 0
[2024-09-05 18:18:06,888 I 8064 17984] (gcs_server.exe) gcs_placement_group_manager.cc:436: Finished registering placement group, placement group id = 610dec10b90ce5da5f86596e142101000000, name = , strategy = 0
[2024-09-05 18:18:06,888 I 8064 17984] (gcs_server.exe) gcs_placement_group_scheduler.cc:185: Preparing resource from node f72327a86a42f70531ae34357ff87476115d6b76b34e077b85b7f8c0 for bundles: {placement group id={610dec10b90ce5da5f86596e142101000000}, bundle index={0}},{placement group id={610dec10b90ce5da5f86596e142101000000}, bundle index={1}},{placement group id={610dec10b90ce5da5f86596e142101000000}, bundle index={2}},
[2024-09-05 18:18:06,889 I 8064 17984] (gcs_server.exe) gcs_placement_group_scheduler.cc:195: Finished leasing resource from f72327a86a42f70531ae34357ff87476115d6b76b34e077b85b7f8c0 for bundles: {placement group id={610dec10b90ce5da5f86596e142101000000}, bundle index={0}},{placement group id={610dec10b90ce5da5f86596e142101000000}, bundle index={1}},{placement group id={610dec10b90ce5da5f86596e142101000000}, bundle index={2}},
[2024-09-05 18:18:06,889 I 8064 17984] (gcs_server.exe) gcs_placement_group_scheduler.cc:213: Committing resource to a node f72327a86a42f70531ae34357ff87476115d6b76b34e077b85b7f8c0 for bundles: {placement group id={610dec10b90ce5da5f86596e142101000000}, bundle index={1}},{placement group id={610dec10b90ce5da5f86596e142101000000}, bundle index={2}},{placement group id={610dec10b90ce5da5f86596e142101000000}, bundle index={0}},
[2024-09-05 18:18:06,889 I 8064 17984] (gcs_server.exe) gcs_placement_group_scheduler.cc:220: Finished committing resource to f72327a86a42f70531ae34357ff87476115d6b76b34e077b85b7f8c0 for bundles: {placement group id={610dec10b90ce5da5f86596e142101000000}, bundle index={1}},{placement group id={610dec10b90ce5da5f86596e142101000000}, bundle index={2}},{placement group id={610dec10b90ce5da5f86596e142101000000}, bundle index={0}},
[2024-09-05 18:18:06,889 I 8064 17984] (gcs_server.exe) gcs_placement_group_manager.cc:321: Successfully created placement group , id: 610dec10b90ce5da5f86596e142101000000
[2024-09-05 18:18:06,929 I 8064 17984] (gcs_server.exe) gcs_actor_manager.cc:262: Registering actor, job id = 01000000, actor id = 62ad3e0ff9f8d62b7f67150001000000
[2024-09-05 18:18:06,930 I 8064 17984] (gcs_server.exe) gcs_actor_manager.cc:268: Registered actor, job id = 01000000, actor id = 62ad3e0ff9f8d62b7f67150001000000
[2024-09-05 18:18:06,931 I 8064 17984] (gcs_server.exe) gcs_actor_manager.cc:287: Creating actor, job id = 01000000, actor id = 62ad3e0ff9f8d62b7f67150001000000
[2024-09-05 18:18:06,931 I 8064 17984] (gcs_server.exe) gcs_actor_scheduler.cc:312: Start leasing worker from node f72327a86a42f70531ae34357ff87476115d6b76b34e077b85b7f8c0 for actor 62ad3e0ff9f8d62b7f67150001000000, job id = 01000000
[2024-09-05 18:18:07,768 I 8064 17984] (gcs_server.exe) gcs_actor_scheduler.cc:633: Finished leasing worker from f72327a86a42f70531ae34357ff87476115d6b76b34e077b85b7f8c0 for actor 62ad3e0ff9f8d62b7f67150001000000, job id = 01000000
[2024-09-05 18:18:07,768 I 8064 17984] (gcs_server.exe) gcs_actor_scheduler.cc:447: Start creating actor 62ad3e0ff9f8d62b7f67150001000000 on worker a78e0cb8b7011af8e762b8aef74a497966e91395f4d7346624f84a1b at node f72327a86a42f70531ae34357ff87476115d6b76b34e077b85b7f8c0, job id = 01000000
[2024-09-05 18:18:13,701 I 8064 17984] (gcs_server.exe) gcs_actor_manager.cc:262: Registering actor, job id = 01000000, actor id = f784849263056ba118999bf001000000
[2024-09-05 18:18:13,701 I 8064 17984] (gcs_server.exe) gcs_actor_manager.cc:268: Registered actor, job id = 01000000, actor id = f784849263056ba118999bf001000000
[2024-09-05 18:18:13,702 I 8064 17984] (gcs_server.exe) gcs_actor_manager.cc:287: Creating actor, job id = 01000000, actor id = f784849263056ba118999bf001000000
[2024-09-05 18:18:13,702 I 8064 17984] (gcs_server.exe) gcs_actor_scheduler.cc:312: Start leasing worker from node f72327a86a42f70531ae34357ff87476115d6b76b34e077b85b7f8c0 for actor f784849263056ba118999bf001000000, job id = 01000000
[2024-09-05 18:18:13,703 I 8064 17984] (gcs_server.exe) gcs_actor_manager.cc:262: Registering actor, job id = 01000000, actor id = caf31936318cfca4122ff3c701000000
[2024-09-05 18:18:13,703 I 8064 17984] (gcs_server.exe) gcs_actor_manager.cc:268: Registered actor, job id = 01000000, actor id = caf31936318cfca4122ff3c701000000
[2024-09-05 18:18:13,704 I 8064 17984] (gcs_server.exe) gcs_actor_manager.cc:287: Creating actor, job id = 01000000, actor id = caf31936318cfca4122ff3c701000000
[2024-09-05 18:18:13,704 I 8064 17984] (gcs_server.exe) gcs_actor_scheduler.cc:312: Start leasing worker from node f72327a86a42f70531ae34357ff87476115d6b76b34e077b85b7f8c0 for actor caf31936318cfca4122ff3c701000000, job id = 01000000
[2024-09-05 18:18:14,547 I 8064 17984] (gcs_server.exe) gcs_actor_scheduler.cc:633: Finished leasing worker from f72327a86a42f70531ae34357ff87476115d6b76b34e077b85b7f8c0 for actor caf31936318cfca4122ff3c701000000, job id = 01000000
[2024-09-05 18:18:14,547 I 8064 17984] (gcs_server.exe) gcs_actor_scheduler.cc:447: Start creating actor caf31936318cfca4122ff3c701000000 on worker 2c09eaaea964f6ea9d7f333289ee2b79aaa449d36a80199b9b521cc1 at node f72327a86a42f70531ae34357ff87476115d6b76b34e077b85b7f8c0, job id = 01000000
[2024-09-05 18:18:14,597 I 8064 17984] (gcs_server.exe) gcs_actor_scheduler.cc:633: Finished leasing worker from f72327a86a42f70531ae34357ff87476115d6b76b34e077b85b7f8c0 for actor f784849263056ba118999bf001000000, job id = 01000000
[2024-09-05 18:18:14,598 I 8064 17984] (gcs_server.exe) gcs_actor_scheduler.cc:447: Start creating actor f784849263056ba118999bf001000000 on worker b7fb12c55a5ac362b5405d51ee91d8763cdd677bd8f73d3b4a112c26 at node f72327a86a42f70531ae34357ff87476115d6b76b34e077b85b7f8c0, job id = 01000000
[2024-09-05 18:18:16,658 W 8064 19564] (gcs_server.exe) metric_exporter.cc:105: [1] Export metrics to agent failed: GrpcUnavailable: RPC Error message: failed to connect to all addresses; last error: UNAVAILABLE: ipv4:127.0.0.1:61839: Connection refused; RPC Error details: . This won't affect Ray, but you can lose metrics from the cluster.
[2024-09-05 18:18:21,180 I 8064 17984] (gcs_server.exe) gcs_actor_scheduler.cc:484: Finished actor creation task for actor caf31936318cfca4122ff3c701000000 on worker 2c09eaaea964f6ea9d7f333289ee2b79aaa449d36a80199b9b521cc1 at node f72327a86a42f70531ae34357ff87476115d6b76b34e077b85b7f8c0, job id = 01000000
[2024-09-05 18:18:21,180 I 8064 17984] (gcs_server.exe) gcs_actor_manager.cc:1289: Actor created successfully, actor id = caf31936318cfca4122ff3c701000000, job id = 01000000
[2024-09-05 18:18:21,180 I 8064 17984] (gcs_server.exe) gcs_actor_manager.cc:303: Finished creating actor, job id = 01000000, actor id = caf31936318cfca4122ff3c701000000, status = OK
[2024-09-05 18:18:21,184 I 8064 17984] (gcs_server.exe) gcs_actor_scheduler.cc:484: Finished actor creation task for actor f784849263056ba118999bf001000000 on worker b7fb12c55a5ac362b5405d51ee91d8763cdd677bd8f73d3b4a112c26 at node f72327a86a42f70531ae34357ff87476115d6b76b34e077b85b7f8c0, job id = 01000000
[2024-09-05 18:18:21,184 I 8064 17984] (gcs_server.exe) gcs_actor_manager.cc:1289: Actor created successfully, actor id = f784849263056ba118999bf001000000, job id = 01000000
[2024-09-05 18:18:21,184 I 8064 17984] (gcs_server.exe) gcs_actor_manager.cc:303: Finished creating actor, job id = 01000000, actor id = f784849263056ba118999bf001000000, status = OK
[2024-09-05 18:18:21,500 I 8064 17984] (gcs_server.exe) gcs_actor_scheduler.cc:484: Finished actor creation task for actor 62ad3e0ff9f8d62b7f67150001000000 on worker a78e0cb8b7011af8e762b8aef74a497966e91395f4d7346624f84a1b at node f72327a86a42f70531ae34357ff87476115d6b76b34e077b85b7f8c0, job id = 01000000
[2024-09-05 18:18:21,500 I 8064 17984] (gcs_server.exe) gcs_actor_manager.cc:1289: Actor created successfully, actor id = 62ad3e0ff9f8d62b7f67150001000000, job id = 01000000
[2024-09-05 18:18:21,500 I 8064 17984] (gcs_server.exe) gcs_actor_manager.cc:303: Finished creating actor, job id = 01000000, actor id = 62ad3e0ff9f8d62b7f67150001000000, status = OK
[2024-09-05 18:18:21,515 I 8064 17984] (gcs_server.exe) gcs_actor_manager.cc:262: Registering actor, job id = 01000000, actor id = 6674188d9dccc8187fbb6fea01000000
[2024-09-05 18:18:21,516 I 8064 17984] (gcs_server.exe) gcs_actor_manager.cc:268: Registered actor, job id = 01000000, actor id = 6674188d9dccc8187fbb6fea01000000
[2024-09-05 18:18:21,516 I 8064 17984] (gcs_server.exe) gcs_actor_manager.cc:287: Creating actor, job id = 01000000, actor id = 6674188d9dccc8187fbb6fea01000000
[2024-09-05 18:18:21,516 I 8064 17984] (gcs_server.exe) gcs_actor_scheduler.cc:312: Start leasing worker from node f72327a86a42f70531ae34357ff87476115d6b76b34e077b85b7f8c0 for actor 6674188d9dccc8187fbb6fea01000000, job id = 01000000
[2024-09-05 18:18:21,525 I 8064 17984] (gcs_server.exe) gcs_actor_manager.cc:262: Registering actor, job id = 01000000, actor id = 3dbea7ec3dcf171a0b450b3e01000000
[2024-09-05 18:18:21,526 I 8064 17984] (gcs_server.exe) gcs_actor_manager.cc:268: Registered actor, job id = 01000000, actor id = 3dbea7ec3dcf171a0b450b3e01000000
[2024-09-05 18:18:21,526 I 8064 17984] (gcs_server.exe) gcs_actor_manager.cc:287: Creating actor, job id = 01000000, actor id = 3dbea7ec3dcf171a0b450b3e01000000
[2024-09-05 18:18:21,526 I 8064 17984] (gcs_server.exe) gcs_actor_scheduler.cc:312: Start leasing worker from node f72327a86a42f70531ae34357ff87476115d6b76b34e077b85b7f8c0 for actor 3dbea7ec3dcf171a0b450b3e01000000, job id = 01000000
[2024-09-05 18:18:21,952 I 8064 17984] (gcs_server.exe) gcs_actor_scheduler.cc:633: Finished leasing worker from f72327a86a42f70531ae34357ff87476115d6b76b34e077b85b7f8c0 for actor 6674188d9dccc8187fbb6fea01000000, job id = 01000000
[2024-09-05 18:18:21,952 I 8064 17984] (gcs_server.exe) gcs_actor_scheduler.cc:447: Start creating actor 6674188d9dccc8187fbb6fea01000000 on worker a63dcd08abd5c5d9b432a1cc13a9853a628571bb955db3e7854d9157 at node f72327a86a42f70531ae34357ff87476115d6b76b34e077b85b7f8c0, job id = 01000000
[2024-09-05 18:18:21,958 I 8064 17984] (gcs_server.exe) gcs_actor_scheduler.cc:484: Finished actor creation task for actor 6674188d9dccc8187fbb6fea01000000 on worker a63dcd08abd5c5d9b432a1cc13a9853a628571bb955db3e7854d9157 at node f72327a86a42f70531ae34357ff87476115d6b76b34e077b85b7f8c0, job id = 01000000
[2024-09-05 18:18:21,958 I 8064 17984] (gcs_server.exe) gcs_actor_manager.cc:1289: Actor created successfully, actor id = 6674188d9dccc8187fbb6fea01000000, job id = 01000000
[2024-09-05 18:18:21,958 I 8064 17984] (gcs_server.exe) gcs_actor_manager.cc:303: Finished creating actor, job id = 01000000, actor id = 6674188d9dccc8187fbb6fea01000000, status = OK
[2024-09-05 18:18:21,959 I 8064 17984] (gcs_server.exe) gcs_actor_scheduler.cc:633: Finished leasing worker from f72327a86a42f70531ae34357ff87476115d6b76b34e077b85b7f8c0 for actor 3dbea7ec3dcf171a0b450b3e01000000, job id = 01000000
[2024-09-05 18:18:21,959 I 8064 17984] (gcs_server.exe) gcs_actor_scheduler.cc:447: Start creating actor 3dbea7ec3dcf171a0b450b3e01000000 on worker c4ccaf68fc2e1605cdf9d18468a384649c6594d6173b32dc76ba28a1 at node f72327a86a42f70531ae34357ff87476115d6b76b34e077b85b7f8c0, job id = 01000000
[2024-09-05 18:18:22,283 I 8064 17984] (gcs_server.exe) gcs_actor_manager.cc:816: Destroying actor, actor id = f784849263056ba118999bf001000000, job id = 01000000
[2024-09-05 18:18:22,284 I 8064 17984] (gcs_server.exe) gcs_actor_manager.cc:816: Destroying actor, actor id = caf31936318cfca4122ff3c701000000, job id = 01000000
[2024-09-05 18:18:22,284 I 8064 17984] (gcs_server.exe) gcs_actor_manager.cc:798: Actor f784849263056ba118999bf001000000 is out of scope, destroying actor, job id = 01000000
[2024-09-05 18:18:22,284 I 8064 17984] (gcs_server.exe) gcs_actor_manager.cc:798: Actor caf31936318cfca4122ff3c701000000 is out of scope, destroying actor, job id = 01000000
[2024-09-05 18:18:22,284 I 8064 17984] (gcs_server.exe) gcs_placement_group_scheduler.cc:607: Cancelling all committed bundles of a placement group, id is 610dec10b90ce5da5f86596e142101000000
[2024-09-05 18:18:22,285 I 8064 17984] (gcs_server.exe) gcs_placement_group_manager.cc:458: Placement group of an id, 610dec10b90ce5da5f86596e142101000000 is removed successfully.
[2024-09-05 18:18:22,285 I 8064 17984] (gcs_server.exe) gcs_actor_manager.cc:1167: Actor 62ad3e0ff9f8d62b7f67150001000000 is failed on worker a78e0cb8b7011af8e762b8aef74a497966e91395f4d7346624f84a1b at node f72327a86a42f70531ae34357ff87476115d6b76b34e077b85b7f8c0, need_reschedule = 1, death context type = ActorDiedErrorContext, remaining_restarts = 0, job id = 01000000
[2024-09-05 18:18:22,285 I 8064 17984] (gcs_server.exe) gcs_placement_group_scheduler.cc:261: Finished cancelling the resource reserved for bundle: placement group id={610dec10b90ce5da5f86596e142101000000}, bundle index={1} at node f72327a86a42f70531ae34357ff87476115d6b76b34e077b85b7f8c0
[2024-09-05 18:18:22,286 I 8064 17984] (gcs_server.exe) gcs_placement_group_scheduler.cc:261: Finished cancelling the resource reserved for bundle: placement group id={610dec10b90ce5da5f86596e142101000000}, bundle index={2} at node f72327a86a42f70531ae34357ff87476115d6b76b34e077b85b7f8c0
[2024-09-05 18:18:22,286 I 8064 17984] (gcs_server.exe) gcs_placement_group_scheduler.cc:261: Finished cancelling the resource reserved for bundle: placement group id={610dec10b90ce5da5f86596e142101000000}, bundle index={0} at node f72327a86a42f70531ae34357ff87476115d6b76b34e077b85b7f8c0
[2024-09-05 18:18:26,065 W 8064 17984] (gcs_server.exe) gcs_worker_manager.cc:55: Reporting worker exit, worker id = a63dcd08abd5c5d9b432a1cc13a9853a628571bb955db3e7854d9157, node id = f72327a86a42f70531ae34357ff87476115d6b76b34e077b85b7f8c0, address = 127.0.0.1, exit_type = SYSTEM_ERROR, exit_detail = Worker unexpectedly exits with a connection error code 10054. Eine vorhandene Verbindung wurde vom Remotehost geschlossen. There are some potential root causes. (1) The process is killed by SIGKILL by OOM killer due to high memory usage. (2) ray stop --force is called. (3) The worker is crashed unexpectedly due to SIGSEGV or other unexpected errors.. Unintentional worker failures have been reported. If there are lots of this logs, that might indicate there are unexpected failures in the cluster.
