2024-09-05 18:18:06,482	INFO log_monitor.py:155 -- Starting log monitor with [max open files=200], [is_autoscaler_v2=False]
2024-09-05 18:18:06,484	INFO log_monitor.py:273 -- Beginning to track file raylet.err
2024-09-05 18:18:06,484	INFO log_monitor.py:273 -- Beginning to track file monitor.log
2024-09-05 18:18:06,485	INFO log_monitor.py:273 -- Beginning to track file gcs_server.err
2024-09-05 18:18:06,717	INFO log_monitor.py:273 -- Beginning to track file worker-36d06a32cf7c4db03470bc47e8a027bdf6b51238418553670f8a4ae7-ffffffff-20780.err
2024-09-05 18:18:06,717	INFO log_monitor.py:273 -- Beginning to track file worker-36d06a32cf7c4db03470bc47e8a027bdf6b51238418553670f8a4ae7-ffffffff-20780.out
2024-09-05 18:18:06,717	INFO log_monitor.py:273 -- Beginning to track file worker-5249f32034a4e0120f15d8b4d6e77f0a839892558e7c3fbc8ba0df02-ffffffff-6252.err
2024-09-05 18:18:06,718	INFO log_monitor.py:273 -- Beginning to track file worker-5249f32034a4e0120f15d8b4d6e77f0a839892558e7c3fbc8ba0df02-ffffffff-6252.out
2024-09-05 18:18:06,718	INFO log_monitor.py:273 -- Beginning to track file worker-6835ef608f9c8c03f112ae4f5ac7e0326bc5a6e80dd614acc33cb22f-ffffffff-10092.err
2024-09-05 18:18:06,718	INFO log_monitor.py:273 -- Beginning to track file worker-6835ef608f9c8c03f112ae4f5ac7e0326bc5a6e80dd614acc33cb22f-ffffffff-10092.out
2024-09-05 18:18:06,718	INFO log_monitor.py:273 -- Beginning to track file worker-7a7d8998955ceb5fa6bc65c8bad3f2f01e2c99005142bd11b64a123d-ffffffff-12000.err
2024-09-05 18:18:06,718	INFO log_monitor.py:273 -- Beginning to track file worker-7a7d8998955ceb5fa6bc65c8bad3f2f01e2c99005142bd11b64a123d-ffffffff-12000.out
2024-09-05 18:18:06,718	INFO log_monitor.py:273 -- Beginning to track file worker-9592be67c8e76c9fad08bd017d5209f9a0c285d8d37ee7d8af23ea04-ffffffff-11300.err
2024-09-05 18:18:06,719	INFO log_monitor.py:273 -- Beginning to track file worker-9592be67c8e76c9fad08bd017d5209f9a0c285d8d37ee7d8af23ea04-ffffffff-11300.out
2024-09-05 18:18:06,719	INFO log_monitor.py:273 -- Beginning to track file worker-e0844bf55c3ee977cd2bbc1550936e1e0d20407aa33fe93b23991ee5-ffffffff-17828.err
2024-09-05 18:18:06,719	INFO log_monitor.py:273 -- Beginning to track file worker-e0844bf55c3ee977cd2bbc1550936e1e0d20407aa33fe93b23991ee5-ffffffff-17828.out
2024-09-05 18:18:06,719	INFO log_monitor.py:273 -- Beginning to track file worker-fda1c8eef09a480d37acfcdebc1ab62234d9b704c7b6a4d26fc929d0-ffffffff-18732.err
2024-09-05 18:18:06,719	INFO log_monitor.py:273 -- Beginning to track file worker-fda1c8eef09a480d37acfcdebc1ab62234d9b704c7b6a4d26fc929d0-ffffffff-18732.out
2024-09-05 18:18:06,823	INFO log_monitor.py:273 -- Beginning to track file worker-0e9d7fbef7949ccfde843dd28e69340a7720982d3536152d5aaaf631-ffffffff-16788.err
2024-09-05 18:18:06,823	INFO log_monitor.py:273 -- Beginning to track file worker-0e9d7fbef7949ccfde843dd28e69340a7720982d3536152d5aaaf631-ffffffff-16788.out
2024-09-05 18:18:06,823	INFO log_monitor.py:273 -- Beginning to track file worker-3b5ac8de15cd9dceabab84bd88266cbbf9f62c7a477e758ce00626cd-ffffffff-21352.err
2024-09-05 18:18:06,823	INFO log_monitor.py:273 -- Beginning to track file worker-3b5ac8de15cd9dceabab84bd88266cbbf9f62c7a477e758ce00626cd-ffffffff-21352.out
2024-09-05 18:18:06,823	INFO log_monitor.py:273 -- Beginning to track file worker-3c475df57edade78b94ebd4e5d6e279e458aeed34929f153786d1b31-ffffffff-4680.err
2024-09-05 18:18:06,823	INFO log_monitor.py:273 -- Beginning to track file worker-3c475df57edade78b94ebd4e5d6e279e458aeed34929f153786d1b31-ffffffff-4680.out
2024-09-05 18:18:06,823	INFO log_monitor.py:273 -- Beginning to track file worker-3f0ab72a2ed65cafd96ae2da5f30ac0c56f603e6e90c91328bd85aea-ffffffff-11608.err
2024-09-05 18:18:06,824	INFO log_monitor.py:273 -- Beginning to track file worker-3f0ab72a2ed65cafd96ae2da5f30ac0c56f603e6e90c91328bd85aea-ffffffff-11608.out
2024-09-05 18:18:06,824	INFO log_monitor.py:273 -- Beginning to track file worker-becaaf2288163414a638a6e9929a66bdf5104bf67a5f004aa267e5bd-ffffffff-19156.err
2024-09-05 18:18:06,824	INFO log_monitor.py:273 -- Beginning to track file worker-becaaf2288163414a638a6e9929a66bdf5104bf67a5f004aa267e5bd-ffffffff-19156.out
2024-09-05 18:18:06,824	INFO log_monitor.py:273 -- Beginning to track file worker-cd7636f3864b9109c66652d3f02d20c4d1b8f62c5b026228b6c266d5-ffffffff-19308.err
2024-09-05 18:18:06,824	INFO log_monitor.py:273 -- Beginning to track file worker-cd7636f3864b9109c66652d3f02d20c4d1b8f62c5b026228b6c266d5-ffffffff-19308.out
2024-09-05 18:18:06,824	INFO log_monitor.py:273 -- Beginning to track file worker-d00c178b0c97509d78b6765defd24af8727f5cb088fee98c83e323d0-ffffffff-19820.err
2024-09-05 18:18:06,824	INFO log_monitor.py:273 -- Beginning to track file worker-d00c178b0c97509d78b6765defd24af8727f5cb088fee98c83e323d0-ffffffff-19820.out
2024-09-05 18:18:06,825	INFO log_monitor.py:273 -- Beginning to track file worker-e290e9f5bb4407606ec010d9d46532b8d3cfb8d9f0e05e86b76b415e-ffffffff-16916.err
2024-09-05 18:18:06,825	INFO log_monitor.py:273 -- Beginning to track file worker-e290e9f5bb4407606ec010d9d46532b8d3cfb8d9f0e05e86b76b415e-ffffffff-16916.out
2024-09-05 18:18:06,825	INFO log_monitor.py:273 -- Beginning to track file worker-e51fa9b9bf734cc95cd66d1f23c807f17219308a6712aca61b48b8b6-ffffffff-5728.err
2024-09-05 18:18:06,825	INFO log_monitor.py:273 -- Beginning to track file worker-e51fa9b9bf734cc95cd66d1f23c807f17219308a6712aca61b48b8b6-ffffffff-5728.out
2024-09-05 18:18:07,807	INFO log_monitor.py:273 -- Beginning to track file worker-a78e0cb8b7011af8e762b8aef74a497966e91395f4d7346624f84a1b-01000000-5812.err
2024-09-05 18:18:07,807	INFO log_monitor.py:273 -- Beginning to track file worker-a78e0cb8b7011af8e762b8aef74a497966e91395f4d7346624f84a1b-01000000-5812.out
2024-09-05 18:18:14,595	INFO log_monitor.py:273 -- Beginning to track file worker-2c09eaaea964f6ea9d7f333289ee2b79aaa449d36a80199b9b521cc1-01000000-11900.err
2024-09-05 18:18:14,595	INFO log_monitor.py:273 -- Beginning to track file worker-2c09eaaea964f6ea9d7f333289ee2b79aaa449d36a80199b9b521cc1-01000000-11900.out
2024-09-05 18:18:14,704	INFO log_monitor.py:273 -- Beginning to track file worker-b7fb12c55a5ac362b5405d51ee91d8763cdd677bd8f73d3b4a112c26-01000000-16776.err
2024-09-05 18:18:14,704	INFO log_monitor.py:273 -- Beginning to track file worker-b7fb12c55a5ac362b5405d51ee91d8763cdd677bd8f73d3b4a112c26-01000000-16776.out
2024-09-05 18:18:22,054	INFO log_monitor.py:273 -- Beginning to track file worker-a63dcd08abd5c5d9b432a1cc13a9853a628571bb955db3e7854d9157-01000000-12192.err
2024-09-05 18:18:22,054	INFO log_monitor.py:273 -- Beginning to track file worker-a63dcd08abd5c5d9b432a1cc13a9853a628571bb955db3e7854d9157-01000000-12192.out
2024-09-05 18:18:22,055	INFO log_monitor.py:273 -- Beginning to track file worker-c4ccaf68fc2e1605cdf9d18468a384649c6594d6173b32dc76ba28a1-01000000-1972.err
2024-09-05 18:18:22,055	INFO log_monitor.py:273 -- Beginning to track file worker-c4ccaf68fc2e1605cdf9d18468a384649c6594d6173b32dc76ba28a1-01000000-1972.out
