[2024-09-05 18:18:06,722 I 16916 19696] core_worker_process.cc:107: Constructing CoreWorkerProcess. pid: 16916
[2024-09-05 18:18:06,724 I 16916 19696] io_service_pool.cc:35: IOServicePool is running with 1 io_service.
[2024-09-05 18:18:06,726 I 16916 19696] grpc_server.cc:129: worker server started, listening on port 57755.
[2024-09-05 18:18:06,729 I 16916 19696] core_worker.cc:252: Initializing worker at address: 127.0.0.1:57755, worker ID e290e9f5bb4407606ec010d9d46532b8d3cfb8d9f0e05e86b76b415e, raylet f72327a86a42f70531ae34357ff87476115d6b76b34e077b85b7f8c0
[2024-09-05 18:18:06,730 I 16916 19696] task_event_buffer.cc:177: Reporting task events to GCS every 1000ms.
[2024-09-05 18:18:06,731 I 16916 6372] accessor.cc:627: Received notification for node id = f72327a86a42f70531ae34357ff87476115d6b76b34e077b85b7f8c0, IsAlive = 1
[2024-09-05 18:18:06,731 I 16916 6372] core_worker.cc:4552: Number of alive nodes:1
[2024-09-05 18:18:06,732 I 16916 6372] core_worker.cc:614: Event stats:


Global stats: 12 total (4 active)
Queueing time: mean = 9.208 us, max = 87.000 us, min = 5.000 us, total = 110.500 us
Execution time:  mean = 96.442 us, total = 1.157 ms
Event stats:
	PeriodicalRunner.RunFnPeriodically - 3 total (1 active, 1 running), Execution time: mean = 8.767 us, total = 26.300 us, Queueing time: mean = 30.667 us, max = 87.000 us, min = 5.000 us, total = 92.000 us
	Publisher.CheckDeadSubscribers - 1 total (1 active), Execution time: mean = 0.000 s, total = 0.000 s, Queueing time: mean = 0.000 s, max = -0.000 s, min = 9223372036.855 s, total = 0.000 s
	InternalPubSubGcsService.grpc_client.GcsSubscriberCommandBatch - 1 total (0 active), Execution time: mean = 272.100 us, total = 272.100 us, Queueing time: mean = 0.000 s, max = -0.000 s, min = 9223372036.855 s, total = 0.000 s
	InternalPubSubGcsService.grpc_client.GcsSubscriberCommandBatch.OnReplyReceived - 1 total (0 active), Execution time: mean = 124.000 us, total = 124.000 us, Queueing time: mean = 5.400 us, max = 5.400 us, min = 5.400 us, total = 5.400 us
	WorkerInfoGcsService.grpc_client.AddWorkerInfo.OnReplyReceived - 1 total (0 active), Execution time: mean = 37.100 us, total = 37.100 us, Queueing time: mean = 7.800 us, max = 7.800 us, min = 7.800 us, total = 7.800 us
	NodeInfoGcsService.grpc_client.GetAllNodeInfo - 1 total (0 active), Execution time: mean = 216.200 us, total = 216.200 us, Queueing time: mean = 0.000 s, max = -0.000 s, min = 9223372036.855 s, total = 0.000 s
	NodeInfoGcsService.grpc_client.GetAllNodeInfo.OnReplyReceived - 1 total (0 active), Execution time: mean = 102.300 us, total = 102.300 us, Queueing time: mean = 5.300 us, max = 5.300 us, min = 5.300 us, total = 5.300 us
	CoreWorker.ExitIfParentRayletDies - 1 total (1 active), Execution time: mean = 0.000 s, total = 0.000 s, Queueing time: mean = 0.000 s, max = -0.000 s, min = 9223372036.855 s, total = 0.000 s
	WorkerInfoGcsService.grpc_client.AddWorkerInfo - 1 total (0 active), Execution time: mean = 379.300 us, total = 379.300 us, Queueing time: mean = 0.000 s, max = -0.000 s, min = 9223372036.855 s, total = 0.000 s
	InternalPubSubGcsService.grpc_client.GcsSubscriberPoll - 1 total (1 active), Execution time: mean = 0.000 s, total = 0.000 s, Queueing time: mean = 0.000 s, max = -0.000 s, min = 9223372036.855 s, total = 0.000 s

-----------------
Task Event stats:

IO Service Stats:

Global stats: 4 total (1 active)
Queueing time: mean = 3.650 us, max = 9.400 us, min = 5.200 us, total = 14.600 us
Execution time:  mean = 109.925 us, total = 439.700 us
Event stats:
	CoreWorker.deadline_timer.flush_task_events - 1 total (1 active), Execution time: mean = 0.000 s, total = 0.000 s, Queueing time: mean = 0.000 s, max = -0.000 s, min = 9223372036.855 s, total = 0.000 s
	TaskInfoGcsService.grpc_client.AddTaskEventData.OnReplyReceived - 1 total (0 active), Execution time: mean = 26.400 us, total = 26.400 us, Queueing time: mean = 9.400 us, max = 9.400 us, min = 9.400 us, total = 9.400 us
	TaskInfoGcsService.grpc_client.AddTaskEventData - 1 total (0 active), Execution time: mean = 278.900 us, total = 278.900 us, Queueing time: mean = 0.000 s, max = -0.000 s, min = 9223372036.855 s, total = 0.000 s
	PeriodicalRunner.RunFnPeriodically - 1 total (0 active), Execution time: mean = 134.400 us, total = 134.400 us, Queueing time: mean = 5.200 us, max = 5.200 us, min = 5.200 us, total = 5.200 us
Other Stats:
	grpc_in_progress:0
	current number of task status events in buffer: 0
	current number of profile events in buffer: 0
	current number of dropped task attempts tracked: 0
	total task events sent: 0 MiB
	total number of task attempts sent: 0
	total number of task attempts dropped reported: 0
	total number of sent failure: 0
	num status task events dropped: 0
	num profile task events dropped: 0


[2024-09-05 18:18:06,733 I 16916 19696] event.cc:234: Set ray event level to warning
[2024-09-05 18:18:06,733 I 16916 19696] event.cc:342: Ray Event initialized for CORE_WORKER
[2024-09-05 18:18:18,843 W 16916 16392] metric_exporter.cc:105: [1] Export metrics to agent failed: GrpcUnavailable: RPC Error message: failed to connect to all addresses; last error: UNAVAILABLE: ipv4:127.0.0.1:61839: Connection refused; RPC Error details: . This won't affect Ray, but you can lose metrics from the cluster.
