[2024-09-05 18:18:06,695 I 20780 3012] core_worker_process.cc:107: Constructing CoreWorkerProcess. pid: 20780
[2024-09-05 18:18:06,699 I 20780 3012] io_service_pool.cc:35: IOServicePool is running with 1 io_service.
[2024-09-05 18:18:06,702 I 20780 3012] grpc_server.cc:129: worker server started, listening on port 57729.
[2024-09-05 18:18:06,708 I 20780 3012] core_worker.cc:252: Initializing worker at address: 127.0.0.1:57729, worker ID 36d06a32cf7c4db03470bc47e8a027bdf6b51238418553670f8a4ae7, raylet f72327a86a42f70531ae34357ff87476115d6b76b34e077b85b7f8c0
[2024-09-05 18:18:06,710 I 20780 3012] task_event_buffer.cc:177: Reporting task events to GCS every 1000ms.
[2024-09-05 18:18:06,711 I 20780 18964] core_worker.cc:614: Event stats:


Global stats: 11 total (5 active)
Queueing time: mean = 226.173 us, max = 2.241 ms, min = 13.300 us, total = 2.488 ms
Execution time:  mean = 124.973 us, total = 1.375 ms
Event stats:
	PeriodicalRunner.RunFnPeriodically - 3 total (1 active, 1 running), Execution time: mean = 8.800 us, total = 26.400 us, Queueing time: mean = 751.400 us, max = 2.241 ms, min = 13.300 us, total = 2.254 ms
	Publisher.CheckDeadSubscribers - 1 total (1 active), Execution time: mean = 0.000 s, total = 0.000 s, Queueing time: mean = 0.000 s, max = -0.000 s, min = 9223372036.855 s, total = 0.000 s
	InternalPubSubGcsService.grpc_client.GcsSubscriberPoll - 1 total (1 active), Execution time: mean = 0.000 s, total = 0.000 s, Queueing time: mean = 0.000 s, max = -0.000 s, min = 9223372036.855 s, total = 0.000 s
	WorkerInfoGcsService.grpc_client.AddWorkerInfo - 1 total (0 active), Execution time: mean = 626.700 us, total = 626.700 us, Queueing time: mean = 0.000 s, max = -0.000 s, min = 9223372036.855 s, total = 0.000 s
	CoreWorker.ExitIfParentRayletDies - 1 total (1 active), Execution time: mean = 0.000 s, total = 0.000 s, Queueing time: mean = 0.000 s, max = -0.000 s, min = 9223372036.855 s, total = 0.000 s
	InternalPubSubGcsService.grpc_client.GcsSubscriberCommandBatch.OnReplyReceived - 1 total (0 active), Execution time: mean = 115.700 us, total = 115.700 us, Queueing time: mean = 21.100 us, max = 21.100 us, min = 21.100 us, total = 21.100 us
	NodeInfoGcsService.grpc_client.GetAllNodeInfo - 1 total (1 active), Execution time: mean = 0.000 s, total = 0.000 s, Queueing time: mean = 0.000 s, max = -0.000 s, min = 9223372036.855 s, total = 0.000 s
	WorkerInfoGcsService.grpc_client.AddWorkerInfo.OnReplyReceived - 1 total (0 active), Execution time: mean = 40.000 us, total = 40.000 us, Queueing time: mean = 212.600 us, max = 212.600 us, min = 212.600 us, total = 212.600 us
	InternalPubSubGcsService.grpc_client.GcsSubscriberCommandBatch - 1 total (0 active), Execution time: mean = 565.900 us, total = 565.900 us, Queueing time: mean = 0.000 s, max = -0.000 s, min = 9223372036.855 s, total = 0.000 s

-----------------
Task Event stats:

IO Service Stats:

Global stats: 4 total (1 active)
Queueing time: mean = 10.825 us, max = 38.900 us, min = 4.400 us, total = 43.300 us
Execution time:  mean = 172.125 us, total = 688.500 us
Event stats:
	CoreWorker.deadline_timer.flush_task_events - 1 total (1 active), Execution time: mean = 0.000 s, total = 0.000 s, Queueing time: mean = 0.000 s, max = -0.000 s, min = 9223372036.855 s, total = 0.000 s
	TaskInfoGcsService.grpc_client.AddTaskEventData.OnReplyReceived - 1 total (0 active), Execution time: mean = 19.100 us, total = 19.100 us, Queueing time: mean = 38.900 us, max = 38.900 us, min = 38.900 us, total = 38.900 us
	TaskInfoGcsService.grpc_client.AddTaskEventData - 1 total (0 active), Execution time: mean = 491.200 us, total = 491.200 us, Queueing time: mean = 0.000 s, max = -0.000 s, min = 9223372036.855 s, total = 0.000 s
	PeriodicalRunner.RunFnPeriodically - 1 total (0 active), Execution time: mean = 178.200 us, total = 178.200 us, Queueing time: mean = 4.400 us, max = 4.400 us, min = 4.400 us, total = 4.400 us
Other Stats:
	grpc_in_progress:0
	current number of task status events in buffer: 0
	current number of profile events in buffer: 0
	current number of dropped task attempts tracked: 0
	total task events sent: 0 MiB
	total number of task attempts sent: 0
	total number of task attempts dropped reported: 0
	total number of sent failure: 0
	num status task events dropped: 0
	num profile task events dropped: 0


[2024-09-05 18:18:06,712 I 20780 18964] accessor.cc:627: Received notification for node id = f72327a86a42f70531ae34357ff87476115d6b76b34e077b85b7f8c0, IsAlive = 1
[2024-09-05 18:18:06,712 I 20780 18964] core_worker.cc:4552: Number of alive nodes:1
[2024-09-05 18:18:06,713 I 20780 3012] event.cc:234: Set ray event level to warning
[2024-09-05 18:18:06,713 I 20780 3012] event.cc:342: Ray Event initialized for CORE_WORKER
[2024-09-05 18:18:18,795 W 20780 16364] metric_exporter.cc:105: [1] Export metrics to agent failed: GrpcUnavailable: RPC Error message: failed to connect to all addresses; last error: UNAVAILABLE: ipv4:127.0.0.1:61839: Connection refused; RPC Error details: . This won't affect Ray, but you can lose metrics from the cluster.
