[2024-09-05 18:18:06,628 I 6252 19640] core_worker_process.cc:107: Constructing CoreWorkerProcess. pid: 6252
[2024-09-05 18:18:06,632 I 6252 19640] io_service_pool.cc:35: IOServicePool is running with 1 io_service.
[2024-09-05 18:18:06,635 I 6252 19640] grpc_server.cc:129: worker server started, listening on port 57695.
[2024-09-05 18:18:06,640 I 6252 19640] core_worker.cc:252: Initializing worker at address: 127.0.0.1:57695, worker ID 5249f32034a4e0120f15d8b4d6e77f0a839892558e7c3fbc8ba0df02, raylet f72327a86a42f70531ae34357ff87476115d6b76b34e077b85b7f8c0
[2024-09-05 18:18:06,642 I 6252 19640] task_event_buffer.cc:177: Reporting task events to GCS every 1000ms.
[2024-09-05 18:18:06,644 I 6252 22504] core_worker.cc:614: Event stats:


Global stats: 12 total (5 active)
Queueing time: mean = 59.800 us, max = 323.100 us, min = 19.600 us, total = 717.600 us
Execution time:  mean = 167.025 us, total = 2.004 ms
Event stats:
	PeriodicalRunner.RunFnPeriodically - 3 total (1 active, 1 running), Execution time: mean = 11.267 us, total = 33.800 us, Queueing time: mean = 150.267 us, max = 323.100 us, min = 127.700 us, total = 450.800 us
	WorkerInfoGcsService.grpc_client.AddWorkerInfo - 1 total (0 active), Execution time: mean = 683.600 us, total = 683.600 us, Queueing time: mean = 0.000 s, max = -0.000 s, min = 9223372036.855 s, total = 0.000 s
	InternalPubSubGcsService.grpc_client.GcsSubscriberCommandBatch.OnReplyReceived - 1 total (0 active), Execution time: mean = 122.700 us, total = 122.700 us, Queueing time: mean = 19.600 us, max = 19.600 us, min = 19.600 us, total = 19.600 us
	Publisher.CheckDeadSubscribers - 1 total (1 active), Execution time: mean = 0.000 s, total = 0.000 s, Queueing time: mean = 0.000 s, max = -0.000 s, min = 9223372036.855 s, total = 0.000 s
	InternalPubSubGcsService.grpc_client.GcsSubscriberCommandBatch - 1 total (0 active), Execution time: mean = 612.500 us, total = 612.500 us, Queueing time: mean = 0.000 s, max = -0.000 s, min = 9223372036.855 s, total = 0.000 s
	NodeInfoGcsService.grpc_client.GetAllNodeInfo - 1 total (0 active), Execution time: mean = 514.400 us, total = 514.400 us, Queueing time: mean = 0.000 s, max = -0.000 s, min = 9223372036.855 s, total = 0.000 s
	WorkerInfoGcsService.grpc_client.AddWorkerInfo.OnReplyReceived - 1 total (0 active), Execution time: mean = 37.300 us, total = 37.300 us, Queueing time: mean = 247.200 us, max = 247.200 us, min = 247.200 us, total = 247.200 us
	NodeInfoGcsService.grpc_client.GetAllNodeInfo.OnReplyReceived - 1 total (1 active), Execution time: mean = 0.000 s, total = 0.000 s, Queueing time: mean = 0.000 s, max = -0.000 s, min = 9223372036.855 s, total = 0.000 s
	InternalPubSubGcsService.grpc_client.GcsSubscriberPoll - 1 total (1 active), Execution time: mean = 0.000 s, total = 0.000 s, Queueing time: mean = 0.000 s, max = -0.000 s, min = 9223372036.855 s, total = 0.000 s
	CoreWorker.ExitIfParentRayletDies - 1 total (1 active), Execution time: mean = 0.000 s, total = 0.000 s, Queueing time: mean = 0.000 s, max = -0.000 s, min = 9223372036.855 s, total = 0.000 s

-----------------
Task Event stats:

IO Service Stats:

Global stats: 1 total (1 active)
Queueing time: mean = 0.000 s, max = -0.000 s, min = 9223372036.855 s, total = 0.000 s
Execution time:  mean = 0.000 s, total = 0.000 s
Event stats:
	PeriodicalRunner.RunFnPeriodically - 1 total (1 active), Execution time: mean = 0.000 s, total = 0.000 s, Queueing time: mean = 0.000 s, max = -0.000 s, min = 9223372036.855 s, total = 0.000 s
Other Stats:
	grpc_in_progress:0
	current number of task status events in buffer: 0
	current number of profile events in buffer: 0
	current number of dropped task attempts tracked: 0
	total task events sent: 0 MiB
	total number of task attempts sent: 0
	total number of task attempts dropped reported: 0
	total number of sent failure: 0
	num status task events dropped: 0
	num profile task events dropped: 0


[2024-09-05 18:18:06,644 I 6252 22504] accessor.cc:627: Received notification for node id = f72327a86a42f70531ae34357ff87476115d6b76b34e077b85b7f8c0, IsAlive = 1
[2024-09-05 18:18:06,644 I 6252 22504] core_worker.cc:4552: Number of alive nodes:1
[2024-09-05 18:18:06,647 I 6252 19640] event.cc:234: Set ray event level to warning
[2024-09-05 18:18:06,647 I 6252 19640] event.cc:342: Ray Event initialized for CORE_WORKER
[2024-09-05 18:18:07,761 I 6252 22504] core_worker.cc:835: Exit signal received, this process will exit after all outstanding tasks have finished, exit_type=INTENDED_SYSTEM_EXIT, detail=Worker exits because it was idle (it doesn't have objects it owns while no task or actor has been scheduled) for a long time.
[2024-09-05 18:18:07,762 I 6252 19640] core_worker.cc:772: Disconnecting to the raylet.
[2024-09-05 18:18:07,762 I 6252 19640] raylet_client.cc:163: RayletClient::Disconnect, exit_type=INTENDED_SYSTEM_EXIT, exit_detail=Worker exits because it was idle (it doesn't have objects it owns while no task or actor has been scheduled) for a long time., has creation_task_exception_pb_bytes=0
[2024-09-05 18:18:07,762 I 6252 19640] core_worker.cc:694: Shutting down a core worker.
[2024-09-05 18:18:07,762 I 6252 19640] task_event_buffer.cc:188: Shutting down TaskEventBuffer.
[2024-09-05 18:18:07,762 I 6252 21700] task_event_buffer.cc:170: Task event buffer io service stopped.
[2024-09-05 18:18:07,762 I 6252 19640] core_worker.cc:720: Disconnecting a GCS client.
[2024-09-05 18:18:07,762 I 6252 19640] core_worker.cc:724: Waiting for joining a core worker io thread. If it hangs here, there might be deadlock or a high load in the core worker io service.
[2024-09-05 18:18:07,762 I 6252 22504] core_worker.cc:943: Core worker main io service stopped.
[2024-09-05 18:18:07,764 I 6252 19640] core_worker.cc:737: Core worker ready to be deallocated.
[2024-09-05 18:18:07,764 I 6252 19640] core_worker_process.cc:243: Task execution loop terminated. Removing the global worker.
[2024-09-05 18:18:07,764 I 6252 19640] core_worker.cc:685: Core worker is destructed
[2024-09-05 18:18:07,764 I 6252 19640] task_event_buffer.cc:188: Shutting down TaskEventBuffer.
[2024-09-05 18:18:07,765 I 6252 19640] core_worker_process.cc:148: Destructing CoreWorkerProcessImpl. pid: 6252
[2024-09-05 18:18:07,765 I 6252 19640] io_service_pool.cc:47: IOServicePool is stopped.
[2024-09-05 18:18:08,210 I 6252 19640] stats.h:120: Stats module has shutdown.
