[2024-09-05 18:18:06,723 I 21352 3528] core_worker_process.cc:107: Constructing CoreWorkerProcess. pid: 21352
[2024-09-05 18:18:06,725 I 21352 3528] io_service_pool.cc:35: IOServicePool is running with 1 io_service.
[2024-09-05 18:18:06,726 I 21352 3528] grpc_server.cc:129: worker server started, listening on port 57756.
[2024-09-05 18:18:06,730 I 21352 3528] core_worker.cc:252: Initializing worker at address: 127.0.0.1:57756, worker ID 3b5ac8de15cd9dceabab84bd88266cbbf9f62c7a477e758ce00626cd, raylet f72327a86a42f70531ae34357ff87476115d6b76b34e077b85b7f8c0
[2024-09-05 18:18:06,731 I 21352 3528] task_event_buffer.cc:177: Reporting task events to GCS every 1000ms.
[2024-09-05 18:18:06,732 I 21352 11560] accessor.cc:627: Received notification for node id = f72327a86a42f70531ae34357ff87476115d6b76b34e077b85b7f8c0, IsAlive = 1
[2024-09-05 18:18:06,732 I 21352 11560] core_worker.cc:4552: Number of alive nodes:1
[2024-09-05 18:18:06,732 I 21352 11560] core_worker.cc:614: Event stats:


Global stats: 12 total (4 active)
Queueing time: mean = 17.517 us, max = 115.100 us, min = 3.700 us, total = 210.200 us
Execution time:  mean = 90.867 us, total = 1.090 ms
Event stats:
	PeriodicalRunner.RunFnPeriodically - 3 total (1 active, 1 running), Execution time: mean = 23.367 us, total = 70.100 us, Queueing time: mean = 63.567 us, max = 115.100 us, min = 75.600 us, total = 190.700 us
	CoreWorker.ExitIfParentRayletDies - 1 total (1 active), Execution time: mean = 0.000 s, total = 0.000 s, Queueing time: mean = 0.000 s, max = -0.000 s, min = 9223372036.855 s, total = 0.000 s
	InternalPubSubGcsService.grpc_client.GcsSubscriberCommandBatch.OnReplyReceived - 1 total (0 active), Execution time: mean = 113.500 us, total = 113.500 us, Queueing time: mean = 3.700 us, max = 3.700 us, min = 3.700 us, total = 3.700 us
	InternalPubSubGcsService.grpc_client.GcsSubscriberCommandBatch - 1 total (0 active), Execution time: mean = 234.600 us, total = 234.600 us, Queueing time: mean = 0.000 s, max = -0.000 s, min = 9223372036.855 s, total = 0.000 s
	Publisher.CheckDeadSubscribers - 1 total (1 active), Execution time: mean = 0.000 s, total = 0.000 s, Queueing time: mean = 0.000 s, max = -0.000 s, min = 9223372036.855 s, total = 0.000 s
	NodeInfoGcsService.grpc_client.GetAllNodeInfo - 1 total (0 active), Execution time: mean = 232.100 us, total = 232.100 us, Queueing time: mean = 0.000 s, max = -0.000 s, min = 9223372036.855 s, total = 0.000 s
	WorkerInfoGcsService.grpc_client.AddWorkerInfo.OnReplyReceived - 1 total (0 active), Execution time: mean = 32.600 us, total = 32.600 us, Queueing time: mean = 8.000 us, max = 8.000 us, min = 8.000 us, total = 8.000 us
	NodeInfoGcsService.grpc_client.GetAllNodeInfo.OnReplyReceived - 1 total (0 active), Execution time: mean = 97.500 us, total = 97.500 us, Queueing time: mean = 7.800 us, max = 7.800 us, min = 7.800 us, total = 7.800 us
	InternalPubSubGcsService.grpc_client.GcsSubscriberPoll - 1 total (1 active), Execution time: mean = 0.000 s, total = 0.000 s, Queueing time: mean = 0.000 s, max = -0.000 s, min = 9223372036.855 s, total = 0.000 s
	WorkerInfoGcsService.grpc_client.AddWorkerInfo - 1 total (0 active), Execution time: mean = 310.000 us, total = 310.000 us, Queueing time: mean = 0.000 s, max = -0.000 s, min = 9223372036.855 s, total = 0.000 s

-----------------
Task Event stats:

IO Service Stats:

Global stats: 4 total (1 active)
Queueing time: mean = 3.725 us, max = 10.800 us, min = 4.100 us, total = 14.900 us
Execution time:  mean = 120.525 us, total = 482.100 us
Event stats:
	PeriodicalRunner.RunFnPeriodically - 1 total (0 active), Execution time: mean = 151.000 us, total = 151.000 us, Queueing time: mean = 10.800 us, max = 10.800 us, min = 10.800 us, total = 10.800 us
	CoreWorker.deadline_timer.flush_task_events - 1 total (1 active), Execution time: mean = 0.000 s, total = 0.000 s, Queueing time: mean = 0.000 s, max = -0.000 s, min = 9223372036.855 s, total = 0.000 s
	TaskInfoGcsService.grpc_client.AddTaskEventData - 1 total (0 active), Execution time: mean = 313.200 us, total = 313.200 us, Queueing time: mean = 0.000 s, max = -0.000 s, min = 9223372036.855 s, total = 0.000 s
	TaskInfoGcsService.grpc_client.AddTaskEventData.OnReplyReceived - 1 total (0 active), Execution time: mean = 17.900 us, total = 17.900 us, Queueing time: mean = 4.100 us, max = 4.100 us, min = 4.100 us, total = 4.100 us
Other Stats:
	grpc_in_progress:0
	current number of task status events in buffer: 0
	current number of profile events in buffer: 0
	current number of dropped task attempts tracked: 0
	total task events sent: 0 MiB
	total number of task attempts sent: 0
	total number of task attempts dropped reported: 0
	total number of sent failure: 0
	num status task events dropped: 0
	num profile task events dropped: 0


[2024-09-05 18:18:06,734 I 21352 3528] event.cc:234: Set ray event level to warning
[2024-09-05 18:18:06,734 I 21352 3528] event.cc:342: Ray Event initialized for CORE_WORKER
[2024-09-05 18:18:18,843 W 21352 18508] metric_exporter.cc:105: [1] Export metrics to agent failed: GrpcUnavailable: RPC Error message: failed to connect to all addresses; last error: UNAVAILABLE: ipv4:127.0.0.1:61839: Connection refused; RPC Error details: . This won't affect Ray, but you can lose metrics from the cluster.
