[2024-09-05 18:18:06,702 I 5728 320] core_worker_process.cc:107: Constructing CoreWorkerProcess. pid: 5728
[2024-09-05 18:18:06,706 I 5728 320] io_service_pool.cc:35: IOServicePool is running with 1 io_service.
[2024-09-05 18:18:06,708 I 5728 320] grpc_server.cc:129: worker server started, listening on port 57740.
[2024-09-05 18:18:06,714 I 5728 320] core_worker.cc:252: Initializing worker at address: 127.0.0.1:57740, worker ID e51fa9b9bf734cc95cd66d1f23c807f17219308a6712aca61b48b8b6, raylet f72327a86a42f70531ae34357ff87476115d6b76b34e077b85b7f8c0
[2024-09-05 18:18:06,716 I 5728 320] task_event_buffer.cc:177: Reporting task events to GCS every 1000ms.
[2024-09-05 18:18:06,717 I 5728 11152] core_worker.cc:614: Event stats:


Global stats: 11 total (5 active)
Queueing time: mean = 121.309 us, max = 1.305 ms, min = 5.000 us, total = 1.334 ms
Execution time:  mean = 88.636 us, total = 975.000 us
Event stats:
	PeriodicalRunner.RunFnPeriodically - 3 total (1 active, 1 running), Execution time: mean = 14.833 us, total = 44.500 us, Queueing time: mean = 436.667 us, max = 1.305 ms, min = 5.000 us, total = 1.310 ms
	Publisher.CheckDeadSubscribers - 1 total (1 active), Execution time: mean = 0.000 s, total = 0.000 s, Queueing time: mean = 0.000 s, max = -0.000 s, min = 9223372036.855 s, total = 0.000 s
	InternalPubSubGcsService.grpc_client.GcsSubscriberPoll - 1 total (1 active), Execution time: mean = 0.000 s, total = 0.000 s, Queueing time: mean = 0.000 s, max = -0.000 s, min = 9223372036.855 s, total = 0.000 s
	WorkerInfoGcsService.grpc_client.AddWorkerInfo - 1 total (0 active), Execution time: mean = 432.600 us, total = 432.600 us, Queueing time: mean = 0.000 s, max = -0.000 s, min = 9223372036.855 s, total = 0.000 s
	CoreWorker.ExitIfParentRayletDies - 1 total (1 active), Execution time: mean = 0.000 s, total = 0.000 s, Queueing time: mean = 0.000 s, max = -0.000 s, min = 9223372036.855 s, total = 0.000 s
	InternalPubSubGcsService.grpc_client.GcsSubscriberCommandBatch.OnReplyReceived - 1 total (0 active), Execution time: mean = 124.900 us, total = 124.900 us, Queueing time: mean = 6.100 us, max = 6.100 us, min = 6.100 us, total = 6.100 us
	NodeInfoGcsService.grpc_client.GetAllNodeInfo - 1 total (1 active), Execution time: mean = 0.000 s, total = 0.000 s, Queueing time: mean = 0.000 s, max = -0.000 s, min = 9223372036.855 s, total = 0.000 s
	WorkerInfoGcsService.grpc_client.AddWorkerInfo.OnReplyReceived - 1 total (0 active), Execution time: mean = 41.800 us, total = 41.800 us, Queueing time: mean = 18.300 us, max = 18.300 us, min = 18.300 us, total = 18.300 us
	InternalPubSubGcsService.grpc_client.GcsSubscriberCommandBatch - 1 total (0 active), Execution time: mean = 331.200 us, total = 331.200 us, Queueing time: mean = 0.000 s, max = -0.000 s, min = 9223372036.855 s, total = 0.000 s

-----------------
Task Event stats:

IO Service Stats:

Global stats: 4 total (1 active)
Queueing time: mean = 3.025 us, max = 7.100 us, min = 5.000 us, total = 12.100 us
Execution time:  mean = 125.325 us, total = 501.300 us
Event stats:
	CoreWorker.deadline_timer.flush_task_events - 1 total (1 active), Execution time: mean = 0.000 s, total = 0.000 s, Queueing time: mean = 0.000 s, max = -0.000 s, min = 9223372036.855 s, total = 0.000 s
	TaskInfoGcsService.grpc_client.AddTaskEventData.OnReplyReceived - 1 total (0 active), Execution time: mean = 22.700 us, total = 22.700 us, Queueing time: mean = 5.000 us, max = 5.000 us, min = 5.000 us, total = 5.000 us
	TaskInfoGcsService.grpc_client.AddTaskEventData - 1 total (0 active), Execution time: mean = 317.300 us, total = 317.300 us, Queueing time: mean = 0.000 s, max = -0.000 s, min = 9223372036.855 s, total = 0.000 s
	PeriodicalRunner.RunFnPeriodically - 1 total (0 active), Execution time: mean = 161.300 us, total = 161.300 us, Queueing time: mean = 7.100 us, max = 7.100 us, min = 7.100 us, total = 7.100 us
Other Stats:
	grpc_in_progress:0
	current number of task status events in buffer: 0
	current number of profile events in buffer: 0
	current number of dropped task attempts tracked: 0
	total task events sent: 0 MiB
	total number of task attempts sent: 0
	total number of task attempts dropped reported: 0
	total number of sent failure: 0
	num status task events dropped: 0
	num profile task events dropped: 0


[2024-09-05 18:18:06,717 I 5728 11152] accessor.cc:627: Received notification for node id = f72327a86a42f70531ae34357ff87476115d6b76b34e077b85b7f8c0, IsAlive = 1
[2024-09-05 18:18:06,717 I 5728 11152] core_worker.cc:4552: Number of alive nodes:1
[2024-09-05 18:18:06,719 I 5728 320] event.cc:234: Set ray event level to warning
[2024-09-05 18:18:06,719 I 5728 320] event.cc:342: Ray Event initialized for CORE_WORKER
[2024-09-05 18:18:18,795 W 5728 17268] metric_exporter.cc:105: [1] Export metrics to agent failed: GrpcUnavailable: RPC Error message: failed to connect to all addresses; last error: UNAVAILABLE: ipv4:127.0.0.1:61839: Connection refused; RPC Error details: . This won't affect Ray, but you can lose metrics from the cluster.
