[2024-09-05 18:18:06,673 I 12000 5872] core_worker_process.cc:107: Constructing CoreWorkerProcess. pid: 12000
[2024-09-05 18:18:06,677 I 12000 5872] io_service_pool.cc:35: IOServicePool is running with 1 io_service.
[2024-09-05 18:18:06,681 I 12000 5872] grpc_server.cc:129: worker server started, listening on port 57704.
[2024-09-05 18:18:06,686 I 12000 5872] core_worker.cc:252: Initializing worker at address: 127.0.0.1:57704, worker ID 7a7d8998955ceb5fa6bc65c8bad3f2f01e2c99005142bd11b64a123d, raylet f72327a86a42f70531ae34357ff87476115d6b76b34e077b85b7f8c0
[2024-09-05 18:18:06,688 I 12000 5872] task_event_buffer.cc:177: Reporting task events to GCS every 1000ms.
[2024-09-05 18:18:06,689 I 12000 18016] core_worker.cc:614: Event stats:


Global stats: 11 total (5 active)
Queueing time: mean = 460.345 us, max = 3.319 ms, min = 185.800 us, total = 5.064 ms
Execution time:  mean = 119.600 us, total = 1.316 ms
Event stats:
	PeriodicalRunner.RunFnPeriodically - 3 total (1 active, 1 running), Execution time: mean = 19.067 us, total = 57.200 us, Queueing time: mean = 1.480 ms, max = 3.319 ms, min = 1.121 ms, total = 4.439 ms
	WorkerInfoGcsService.grpc_client.AddWorkerInfo - 1 total (0 active), Execution time: mean = 449.700 us, total = 449.700 us, Queueing time: mean = 0.000 s, max = -0.000 s, min = 9223372036.855 s, total = 0.000 s
	CoreWorker.ExitIfParentRayletDies - 1 total (1 active), Execution time: mean = 0.000 s, total = 0.000 s, Queueing time: mean = 0.000 s, max = -0.000 s, min = 9223372036.855 s, total = 0.000 s
	InternalPubSubGcsService.grpc_client.GcsSubscriberCommandBatch.OnReplyReceived - 1 total (0 active), Execution time: mean = 112.700 us, total = 112.700 us, Queueing time: mean = 438.700 us, max = 438.700 us, min = 438.700 us, total = 438.700 us
	InternalPubSubGcsService.grpc_client.GcsSubscriberPoll - 1 total (1 active), Execution time: mean = 0.000 s, total = 0.000 s, Queueing time: mean = 0.000 s, max = -0.000 s, min = 9223372036.855 s, total = 0.000 s
	WorkerInfoGcsService.grpc_client.AddWorkerInfo.OnReplyReceived - 1 total (0 active), Execution time: mean = 34.600 us, total = 34.600 us, Queueing time: mean = 185.800 us, max = 185.800 us, min = 185.800 us, total = 185.800 us
	NodeInfoGcsService.grpc_client.GetAllNodeInfo - 1 total (1 active), Execution time: mean = 0.000 s, total = 0.000 s, Queueing time: mean = 0.000 s, max = -0.000 s, min = 9223372036.855 s, total = 0.000 s
	InternalPubSubGcsService.grpc_client.GcsSubscriberCommandBatch - 1 total (0 active), Execution time: mean = 661.400 us, total = 661.400 us, Queueing time: mean = 0.000 s, max = -0.000 s, min = 9223372036.855 s, total = 0.000 s
	Publisher.CheckDeadSubscribers - 1 total (1 active), Execution time: mean = 0.000 s, total = 0.000 s, Queueing time: mean = 0.000 s, max = -0.000 s, min = 9223372036.855 s, total = 0.000 s

-----------------
Task Event stats:

IO Service Stats:

Global stats: 4 total (2 active)
Queueing time: mean = 239.000 us, max = 956.000 us, min = 956.000 us, total = 956.000 us
Execution time:  mean = 136.475 us, total = 545.900 us
Event stats:
	CoreWorker.deadline_timer.flush_task_events - 1 total (1 active), Execution time: mean = 0.000 s, total = 0.000 s, Queueing time: mean = 0.000 s, max = -0.000 s, min = 9223372036.855 s, total = 0.000 s
	PeriodicalRunner.RunFnPeriodically - 1 total (0 active), Execution time: mean = 186.500 us, total = 186.500 us, Queueing time: mean = 956.000 us, max = 956.000 us, min = 956.000 us, total = 956.000 us
	TaskInfoGcsService.grpc_client.AddTaskEventData - 1 total (0 active), Execution time: mean = 359.400 us, total = 359.400 us, Queueing time: mean = 0.000 s, max = -0.000 s, min = 9223372036.855 s, total = 0.000 s
	TaskInfoGcsService.grpc_client.AddTaskEventData.OnReplyReceived - 1 total (1 active), Execution time: mean = 0.000 s, total = 0.000 s, Queueing time: mean = 0.000 s, max = -0.000 s, min = 9223372036.855 s, total = 0.000 s
Other Stats:
	grpc_in_progress:1
	current number of task status events in buffer: 0
	current number of profile events in buffer: 0
	current number of dropped task attempts tracked: 0
	total task events sent: 0 MiB
	total number of task attempts sent: 0
	total number of task attempts dropped reported: 0
	total number of sent failure: 0
	num status task events dropped: 0
	num profile task events dropped: 0


[2024-09-05 18:18:06,691 I 12000 5872] event.cc:234: Set ray event level to warning
[2024-09-05 18:18:06,691 I 12000 5872] event.cc:342: Ray Event initialized for CORE_WORKER
[2024-09-05 18:18:06,692 I 12000 18016] accessor.cc:627: Received notification for node id = f72327a86a42f70531ae34357ff87476115d6b76b34e077b85b7f8c0, IsAlive = 1
[2024-09-05 18:18:06,692 I 12000 18016] core_worker.cc:4552: Number of alive nodes:1
[2024-09-05 18:18:07,962 I 12000 18016] core_worker.cc:835: Exit signal received, this process will exit after all outstanding tasks have finished, exit_type=INTENDED_SYSTEM_EXIT, detail=Worker exits because it was idle (it doesn't have objects it owns while no task or actor has been scheduled) for a long time.
[2024-09-05 18:18:07,963 I 12000 5872] core_worker.cc:772: Disconnecting to the raylet.
[2024-09-05 18:18:07,963 I 12000 5872] raylet_client.cc:163: RayletClient::Disconnect, exit_type=INTENDED_SYSTEM_EXIT, exit_detail=Worker exits because it was idle (it doesn't have objects it owns while no task or actor has been scheduled) for a long time., has creation_task_exception_pb_bytes=0
[2024-09-05 18:18:07,963 I 12000 5872] core_worker.cc:694: Shutting down a core worker.
[2024-09-05 18:18:07,963 I 12000 5872] task_event_buffer.cc:188: Shutting down TaskEventBuffer.
[2024-09-05 18:18:07,963 I 12000 18348] task_event_buffer.cc:170: Task event buffer io service stopped.
[2024-09-05 18:18:07,963 I 12000 5872] core_worker.cc:720: Disconnecting a GCS client.
[2024-09-05 18:18:07,963 I 12000 5872] core_worker.cc:724: Waiting for joining a core worker io thread. If it hangs here, there might be deadlock or a high load in the core worker io service.
[2024-09-05 18:18:07,963 I 12000 18016] core_worker.cc:943: Core worker main io service stopped.
[2024-09-05 18:18:07,966 I 12000 5872] core_worker.cc:737: Core worker ready to be deallocated.
[2024-09-05 18:18:07,966 I 12000 5872] core_worker_process.cc:243: Task execution loop terminated. Removing the global worker.
[2024-09-05 18:18:07,966 I 12000 5872] core_worker.cc:685: Core worker is destructed
[2024-09-05 18:18:07,966 I 12000 5872] task_event_buffer.cc:188: Shutting down TaskEventBuffer.
[2024-09-05 18:18:07,967 I 12000 5872] core_worker_process.cc:148: Destructing CoreWorkerProcessImpl. pid: 12000
[2024-09-05 18:18:07,967 I 12000 5872] io_service_pool.cc:47: IOServicePool is stopped.
[2024-09-05 18:18:08,225 I 12000 5872] stats.h:120: Stats module has shutdown.
