[2024-09-05 18:18:06,679 I 17828 8224] core_worker_process.cc:107: Constructing CoreWorkerProcess. pid: 17828
[2024-09-05 18:18:06,686 I 17828 8224] io_service_pool.cc:35: IOServicePool is running with 1 io_service.
[2024-09-05 18:18:06,690 I 17828 8224] grpc_server.cc:129: worker server started, listening on port 57712.
[2024-09-05 18:18:06,696 I 17828 8224] core_worker.cc:252: Initializing worker at address: 127.0.0.1:57712, worker ID e0844bf55c3ee977cd2bbc1550936e1e0d20407aa33fe93b23991ee5, raylet f72327a86a42f70531ae34357ff87476115d6b76b34e077b85b7f8c0
[2024-09-05 18:18:06,697 I 17828 8224] task_event_buffer.cc:177: Reporting task events to GCS every 1000ms.
[2024-09-05 18:18:06,699 I 17828 22424] core_worker.cc:614: Event stats:


Global stats: 10 total (5 active)
Queueing time: mean = 345.410 us, max = 3.287 ms, min = 7.300 us, total = 3.454 ms
Execution time:  mean = 152.120 us, total = 1.521 ms
Event stats:
	PeriodicalRunner.RunFnPeriodically - 3 total (1 active, 1 running), Execution time: mean = 12.400 us, total = 37.200 us, Queueing time: mean = 1.149 ms, max = 3.287 ms, min = 160.000 us, total = 3.447 ms
	WorkerInfoGcsService.grpc_client.AddWorkerInfo.OnReplyReceived - 1 total (0 active), Execution time: mean = 32.000 us, total = 32.000 us, Queueing time: mean = 7.300 us, max = 7.300 us, min = 7.300 us, total = 7.300 us
	Publisher.CheckDeadSubscribers - 1 total (1 active), Execution time: mean = 0.000 s, total = 0.000 s, Queueing time: mean = 0.000 s, max = -0.000 s, min = 9223372036.855 s, total = 0.000 s
	InternalPubSubGcsService.grpc_client.GcsSubscriberCommandBatch - 1 total (0 active), Execution time: mean = 886.600 us, total = 886.600 us, Queueing time: mean = 0.000 s, max = -0.000 s, min = 9223372036.855 s, total = 0.000 s
	InternalPubSubGcsService.grpc_client.GcsSubscriberPoll - 1 total (1 active), Execution time: mean = 0.000 s, total = 0.000 s, Queueing time: mean = 0.000 s, max = -0.000 s, min = 9223372036.855 s, total = 0.000 s
	CoreWorker.ExitIfParentRayletDies - 1 total (1 active), Execution time: mean = 0.000 s, total = 0.000 s, Queueing time: mean = 0.000 s, max = -0.000 s, min = 9223372036.855 s, total = 0.000 s
	WorkerInfoGcsService.grpc_client.AddWorkerInfo - 1 total (0 active), Execution time: mean = 565.400 us, total = 565.400 us, Queueing time: mean = 0.000 s, max = -0.000 s, min = 9223372036.855 s, total = 0.000 s
	InternalPubSubGcsService.grpc_client.GcsSubscriberCommandBatch.OnReplyReceived - 1 total (1 active), Execution time: mean = 0.000 s, total = 0.000 s, Queueing time: mean = 0.000 s, max = -0.000 s, min = 9223372036.855 s, total = 0.000 s

-----------------
Task Event stats:

IO Service Stats:

Global stats: 4 total (1 active)
Queueing time: mean = 4.675 us, max = 9.600 us, min = 9.100 us, total = 18.700 us
Execution time:  mean = 257.725 us, total = 1.031 ms
Event stats:
	TaskInfoGcsService.grpc_client.AddTaskEventData - 1 total (0 active), Execution time: mean = 863.000 us, total = 863.000 us, Queueing time: mean = 0.000 s, max = -0.000 s, min = 9223372036.855 s, total = 0.000 s
	TaskInfoGcsService.grpc_client.AddTaskEventData.OnReplyReceived - 1 total (0 active), Execution time: mean = 20.100 us, total = 20.100 us, Queueing time: mean = 9.600 us, max = 9.600 us, min = 9.600 us, total = 9.600 us
	CoreWorker.deadline_timer.flush_task_events - 1 total (1 active), Execution time: mean = 0.000 s, total = 0.000 s, Queueing time: mean = 0.000 s, max = -0.000 s, min = 9223372036.855 s, total = 0.000 s
	PeriodicalRunner.RunFnPeriodically - 1 total (0 active), Execution time: mean = 147.800 us, total = 147.800 us, Queueing time: mean = 9.100 us, max = 9.100 us, min = 9.100 us, total = 9.100 us
Other Stats:
	grpc_in_progress:0
	current number of task status events in buffer: 0
	current number of profile events in buffer: 0
	current number of dropped task attempts tracked: 0
	total task events sent: 0 MiB
	total number of task attempts sent: 0
	total number of task attempts dropped reported: 0
	total number of sent failure: 0
	num status task events dropped: 0
	num profile task events dropped: 0


[2024-09-05 18:18:06,700 I 17828 22424] accessor.cc:627: Received notification for node id = f72327a86a42f70531ae34357ff87476115d6b76b34e077b85b7f8c0, IsAlive = 1
[2024-09-05 18:18:06,700 I 17828 22424] core_worker.cc:4552: Number of alive nodes:1
[2024-09-05 18:18:06,701 I 17828 8224] event.cc:234: Set ray event level to warning
[2024-09-05 18:18:06,702 I 17828 8224] event.cc:342: Ray Event initialized for CORE_WORKER
[2024-09-05 18:18:18,780 W 17828 21596] metric_exporter.cc:105: [1] Export metrics to agent failed: GrpcUnavailable: RPC Error message: failed to connect to all addresses; last error: UNAVAILABLE: ipv4:127.0.0.1:61839: Connection refused; RPC Error details: . This won't affect Ray, but you can lose metrics from the cluster.
