[2024-09-05 18:18:14,587 I 16776 13868] core_worker_process.cc:107: Constructing CoreWorkerProcess. pid: 16776
[2024-09-05 18:18:14,589 I 16776 13868] io_service_pool.cc:35: IOServicePool is running with 1 io_service.
[2024-09-05 18:18:14,590 I 16776 13868] grpc_server.cc:129: worker server started, listening on port 57828.
[2024-09-05 18:18:14,593 I 16776 13868] core_worker.cc:252: Initializing worker at address: 127.0.0.1:57828, worker ID b7fb12c55a5ac362b5405d51ee91d8763cdd677bd8f73d3b4a112c26, raylet f72327a86a42f70531ae34357ff87476115d6b76b34e077b85b7f8c0
[2024-09-05 18:18:14,594 I 16776 13868] task_event_buffer.cc:177: Reporting task events to GCS every 1000ms.
[2024-09-05 18:18:14,595 I 16776 9024] accessor.cc:627: Received notification for node id = f72327a86a42f70531ae34357ff87476115d6b76b34e077b85b7f8c0, IsAlive = 1
[2024-09-05 18:18:14,595 I 16776 9024] core_worker.cc:4552: Number of alive nodes:1
[2024-09-05 18:18:14,596 I 16776 9024] core_worker.cc:614: Event stats:


Global stats: 12 total (4 active)
Queueing time: mean = 9.983 us, max = 101.000 us, min = 4.300 us, total = 119.800 us
Execution time:  mean = 89.592 us, total = 1.075 ms
Event stats:
	PeriodicalRunner.RunFnPeriodically - 3 total (1 active, 1 running), Execution time: mean = 7.133 us, total = 21.400 us, Queueing time: mean = 35.133 us, max = 101.000 us, min = 4.400 us, total = 105.400 us
	WorkerInfoGcsService.grpc_client.AddWorkerInfo.OnReplyReceived - 1 total (0 active), Execution time: mean = 29.300 us, total = 29.300 us, Queueing time: mean = 5.600 us, max = 5.600 us, min = 5.600 us, total = 5.600 us
	NodeInfoGcsService.grpc_client.GetAllNodeInfo - 1 total (0 active), Execution time: mean = 199.600 us, total = 199.600 us, Queueing time: mean = 0.000 s, max = -0.000 s, min = 9223372036.855 s, total = 0.000 s
	Publisher.CheckDeadSubscribers - 1 total (1 active), Execution time: mean = 0.000 s, total = 0.000 s, Queueing time: mean = 0.000 s, max = -0.000 s, min = 9223372036.855 s, total = 0.000 s
	InternalPubSubGcsService.grpc_client.GcsSubscriberCommandBatch - 1 total (0 active), Execution time: mean = 192.400 us, total = 192.400 us, Queueing time: mean = 0.000 s, max = -0.000 s, min = 9223372036.855 s, total = 0.000 s
	CoreWorker.ExitIfParentRayletDies - 1 total (1 active), Execution time: mean = 0.000 s, total = 0.000 s, Queueing time: mean = 0.000 s, max = -0.000 s, min = 9223372036.855 s, total = 0.000 s
	WorkerInfoGcsService.grpc_client.AddWorkerInfo - 1 total (0 active), Execution time: mean = 456.300 us, total = 456.300 us, Queueing time: mean = 0.000 s, max = -0.000 s, min = 9223372036.855 s, total = 0.000 s
	InternalPubSubGcsService.grpc_client.GcsSubscriberPoll - 1 total (1 active), Execution time: mean = 0.000 s, total = 0.000 s, Queueing time: mean = 0.000 s, max = -0.000 s, min = 9223372036.855 s, total = 0.000 s
	InternalPubSubGcsService.grpc_client.GcsSubscriberCommandBatch.OnReplyReceived - 1 total (0 active), Execution time: mean = 87.000 us, total = 87.000 us, Queueing time: mean = 4.500 us, max = 4.500 us, min = 4.500 us, total = 4.500 us
	NodeInfoGcsService.grpc_client.GetAllNodeInfo.OnReplyReceived - 1 total (0 active), Execution time: mean = 89.100 us, total = 89.100 us, Queueing time: mean = 4.300 us, max = 4.300 us, min = 4.300 us, total = 4.300 us

-----------------
Task Event stats:

IO Service Stats:

Global stats: 4 total (1 active)
Queueing time: mean = 2.025 us, max = 4.500 us, min = 3.600 us, total = 8.100 us
Execution time:  mean = 78.075 us, total = 312.300 us
Event stats:
	CoreWorker.deadline_timer.flush_task_events - 1 total (1 active), Execution time: mean = 0.000 s, total = 0.000 s, Queueing time: mean = 0.000 s, max = -0.000 s, min = 9223372036.855 s, total = 0.000 s
	TaskInfoGcsService.grpc_client.AddTaskEventData.OnReplyReceived - 1 total (0 active), Execution time: mean = 18.400 us, total = 18.400 us, Queueing time: mean = 4.500 us, max = 4.500 us, min = 4.500 us, total = 4.500 us
	TaskInfoGcsService.grpc_client.AddTaskEventData - 1 total (0 active), Execution time: mean = 198.000 us, total = 198.000 us, Queueing time: mean = 0.000 s, max = -0.000 s, min = 9223372036.855 s, total = 0.000 s
	PeriodicalRunner.RunFnPeriodically - 1 total (0 active), Execution time: mean = 95.900 us, total = 95.900 us, Queueing time: mean = 3.600 us, max = 3.600 us, min = 3.600 us, total = 3.600 us
Other Stats:
	grpc_in_progress:0
	current number of task status events in buffer: 0
	current number of profile events in buffer: 0
	current number of dropped task attempts tracked: 0
	total task events sent: 0 MiB
	total number of task attempts sent: 0
	total number of task attempts dropped reported: 0
	total number of sent failure: 0
	num status task events dropped: 0
	num profile task events dropped: 0


[2024-09-05 18:18:14,597 I 16776 13868] event.cc:234: Set ray event level to warning
[2024-09-05 18:18:14,597 I 16776 13868] event.cc:342: Ray Event initialized for CORE_WORKER
[2024-09-05 18:18:14,599 I 16776 13868] direct_actor_task_submitter.cc:36: Set max pending calls to -1 for actor f784849263056ba118999bf001000000
[2024-09-05 18:18:14,599 I 16776 13868] direct_actor_task_submitter.cc:237: Connecting to actor f784849263056ba118999bf001000000 at worker b7fb12c55a5ac362b5405d51ee91d8763cdd677bd8f73d3b4a112c26
[2024-09-05 18:18:14,599 I 16776 13868] core_worker.cc:2861: Creating actor: f784849263056ba118999bf001000000
[2024-09-05 18:18:21,183 I 16776 13868] direct_actor_transport.cc:188: Actor creation task finished, task_id: fffffffffffffffff784849263056ba118999bf001000000, actor_id: f784849263056ba118999bf001000000, actor_repr_name: 
[2024-09-05 18:18:22,284 I 16776 9024] core_worker.cc:4001: Force kill actor request has received. exiting immediately... The actor is dead because it was killed by `ray.kill`.
[2024-09-05 18:18:22,284 W 16776 9024] core_worker.cc:916: Force exit the process.  Details: Worker exits because the actor is killed. The actor is dead because it was killed by `ray.kill`.
[2024-09-05 18:18:22,285 I 16776 9024] core_worker.cc:772: Disconnecting to the raylet.
[2024-09-05 18:18:22,285 I 16776 9024] raylet_client.cc:163: RayletClient::Disconnect, exit_type=INTENDED_SYSTEM_EXIT, exit_detail=Worker exits because the actor is killed. The actor is dead because it was killed by `ray.kill`., has creation_task_exception_pb_bytes=0
