[2024-09-05 18:18:05,810 I 16812 9344] core_worker_process.cc:107: Constructing CoreWorkerProcess. pid: 16812
[2024-09-05 18:18:05,813 I 16812 9344] io_service_pool.cc:35: IOServicePool is running with 1 io_service.
[2024-09-05 18:18:06,781 I 16812 9344] grpc_server.cc:129: driver server started, listening on port 57791.
[2024-09-05 18:18:06,785 I 16812 9344] core_worker.cc:252: Initializing worker at address: 127.0.0.1:57791, worker ID 01000000ffffffffffffffffffffffffffffffffffffffffffffffff, raylet f72327a86a42f70531ae34357ff87476115d6b76b34e077b85b7f8c0
[2024-09-05 18:18:06,786 I 16812 9344] task_event_buffer.cc:177: Reporting task events to GCS every 1000ms.
[2024-09-05 18:18:06,787 I 16812 15008] accessor.cc:627: Received notification for node id = f72327a86a42f70531ae34357ff87476115d6b76b34e077b85b7f8c0, IsAlive = 1
[2024-09-05 18:18:06,787 I 16812 15008] core_worker.cc:4552: Number of alive nodes:1
[2024-09-05 18:18:06,787 I 16812 15008] core_worker.cc:614: Event stats:


Global stats: 10 total (3 active)
Queueing time: mean = 1.705 us, max = 5.108 us, min = 3.457 us, total = 17.047 us
Execution time:  mean = 84.179 us, total = 841.789 us
Event stats:
	PeriodicalRunner.RunFnPeriodically - 2 total (1 active, 1 running), Execution time: mean = 5.205 us, total = 10.409 us, Queueing time: mean = 1.786 us, max = 3.572 us, min = 3.572 us, total = 3.572 us
	NodeInfoGcsService.grpc_client.GetAllNodeInfo - 1 total (0 active), Execution time: mean = 165.847 us, total = 165.847 us, Queueing time: mean = 0.000 s, max = -0.000 s, min = 9223372036.855 s, total = 0.000 s
	WorkerInfoGcsService.grpc_client.AddWorkerInfo.OnReplyReceived - 1 total (0 active), Execution time: mean = 21.860 us, total = 21.860 us, Queueing time: mean = 4.910 us, max = 4.910 us, min = 4.910 us, total = 4.910 us
	Publisher.CheckDeadSubscribers - 1 total (1 active), Execution time: mean = 0.000 s, total = 0.000 s, Queueing time: mean = 0.000 s, max = -0.000 s, min = 9223372036.855 s, total = 0.000 s
	InternalPubSubGcsService.grpc_client.GcsSubscriberCommandBatch - 1 total (0 active), Execution time: mean = 204.739 us, total = 204.739 us, Queueing time: mean = 0.000 s, max = -0.000 s, min = 9223372036.855 s, total = 0.000 s
	InternalPubSubGcsService.grpc_client.GcsSubscriberPoll - 1 total (1 active), Execution time: mean = 0.000 s, total = 0.000 s, Queueing time: mean = 0.000 s, max = -0.000 s, min = 9223372036.855 s, total = 0.000 s
	InternalPubSubGcsService.grpc_client.GcsSubscriberCommandBatch.OnReplyReceived - 1 total (0 active), Execution time: mean = 79.481 us, total = 79.481 us, Queueing time: mean = 5.108 us, max = 5.108 us, min = 5.108 us, total = 5.108 us
	WorkerInfoGcsService.grpc_client.AddWorkerInfo - 1 total (0 active), Execution time: mean = 299.243 us, total = 299.243 us, Queueing time: mean = 0.000 s, max = -0.000 s, min = 9223372036.855 s, total = 0.000 s
	NodeInfoGcsService.grpc_client.GetAllNodeInfo.OnReplyReceived - 1 total (0 active), Execution time: mean = 60.210 us, total = 60.210 us, Queueing time: mean = 3.457 us, max = 3.457 us, min = 3.457 us, total = 3.457 us

-----------------
Task Event stats:

IO Service Stats:

Global stats: 4 total (1 active)
Queueing time: mean = 13.707 us, max = 51.374 us, min = 3.454 us, total = 54.828 us
Execution time:  mean = 67.552 us, total = 270.210 us
Event stats:
	CoreWorker.deadline_timer.flush_task_events - 1 total (1 active), Execution time: mean = 0.000 s, total = 0.000 s, Queueing time: mean = 0.000 s, max = -0.000 s, min = 9223372036.855 s, total = 0.000 s
	TaskInfoGcsService.grpc_client.AddTaskEventData.OnReplyReceived - 1 total (0 active), Execution time: mean = 11.977 us, total = 11.977 us, Queueing time: mean = 3.454 us, max = 3.454 us, min = 3.454 us, total = 3.454 us
	TaskInfoGcsService.grpc_client.AddTaskEventData - 1 total (0 active), Execution time: mean = 173.181 us, total = 173.181 us, Queueing time: mean = 0.000 s, max = -0.000 s, min = 9223372036.855 s, total = 0.000 s
	PeriodicalRunner.RunFnPeriodically - 1 total (0 active), Execution time: mean = 85.052 us, total = 85.052 us, Queueing time: mean = 51.374 us, max = 51.374 us, min = 51.374 us, total = 51.374 us
Other Stats:
	grpc_in_progress:0
	current number of task status events in buffer: 1
	current number of profile events in buffer: 0
	current number of dropped task attempts tracked: 0
	total task events sent: 0 MiB
	total number of task attempts sent: 0
	total number of task attempts dropped reported: 0
	total number of sent failure: 0
	num status task events dropped: 0
	num profile task events dropped: 0


[2024-09-05 18:18:06,789 I 16812 9344] event.cc:234: Set ray event level to warning
[2024-09-05 18:18:06,789 I 16812 9344] event.cc:342: Ray Event initialized for CORE_WORKER
[2024-09-05 18:18:06,888 I 16812 9344] core_worker.cc:2294: Submitting Placement Group creation to GCS: 610dec10b90ce5da5f86596e142101000000
[2024-09-05 18:18:06,928 I 16812 9344] direct_actor_task_submitter.cc:36: Set max pending calls to -1 for actor 62ad3e0ff9f8d62b7f67150001000000
[2024-09-05 18:18:06,931 I 16812 15008] actor_manager.cc:214: received notification on actor, state: DEPENDENCIES_UNREADY, actor_id: 62ad3e0ff9f8d62b7f67150001000000, ip address: , port: 0, worker_id: NIL_ID, raylet_id: NIL_ID, num_restarts: 0, death context type=CONTEXT_NOT_SET
[2024-09-05 18:18:06,931 I 16812 15008] actor_manager.cc:214: received notification on actor, state: DEPENDENCIES_UNREADY, actor_id: 62ad3e0ff9f8d62b7f67150001000000, ip address: , port: 0, worker_id: NIL_ID, raylet_id: NIL_ID, num_restarts: 0, death context type=CONTEXT_NOT_SET
[2024-09-05 18:18:06,931 I 16812 15008] actor_manager.cc:214: received notification on actor, state: PENDING_CREATION, actor_id: 62ad3e0ff9f8d62b7f67150001000000, ip address: , port: 0, worker_id: NIL_ID, raylet_id: NIL_ID, num_restarts: 0, death context type=CONTEXT_NOT_SET
[2024-09-05 18:18:17,916 W 16812 1108] metric_exporter.cc:105: [1] Export metrics to agent failed: GrpcUnavailable: RPC Error message: failed to connect to all addresses; last error: UNAVAILABLE: ipv4:127.0.0.1:61839: Connection refused; RPC Error details: . This won't affect Ray, but you can lose metrics from the cluster.
[2024-09-05 18:18:21,501 I 16812 15008] actor_manager.cc:214: received notification on actor, state: ALIVE, actor_id: 62ad3e0ff9f8d62b7f67150001000000, ip address: 127.0.0.1, port: 57803, worker_id: a78e0cb8b7011af8e762b8aef74a497966e91395f4d7346624f84a1b, raylet_id: f72327a86a42f70531ae34357ff87476115d6b76b34e077b85b7f8c0, num_restarts: 0, death context type=CONTEXT_NOT_SET
[2024-09-05 18:18:21,501 I 16812 15008] direct_actor_task_submitter.cc:237: Connecting to actor 62ad3e0ff9f8d62b7f67150001000000 at worker a78e0cb8b7011af8e762b8aef74a497966e91395f4d7346624f84a1b
[2024-09-05 18:18:21,515 I 16812 9344] direct_actor_task_submitter.cc:36: Set max pending calls to -1 for actor 6674188d9dccc8187fbb6fea01000000
[2024-09-05 18:18:21,525 I 16812 9344] direct_actor_task_submitter.cc:36: Set max pending calls to -1 for actor 3dbea7ec3dcf171a0b450b3e01000000
[2024-09-05 18:18:21,526 I 16812 15008] actor_manager.cc:214: received notification on actor, state: DEPENDENCIES_UNREADY, actor_id: 3dbea7ec3dcf171a0b450b3e01000000, ip address: , port: 0, worker_id: NIL_ID, raylet_id: NIL_ID, num_restarts: 0, death context type=CONTEXT_NOT_SET
[2024-09-05 18:18:21,526 I 16812 15008] actor_manager.cc:214: received notification on actor, state: DEPENDENCIES_UNREADY, actor_id: 3dbea7ec3dcf171a0b450b3e01000000, ip address: , port: 0, worker_id: NIL_ID, raylet_id: NIL_ID, num_restarts: 0, death context type=CONTEXT_NOT_SET
[2024-09-05 18:18:21,526 I 16812 15008] actor_manager.cc:214: received notification on actor, state: PENDING_CREATION, actor_id: 3dbea7ec3dcf171a0b450b3e01000000, ip address: , port: 0, worker_id: NIL_ID, raylet_id: NIL_ID, num_restarts: 0, death context type=CONTEXT_NOT_SET
[2024-09-05 18:18:22,286 I 16812 15008] actor_manager.cc:214: received notification on actor, state: DEAD, actor_id: 62ad3e0ff9f8d62b7f67150001000000, ip address: 127.0.0.1, port: 57803, worker_id: a78e0cb8b7011af8e762b8aef74a497966e91395f4d7346624f84a1b, raylet_id: f72327a86a42f70531ae34357ff87476115d6b76b34e077b85b7f8c0, num_restarts: 0, death context type=ActorDiedErrorContext
[2024-09-05 18:18:22,286 I 16812 15008] direct_actor_task_submitter.cc:287: Failing pending tasks for actor 62ad3e0ff9f8d62b7f67150001000000 because the actor is already dead.
