[2024-09-05 18:18:21,949 I 1972 20232] core_worker_process.cc:107: Constructing CoreWorkerProcess. pid: 1972
[2024-09-05 18:18:21,951 I 1972 20232] io_service_pool.cc:35: IOServicePool is running with 1 io_service.
[2024-09-05 18:18:21,952 I 1972 20232] grpc_server.cc:129: worker server started, listening on port 57898.
[2024-09-05 18:18:21,955 I 1972 20232] core_worker.cc:252: Initializing worker at address: 127.0.0.1:57898, worker ID c4ccaf68fc2e1605cdf9d18468a384649c6594d6173b32dc76ba28a1, raylet f72327a86a42f70531ae34357ff87476115d6b76b34e077b85b7f8c0
[2024-09-05 18:18:21,956 I 1972 20232] task_event_buffer.cc:177: Reporting task events to GCS every 1000ms.
[2024-09-05 18:18:21,957 I 1972 8428] accessor.cc:627: Received notification for node id = f72327a86a42f70531ae34357ff87476115d6b76b34e077b85b7f8c0, IsAlive = 1
[2024-09-05 18:18:21,957 I 1972 8428] core_worker.cc:4552: Number of alive nodes:1
[2024-09-05 18:18:21,957 I 1972 8428] core_worker.cc:614: Event stats:


Global stats: 12 total (4 active)
Queueing time: mean = 8.008 us, max = 75.800 us, min = 4.200 us, total = 96.100 us
Execution time:  mean = 73.042 us, total = 876.500 us
Event stats:
	PeriodicalRunner.RunFnPeriodically - 3 total (1 active, 1 running), Execution time: mean = 8.467 us, total = 25.400 us, Queueing time: mean = 26.667 us, max = 75.800 us, min = 4.200 us, total = 80.000 us
	WorkerInfoGcsService.grpc_client.AddWorkerInfo.OnReplyReceived - 1 total (0 active), Execution time: mean = 22.900 us, total = 22.900 us, Queueing time: mean = 5.800 us, max = 5.800 us, min = 5.800 us, total = 5.800 us
	NodeInfoGcsService.grpc_client.GetAllNodeInfo - 1 total (0 active), Execution time: mean = 196.500 us, total = 196.500 us, Queueing time: mean = 0.000 s, max = -0.000 s, min = 9223372036.855 s, total = 0.000 s
	InternalPubSubGcsService.grpc_client.GcsSubscriberCommandBatch - 1 total (0 active), Execution time: mean = 231.300 us, total = 231.300 us, Queueing time: mean = 0.000 s, max = -0.000 s, min = 9223372036.855 s, total = 0.000 s
	Publisher.CheckDeadSubscribers - 1 total (1 active), Execution time: mean = 0.000 s, total = 0.000 s, Queueing time: mean = 0.000 s, max = -0.000 s, min = 9223372036.855 s, total = 0.000 s
	WorkerInfoGcsService.grpc_client.AddWorkerInfo - 1 total (0 active), Execution time: mean = 242.200 us, total = 242.200 us, Queueing time: mean = 0.000 s, max = -0.000 s, min = 9223372036.855 s, total = 0.000 s
	CoreWorker.ExitIfParentRayletDies - 1 total (1 active), Execution time: mean = 0.000 s, total = 0.000 s, Queueing time: mean = 0.000 s, max = -0.000 s, min = 9223372036.855 s, total = 0.000 s
	InternalPubSubGcsService.grpc_client.GcsSubscriberCommandBatch.OnReplyReceived - 1 total (0 active), Execution time: mean = 94.600 us, total = 94.600 us, Queueing time: mean = 4.700 us, max = 4.700 us, min = 4.700 us, total = 4.700 us
	InternalPubSubGcsService.grpc_client.GcsSubscriberPoll - 1 total (1 active), Execution time: mean = 0.000 s, total = 0.000 s, Queueing time: mean = 0.000 s, max = -0.000 s, min = 9223372036.855 s, total = 0.000 s
	NodeInfoGcsService.grpc_client.GetAllNodeInfo.OnReplyReceived - 1 total (0 active), Execution time: mean = 63.600 us, total = 63.600 us, Queueing time: mean = 5.600 us, max = 5.600 us, min = 5.600 us, total = 5.600 us

-----------------
Task Event stats:

IO Service Stats:

Global stats: 4 total (1 active)
Queueing time: mean = 2.625 us, max = 6.000 us, min = 4.500 us, total = 10.500 us
Execution time:  mean = 98.025 us, total = 392.100 us
Event stats:
	CoreWorker.deadline_timer.flush_task_events - 1 total (1 active), Execution time: mean = 0.000 s, total = 0.000 s, Queueing time: mean = 0.000 s, max = -0.000 s, min = 9223372036.855 s, total = 0.000 s
	TaskInfoGcsService.grpc_client.AddTaskEventData.OnReplyReceived - 1 total (0 active), Execution time: mean = 15.000 us, total = 15.000 us, Queueing time: mean = 4.500 us, max = 4.500 us, min = 4.500 us, total = 4.500 us
	TaskInfoGcsService.grpc_client.AddTaskEventData - 1 total (0 active), Execution time: mean = 267.600 us, total = 267.600 us, Queueing time: mean = 0.000 s, max = -0.000 s, min = 9223372036.855 s, total = 0.000 s
	PeriodicalRunner.RunFnPeriodically - 1 total (0 active), Execution time: mean = 109.500 us, total = 109.500 us, Queueing time: mean = 6.000 us, max = 6.000 us, min = 6.000 us, total = 6.000 us
Other Stats:
	grpc_in_progress:0
	current number of task status events in buffer: 0
	current number of profile events in buffer: 0
	current number of dropped task attempts tracked: 0
	total task events sent: 0 MiB
	total number of task attempts sent: 0
	total number of task attempts dropped reported: 0
	total number of sent failure: 0
	num status task events dropped: 0
	num profile task events dropped: 0


[2024-09-05 18:18:21,958 I 1972 20232] event.cc:234: Set ray event level to warning
[2024-09-05 18:18:21,958 I 1972 20232] event.cc:342: Ray Event initialized for CORE_WORKER
[2024-09-05 18:18:21,959 I 1972 20232] direct_actor_task_submitter.cc:36: Set max pending calls to -1 for actor 3dbea7ec3dcf171a0b450b3e01000000
[2024-09-05 18:18:21,960 I 1972 20232] direct_actor_task_submitter.cc:237: Connecting to actor 3dbea7ec3dcf171a0b450b3e01000000 at worker c4ccaf68fc2e1605cdf9d18468a384649c6594d6173b32dc76ba28a1
[2024-09-05 18:18:21,960 I 1972 20232] core_worker.cc:2861: Creating actor: 3dbea7ec3dcf171a0b450b3e01000000
[2024-09-05 18:18:22,961 I 1972 20232] direct_actor_task_submitter.cc:36: Set max pending calls to -1 for actor 6674188d9dccc8187fbb6fea01000000
