[2024-09-05 18:18:06,742 I 4680 4756] core_worker_process.cc:107: Constructing CoreWorkerProcess. pid: 4680
[2024-09-05 18:18:06,744 I 4680 4756] io_service_pool.cc:35: IOServicePool is running with 1 io_service.
[2024-09-05 18:18:06,745 I 4680 4756] grpc_server.cc:129: worker server started, listening on port 57769.
[2024-09-05 18:18:06,749 I 4680 4756] core_worker.cc:252: Initializing worker at address: 127.0.0.1:57769, worker ID 3c475df57edade78b94ebd4e5d6e279e458aeed34929f153786d1b31, raylet f72327a86a42f70531ae34357ff87476115d6b76b34e077b85b7f8c0
[2024-09-05 18:18:06,750 I 4680 4756] task_event_buffer.cc:177: Reporting task events to GCS every 1000ms.
[2024-09-05 18:18:06,750 I 4680 8864] accessor.cc:627: Received notification for node id = f72327a86a42f70531ae34357ff87476115d6b76b34e077b85b7f8c0, IsAlive = 1
[2024-09-05 18:18:06,750 I 4680 8864] core_worker.cc:4552: Number of alive nodes:1
[2024-09-05 18:18:06,751 I 4680 8864] core_worker.cc:614: Event stats:


Global stats: 12 total (4 active)
Queueing time: mean = 7.550 us, max = 66.000 us, min = 4.500 us, total = 90.600 us
Execution time:  mean = 75.950 us, total = 911.400 us
Event stats:
	PeriodicalRunner.RunFnPeriodically - 3 total (1 active, 1 running), Execution time: mean = 8.033 us, total = 24.100 us, Queueing time: mean = 23.733 us, max = 66.000 us, min = 5.200 us, total = 71.200 us
	NodeInfoGcsService.grpc_client.GetAllNodeInfo - 1 total (0 active), Execution time: mean = 216.800 us, total = 216.800 us, Queueing time: mean = 0.000 s, max = -0.000 s, min = 9223372036.855 s, total = 0.000 s
	WorkerInfoGcsService.grpc_client.AddWorkerInfo.OnReplyReceived - 1 total (0 active), Execution time: mean = 17.900 us, total = 17.900 us, Queueing time: mean = 6.400 us, max = 6.400 us, min = 6.400 us, total = 6.400 us
	Publisher.CheckDeadSubscribers - 1 total (1 active), Execution time: mean = 0.000 s, total = 0.000 s, Queueing time: mean = 0.000 s, max = -0.000 s, min = 9223372036.855 s, total = 0.000 s
	InternalPubSubGcsService.grpc_client.GcsSubscriberCommandBatch - 1 total (0 active), Execution time: mean = 199.900 us, total = 199.900 us, Queueing time: mean = 0.000 s, max = -0.000 s, min = 9223372036.855 s, total = 0.000 s
	InternalPubSubGcsService.grpc_client.GcsSubscriberPoll - 1 total (1 active), Execution time: mean = 0.000 s, total = 0.000 s, Queueing time: mean = 0.000 s, max = -0.000 s, min = 9223372036.855 s, total = 0.000 s
	CoreWorker.ExitIfParentRayletDies - 1 total (1 active), Execution time: mean = 0.000 s, total = 0.000 s, Queueing time: mean = 0.000 s, max = -0.000 s, min = 9223372036.855 s, total = 0.000 s
	WorkerInfoGcsService.grpc_client.AddWorkerInfo - 1 total (0 active), Execution time: mean = 288.000 us, total = 288.000 us, Queueing time: mean = 0.000 s, max = -0.000 s, min = 9223372036.855 s, total = 0.000 s
	InternalPubSubGcsService.grpc_client.GcsSubscriberCommandBatch.OnReplyReceived - 1 total (0 active), Execution time: mean = 106.700 us, total = 106.700 us, Queueing time: mean = 8.500 us, max = 8.500 us, min = 8.500 us, total = 8.500 us
	NodeInfoGcsService.grpc_client.GetAllNodeInfo.OnReplyReceived - 1 total (0 active), Execution time: mean = 58.000 us, total = 58.000 us, Queueing time: mean = 4.500 us, max = 4.500 us, min = 4.500 us, total = 4.500 us

-----------------
Task Event stats:

IO Service Stats:

Global stats: 4 total (1 active)
Queueing time: mean = 2.625 us, max = 5.400 us, min = 5.100 us, total = 10.500 us
Execution time:  mean = 94.850 us, total = 379.400 us
Event stats:
	TaskInfoGcsService.grpc_client.AddTaskEventData - 1 total (0 active), Execution time: mean = 264.400 us, total = 264.400 us, Queueing time: mean = 0.000 s, max = -0.000 s, min = 9223372036.855 s, total = 0.000 s
	PeriodicalRunner.RunFnPeriodically - 1 total (0 active), Execution time: mean = 96.900 us, total = 96.900 us, Queueing time: mean = 5.400 us, max = 5.400 us, min = 5.400 us, total = 5.400 us
	CoreWorker.deadline_timer.flush_task_events - 1 total (1 active), Execution time: mean = 0.000 s, total = 0.000 s, Queueing time: mean = 0.000 s, max = -0.000 s, min = 9223372036.855 s, total = 0.000 s
	TaskInfoGcsService.grpc_client.AddTaskEventData.OnReplyReceived - 1 total (0 active), Execution time: mean = 18.100 us, total = 18.100 us, Queueing time: mean = 5.100 us, max = 5.100 us, min = 5.100 us, total = 5.100 us
Other Stats:
	grpc_in_progress:0
	current number of task status events in buffer: 0
	current number of profile events in buffer: 0
	current number of dropped task attempts tracked: 0
	total task events sent: 0 MiB
	total number of task attempts sent: 0
	total number of task attempts dropped reported: 0
	total number of sent failure: 0
	num status task events dropped: 0
	num profile task events dropped: 0


[2024-09-05 18:18:06,752 I 4680 4756] event.cc:234: Set ray event level to warning
[2024-09-05 18:18:06,752 I 4680 4756] event.cc:342: Ray Event initialized for CORE_WORKER
[2024-09-05 18:18:18,859 W 4680 17568] metric_exporter.cc:105: [1] Export metrics to agent failed: GrpcUnavailable: RPC Error message: failed to connect to all addresses; last error: UNAVAILABLE: ipv4:127.0.0.1:61839: Connection refused; RPC Error details: . This won't affect Ray, but you can lose metrics from the cluster.
