[2024-09-05 18:18:05,689 I 5896 16176] (raylet.exe) main.cc:176: Setting cluster ID to: f1acbca78a9405c9278b90971e9b9f16c2f0e9c3b58c306caeadd9c4
[2024-09-05 18:18:05,693 I 5896 16176] (raylet.exe) main.cc:396: Raylet is not set to kill unknown children.
[2024-09-05 18:18:05,693 I 5896 16176] (raylet.exe) io_service_pool.cc:35: IOServicePool is running with 1 io_service.
[2024-09-05 18:18:05,693 I 5896 16176] (raylet.exe) store_runner.cc:32: Allowing the Plasma store to use up to 2.5123GB of memory.
[2024-09-05 18:18:05,693 I 5896 16176] (raylet.exe) store_runner.cc:48: Starting object store with directory C:\Users\colam\AppData\Local\Temp, fallback D:\Programme\Nextcloud\00_Eigene_Dateien\Programmieren\dl_reference_models\experiments\results, and huge page support disabled
[2024-09-05 18:18:05,694 I 5896 17436] (raylet.exe) store.cc:564: ========== Plasma store: =================
Current usage: 0 / 2.5123 GB
- num bytes created total: 0
0 pending objects of total size 0MB
- objects spillable: 0
- bytes spillable: 0
- objects unsealed: 0
- bytes unsealed: 0
- objects in use: 0
- bytes in use: 0
- objects evictable: 0
- bytes evictable: 0

- objects created by worker: 0
- bytes created by worker: 0
- objects restored: 0
- bytes restored: 0
- objects received: 0
- bytes received: 0
- objects errored: 0
- bytes errored: 0

[2024-09-05 18:18:05,707 I 5896 16176] (raylet.exe) grpc_server.cc:129: ObjectManager server started, listening on port 57663.
[2024-09-05 18:18:05,709 I 5896 16176] (raylet.exe) worker_killing_policy.cc:101: Running GroupByOwner policy.
[2024-09-05 18:18:05,709 W 5896 16176] (raylet.exe) memory_monitor.cc:67: Not running MemoryMonitor. It is currently supported only on Linux.
[2024-09-05 18:18:05,709 I 5896 16176] (raylet.exe) node_manager.cc:282: Initializing NodeManager with ID f72327a86a42f70531ae34357ff87476115d6b76b34e077b85b7f8c0
[2024-09-05 18:18:05,710 I 5896 16176] (raylet.exe) grpc_server.cc:129: NodeManager server started, listening on port 57665.
[2024-09-05 18:18:05,718 I 5896 19876] (raylet.exe) agent_manager.cc:78: Monitor agent process with name dashboard_agent/15724
[2024-09-05 18:18:05,722 I 5896 7916] (raylet.exe) agent_manager.cc:78: Monitor agent process with name runtime_env_agent
[2024-09-05 18:18:05,724 I 5896 16176] (raylet.exe) event.cc:234: Set ray event level to warning
[2024-09-05 18:18:05,724 I 5896 16176] (raylet.exe) event.cc:342: Ray Event initialized for RAYLET
[2024-09-05 18:18:05,725 I 5896 16176] (raylet.exe) raylet.cc:128: Raylet of id, f72327a86a42f70531ae34357ff87476115d6b76b34e077b85b7f8c0 started. Raylet consists of node_manager and object_manager. node_manager address: 127.0.0.1:57665 object_manager address: 127.0.0.1:57663 hostname: MININT-EJD2ILQ
[2024-09-05 18:18:05,727 I 5896 16176] (raylet.exe) node_manager.cc:502: [state-dump] NodeManager:
[state-dump] Node ID: f72327a86a42f70531ae34357ff87476115d6b76b34e077b85b7f8c0
[state-dump] Node name: 127.0.0.1
[state-dump] InitialConfigResources: {node:127.0.0.1: 10000, accelerator_type:G: 10000, node:__internal_head__: 10000, CPU: 160000, memory: 50245951500000, object_store_memory: 25122975740000, GPU: 10000}
[state-dump] ClusterTaskManager:
[state-dump] ========== Node: f72327a86a42f70531ae34357ff87476115d6b76b34e077b85b7f8c0 =================
[state-dump] Infeasible queue length: 0
[state-dump] Schedule queue length: 0
[state-dump] Dispatch queue length: 0
[state-dump] num_waiting_for_resource: 0
[state-dump] num_waiting_for_plasma_memory: 0
[state-dump] num_waiting_for_remote_node_resources: 0
[state-dump] num_worker_not_started_by_job_config_not_exist: 0
[state-dump] num_worker_not_started_by_registration_timeout: 0
[state-dump] num_tasks_waiting_for_workers: 0
[state-dump] num_cancelled_tasks: 0
[state-dump] cluster_resource_scheduler state: 
[state-dump] Local id: -7233951616450180839 Local resources: {"total":{memory: [50245951500000], GPU: [10000], CPU: [160000], node:__internal_head__: [10000], node:127.0.0.1: [10000], accelerator_type:G: [10000], object_store_memory: [25122975740000]}}, "available": {accelerator_type:G: [10000], node:127.0.0.1: [10000], memory: [50245951500000], CPU: [160000], object_store_memory: [25122975740000], GPU: [10000], node:__internal_head__: [10000]}}, "labels":{"ray.io/node_id":"f72327a86a42f70531ae34357ff87476115d6b76b34e077b85b7f8c0",} is_draining: 0 is_idle: 1 Cluster resources: node id: -7233951616450180839{"total":{node:__internal_head__: 10000, CPU: 160000, GPU: 10000, accelerator_type:G: 10000, node:127.0.0.1: 10000, memory: 50245951500000, object_store_memory: 25122975740000}}, "available": {memory: 50245951500000, GPU: 10000, accelerator_type:G: 10000, object_store_memory: 25122975740000, node:__internal_head__: 10000, node:127.0.0.1: 10000, CPU: 160000}}, "labels":{"ray.io/node_id":"f72327a86a42f70531ae34357ff87476115d6b76b34e077b85b7f8c0",}, "is_draining": 0, "draining_deadline_timestamp_ms": -1} { "placment group locations": [], "node to bundles": []}
[state-dump] Waiting tasks size: 0
[state-dump] Number of executing tasks: 0
[state-dump] Number of pinned task arguments: 0
[state-dump] Number of total spilled tasks: 0
[state-dump] Number of spilled waiting tasks: 0
[state-dump] Number of spilled unschedulable tasks: 0
[state-dump] Resource usage {
[state-dump] }
[state-dump] Running tasks by scheduling class:
[state-dump] ==================================================
[state-dump] 
[state-dump] ClusterResources:
[state-dump] LocalObjectManager:
[state-dump] - num pinned objects: 0
[state-dump] - pinned objects size: 0
[state-dump] - num objects pending restore: 0
[state-dump] - num objects pending spill: 0
[state-dump] - num bytes pending spill: 0
[state-dump] - num bytes currently spilled: 0
[state-dump] - cumulative spill requests: 0
[state-dump] - cumulative restore requests: 0
[state-dump] - spilled objects pending delete: 0
[state-dump] 
[state-dump] ObjectManager:
[state-dump] - num local objects: 0
[state-dump] - num unfulfilled push requests: 0
[state-dump] - num object pull requests: 0
[state-dump] - num chunks received total: 0
[state-dump] - num chunks received failed (all): 0
[state-dump] - num chunks received failed / cancelled: 0
[state-dump] - num chunks received failed / plasma error: 0
[state-dump] Event stats:
[state-dump] Global stats: 0 total (0 active)
[state-dump] Queueing time: mean = -nan(ind) s, max = -0.000 s, min = 9223372036.855 s, total = 0.000 s
[state-dump] Execution time:  mean = -nan(ind) s, total = 0.000 s
[state-dump] Event stats:
[state-dump] PushManager:
[state-dump] - num pushes in flight: 0
[state-dump] - num chunks in flight: 0
[state-dump] - num chunks remaining: 0
[state-dump] - max chunks allowed: 409
[state-dump] OwnershipBasedObjectDirectory:
[state-dump] - num listeners: 0
[state-dump] - cumulative location updates: 0
[state-dump] - num location updates per second: 0.000
[state-dump] - num location lookups per second: 0.000
[state-dump] - num locations added per second: 0.000
[state-dump] - num locations removed per second: 0.000
[state-dump] BufferPool:
[state-dump] - create buffer state map size: 0
[state-dump] PullManager:
[state-dump] - num bytes available for pulled objects: 2512297574
[state-dump] - num bytes being pulled (all): 0
[state-dump] - num bytes being pulled / pinned: 0
[state-dump] - get request bundles: BundlePullRequestQueue{0 total, 0 active, 0 inactive, 0 unpullable}
[state-dump] - wait request bundles: BundlePullRequestQueue{0 total, 0 active, 0 inactive, 0 unpullable}
[state-dump] - task request bundles: BundlePullRequestQueue{0 total, 0 active, 0 inactive, 0 unpullable}
[state-dump] - first get request bundle: N/A
[state-dump] - first wait request bundle: N/A
[state-dump] - first task request bundle: N/A
[state-dump] - num objects queued: 0
[state-dump] - num objects actively pulled (all): 0
[state-dump] - num objects actively pulled / pinned: 0
[state-dump] - num bundles being pulled: 0
[state-dump] - num pull retries: 0
[state-dump] - max timeout seconds: 0
[state-dump] - max timeout request is already processed. No entry.
[state-dump] 
[state-dump] WorkerPool:
[state-dump] - registered jobs: 0
[state-dump] - process_failed_job_config_missing: 0
[state-dump] - process_failed_rate_limited: 0
[state-dump] - process_failed_pending_registration: 0
[state-dump] - process_failed_runtime_env_setup_failed: 0
[state-dump] - num PYTHON workers: 0
[state-dump] - num PYTHON drivers: 0
[state-dump] - num object spill callbacks queued: 0
[state-dump] - num object restore queued: 0
[state-dump] - num util functions queued: 0
[state-dump] - num idle workers: 0
[state-dump] TaskDependencyManager:
[state-dump] - task deps map size: 0
[state-dump] - get req map size: 0
[state-dump] - wait req map size: 0
[state-dump] - local objects map size: 0
[state-dump] WaitManager:
[state-dump] - num active wait requests: 0
[state-dump] Subscriber:
[state-dump] Channel WORKER_OBJECT_LOCATIONS_CHANNEL
[state-dump] - cumulative subscribe requests: 0
[state-dump] - cumulative unsubscribe requests: 0
[state-dump] - active subscribed publishers: 0
[state-dump] - cumulative published messages: 0
[state-dump] - cumulative processed messages: 0
[state-dump] Channel WORKER_REF_REMOVED_CHANNEL
[state-dump] - cumulative subscribe requests: 0
[state-dump] - cumulative unsubscribe requests: 0
[state-dump] - active subscribed publishers: 0
[state-dump] - cumulative published messages: 0
[state-dump] - cumulative processed messages: 0
[state-dump] Channel WORKER_OBJECT_EVICTION
[state-dump] - cumulative subscribe requests: 0
[state-dump] - cumulative unsubscribe requests: 0
[state-dump] - active subscribed publishers: 0
[state-dump] - cumulative published messages: 0
[state-dump] - cumulative processed messages: 0
[state-dump] num async plasma notifications: 0
[state-dump] Remote node managers: 
[state-dump] Event stats:
[state-dump] Global stats: 25 total (12 active)
[state-dump] Queueing time: mean = 1.609 ms, max = 15.108 ms, min = 4.400 us, total = 40.234 ms
[state-dump] Execution time:  mean = 1.418 ms, total = 35.440 ms
[state-dump] Event stats:
[state-dump] 	PeriodicalRunner.RunFnPeriodically - 10 total (2 active, 1 running), Execution time: mean = 166.240 us, total = 1.662 ms, Queueing time: mean = 4.022 ms, max = 15.108 ms, min = 25.700 us, total = 40.221 ms
[state-dump] 	ClusterResourceManager.ResetRemoteNodeView - 1 total (1 active), Execution time: mean = 0.000 s, total = 0.000 s, Queueing time: mean = 0.000 s, max = -0.000 s, min = 9223372036.855 s, total = 0.000 s
[state-dump] 	NodeManager.deadline_timer.spill_objects_when_over_threshold - 1 total (1 active), Execution time: mean = 0.000 s, total = 0.000 s, Queueing time: mean = 0.000 s, max = -0.000 s, min = 9223372036.855 s, total = 0.000 s
[state-dump] 	InternalPubSubGcsService.grpc_client.GcsSubscriberCommandBatch.OnReplyReceived - 1 total (1 active), Execution time: mean = 0.000 s, total = 0.000 s, Queueing time: mean = 0.000 s, max = -0.000 s, min = 9223372036.855 s, total = 0.000 s
[state-dump] 	NodeInfoGcsService.grpc_client.GetInternalConfig - 1 total (0 active), Execution time: mean = 351.600 us, total = 351.600 us, Queueing time: mean = 0.000 s, max = -0.000 s, min = 9223372036.855 s, total = 0.000 s
[state-dump] 	NodeManager.GCTaskFailureReason - 1 total (1 active), Execution time: mean = 0.000 s, total = 0.000 s, Queueing time: mean = 0.000 s, max = -0.000 s, min = 9223372036.855 s, total = 0.000 s
[state-dump] 	NodeManager.deadline_timer.flush_free_objects - 1 total (1 active), Execution time: mean = 0.000 s, total = 0.000 s, Queueing time: mean = 0.000 s, max = -0.000 s, min = 9223372036.855 s, total = 0.000 s
[state-dump] 	NodeInfoGcsService.grpc_client.RegisterNode - 1 total (0 active), Execution time: mean = 561.000 us, total = 561.000 us, Queueing time: mean = 0.000 s, max = -0.000 s, min = 9223372036.855 s, total = 0.000 s
[state-dump] 	InternalPubSubGcsService.grpc_client.GcsSubscriberCommandBatch - 1 total (0 active), Execution time: mean = 205.500 us, total = 205.500 us, Queueing time: mean = 0.000 s, max = -0.000 s, min = 9223372036.855 s, total = 0.000 s
[state-dump] 	NodeManager.deadline_timer.debug_state_dump - 1 total (1 active), Execution time: mean = 0.000 s, total = 0.000 s, Queueing time: mean = 0.000 s, max = -0.000 s, min = 9223372036.855 s, total = 0.000 s
[state-dump] 	NodeManager.deadline_timer.record_metrics - 1 total (1 active), Execution time: mean = 0.000 s, total = 0.000 s, Queueing time: mean = 0.000 s, max = -0.000 s, min = 9223372036.855 s, total = 0.000 s
[state-dump] 	NodeManager.ScheduleAndDispatchTasks - 1 total (1 active), Execution time: mean = 0.000 s, total = 0.000 s, Queueing time: mean = 0.000 s, max = -0.000 s, min = 9223372036.855 s, total = 0.000 s
[state-dump] 	InternalPubSubGcsService.grpc_client.GcsSubscriberPoll - 1 total (1 active), Execution time: mean = 0.000 s, total = 0.000 s, Queueing time: mean = 0.000 s, max = -0.000 s, min = 9223372036.855 s, total = 0.000 s
[state-dump] 	RayletWorkerPool.deadline_timer.kill_idle_workers - 1 total (1 active), Execution time: mean = 0.000 s, total = 0.000 s, Queueing time: mean = 0.000 s, max = -0.000 s, min = 9223372036.855 s, total = 0.000 s
[state-dump] 	NodeInfoGcsService.grpc_client.RegisterNode.OnReplyReceived - 1 total (0 active), Execution time: mean = 205.800 us, total = 205.800 us, Queueing time: mean = 4.400 us, max = 4.400 us, min = 4.400 us, total = 4.400 us
[state-dump] 	NodeInfoGcsService.grpc_client.GetInternalConfig.OnReplyReceived - 1 total (0 active), Execution time: mean = 32.454 ms, total = 32.454 ms, Queueing time: mean = 8.600 us, max = 8.600 us, min = 8.600 us, total = 8.600 us
[state-dump] DebugString() time ms: 0
[state-dump] 
[state-dump] 
[2024-09-05 18:18:05,728 I 5896 16176] (raylet.exe) accessor.cc:627: Received notification for node id = f72327a86a42f70531ae34357ff87476115d6b76b34e077b85b7f8c0, IsAlive = 1
[2024-09-05 18:18:05,818 I 5896 16176] (raylet.exe) worker_pool.cc:495: Started worker process with pid 6252, the token is 0
[2024-09-05 18:18:05,822 I 5896 16176] (raylet.exe) worker_pool.cc:495: Started worker process with pid 20780, the token is 1
[2024-09-05 18:18:05,827 I 5896 16176] (raylet.exe) worker_pool.cc:495: Started worker process with pid 12000, the token is 2
[2024-09-05 18:18:05,831 I 5896 16176] (raylet.exe) worker_pool.cc:495: Started worker process with pid 17828, the token is 3
[2024-09-05 18:18:05,837 I 5896 16176] (raylet.exe) worker_pool.cc:495: Started worker process with pid 10092, the token is 4
[2024-09-05 18:18:05,841 I 5896 16176] (raylet.exe) worker_pool.cc:495: Started worker process with pid 4680, the token is 5
[2024-09-05 18:18:05,846 I 5896 16176] (raylet.exe) worker_pool.cc:495: Started worker process with pid 5728, the token is 6
[2024-09-05 18:18:05,851 I 5896 16176] (raylet.exe) worker_pool.cc:495: Started worker process with pid 11300, the token is 7
[2024-09-05 18:18:05,857 I 5896 16176] (raylet.exe) worker_pool.cc:495: Started worker process with pid 18732, the token is 8
[2024-09-05 18:18:05,863 I 5896 16176] (raylet.exe) worker_pool.cc:495: Started worker process with pid 19308, the token is 9
[2024-09-05 18:18:05,869 I 5896 16176] (raylet.exe) worker_pool.cc:495: Started worker process with pid 19820, the token is 10
[2024-09-05 18:18:05,875 I 5896 16176] (raylet.exe) worker_pool.cc:495: Started worker process with pid 19156, the token is 11
[2024-09-05 18:18:05,880 I 5896 16176] (raylet.exe) worker_pool.cc:495: Started worker process with pid 16916, the token is 12
[2024-09-05 18:18:05,887 I 5896 16176] (raylet.exe) worker_pool.cc:495: Started worker process with pid 16788, the token is 13
[2024-09-05 18:18:05,893 I 5896 16176] (raylet.exe) worker_pool.cc:495: Started worker process with pid 21352, the token is 14
[2024-09-05 18:18:05,900 I 5896 16176] (raylet.exe) worker_pool.cc:495: Started worker process with pid 11608, the token is 15
[2024-09-05 18:18:06,643 I 5896 17436] (raylet.exe) object_store.cc:35: Object store current usage 8e-09 / 2.5123 GB.
[2024-09-05 18:18:06,780 I 5896 16176] (raylet.exe) node_manager.cc:587: New job has started. Job id 01000000 Driver pid 16812 is dead: 0 driver address: 127.0.0.1
[2024-09-05 18:18:06,780 I 5896 16176] (raylet.exe) worker_pool.cc:678: Job 01000000 already started in worker pool.
[2024-09-05 18:18:06,934 I 5896 16176] (raylet.exe) runtime_env_agent_client.cc:369: Create runtime env for job 01000000
[2024-09-05 18:18:06,938 I 5896 16176] (raylet.exe) worker_pool.cc:495: Started worker process with pid 5776, the token is 16
[2024-09-05 18:18:07,762 I 5896 16176] (raylet.exe) node_manager.cc:1399: NodeManager::DisconnectClient, disconnect_type=1, has creation task exception = false
[2024-09-05 18:18:07,963 I 5896 16176] (raylet.exe) node_manager.cc:1399: NodeManager::DisconnectClient, disconnect_type=1, has creation task exception = false
[2024-09-05 18:18:07,964 I 5896 16176] (raylet.exe) node_manager.cc:1399: NodeManager::DisconnectClient, disconnect_type=1, has creation task exception = false
[2024-09-05 18:18:13,703 I 5896 16176] (raylet.exe) runtime_env_agent_client.cc:369: Create runtime env for job 01000000
[2024-09-05 18:18:13,707 I 5896 16176] (raylet.exe) worker_pool.cc:495: Started worker process with pid 21552, the token is 17
[2024-09-05 18:18:13,709 I 5896 16176] (raylet.exe) runtime_env_agent_client.cc:369: Create runtime env for job 01000000
[2024-09-05 18:18:13,712 I 5896 16176] (raylet.exe) worker_pool.cc:495: Started worker process with pid 16820, the token is 18
[2024-09-05 18:18:17,790 W 5896 19600] (raylet.exe) metric_exporter.cc:105: [1] Export metrics to agent failed: GrpcUnavailable: RPC Error message: failed to connect to all addresses; last error: UNAVAILABLE: ipv4:127.0.0.1:61839: Connection refused; RPC Error details: . This won't affect Ray, but you can lose metrics from the cluster.
[2024-09-05 18:18:21,521 I 5896 16176] (raylet.exe) worker_pool.cc:495: Started worker process with pid 12192, the token is 19
[2024-09-05 18:18:21,530 I 5896 16176] (raylet.exe) worker_pool.cc:495: Started worker process with pid 1972, the token is 20
[2024-09-05 18:18:22,285 I 5896 16176] (raylet.exe) node_manager.cc:1399: NodeManager::DisconnectClient, disconnect_type=1, has creation task exception = false
[2024-09-05 18:18:22,285 I 5896 16176] (raylet.exe) node_manager.cc:1399: NodeManager::DisconnectClient, disconnect_type=1, has creation task exception = false
[2024-09-05 18:18:22,285 I 5896 16176] (raylet.exe) node_manager.cc:1399: NodeManager::DisconnectClient, disconnect_type=1, has creation task exception = false
[2024-09-05 18:18:22,286 I 5896 16176] (raylet.exe) node_manager.cc:1399: NodeManager::DisconnectClient, disconnect_type=0, has creation task exception = false
[2024-09-05 18:18:22,286 I 5896 16176] (raylet.exe) node_manager.cc:1413: Ignoring client disconnect because the client has already been disconnected.
[2024-09-05 18:18:22,287 I 5896 16176] (raylet.exe) node_manager.cc:1399: NodeManager::DisconnectClient, disconnect_type=0, has creation task exception = false
[2024-09-05 18:18:22,287 I 5896 16176] (raylet.exe) node_manager.cc:1413: Ignoring client disconnect because the client has already been disconnected.
[2024-09-05 18:18:22,287 I 5896 16176] (raylet.exe) node_manager.cc:1399: NodeManager::DisconnectClient, disconnect_type=0, has creation task exception = false
[2024-09-05 18:18:22,287 I 5896 16176] (raylet.exe) node_manager.cc:1413: Ignoring client disconnect because the client has already been disconnected.
[2024-09-05 18:18:26,065 I 5896 16176] (raylet.exe) node_manager.cc:1399: NodeManager::DisconnectClient, disconnect_type=0, has creation task exception = false
